Unity Editor version:    2021.3.19f1 (c9714fde33b6)
Branch:                  2021.3/staging
Build type:              Release
Batch mode:              YES
macOS version:           Version 14.1.1 (Build 23B81)
Darwin version:          23.1.0
Architecture:            arm64
Running under Rosetta:   NO
Available memory:        16384 MB
Using pre-set license
Pro License: YES

COMMAND LINE ARGUMENTS:
/Applications/Unity/Hub/Editor/2021.3.19f1/Unity.app/Contents/MacOS/Unity
-adb2
-batchMode
-noUpm
-name
AssetImportWorker9
-projectPath
/Users/minjoong/Desktop/ALONG_UP/EGG_ALONGUP
-logFile
Logs/AssetImportWorker9.log
-srvPort
49977
Successfully changed project path to: /Users/minjoong/Desktop/ALONG_UP/EGG_ALONGUP
/Users/minjoong/Desktop/ALONG_UP/EGG_ALONGUP
[UnityMemory] Configuration Parameters - Can be set up in boot.config
    "memorysetup-bucket-allocator-granularity=16"
    "memorysetup-bucket-allocator-bucket-count=8"
    "memorysetup-bucket-allocator-block-size=33554432"
    "memorysetup-bucket-allocator-block-count=8"
    "memorysetup-main-allocator-block-size=16777216"
    "memorysetup-thread-allocator-block-size=16777216"
    "memorysetup-gfx-main-allocator-block-size=16777216"
    "memorysetup-gfx-thread-allocator-block-size=16777216"
    "memorysetup-cache-allocator-block-size=4194304"
    "memorysetup-typetree-allocator-block-size=2097152"
    "memorysetup-profiler-bucket-allocator-granularity=16"
    "memorysetup-profiler-bucket-allocator-bucket-count=8"
    "memorysetup-profiler-bucket-allocator-block-size=33554432"
    "memorysetup-profiler-bucket-allocator-block-count=8"
    "memorysetup-profiler-allocator-block-size=16777216"
    "memorysetup-profiler-editor-allocator-block-size=1048576"
    "memorysetup-temp-allocator-size-main=16777216"
    "memorysetup-job-temp-allocator-block-size=2097152"
    "memorysetup-job-temp-allocator-block-size-background=1048576"
    "memorysetup-job-temp-allocator-reduction-small-platforms=262144"
    "memorysetup-temp-allocator-size-background-worker=32768"
    "memorysetup-temp-allocator-size-job-worker=262144"
    "memorysetup-temp-allocator-size-preload-manager=33554432"
    "memorysetup-temp-allocator-size-nav-mesh-worker=65536"
    "memorysetup-temp-allocator-size-audio-worker=65536"
    "memorysetup-temp-allocator-size-cloud-worker=32768"
    "memorysetup-temp-allocator-size-gi-baking-worker=262144"
    "memorysetup-temp-allocator-size-gfx=262144"
Player connection [8118345408] Host "[IP] 172.30.1.85 [Port] 0 [Flags] 2 [Guid] 842956957 [EditorId] 842956957 [Version] 1048832 [Id] OSXEditor(0,minjoongs-MacBook-Pro.local) [Debug] 1 [PackageName] OSXEditor [ProjectName] Editor" joined multi-casting on [225.0.0.222:54997]...

Player connection [8118345408] Host "[IP] 172.30.1.85 [Port] 0 [Flags] 2 [Guid] 842956957 [EditorId] 842956957 [Version] 1048832 [Id] OSXEditor(0,minjoongs-MacBook-Pro.local) [Debug] 1 [PackageName] OSXEditor [ProjectName] Editor" joined alternative multi-casting on [225.0.0.222:34997]...

Refreshing native plugins compatible for Editor in 115.65 ms, found 3 plugins.
Preloading 0 native plugins for Editor in 0.00 ms.
Initialize engine version: 2021.3.19f1 (c9714fde33b6)
[Subsystems] Discovering subsystems at path /Applications/Unity/Hub/Editor/2021.3.19f1/Unity.app/Contents/Resources/UnitySubsystems
[Subsystems] Discovering subsystems at path /Users/minjoong/Desktop/ALONG_UP/EGG_ALONGUP/Assets
GfxDevice: creating device client; threaded=0; jobified=0
 preferred device: Apple M1 Pro (high power)
Metal devices available: 1
0: Apple M1 Pro (high power)
Using device Apple M1 Pro (high power)
Initializing Metal device caps: Apple M1 Pro
Initialize mono
Mono path[0] = '/Applications/Unity/Hub/Editor/2021.3.19f1/Unity.app/Contents/Managed'
Mono path[1] = '/Applications/Unity/Hub/Editor/2021.3.19f1/Unity.app/Contents/MonoBleedingEdge/lib/mono/unityjit-macos'
Mono config path = '/Applications/Unity/Hub/Editor/2021.3.19f1/Unity.app/Contents/MonoBleedingEdge/etc'
Using monoOptions --debugger-agent=transport=dt_socket,embedding=1,server=y,suspend=n,address=127.0.0.1:56894
Begin MonoManager ReloadAssembly
Registering precompiled unity dll's ...
Register platform support module: /Applications/Unity/Hub/Editor/2021.3.19f1/PlaybackEngines/WebGLSupport/UnityEditor.WebGL.Extensions.dll
Register platform support module: /Applications/Unity/Hub/Editor/2021.3.19f1/Unity.app/Contents/PlaybackEngines/MacStandaloneSupport/UnityEditor.OSXStandalone.Extensions.dll
Register platform support module: /Applications/Unity/Hub/Editor/2021.3.19f1/PlaybackEngines/WindowsStandaloneSupport/UnityEditor.WindowsStandalone.Extensions.dll
Registered in 0.000728 seconds.
Native extension for WindowsStandalone target not found
Native extension for OSXStandalone target not found
Native extension for WebGL target not found
Refreshing native plugins compatible for Editor in 121.39 ms, found 3 plugins.
Preloading 0 native plugins for Editor in 0.00 ms.
Mono: successfully reloaded assembly
- Completed reload, in  0.515 seconds
Domain Reload Profiling:
	ReloadAssembly (516ms)
		BeginReloadAssembly (35ms)
			ExecutionOrderSort (0ms)
			DisableScriptedObjects (0ms)
			BackupInstance (0ms)
			ReleaseScriptingObjects (0ms)
			CreateAndSetChildDomain (0ms)
		EndReloadAssembly (399ms)
			LoadAssemblies (35ms)
			RebuildTransferFunctionScriptingTraits (0ms)
			SetupTypeCache (85ms)
			ReleaseScriptCaches (0ms)
			RebuildScriptCaches (26ms)
			SetupLoadedEditorAssemblies (255ms)
				LogAssemblyErrors (0ms)
				InitializePlatformSupportModulesInManaged (5ms)
				SetLoadedEditorAssemblies (0ms)
				RefreshPlugins (121ms)
				BeforeProcessingInitializeOnLoad (1ms)
				ProcessInitializeOnLoadAttributes (97ms)
				ProcessInitializeOnLoadMethodAttributes (30ms)
				AfterProcessingInitializeOnLoad (0ms)
				EditorAssembliesLoaded (0ms)
			ExecutionOrderSort2 (0ms)
			AwakeInstancesAfterBackupRestoration (0ms)
Platform modules already initialized, skipping
Registering precompiled user dll's ...
Registered in 0.001889 seconds.
Begin MonoManager ReloadAssembly
Symbol file LoadedFromMemory doesn't match image /Users/minjoong/Desktop/ALONG_UP/EGG_ALONGUP/Library/PackageCache/com.unity.visualscripting@1.8.0/Editor/VisualScripting.Core/Dependencies/YamlDotNet/Unity.VisualScripting.YamlDotNet.dll
Symbol file LoadedFromMemory doesn't match image /Users/minjoong/Desktop/ALONG_UP/EGG_ALONGUP/Library/PackageCache/com.unity.visualscripting@1.8.0/Editor/VisualScripting.Core/Dependencies/DotNetZip/Unity.VisualScripting.IonicZip.dll
Native extension for WindowsStandalone target not found
Native extension for OSXStandalone target not found
Native extension for WebGL target not found
Refreshing native plugins compatible for Editor in 0.85 ms, found 3 plugins.
Preloading 0 native plugins for Editor in 0.00 ms.
Mono: successfully reloaded assembly
- Completed reload, in  0.915 seconds
Domain Reload Profiling:
	ReloadAssembly (915ms)
		BeginReloadAssembly (68ms)
			ExecutionOrderSort (0ms)
			DisableScriptedObjects (4ms)
			BackupInstance (0ms)
			ReleaseScriptingObjects (0ms)
			CreateAndSetChildDomain (18ms)
		EndReloadAssembly (762ms)
			LoadAssemblies (38ms)
			RebuildTransferFunctionScriptingTraits (0ms)
			SetupTypeCache (221ms)
			ReleaseScriptCaches (0ms)
			RebuildScriptCaches (49ms)
			SetupLoadedEditorAssemblies (418ms)
				LogAssemblyErrors (0ms)
				InitializePlatformSupportModulesInManaged (4ms)
				SetLoadedEditorAssemblies (0ms)
				RefreshPlugins (1ms)
				BeforeProcessingInitializeOnLoad (62ms)
				ProcessInitializeOnLoadAttributes (336ms)
				ProcessInitializeOnLoadMethodAttributes (14ms)
				AfterProcessingInitializeOnLoad (1ms)
				EditorAssembliesLoaded (0ms)
			ExecutionOrderSort2 (0ms)
			AwakeInstancesAfterBackupRestoration (3ms)
Platform modules already initialized, skipping
========================================================================
Worker process is ready to serve import requests
Launching external process: /Applications/Unity/Hub/Editor/2021.3.19f1/Unity.app/Contents/Tools/UnityShaderCompiler
Launched and connected shader compiler UnityShaderCompiler after 0.06 seconds
Refreshing native plugins compatible for Editor in 0.80 ms, found 3 plugins.
Preloading 0 native plugins for Editor in 0.00 ms.
Unloading 3780 Unused Serialized files (Serialized files now loaded: 0)
Unloading 44 unused Assets / (114.0 KB). Loaded Objects now: 4224.
Memory consumption went from 136.9 MB to 136.8 MB.
Total: 3.034750 ms (FindLiveObjects: 0.130750 ms CreateObjectMapping: 0.056166 ms MarkObjects: 2.745708 ms  DeleteObjects: 0.101375 ms)

AssetImportParameters requested are different than current active one (requested -> active):
  custom:video-decoder-ogg-theora: a1e56fd34408186e4bbccfd4996cb3dc -> 
  custom:container-muxer-webm: aa71ff27fc2769a1b78a27578f13a17b -> 
  custom:container-demuxer-webm: 4f35f7cbe854078d1ac9338744f61a02 -> 
  custom:video-encoder-webm-vp8: eb34c28f22e8b96e1ab97ce403110664 -> 
  custom:framework-osx-AVFoundation: e770b220cccbd017edd2c1fefb359320 -> 
  custom:audio-encoder-webm-vorbis: bf7c407c2cedff20999df2af8eb42d56 -> 
  custom:container-demuxer-ogg: 62fdf1f143b41e24485cea50d1cbac27 -> 
  custom:video-decoder-webm-vp8: 9c59270c3fd7afecdb556c50c9e8de78 -> 
  custom:audio-decoder-ogg-vorbis: bf7c407c2cedff20999df2af8eb42d56 -> 
========================================================================
Received Import Request.
  Time since last request: 20481.716459 seconds.
  path: Assets/Assets/SyntyStudios/PolygonStarter/PolygonPrototype/Models/SM_Primitive_SoccerBall_01.fbx
  artifactKey: Guid(f075b687cfe5d8542809ed6920a98f3e) Importer(815301076,1909f56bfc062723c751e8b465ee728b)
Start importing Assets/Assets/SyntyStudios/PolygonStarter/PolygonPrototype/Models/SM_Primitive_SoccerBall_01.fbx using Guid(f075b687cfe5d8542809ed6920a98f3e) Importer(815301076,1909f56bfc062723c751e8b465ee728b)  -> (artifact id: '49a6ef5acdddadc8c0a49327c5ecdd8f') in 0.129387 seconds 
========================================================================
Received Import Request.
  Time since last request: 1.476724 seconds.
  path: Assets/Assets/SyntyStudios/PolygonStarter/PolygonPrototype/Models/SM_Primitive_Cylander_01P.fbx
  artifactKey: Guid(7252bbd0415a72a4a824ced924c251a1) Importer(815301076,1909f56bfc062723c751e8b465ee728b)
Start importing Assets/Assets/SyntyStudios/PolygonStarter/PolygonPrototype/Models/SM_Primitive_Cylander_01P.fbx using Guid(7252bbd0415a72a4a824ced924c251a1) Importer(815301076,1909f56bfc062723c751e8b465ee728b)  -> (artifact id: 'a879172a86a82c068977ee2972258044') in 0.010375 seconds 
========================================================================
Received Import Request.
  Time since last request: 0.000073 seconds.
  path: Assets/Assets/SyntyStudios/PolygonStarter/PolygonPrototype/Models/SM_Primitive_Cylander_05.fbx
  artifactKey: Guid(de6a1fff9731e634fb5bff01f70950ad) Importer(815301076,1909f56bfc062723c751e8b465ee728b)
Start importing Assets/Assets/SyntyStudios/PolygonStarter/PolygonPrototype/Models/SM_Primitive_Cylander_05.fbx using Guid(de6a1fff9731e634fb5bff01f70950ad) Importer(815301076,1909f56bfc062723c751e8b465ee728b)  -> (artifact id: '24d64d3163666d2bdda76f3c202e6a7d') in 0.009099 seconds 
========================================================================
Received Import Request.
  Time since last request: 1.466102 seconds.
  path: Assets/Assets/SyntyStudios/PolygonStarter/PolygonPrototype/Models/SM_Pawn_Walk_Female_01.fbx
  artifactKey: Guid(e65b194111c08d0438c5173c96ce6758) Importer(815301076,1909f56bfc062723c751e8b465ee728b)
Start importing Assets/Assets/SyntyStudios/PolygonStarter/PolygonPrototype/Models/SM_Pawn_Walk_Female_01.fbx using Guid(e65b194111c08d0438c5173c96ce6758) Importer(815301076,1909f56bfc062723c751e8b465ee728b)  -> (artifact id: 'ce66a9e649b60897a6cae13412e85b1d') in 0.065448 seconds 
========================================================================
Received Import Request.
  Time since last request: 0.000086 seconds.
  path: Assets/Assets/SyntyStudios/PolygonStarter/PolygonPrototype/Models/SM_Primitive_Cone_01P.fbx
  artifactKey: Guid(a841183acf16e52418ef7c1f3f1c171d) Importer(815301076,1909f56bfc062723c751e8b465ee728b)
Start importing Assets/Assets/SyntyStudios/PolygonStarter/PolygonPrototype/Models/SM_Primitive_Cone_01P.fbx using Guid(a841183acf16e52418ef7c1f3f1c171d) Importer(815301076,1909f56bfc062723c751e8b465ee728b)  -> (artifact id: '3362a9b979413b91c0d966ae89a1b0f6') in 0.009616 seconds 
========================================================================
Received Import Request.
  Time since last request: 19.408015 seconds.
  path: Assets/Assets/SyntyStudios/PolygonKnights/Models/SM_Prop_Grate_01_Snow.fbx
  artifactKey: Guid(22ac74d5f81298042a7cf7dad06dc9f6) Importer(815301076,1909f56bfc062723c751e8b465ee728b)
Start importing Assets/Assets/SyntyStudios/PolygonKnights/Models/SM_Prop_Grate_01_Snow.fbx using Guid(22ac74d5f81298042a7cf7dad06dc9f6) Importer(815301076,1909f56bfc062723c751e8b465ee728b)  -> (artifact id: '4e058bbb3043f13b5e3f8433bed72a1f') in 0.010318 seconds 
========================================================================
Received Import Request.
  Time since last request: 0.016069 seconds.
  path: Assets/Assets/SyntyStudios/PolygonKnights/Models/SM_Prop_Gravestone_02_Snow.fbx
  artifactKey: Guid(af0c455bf50414b44973699765653191) Importer(815301076,1909f56bfc062723c751e8b465ee728b)
Start importing Assets/Assets/SyntyStudios/PolygonKnights/Models/SM_Prop_Gravestone_02_Snow.fbx using Guid(af0c455bf50414b44973699765653191) Importer(815301076,1909f56bfc062723c751e8b465ee728b)  -> (artifact id: 'd3a89751bbac424775c73d1797ea08a7') in 0.010184 seconds 
========================================================================
Received Import Request.
  Time since last request: 1.351504 seconds.
  path: Assets/Assets/SyntyStudios/PolygonCity/Models/SM_Prop_LargeSign_BowlingPin_01.fbx
  artifactKey: Guid(8a3feb3a678b0744580b34e250d24606) Importer(815301076,1909f56bfc062723c751e8b465ee728b)
Start importing Assets/Assets/SyntyStudios/PolygonCity/Models/SM_Prop_LargeSign_BowlingPin_01.fbx using Guid(8a3feb3a678b0744580b34e250d24606) Importer(815301076,1909f56bfc062723c751e8b465ee728b)  -> (artifact id: '9924b17a398d0e65ce8f3753166148e1') in 0.010941 seconds 
========================================================================
Received Import Request.
  Time since last request: 0.066497 seconds.
  path: Assets/Assets/SyntyStudios/PolygonCity/Models/SM_Prop_LargeSign_Icecream_01.fbx
  artifactKey: Guid(337822653c124644889a72bcb9a74f94) Importer(815301076,1909f56bfc062723c751e8b465ee728b)
Start importing Assets/Assets/SyntyStudios/PolygonCity/Models/SM_Prop_LargeSign_Icecream_01.fbx using Guid(337822653c124644889a72bcb9a74f94) Importer(815301076,1909f56bfc062723c751e8b465ee728b)  -> (artifact id: 'd935b38ebef524c4348a66918ff8e8f1') in 0.010442 seconds 
Editor requested this worker to shutdown with reason: Scaling down because of idle timeout
AssetImportWorker is now disconnected from the server
Process exiting
