Unity Editor version:    2021.3.19f1 (c9714fde33b6)
Branch:                  2021.3/staging
Build type:              Release
Batch mode:              YES
macOS version:           Version 14.1.1 (Build 23B81)
Darwin version:          23.1.0
Architecture:            arm64
Running under Rosetta:   NO
Available memory:        16384 MB
Using pre-set license
Pro License: YES

COMMAND LINE ARGUMENTS:
/Applications/Unity/Hub/Editor/2021.3.19f1/Unity.app/Contents/MacOS/Unity
-adb2
-batchMode
-noUpm
-name
AssetImportWorker6
-projectPath
/Users/minjoong/Desktop/ALONG_UP/EGG_ALONGUP
-logFile
Logs/AssetImportWorker6.log
-srvPort
49393
Successfully changed project path to: /Users/minjoong/Desktop/ALONG_UP/EGG_ALONGUP
/Users/minjoong/Desktop/ALONG_UP/EGG_ALONGUP
[UnityMemory] Configuration Parameters - Can be set up in boot.config
    "memorysetup-bucket-allocator-granularity=16"
    "memorysetup-bucket-allocator-bucket-count=8"
    "memorysetup-bucket-allocator-block-size=33554432"
    "memorysetup-bucket-allocator-block-count=8"
    "memorysetup-main-allocator-block-size=16777216"
    "memorysetup-thread-allocator-block-size=16777216"
    "memorysetup-gfx-main-allocator-block-size=16777216"
    "memorysetup-gfx-thread-allocator-block-size=16777216"
    "memorysetup-cache-allocator-block-size=4194304"
    "memorysetup-typetree-allocator-block-size=2097152"
    "memorysetup-profiler-bucket-allocator-granularity=16"
    "memorysetup-profiler-bucket-allocator-bucket-count=8"
    "memorysetup-profiler-bucket-allocator-block-size=33554432"
    "memorysetup-profiler-bucket-allocator-block-count=8"
    "memorysetup-profiler-allocator-block-size=16777216"
    "memorysetup-profiler-editor-allocator-block-size=1048576"
    "memorysetup-temp-allocator-size-main=16777216"
    "memorysetup-job-temp-allocator-block-size=2097152"
    "memorysetup-job-temp-allocator-block-size-background=1048576"
    "memorysetup-job-temp-allocator-reduction-small-platforms=262144"
    "memorysetup-temp-allocator-size-background-worker=32768"
    "memorysetup-temp-allocator-size-job-worker=262144"
    "memorysetup-temp-allocator-size-preload-manager=33554432"
    "memorysetup-temp-allocator-size-nav-mesh-worker=65536"
    "memorysetup-temp-allocator-size-audio-worker=65536"
    "memorysetup-temp-allocator-size-cloud-worker=32768"
    "memorysetup-temp-allocator-size-gi-baking-worker=262144"
    "memorysetup-temp-allocator-size-gfx=262144"
Player connection [8040865472] Host "[IP] 192.168.13.11 [Port] 0 [Flags] 2 [Guid] 1248306164 [EditorId] 1248306164 [Version] 1048832 [Id] OSXEditor(0,minjoongs-MacBook-Pro.local) [Debug] 1 [PackageName] OSXEditor [ProjectName] Editor" joined multi-casting on [225.0.0.222:54997]...

Player connection [8040865472] Host "[IP] 192.168.13.11 [Port] 0 [Flags] 2 [Guid] 1248306164 [EditorId] 1248306164 [Version] 1048832 [Id] OSXEditor(0,minjoongs-MacBook-Pro.local) [Debug] 1 [PackageName] OSXEditor [ProjectName] Editor" joined alternative multi-casting on [225.0.0.222:34997]...

Refreshing native plugins compatible for Editor in 110.57 ms, found 3 plugins.
Preloading 0 native plugins for Editor in 0.00 ms.
Initialize engine version: 2021.3.19f1 (c9714fde33b6)
[Subsystems] Discovering subsystems at path /Applications/Unity/Hub/Editor/2021.3.19f1/Unity.app/Contents/Resources/UnitySubsystems
[Subsystems] Discovering subsystems at path /Users/minjoong/Desktop/ALONG_UP/EGG_ALONGUP/Assets
GfxDevice: creating device client; threaded=0; jobified=0
 preferred device: Apple M1 Pro (high power)
Metal devices available: 1
0: Apple M1 Pro (high power)
Using device Apple M1 Pro (high power)
Initializing Metal device caps: Apple M1 Pro
Initialize mono
Mono path[0] = '/Applications/Unity/Hub/Editor/2021.3.19f1/Unity.app/Contents/Managed'
Mono path[1] = '/Applications/Unity/Hub/Editor/2021.3.19f1/Unity.app/Contents/MonoBleedingEdge/lib/mono/unityjit-macos'
Mono config path = '/Applications/Unity/Hub/Editor/2021.3.19f1/Unity.app/Contents/MonoBleedingEdge/etc'
Using monoOptions --debugger-agent=transport=dt_socket,embedding=1,server=y,suspend=n,address=127.0.0.1:56247
Begin MonoManager ReloadAssembly
Registering precompiled unity dll's ...
Register platform support module: /Applications/Unity/Hub/Editor/2021.3.19f1/PlaybackEngines/WebGLSupport/UnityEditor.WebGL.Extensions.dll
Register platform support module: /Applications/Unity/Hub/Editor/2021.3.19f1/Unity.app/Contents/PlaybackEngines/MacStandaloneSupport/UnityEditor.OSXStandalone.Extensions.dll
Register platform support module: /Applications/Unity/Hub/Editor/2021.3.19f1/PlaybackEngines/WindowsStandaloneSupport/UnityEditor.WindowsStandalone.Extensions.dll
Registered in 0.000776 seconds.
Native extension for WindowsStandalone target not found
Native extension for OSXStandalone target not found
Native extension for WebGL target not found
Refreshing native plugins compatible for Editor in 120.09 ms, found 3 plugins.
Preloading 0 native plugins for Editor in 0.00 ms.
Mono: successfully reloaded assembly
- Completed reload, in  0.499 seconds
Domain Reload Profiling:
	ReloadAssembly (499ms)
		BeginReloadAssembly (34ms)
			ExecutionOrderSort (0ms)
			DisableScriptedObjects (0ms)
			BackupInstance (0ms)
			ReleaseScriptingObjects (0ms)
			CreateAndSetChildDomain (0ms)
		EndReloadAssembly (385ms)
			LoadAssemblies (34ms)
			RebuildTransferFunctionScriptingTraits (0ms)
			SetupTypeCache (82ms)
			ReleaseScriptCaches (0ms)
			RebuildScriptCaches (24ms)
			SetupLoadedEditorAssemblies (246ms)
				LogAssemblyErrors (0ms)
				InitializePlatformSupportModulesInManaged (5ms)
				SetLoadedEditorAssemblies (0ms)
				RefreshPlugins (120ms)
				BeforeProcessingInitializeOnLoad (1ms)
				ProcessInitializeOnLoadAttributes (90ms)
				ProcessInitializeOnLoadMethodAttributes (29ms)
				AfterProcessingInitializeOnLoad (0ms)
				EditorAssembliesLoaded (0ms)
			ExecutionOrderSort2 (0ms)
			AwakeInstancesAfterBackupRestoration (0ms)
Platform modules already initialized, skipping
Registering precompiled user dll's ...
Registered in 0.001900 seconds.
Begin MonoManager ReloadAssembly
Symbol file LoadedFromMemory doesn't match image /Users/minjoong/Desktop/ALONG_UP/EGG_ALONGUP/Library/PackageCache/com.unity.visualscripting@1.8.0/Editor/VisualScripting.Core/Dependencies/YamlDotNet/Unity.VisualScripting.YamlDotNet.dll
Symbol file LoadedFromMemory doesn't match image /Users/minjoong/Desktop/ALONG_UP/EGG_ALONGUP/Library/PackageCache/com.unity.visualscripting@1.8.0/Editor/VisualScripting.Core/Dependencies/DotNetZip/Unity.VisualScripting.IonicZip.dll
Native extension for WindowsStandalone target not found
Native extension for OSXStandalone target not found
Native extension for WebGL target not found
Refreshing native plugins compatible for Editor in 0.81 ms, found 3 plugins.
Preloading 0 native plugins for Editor in 0.00 ms.
Mono: successfully reloaded assembly
- Completed reload, in  0.937 seconds
Domain Reload Profiling:
	ReloadAssembly (937ms)
		BeginReloadAssembly (69ms)
			ExecutionOrderSort (0ms)
			DisableScriptedObjects (4ms)
			BackupInstance (0ms)
			ReleaseScriptingObjects (0ms)
			CreateAndSetChildDomain (21ms)
		EndReloadAssembly (779ms)
			LoadAssemblies (38ms)
			RebuildTransferFunctionScriptingTraits (0ms)
			SetupTypeCache (230ms)
			ReleaseScriptCaches (0ms)
			RebuildScriptCaches (56ms)
			SetupLoadedEditorAssemblies (418ms)
				LogAssemblyErrors (0ms)
				InitializePlatformSupportModulesInManaged (4ms)
				SetLoadedEditorAssemblies (0ms)
				RefreshPlugins (1ms)
				BeforeProcessingInitializeOnLoad (64ms)
				ProcessInitializeOnLoadAttributes (334ms)
				ProcessInitializeOnLoadMethodAttributes (14ms)
				AfterProcessingInitializeOnLoad (1ms)
				EditorAssembliesLoaded (0ms)
			ExecutionOrderSort2 (0ms)
			AwakeInstancesAfterBackupRestoration (2ms)
Platform modules already initialized, skipping
========================================================================
Worker process is ready to serve import requests
Launching external process: /Applications/Unity/Hub/Editor/2021.3.19f1/Unity.app/Contents/Tools/UnityShaderCompiler
Launched and connected shader compiler UnityShaderCompiler after 0.06 seconds
Refreshing native plugins compatible for Editor in 0.80 ms, found 3 plugins.
Preloading 0 native plugins for Editor in 0.00 ms.
Unloading 3941 Unused Serialized files (Serialized files now loaded: 0)
Unloading 57 unused Assets / (185.0 KB). Loaded Objects now: 4385.
Memory consumption went from 143.6 MB to 143.4 MB.
Total: 3.148375 ms (FindLiveObjects: 0.112625 ms CreateObjectMapping: 0.057333 ms MarkObjects: 2.874875 ms  DeleteObjects: 0.102916 ms)

AssetImportParameters requested are different than current active one (requested -> active):
  custom:video-decoder-ogg-theora: a1e56fd34408186e4bbccfd4996cb3dc -> 
  custom:container-muxer-webm: aa71ff27fc2769a1b78a27578f13a17b -> 
  custom:container-demuxer-webm: 4f35f7cbe854078d1ac9338744f61a02 -> 
  custom:video-encoder-webm-vp8: eb34c28f22e8b96e1ab97ce403110664 -> 
  custom:framework-osx-AVFoundation: e770b220cccbd017edd2c1fefb359320 -> 
  custom:audio-encoder-webm-vorbis: bf7c407c2cedff20999df2af8eb42d56 -> 
  custom:container-demuxer-ogg: 62fdf1f143b41e24485cea50d1cbac27 -> 
  custom:video-decoder-webm-vp8: 9c59270c3fd7afecdb556c50c9e8de78 -> 
  custom:audio-decoder-ogg-vorbis: bf7c407c2cedff20999df2af8eb42d56 -> 
========================================================================
Received Import Request.
  Time since last request: 5007.609660 seconds.
  path: Assets/Assets/Photon/PhotonUnityNetworking/Demos/Shared Assets/Skin/Orbitron Black.ttf
  artifactKey: Guid(495c9e2a934bcc640a8d7427b13cb680) Importer(815301076,1909f56bfc062723c751e8b465ee728b)
Start importing Assets/Assets/Photon/PhotonUnityNetworking/Demos/Shared Assets/Skin/Orbitron Black.ttf using Guid(495c9e2a934bcc640a8d7427b13cb680) Importer(815301076,1909f56bfc062723c751e8b465ee728b)  -> (artifact id: '5b2d4f88083e931d5a32e282355979f2') in 1.148126 seconds 
========================================================================
Received Import Request.
  Time since last request: 0.000081 seconds.
  path: Assets/Assets/FreeButtonSet/Fonts/Poppins-Bold.ttf
  artifactKey: Guid(f4c99a340a6e6504aa6e992b7a253612) Importer(815301076,1909f56bfc062723c751e8b465ee728b)
Start importing Assets/Assets/FreeButtonSet/Fonts/Poppins-Bold.ttf using Guid(f4c99a340a6e6504aa6e992b7a253612) Importer(815301076,1909f56bfc062723c751e8b465ee728b)  -> (artifact id: '0104985d0a27b38d85aca8544e15c790') in 0.009450 seconds 
========================================================================
Received Import Request.
  Time since last request: 0.105297 seconds.
  path: Assets/Assets/Photon/PhotonUnityNetworking/Demos/Shared Assets/Skin/Jura-Medium.ttf
  artifactKey: Guid(e00995507c2406448b4c8429136104dd) Importer(815301076,1909f56bfc062723c751e8b465ee728b)
Start importing Assets/Assets/Photon/PhotonUnityNetworking/Demos/Shared Assets/Skin/Jura-Medium.ttf using Guid(e00995507c2406448b4c8429136104dd) Importer(815301076,1909f56bfc062723c751e8b465ee728b)  -> (artifact id: '20ef31cf37755f26c0b80aadf9eb37c3') in 0.009215 seconds 
========================================================================
Received Import Request.
  Time since last request: 229.378387 seconds.
  path: Assets/Assets/20 Logos PSD/Fonts/peacesans/Peace Sans Webfont.ttf
  artifactKey: Guid(f5e7dee13b48c5644b6fe87cb6185509) Importer(815301076,1909f56bfc062723c751e8b465ee728b)
Start importing Assets/Assets/20 Logos PSD/Fonts/peacesans/Peace Sans Webfont.ttf using Guid(f5e7dee13b48c5644b6fe87cb6185509) Importer(815301076,1909f56bfc062723c751e8b465ee728b)  -> (artifact id: '7ef3d127dcc540b179636dbe515902a9') in 0.007736 seconds 
========================================================================
Received Import Request.
  Time since last request: 99.335022 seconds.
  path: Assets/Assets/20 Logos PSD/PSD/Title 18.psd
  artifactKey: Guid(7bc7109d971da184da30f36eb2014a40) Importer(815301076,1909f56bfc062723c751e8b465ee728b)
Start importing Assets/Assets/20 Logos PSD/PSD/Title 18.psd using Guid(7bc7109d971da184da30f36eb2014a40) Importer(815301076,1909f56bfc062723c751e8b465ee728b)  -> (artifact id: 'f915e03b371cf29ab44ae0f56b9926c1') in 0.069764 seconds 
========================================================================
Received Import Request.
  Time since last request: 0.050040 seconds.
  path: Assets/Assets/20 Logos PSD/PSD/Title 20.psd
  artifactKey: Guid(acfe51f903ceabe498b02c309ca7e383) Importer(815301076,1909f56bfc062723c751e8b465ee728b)
Start importing Assets/Assets/20 Logos PSD/PSD/Title 20.psd using Guid(acfe51f903ceabe498b02c309ca7e383) Importer(815301076,1909f56bfc062723c751e8b465ee728b)  -> (artifact id: '64e166e289fe6095f693892731a0bc6f') in 0.018076 seconds 
========================================================================
Received Import Request.
  Time since last request: 83.846605 seconds.
  path: Assets/Assets/20 Logos PSD/Fonts/gilam/Gilam-ThinItalicDEMO.otf
  artifactKey: Guid(6ace2bbc3eb00bf4890451d4fff0e470) Importer(815301076,1909f56bfc062723c751e8b465ee728b)
Start importing Assets/Assets/20 Logos PSD/Fonts/gilam/Gilam-ThinItalicDEMO.otf using Guid(6ace2bbc3eb00bf4890451d4fff0e470) Importer(815301076,1909f56bfc062723c751e8b465ee728b)  -> (artifact id: 'f655dda2f164bf880e4e1011298091f2') in 0.053977 seconds 
========================================================================
Received Import Request.
  Time since last request: 0.012353 seconds.
  path: Assets/Assets/20 Logos PSD/Fonts/firasansheavy/FiraSans-UltraLight.otf
  artifactKey: Guid(fb5b99b77d3832747a5b324d33255996) Importer(815301076,1909f56bfc062723c751e8b465ee728b)
Start importing Assets/Assets/20 Logos PSD/Fonts/firasansheavy/FiraSans-UltraLight.otf using Guid(fb5b99b77d3832747a5b324d33255996) Importer(815301076,1909f56bfc062723c751e8b465ee728b)  -> (artifact id: '3738d41ab95bb80b3440a03678564f9b') in 0.006634 seconds 
========================================================================
Received Import Request.
  Time since last request: 0.265333 seconds.
  path: Assets/Assets/20 Logos PSD/Fonts/firasansheavy/FiraSans-Ultra.otf
  artifactKey: Guid(6c3b13f86c2dea542b7c8952c6c28746) Importer(815301076,1909f56bfc062723c751e8b465ee728b)
Start importing Assets/Assets/20 Logos PSD/Fonts/firasansheavy/FiraSans-Ultra.otf using Guid(6c3b13f86c2dea542b7c8952c6c28746) Importer(815301076,1909f56bfc062723c751e8b465ee728b)  -> (artifact id: 'e5f55ac8d289acd98b96cdd84f42244a') in 0.012292 seconds 
========================================================================
Received Import Request.
  Time since last request: 0.000053 seconds.
  path: Assets/Assets/20 Logos PSD/Fonts/firasansheavy/FiraSans-Two.otf
  artifactKey: Guid(af8d5d4dff2042a4ca6523dca63aa848) Importer(815301076,1909f56bfc062723c751e8b465ee728b)
Start importing Assets/Assets/20 Logos PSD/Fonts/firasansheavy/FiraSans-Two.otf using Guid(af8d5d4dff2042a4ca6523dca63aa848) Importer(815301076,1909f56bfc062723c751e8b465ee728b)  -> (artifact id: 'b353b04f5196c72691b0baa7a673dc5c') in 0.008037 seconds 
========================================================================
Received Import Request.
  Time since last request: 0.015142 seconds.
  path: Assets/Assets/20 Logos PSD/Fonts/firasansheavy/FiraSans-SemiBold.otf
  artifactKey: Guid(0572b090b5023c746a36c2965c65049c) Importer(815301076,1909f56bfc062723c751e8b465ee728b)
Start importing Assets/Assets/20 Logos PSD/Fonts/firasansheavy/FiraSans-SemiBold.otf using Guid(0572b090b5023c746a36c2965c65049c) Importer(815301076,1909f56bfc062723c751e8b465ee728b)  -> (artifact id: 'f6f782cc4e9b8b90a0eabe4559356042') in 0.007065 seconds 
========================================================================
Received Import Request.
  Time since last request: 0.000055 seconds.
  path: Assets/Assets/20 Logos PSD/Fonts/firasansheavy/FiraSans-SemiBoldItalic.otf
  artifactKey: Guid(878244940dd659f44839fbea3e15b2da) Importer(815301076,1909f56bfc062723c751e8b465ee728b)
Start importing Assets/Assets/20 Logos PSD/Fonts/firasansheavy/FiraSans-SemiBoldItalic.otf using Guid(878244940dd659f44839fbea3e15b2da) Importer(815301076,1909f56bfc062723c751e8b465ee728b)  -> (artifact id: 'cadba082fa06d3aa60230d4bcc3e5937') in 0.007178 seconds 
========================================================================
Received Import Request.
  Time since last request: 0.261172 seconds.
  path: Assets/Assets/20 Logos PSD/Fonts/firasansheavy/FiraSans-MediumItalic.otf
  artifactKey: Guid(7f3e40f973be9d440a6350b335c22413) Importer(815301076,1909f56bfc062723c751e8b465ee728b)
Start importing Assets/Assets/20 Logos PSD/Fonts/firasansheavy/FiraSans-MediumItalic.otf using Guid(7f3e40f973be9d440a6350b335c22413) Importer(815301076,1909f56bfc062723c751e8b465ee728b)  -> (artifact id: '62eb3c114fc1f5e4967430e8caab2c25') in 0.010648 seconds 
========================================================================
Received Import Request.
  Time since last request: 0.000063 seconds.
  path: Assets/Assets/20 Logos PSD/Fonts/firasansheavy/FiraSans-Light.otf
  artifactKey: Guid(19141cee87d28c4428ed0ac2b1748a95) Importer(815301076,1909f56bfc062723c751e8b465ee728b)
Start importing Assets/Assets/20 Logos PSD/Fonts/firasansheavy/FiraSans-Light.otf using Guid(19141cee87d28c4428ed0ac2b1748a95) Importer(815301076,1909f56bfc062723c751e8b465ee728b)  -> (artifact id: 'f91221eee0f9a7d02819293adc5fed89') in 0.008876 seconds 
========================================================================
Received Import Request.
  Time since last request: 0.013054 seconds.
  path: Assets/Assets/20 Logos PSD/Fonts/firasansheavy/FiraSans-Italic.otf
  artifactKey: Guid(4ec76f95b44477b44898525f65a8d9f1) Importer(815301076,1909f56bfc062723c751e8b465ee728b)
Start importing Assets/Assets/20 Logos PSD/Fonts/firasansheavy/FiraSans-Italic.otf using Guid(4ec76f95b44477b44898525f65a8d9f1) Importer(815301076,1909f56bfc062723c751e8b465ee728b)  -> (artifact id: 'd3ae0c169b794c01564865fbb3c9affb') in 0.008493 seconds 
========================================================================
Received Import Request.
  Time since last request: 0.281051 seconds.
  path: Assets/Assets/20 Logos PSD/Fonts/firasansheavy/FiraSans-Heavy.otf
  artifactKey: Guid(ebc3770a1de54774fb790a43a8975fe7) Importer(815301076,1909f56bfc062723c751e8b465ee728b)
Start importing Assets/Assets/20 Logos PSD/Fonts/firasansheavy/FiraSans-Heavy.otf using Guid(ebc3770a1de54774fb790a43a8975fe7) Importer(815301076,1909f56bfc062723c751e8b465ee728b)  -> (artifact id: 'b5cbb9cf23178d4c781dcff4e84a2783') in 0.013655 seconds 
========================================================================
Received Import Request.
  Time since last request: 0.013389 seconds.
  path: Assets/Assets/20 Logos PSD/Fonts/firasansheavy/FiraSans-Four.otf
  artifactKey: Guid(a783f8a04c200c148992a27ab2f5b20a) Importer(815301076,1909f56bfc062723c751e8b465ee728b)
Start importing Assets/Assets/20 Logos PSD/Fonts/firasansheavy/FiraSans-Four.otf using Guid(a783f8a04c200c148992a27ab2f5b20a) Importer(815301076,1909f56bfc062723c751e8b465ee728b)  -> (artifact id: '335203a27fce2b66b0488f3634c64673') in 0.006862 seconds 
========================================================================
Received Import Request.
  Time since last request: 0.000063 seconds.
  path: Assets/Assets/20 Logos PSD/Fonts/firasansheavy/FiraSans-Hair.otf
  artifactKey: Guid(187a66d7b5cc6ec4f876a254b1ac3027) Importer(815301076,1909f56bfc062723c751e8b465ee728b)
Start importing Assets/Assets/20 Logos PSD/Fonts/firasansheavy/FiraSans-Hair.otf using Guid(187a66d7b5cc6ec4f876a254b1ac3027) Importer(815301076,1909f56bfc062723c751e8b465ee728b)  -> (artifact id: '7fce9bd004dee3a21a12fe1358fd561e') in 0.005932 seconds 
========================================================================
Received Import Request.
  Time since last request: 0.000083 seconds.
  path: Assets/Assets/20 Logos PSD/Fonts/firasansheavy/FiraSans-ExtraLight.otf
  artifactKey: Guid(763d5a7548f0df34eb3535bf9675879c) Importer(815301076,1909f56bfc062723c751e8b465ee728b)
Start importing Assets/Assets/20 Logos PSD/Fonts/firasansheavy/FiraSans-ExtraLight.otf using Guid(763d5a7548f0df34eb3535bf9675879c) Importer(815301076,1909f56bfc062723c751e8b465ee728b)  -> (artifact id: 'a4ba3c9503db931ce5c781c1c3887264') in 0.007982 seconds 
========================================================================
Received Import Request.
  Time since last request: 0.011938 seconds.
  path: Assets/Assets/20 Logos PSD/Fonts/firasansheavy/FiraSans-Eight.otf
  artifactKey: Guid(6b63fd82e47252a44b4c309ed0f0cf24) Importer(815301076,1909f56bfc062723c751e8b465ee728b)
Start importing Assets/Assets/20 Logos PSD/Fonts/firasansheavy/FiraSans-Eight.otf using Guid(6b63fd82e47252a44b4c309ed0f0cf24) Importer(815301076,1909f56bfc062723c751e8b465ee728b)  -> (artifact id: '8af9d738dc7db6fe5b59384760c956d2') in 0.006814 seconds 
========================================================================
Received Import Request.
  Time since last request: 0.000058 seconds.
  path: Assets/Assets/20 Logos PSD/Fonts/firasansheavy/FiraSans-EightItalic.otf
  artifactKey: Guid(f22f4eeaa21d3844ca3d0f2d42f2e66e) Importer(815301076,1909f56bfc062723c751e8b465ee728b)
Start importing Assets/Assets/20 Logos PSD/Fonts/firasansheavy/FiraSans-EightItalic.otf using Guid(f22f4eeaa21d3844ca3d0f2d42f2e66e) Importer(815301076,1909f56bfc062723c751e8b465ee728b)  -> (artifact id: '4e07ce89ec7f716a17d0331b3db6baf6') in 0.008605 seconds 
========================================================================
Received Import Request.
  Time since last request: 0.264942 seconds.
  path: Assets/Assets/20 Logos PSD/Fonts/firasansheavy/FiraSans-Book.otf
  artifactKey: Guid(7828a4090a5ca0946b4d0cae809cbbe6) Importer(815301076,1909f56bfc062723c751e8b465ee728b)
Start importing Assets/Assets/20 Logos PSD/Fonts/firasansheavy/FiraSans-Book.otf using Guid(7828a4090a5ca0946b4d0cae809cbbe6) Importer(815301076,1909f56bfc062723c751e8b465ee728b)  -> (artifact id: '1458f7da80c2499d4cf4fc388a38853d') in 0.006323 seconds 
========================================================================
Received Import Request.
  Time since last request: 0.000058 seconds.
  path: Assets/Assets/Photon/PhotonUnityNetworking/Demos/Shared Assets/Skin/eurof35.ttf
  artifactKey: Guid(954746d370bc8934299c8c8267543f4f) Importer(815301076,1909f56bfc062723c751e8b465ee728b)
Start importing Assets/Assets/Photon/PhotonUnityNetworking/Demos/Shared Assets/Skin/eurof35.ttf using Guid(954746d370bc8934299c8c8267543f4f) Importer(815301076,1909f56bfc062723c751e8b465ee728b)  -> (artifact id: 'ea497c8c9c0337e9b51c2bf7c5479315') in 0.008097 seconds 
========================================================================
Received Import Request.
  Time since last request: 0.014629 seconds.
  path: Assets/Assets/HYPEPOLY - Battle Royale Show/Demo/Fonts/American Captain.TTF
  artifactKey: Guid(1aee63a0ff5ef724b83d881945df652d) Importer(815301076,1909f56bfc062723c751e8b465ee728b)
Start importing Assets/Assets/HYPEPOLY - Battle Royale Show/Demo/Fonts/American Captain.TTF using Guid(1aee63a0ff5ef724b83d881945df652d) Importer(815301076,1909f56bfc062723c751e8b465ee728b)  -> (artifact id: '024752b1f65aff61765ae44a484e2fc4') in 0.043514 seconds 
========================================================================
Received Import Request.
  Time since last request: 248.690645 seconds.
  path: Assets/Assets/20 Logos PSD
  artifactKey: Guid(ec7ed92d021da45638da074a504ba0f0) Importer(815301076,1909f56bfc062723c751e8b465ee728b)
Start importing Assets/Assets/20 Logos PSD using Guid(ec7ed92d021da45638da074a504ba0f0) Importer(815301076,1909f56bfc062723c751e8b465ee728b)  -> (artifact id: 'fdecae6be01e963b544fcf6404c122d3') in 0.000769 seconds 
========================================================================
Received Import Request.
  Time since last request: 1.620796 seconds.
  path: Assets/Assets/20 Logos PSD/Read me.pdf
  artifactKey: Guid(b6b1a54acb5826840885f2ae9a2dba55) Importer(815301076,1909f56bfc062723c751e8b465ee728b)
Start importing Assets/Assets/20 Logos PSD/Read me.pdf using Guid(b6b1a54acb5826840885f2ae9a2dba55) Importer(815301076,1909f56bfc062723c751e8b465ee728b)  -> (artifact id: '8601dee2fb9800a09dfc52512fbac486') in 0.058785 seconds 
========================================================================
Received Import Request.
  Time since last request: 436.422460 seconds.
  path: Assets/Assets/Photon/PhotonUnityNetworking/Demos/DemoSlotRacer/Kenney Assets/Racing Kit/Models/Materials/_defaultMat.mat
  artifactKey: Guid(f0a6a86e908f6204ab518387a784ed36) Importer(815301076,1909f56bfc062723c751e8b465ee728b)
Start importing Assets/Assets/Photon/PhotonUnityNetworking/Demos/DemoSlotRacer/Kenney Assets/Racing Kit/Models/Materials/_defaultMat.mat using Guid(f0a6a86e908f6204ab518387a784ed36) Importer(815301076,1909f56bfc062723c751e8b465ee728b)  -> (artifact id: '72e093cce27957162981d06e7a2a8a86') in 0.736539 seconds 
========================================================================
Received Import Request.
  Time since last request: 1.619554 seconds.
  path: Assets/Assets/SyntyStudios/PolygonSamples/PolygonSciFiCity/Models/Character_Augmented_Male_01.fbx
  artifactKey: Guid(7c7feee260018884e9aee7424fa8e2e3) Importer(815301076,1909f56bfc062723c751e8b465ee728b)
Start importing Assets/Assets/SyntyStudios/PolygonSamples/PolygonSciFiCity/Models/Character_Augmented_Male_01.fbx using Guid(7c7feee260018884e9aee7424fa8e2e3) Importer(815301076,1909f56bfc062723c751e8b465ee728b)  -> (artifact id: 'd4d315a3694959760efbae7717e950b9') in 0.144000 seconds 
========================================================================
Received Import Request.
  Time since last request: 0.000056 seconds.
  path: Assets/Assets/Photon/PhotonUnityNetworking/Demos/DemoAsteroids/Models/Materials/Asteroid.mat
  artifactKey: Guid(be2c382f522695c4fa3947ac8e1d4457) Importer(815301076,1909f56bfc062723c751e8b465ee728b)
Start importing Assets/Assets/Photon/PhotonUnityNetworking/Demos/DemoAsteroids/Models/Materials/Asteroid.mat using Guid(be2c382f522695c4fa3947ac8e1d4457) Importer(815301076,1909f56bfc062723c751e8b465ee728b)  -> (artifact id: 'fb3ffef13dd6d4617e0e4efadc6b3bd7') in 0.007210 seconds 
========================================================================
Received Import Request.
  Time since last request: 3.719851 seconds.
  path: Assets/Assets/HYPEPOLY - Battle Royale Show/Materials/Battle Royale Show 0.mat
  artifactKey: Guid(c18b7636a0235e045bddfa50cefe4b1d) Importer(815301076,1909f56bfc062723c751e8b465ee728b)
Start importing Assets/Assets/HYPEPOLY - Battle Royale Show/Materials/Battle Royale Show 0.mat using Guid(c18b7636a0235e045bddfa50cefe4b1d) Importer(815301076,1909f56bfc062723c751e8b465ee728b)  -> (artifact id: 'ce4964dda0dce901f41e743dbeafc408') in 0.022177 seconds 
========================================================================
Received Import Request.
  Time since last request: 0.000061 seconds.
  path: Assets/Assets/HYPEPOLY - Battle Royale Show/Materials/Battle Royale Show 3.mat
  artifactKey: Guid(080bb46a9f79a82448c4c95e545f8541) Importer(815301076,1909f56bfc062723c751e8b465ee728b)
Start importing Assets/Assets/HYPEPOLY - Battle Royale Show/Materials/Battle Royale Show 3.mat using Guid(080bb46a9f79a82448c4c95e545f8541) Importer(815301076,1909f56bfc062723c751e8b465ee728b)  -> (artifact id: '592b251c4b4d2b78ffb7daaddc448964') in 0.010588 seconds 
========================================================================
Received Import Request.
  Time since last request: 0.833877 seconds.
  path: Assets/Assets/HYPEPOLY - Battle Royale Show/Materials/Battle Royale Show 4.mat
  artifactKey: Guid(163cfe01ed86ca34e949bafe11672bee) Importer(815301076,1909f56bfc062723c751e8b465ee728b)
Start importing Assets/Assets/HYPEPOLY - Battle Royale Show/Materials/Battle Royale Show 4.mat using Guid(163cfe01ed86ca34e949bafe11672bee) Importer(815301076,1909f56bfc062723c751e8b465ee728b)  -> (artifact id: '32d69dcf204fd1d65b77338ccbd833b2') in 0.012748 seconds 
========================================================================
Received Import Request.
  Time since last request: 0.006002 seconds.
  path: Assets/Assets/HYPEPOLY - Battle Royale Show/Materials/Battle Royale Show 6.mat
  artifactKey: Guid(939a752d0f38b7a4f929b2aac17452f4) Importer(815301076,1909f56bfc062723c751e8b465ee728b)
Start importing Assets/Assets/HYPEPOLY - Battle Royale Show/Materials/Battle Royale Show 6.mat using Guid(939a752d0f38b7a4f929b2aac17452f4) Importer(815301076,1909f56bfc062723c751e8b465ee728b)  -> (artifact id: 'aef1fba20a5f82033fe1b6a7f8f9baf9') in 0.008465 seconds 
========================================================================
Received Import Request.
  Time since last request: 0.043326 seconds.
  path: Assets/Assets/SyntyStudios/PolygonCity/Materials/Billboard_Mat.mat
  artifactKey: Guid(53cf5c0ff424ff9458c56526516b63ec) Importer(815301076,1909f56bfc062723c751e8b465ee728b)
Start importing Assets/Assets/SyntyStudios/PolygonCity/Materials/Billboard_Mat.mat using Guid(53cf5c0ff424ff9458c56526516b63ec) Importer(815301076,1909f56bfc062723c751e8b465ee728b)  -> (artifact id: 'ceab4eafbf2deb1bf696bd46a297ae93') in 0.008328 seconds 
========================================================================
Received Import Request.
  Time since last request: 0.886154 seconds.
  path: Assets/Assets/Photon/PhotonUnityNetworking/Demos/DemoSlotRacer/Kenney Assets/Stylized city/Materials/car.mat
  artifactKey: Guid(c282d31bf082fca4a822239b62ff8257) Importer(815301076,1909f56bfc062723c751e8b465ee728b)
Start importing Assets/Assets/Photon/PhotonUnityNetworking/Demos/DemoSlotRacer/Kenney Assets/Stylized city/Materials/car.mat using Guid(c282d31bf082fca4a822239b62ff8257) Importer(815301076,1909f56bfc062723c751e8b465ee728b)  -> (artifact id: 'f80436342262dfe2e7e3fe9d891595dc') in 0.007898 seconds 
========================================================================
Received Import Request.
  Time since last request: 0.013847 seconds.
  path: Assets/Obi/Samples/RopeAndRod/SampleResources/Materials/ChainRed.mat
  artifactKey: Guid(b74081a5a5bbf418ea9f95bfec18f393) Importer(815301076,1909f56bfc062723c751e8b465ee728b)
Start importing Assets/Obi/Samples/RopeAndRod/SampleResources/Materials/ChainRed.mat using Guid(b74081a5a5bbf418ea9f95bfec18f393) Importer(815301076,1909f56bfc062723c751e8b465ee728b)  -> (artifact id: '581d679e03bb2f08f7bbbd625ed37790') in 0.006607 seconds 
========================================================================
Received Import Request.
  Time since last request: 0.000052 seconds.
  path: Assets/Assets/SyntyStudios/PolygonStarter/PolygonPrototype/Models/Materials/Character.mat
  artifactKey: Guid(a260213968ed1494cbac8b5161dcb39c) Importer(815301076,1909f56bfc062723c751e8b465ee728b)
Start importing Assets/Assets/SyntyStudios/PolygonStarter/PolygonPrototype/Models/Materials/Character.mat using Guid(a260213968ed1494cbac8b5161dcb39c) Importer(815301076,1909f56bfc062723c751e8b465ee728b)  -> (artifact id: '9a23afc113ba2b8e112a796c3a36fc02') in 0.005210 seconds 
========================================================================
Received Import Request.
  Time since last request: 0.790956 seconds.
  path: Assets/Assets/SyntyStudios/PolygonAdventure/Materials/Characters_Brown.mat
  artifactKey: Guid(4d21dd5a8b5afa745bbd680f6e13697e) Importer(815301076,1909f56bfc062723c751e8b465ee728b)
Start importing Assets/Assets/SyntyStudios/PolygonAdventure/Materials/Characters_Brown.mat using Guid(4d21dd5a8b5afa745bbd680f6e13697e) Importer(815301076,1909f56bfc062723c751e8b465ee728b)  -> (artifact id: 'e925665b0c4a84e44d956da6df2bf7b7') in 0.011068 seconds 
========================================================================
Received Import Request.
  Time since last request: 0.031416 seconds.
  path: Assets/Assets/SyntyStudios/PolygonAdventure/Materials/Characters_White.mat
  artifactKey: Guid(992dbfb15d8a08d4aa34207645c1d8fc) Importer(815301076,1909f56bfc062723c751e8b465ee728b)
Start importing Assets/Assets/SyntyStudios/PolygonAdventure/Materials/Characters_White.mat using Guid(992dbfb15d8a08d4aa34207645c1d8fc) Importer(815301076,1909f56bfc062723c751e8b465ee728b)  -> (artifact id: '3d9566c32a43286a84f2ec2f3f2c5783') in 0.005949 seconds 
========================================================================
Received Import Request.
  Time since last request: 0.646249 seconds.
  path: Assets/Obi/Samples/Common/SampleResources/Materials/Checker.mat
  artifactKey: Guid(359ef2e4b09204eeab112e419c308068) Importer(815301076,1909f56bfc062723c751e8b465ee728b)
Start importing Assets/Obi/Samples/Common/SampleResources/Materials/Checker.mat using Guid(359ef2e4b09204eeab112e419c308068) Importer(815301076,1909f56bfc062723c751e8b465ee728b)  -> (artifact id: 'c81c1741f69b26f64747eede576e1adb') in 0.012278 seconds 
========================================================================
Received Import Request.
  Time since last request: 0.003674 seconds.
  path: Assets/Assets/HYPEPOLY - Battle Royale Show/Demo/Materials/Clouds.mat
  artifactKey: Guid(f42e0c8cf4668f242af71ade06f73601) Importer(815301076,1909f56bfc062723c751e8b465ee728b)
Start importing Assets/Assets/HYPEPOLY - Battle Royale Show/Demo/Materials/Clouds.mat using Guid(f42e0c8cf4668f242af71ade06f73601) Importer(815301076,1909f56bfc062723c751e8b465ee728b)  -> (artifact id: '7ceb4c2b8a8d38c1de4ef156e378332b') in 0.008257 seconds 
========================================================================
Received Import Request.
  Time since last request: 0.029707 seconds.
  path: Assets/Obi/Editor/Resources/DistanceFieldPreview.mat
  artifactKey: Guid(5dde1f45f471c48a1a13fc4b8c0b5b43) Importer(815301076,1909f56bfc062723c751e8b465ee728b)
Start importing Assets/Obi/Editor/Resources/DistanceFieldPreview.mat using Guid(5dde1f45f471c48a1a13fc4b8c0b5b43) Importer(815301076,1909f56bfc062723c751e8b465ee728b)  -> (artifact id: 'b5a96b53bd46db895a6a0b2a13d9f7cd') in 0.017717 seconds 
========================================================================
Received Import Request.
  Time since last request: 0.663062 seconds.
  path: Assets/Assets/SyntyStudios/PolygonSamples/PolygonDungeons/Materials/Dungeons_Texture_01.mat
  artifactKey: Guid(e3011f49e16d4354ead538011ef3a380) Importer(815301076,1909f56bfc062723c751e8b465ee728b)
Start importing Assets/Assets/SyntyStudios/PolygonSamples/PolygonDungeons/Materials/Dungeons_Texture_01.mat using Guid(e3011f49e16d4354ead538011ef3a380) Importer(815301076,1909f56bfc062723c751e8b465ee728b)  -> (artifact id: 'b6a0ab962861742ae11d113fd47ca4dd') in 0.012929 seconds 
========================================================================
Received Import Request.
  Time since last request: 0.000046 seconds.
  path: Assets/Obi/Samples/Common/SampleResources/Materials/FinishLine.mat
  artifactKey: Guid(d3b93997453834b97a4e8f3df52e1068) Importer(815301076,1909f56bfc062723c751e8b465ee728b)
Start importing Assets/Obi/Samples/Common/SampleResources/Materials/FinishLine.mat using Guid(d3b93997453834b97a4e8f3df52e1068) Importer(815301076,1909f56bfc062723c751e8b465ee728b)  -> (artifact id: '9d5d17124dbde590a78c95126eed045c') in 0.181668 seconds 
========================================================================
Received Import Request.
  Time since last request: 0.000080 seconds.
  path: Assets/Assets/Photon/PhotonUnityNetworking/Demos/DemoAsteroids/Materials/FlyerPlayership.mat
  artifactKey: Guid(99fced4bc2985174cac8512dc765d2bc) Importer(815301076,1909f56bfc062723c751e8b465ee728b)
Start importing Assets/Assets/Photon/PhotonUnityNetworking/Demos/DemoAsteroids/Materials/FlyerPlayership.mat using Guid(99fced4bc2985174cac8512dc765d2bc) Importer(815301076,1909f56bfc062723c751e8b465ee728b)  -> (artifact id: '3bf53e40c1bef450719bfb445af95350') in 0.320347 seconds 
========================================================================
Received Import Request.
  Time since last request: 0.302389 seconds.
  path: Assets/Assets/Photon/PhotonUnityNetworking/Demos/Shared Assets/Materials/Gradient.mat
  artifactKey: Guid(32e7ed8e6b80b884bbed8260b788648b) Importer(815301076,1909f56bfc062723c751e8b465ee728b)
Start importing Assets/Assets/Photon/PhotonUnityNetworking/Demos/Shared Assets/Materials/Gradient.mat using Guid(32e7ed8e6b80b884bbed8260b788648b) Importer(815301076,1909f56bfc062723c751e8b465ee728b)  -> (artifact id: '316485d515571903285c986e0078fe86') in 0.210905 seconds 
========================================================================
Received Import Request.
  Time since last request: 4.014363 seconds.
  path: Assets/Assets/Photon/PhotonUnityNetworking/Demos/DemoSlotRacer/Kenney Assets/Stylized city/Materials/ground_green232.mat
  artifactKey: Guid(fd4000dd854ad0e40ba2a59fab94cad1) Importer(815301076,1909f56bfc062723c751e8b465ee728b)
Start importing Assets/Assets/Photon/PhotonUnityNetworking/Demos/DemoSlotRacer/Kenney Assets/Stylized city/Materials/ground_green232.mat using Guid(fd4000dd854ad0e40ba2a59fab94cad1) Importer(815301076,1909f56bfc062723c751e8b465ee728b)  -> (artifact id: 'dc1d96796ba954d383c1e64986e74d6a') in 0.012195 seconds 
========================================================================
Received Import Request.
  Time since last request: 1.220697 seconds.
  path: Assets/Assets/Photon/PhotonUnityNetworking/Demos/Shared Assets/Skin/Jura-Flat-Material.mat
  artifactKey: Guid(c190da5d14d0e904ba512abe82018576) Importer(815301076,1909f56bfc062723c751e8b465ee728b)
Start importing Assets/Assets/Photon/PhotonUnityNetworking/Demos/Shared Assets/Skin/Jura-Flat-Material.mat using Guid(c190da5d14d0e904ba512abe82018576) Importer(815301076,1909f56bfc062723c751e8b465ee728b)  -> (artifact id: '48e0f3103b98fd11054eee83899d9bdb') in 0.016642 seconds 
========================================================================
Received Import Request.
  Time since last request: 0.000083 seconds.
  path: Assets/Assets/SyntyStudios/PolygonStarter/PolygonPrototype/Models/Materials/lambert4SG3.mat
  artifactKey: Guid(daa3e158e18e41f4095c685848a9bae0) Importer(815301076,1909f56bfc062723c751e8b465ee728b)
Start importing Assets/Assets/SyntyStudios/PolygonStarter/PolygonPrototype/Models/Materials/lambert4SG3.mat using Guid(daa3e158e18e41f4095c685848a9bae0) Importer(815301076,1909f56bfc062723c751e8b465ee728b)  -> (artifact id: '82ef1d5368b8535935444d926e886d91') in 0.005966 seconds 
========================================================================
Received Import Request.
  Time since last request: 0.000063 seconds.
  path: Assets/Assets/Photon/PhotonUnityNetworking/Demos/DemoProcedural/Materials/LightGreen.mat
  artifactKey: Guid(cd644746d7159df42b0c206b559af881) Importer(815301076,1909f56bfc062723c751e8b465ee728b)
Start importing Assets/Assets/Photon/PhotonUnityNetworking/Demos/DemoProcedural/Materials/LightGreen.mat using Guid(cd644746d7159df42b0c206b559af881) Importer(815301076,1909f56bfc062723c751e8b465ee728b)  -> (artifact id: 'e8096acf18a6467e1eb290c2f6a406f0') in 0.005653 seconds 
========================================================================
Received Import Request.
  Time since last request: 0.000059 seconds.
  path: Assets/Obi/Samples/RopeAndRod/SampleResources/Materials/LineRope.mat
  artifactKey: Guid(4cc7d840058664f0f9a679178b33b5e4) Importer(815301076,1909f56bfc062723c751e8b465ee728b)
Start importing Assets/Obi/Samples/RopeAndRod/SampleResources/Materials/LineRope.mat using Guid(4cc7d840058664f0f9a679178b33b5e4) Importer(815301076,1909f56bfc062723c751e8b465ee728b)  -> (artifact id: 'f9813591ee1715f6dc2a84b972e957ce') in 0.018177 seconds 
========================================================================
Received Import Request.
  Time since last request: 0.049335 seconds.
  path: Assets/Obi/Samples/Common/SampleResources/Materials/Metal.mat
  artifactKey: Guid(278487642d12d4bf78416679d50d6fd7) Importer(815301076,1909f56bfc062723c751e8b465ee728b)
Start importing Assets/Obi/Samples/Common/SampleResources/Materials/Metal.mat using Guid(278487642d12d4bf78416679d50d6fd7) Importer(815301076,1909f56bfc062723c751e8b465ee728b)  -> (artifact id: 'e4d930582aa0a37a730370f9cebee274') in 0.008379 seconds 
========================================================================
Received Import Request.
  Time since last request: 0.000048 seconds.
  path: Assets/Assets/Photon/PhotonUnityNetworking/Demos/DemoProcedural/Materials/Orange.mat
  artifactKey: Guid(09adc4af150569a4cb996354c367b8c8) Importer(815301076,1909f56bfc062723c751e8b465ee728b)
Start importing Assets/Assets/Photon/PhotonUnityNetworking/Demos/DemoProcedural/Materials/Orange.mat using Guid(09adc4af150569a4cb996354c367b8c8) Importer(815301076,1909f56bfc062723c751e8b465ee728b)  -> (artifact id: '1851a28a8aa4e828bf5d5e631738cfec') in 0.005258 seconds 
========================================================================
Received Import Request.
  Time since last request: 0.000056 seconds.
  path: Assets/Assets/Photon/PhotonUnityNetworking/Demos/DemoSlotRacer/Kenney Assets/Stylized city/Materials/No Name.mat
  artifactKey: Guid(a773bd7a075f9534e9c9ed1eb6e9a30f) Importer(815301076,1909f56bfc062723c751e8b465ee728b)
Start importing Assets/Assets/Photon/PhotonUnityNetworking/Demos/DemoSlotRacer/Kenney Assets/Stylized city/Materials/No Name.mat using Guid(a773bd7a075f9534e9c9ed1eb6e9a30f) Importer(815301076,1909f56bfc062723c751e8b465ee728b)  -> (artifact id: '59b090b73cdf8bb52ef1396d595e4189') in 0.013867 seconds 
========================================================================
Received Import Request.
  Time since last request: 1.003995 seconds.
  path: Assets/Obi/Resources/ObiMaterials/Particle.mat
  artifactKey: Guid(fb972beb020dd4ff5ab78835f4393522) Importer(815301076,1909f56bfc062723c751e8b465ee728b)
Start importing Assets/Obi/Resources/ObiMaterials/Particle.mat using Guid(fb972beb020dd4ff5ab78835f4393522) Importer(815301076,1909f56bfc062723c751e8b465ee728b)  -> (artifact id: '4f6f44c30777c37b58092331349e7e33') in 0.064204 seconds 
========================================================================
Received Import Request.
  Time since last request: 0.000060 seconds.
  path: Assets/Assets/SyntyStudios/PolygonCity/Materials/PolygonCity_Glass_Veh_Mat.mat
  artifactKey: Guid(2d4d2ed696e5ade49ae50d4e19151de5) Importer(815301076,1909f56bfc062723c751e8b465ee728b)
Start importing Assets/Assets/SyntyStudios/PolygonCity/Materials/PolygonCity_Glass_Veh_Mat.mat using Guid(2d4d2ed696e5ade49ae50d4e19151de5) Importer(815301076,1909f56bfc062723c751e8b465ee728b)  -> (artifact id: '02639a247259d1f4c9dbe6138487103c') in 0.006395 seconds 
========================================================================
Received Import Request.
  Time since last request: 0.000049 seconds.
  path: Assets/Assets/SyntyStudios/PolygonCity/Materials/PolygonCity_Glass_Mat.mat
  artifactKey: Guid(c29d9dff2056b1543bbb70ec32427a62) Importer(815301076,1909f56bfc062723c751e8b465ee728b)
Start importing Assets/Assets/SyntyStudios/PolygonCity/Materials/PolygonCity_Glass_Mat.mat using Guid(c29d9dff2056b1543bbb70ec32427a62) Importer(815301076,1909f56bfc062723c751e8b465ee728b)  -> (artifact id: '846aaac3728f324427335ff1aaaeb455') in 0.022162 seconds 
========================================================================
Received Import Request.
  Time since last request: 0.000076 seconds.
  path: Assets/Assets/SyntyStudios/PolygonCity/Materials/PolygonCity_Mat_01_A.mat
  artifactKey: Guid(62e25ef75a2216f418d06453c9ad15cb) Importer(815301076,1909f56bfc062723c751e8b465ee728b)
Start importing Assets/Assets/SyntyStudios/PolygonCity/Materials/PolygonCity_Mat_01_A.mat using Guid(62e25ef75a2216f418d06453c9ad15cb) Importer(815301076,1909f56bfc062723c751e8b465ee728b)  -> (artifact id: '88295935ed9061595d354ab0a48e693d') in 0.009678 seconds 
========================================================================
Received Import Request.
  Time since last request: 0.000038 seconds.
  path: Assets/Assets/SyntyStudios/PolygonAdventure/Materials/PolyAdventureMaterial_Dark_01.mat
  artifactKey: Guid(37b168582e3c39e4f8a706d91e01c206) Importer(815301076,1909f56bfc062723c751e8b465ee728b)
Start importing Assets/Assets/SyntyStudios/PolygonAdventure/Materials/PolyAdventureMaterial_Dark_01.mat using Guid(37b168582e3c39e4f8a706d91e01c206) Importer(815301076,1909f56bfc062723c751e8b465ee728b)  -> (artifact id: '2c4b658125314da049c850b5fae89b84') in 0.009488 seconds 
Editor requested this worker to shutdown with reason: Scaling down because of idle timeout
AssetImportWorker is now disconnected from the server
Process exiting
