Using pre-set license
Built from '2021.3/staging' branch; Version is '2021.3.19f1 (c9714fde33b6) revision 13201743'; Using compiler version '192829333'; Build Type 'Release'
OS: 'Windows 10  (10.0.19045) 64bit Core' Language: 'ko' Physical Memory: 16107 MB
BatchMode: 1, IsHumanControllingUs: 0, StartBugReporterOnCrash: 0, Is64bit: 1, IsPro: 1

COMMAND LINE ARGUMENTS:
C:\Program Files\Unity\Hub\Editor\2021.3.19f1\Editor\Unity.exe
-adb2
-batchMode
-noUpm
-name
AssetImportWorker5
-projectPath
C:/Users/ahin0/OneDrive/문서/GitHub2/ALONG_UP/EGG_ALONGUP
-logFile
Logs/AssetImportWorker5.log
-srvPort
58451
Successfully changed project path to: C:/Users/ahin0/OneDrive/문서/GitHub2/ALONG_UP/EGG_ALONGUP
C:/Users/ahin0/OneDrive/문서/GitHub2/ALONG_UP/EGG_ALONGUP
[UnityMemory] Configuration Parameters - Can be set up in boot.config
    "memorysetup-bucket-allocator-granularity=16"
    "memorysetup-bucket-allocator-bucket-count=8"
    "memorysetup-bucket-allocator-block-size=33554432"
    "memorysetup-bucket-allocator-block-count=8"
    "memorysetup-main-allocator-block-size=16777216"
    "memorysetup-thread-allocator-block-size=16777216"
    "memorysetup-gfx-main-allocator-block-size=16777216"
    "memorysetup-gfx-thread-allocator-block-size=16777216"
    "memorysetup-cache-allocator-block-size=4194304"
    "memorysetup-typetree-allocator-block-size=2097152"
    "memorysetup-profiler-bucket-allocator-granularity=16"
    "memorysetup-profiler-bucket-allocator-bucket-count=8"
    "memorysetup-profiler-bucket-allocator-block-size=33554432"
    "memorysetup-profiler-bucket-allocator-block-count=8"
    "memorysetup-profiler-allocator-block-size=16777216"
    "memorysetup-profiler-editor-allocator-block-size=1048576"
    "memorysetup-temp-allocator-size-main=16777216"
    "memorysetup-job-temp-allocator-block-size=2097152"
    "memorysetup-job-temp-allocator-block-size-background=1048576"
    "memorysetup-job-temp-allocator-reduction-small-platforms=262144"
    "memorysetup-temp-allocator-size-background-worker=32768"
    "memorysetup-temp-allocator-size-job-worker=262144"
    "memorysetup-temp-allocator-size-preload-manager=33554432"
    "memorysetup-temp-allocator-size-nav-mesh-worker=65536"
    "memorysetup-temp-allocator-size-audio-worker=65536"
    "memorysetup-temp-allocator-size-cloud-worker=32768"
    "memorysetup-temp-allocator-size-gi-baking-worker=262144"
    "memorysetup-temp-allocator-size-gfx=262144"
Player connection [17800] Host "[IP] 192.168.45.200 [Port] 0 [Flags] 2 [Guid] 2211839035 [EditorId] 2211839035 [Version] 1048832 [Id] WindowsEditor(7,LAPTOP-ONQ9R229) [Debug] 1 [PackageName] WindowsEditor [ProjectName] Editor" joined multi-casting on [225.0.0.222:54997]...

Player connection [17800] Host "[IP] 192.168.45.200 [Port] 0 [Flags] 2 [Guid] 2211839035 [EditorId] 2211839035 [Version] 1048832 [Id] WindowsEditor(7,LAPTOP-ONQ9R229) [Debug] 1 [PackageName] WindowsEditor [ProjectName] Editor" joined alternative multi-casting on [225.0.0.222:34997]...

Refreshing native plugins compatible for Editor in 254.51 ms, found 4 plugins.
Preloading 0 native plugins for Editor in 0.00 ms.
Initialize engine version: 2021.3.19f1 (c9714fde33b6)
[Subsystems] Discovering subsystems at path C:/Program Files/Unity/Hub/Editor/2021.3.19f1/Editor/Data/Resources/UnitySubsystems
[Subsystems] Discovering subsystems at path C:/Users/ahin0/OneDrive/문서/GitHub2/ALONG_UP/EGG_ALONGUP/Assets
GfxDevice: creating device client; threaded=0; jobified=0
Direct3D:
    Version:  Direct3D 11.0 [level 11.1]
    Renderer: Intel(R) Iris(R) Xe Graphics (ID=0x9a49)
    Vendor:   Intel
    VRAM:     8053 MB
    Driver:   27.20.100.9415
Initialize mono
Mono path[0] = 'C:/Program Files/Unity/Hub/Editor/2021.3.19f1/Editor/Data/Managed'
Mono path[1] = 'C:/Program Files/Unity/Hub/Editor/2021.3.19f1/Editor/Data/MonoBleedingEdge/lib/mono/unityjit-win32'
Mono config path = 'C:/Program Files/Unity/Hub/Editor/2021.3.19f1/Editor/Data/MonoBleedingEdge/etc'
Using monoOptions --debugger-agent=transport=dt_socket,embedding=1,server=y,suspend=n,address=127.0.0.1:56076
Begin MonoManager ReloadAssembly
Registering precompiled unity dll's ...
Register platform support module: C:/Program Files/Unity/Hub/Editor/2021.3.19f1/Editor/Data/PlaybackEngines/WebGLSupport/UnityEditor.WebGL.Extensions.dll
Register platform support module: C:/Program Files/Unity/Hub/Editor/2021.3.19f1/Editor/Data/PlaybackEngines/AndroidPlayer/UnityEditor.Android.Extensions.dll
Register platform support module: C:/Program Files/Unity/Hub/Editor/2021.3.19f1/Editor/Data/PlaybackEngines/iOSSupport/UnityEditor.iOS.Extensions.dll
Register platform support module: C:/Program Files/Unity/Hub/Editor/2021.3.19f1/Editor/Data/PlaybackEngines/WindowsStandaloneSupport/UnityEditor.WindowsStandalone.Extensions.dll
Registered in 0.072455 seconds.
Native extension for WindowsStandalone target not found
[usbmuxd] Start listen thread
[usbmuxd] Listen thread started
Native extension for iOS target not found
Native extension for Android target not found
Android Extension - Scanning For ADB Devices 500 ms
Native extension for WebGL target not found
Refreshing native plugins compatible for Editor in 211.14 ms, found 4 plugins.
Preloading 0 native plugins for Editor in 0.00 ms.
Mono: successfully reloaded assembly
- Completed reload, in  2.186 seconds
Domain Reload Profiling:
	ReloadAssembly (2186ms)
		BeginReloadAssembly (279ms)
			ExecutionOrderSort (0ms)
			DisableScriptedObjects (0ms)
			BackupInstance (0ms)
			ReleaseScriptingObjects (0ms)
			CreateAndSetChildDomain (1ms)
		EndReloadAssembly (1564ms)
			LoadAssemblies (272ms)
			RebuildTransferFunctionScriptingTraits (0ms)
			SetupTypeCache (238ms)
			ReleaseScriptCaches (0ms)
			RebuildScriptCaches (43ms)
			SetupLoadedEditorAssemblies (1153ms)
				LogAssemblyErrors (0ms)
				InitializePlatformSupportModulesInManaged (717ms)
				SetLoadedEditorAssemblies (0ms)
				RefreshPlugins (212ms)
				BeforeProcessingInitializeOnLoad (3ms)
				ProcessInitializeOnLoadAttributes (145ms)
				ProcessInitializeOnLoadMethodAttributes (76ms)
				AfterProcessingInitializeOnLoad (0ms)
				EditorAssembliesLoaded (0ms)
			ExecutionOrderSort2 (0ms)
			AwakeInstancesAfterBackupRestoration (0ms)
Platform modules already initialized, skipping
Registering precompiled user dll's ...
Registered in 0.031410 seconds.
Begin MonoManager ReloadAssembly
Symbol file LoadedFromMemory doesn't match image C:\Users\ahin0\OneDrive\문서\GitHub2\ALONG_UP\EGG_ALONGUP\Library\PackageCache\com.unity.visualscripting@1.8.0\Editor\VisualScripting.Core\Dependencies\YamlDotNet\Unity.VisualScripting.YamlDotNet.dll
Symbol file LoadedFromMemory doesn't match image C:\Users\ahin0\OneDrive\문서\GitHub2\ALONG_UP\EGG_ALONGUP\Library\PackageCache\com.unity.visualscripting@1.8.0\Editor\VisualScripting.Core\Dependencies\DotNetZip\Unity.VisualScripting.IonicZip.dll
Native extension for WindowsStandalone target not found
Native extension for iOS target not found
Native extension for Android target not found
Native extension for WebGL target not found
Refreshing native plugins compatible for Editor in 1.42 ms, found 4 plugins.
Preloading 0 native plugins for Editor in 0.00 ms.
Mono: successfully reloaded assembly
- Completed reload, in  2.691 seconds
Domain Reload Profiling:
	ReloadAssembly (2692ms)
		BeginReloadAssembly (270ms)
			ExecutionOrderSort (0ms)
			DisableScriptedObjects (9ms)
			BackupInstance (0ms)
			ReleaseScriptingObjects (1ms)
			CreateAndSetChildDomain (38ms)
		EndReloadAssembly (2145ms)
			LoadAssemblies (262ms)
			RebuildTransferFunctionScriptingTraits (0ms)
			SetupTypeCache (521ms)
			ReleaseScriptCaches (1ms)
			RebuildScriptCaches (109ms)
			SetupLoadedEditorAssemblies (1188ms)
				LogAssemblyErrors (0ms)
				InitializePlatformSupportModulesInManaged (81ms)
				SetLoadedEditorAssemblies (2ms)
				RefreshPlugins (2ms)
				BeforeProcessingInitializeOnLoad (210ms)
				ProcessInitializeOnLoadAttributes (792ms)
				ProcessInitializeOnLoadMethodAttributes (55ms)
				AfterProcessingInitializeOnLoad (46ms)
				EditorAssembliesLoaded (0ms)
			ExecutionOrderSort2 (0ms)
			AwakeInstancesAfterBackupRestoration (19ms)
Platform modules already initialized, skipping
========================================================================
Worker process is ready to serve import requests
Launched and connected shader compiler UnityShaderCompiler.exe after 0.07 seconds
Refreshing native plugins compatible for Editor in 2.37 ms, found 4 plugins.
Preloading 0 native plugins for Editor in 0.00 ms.
Unloading 3781 Unused Serialized files (Serialized files now loaded: 0)
Unloading 44 unused Assets / (148.7 KB). Loaded Objects now: 4228.
Memory consumption went from 142.3 MB to 142.2 MB.
Total: 6.643000 ms (FindLiveObjects: 0.438600 ms CreateObjectMapping: 0.458900 ms MarkObjects: 5.474300 ms  DeleteObjects: 0.268500 ms)

AssetImportParameters requested are different than current active one (requested -> active):
  custom:video-decoder-ogg-theora: a1e56fd34408186e4bbccfd4996cb3dc -> 
  custom:container-muxer-webm: aa71ff27fc2769a1b78a27578f13a17b -> 
  custom:container-demuxer-webm: 4f35f7cbe854078d1ac9338744f61a02 -> 
  custom:video-encoder-webm-vp8: eb34c28f22e8b96e1ab97ce403110664 -> 
  custom:video-codec-MediaFoundation-h265: 746d11721c4dcdbdad8f713fa42b33f4 -> 
  custom:audio-encoder-webm-vorbis: bf7c407c2cedff20999df2af8eb42d56 -> 
  custom:framework-win-MediaFoundation: 216162199b28c13a410421893ffa2e32 -> 
  custom:container-demuxer-ogg: 62fdf1f143b41e24485cea50d1cbac27 -> 
  custom:video-decoder-webm-vp8: 9c59270c3fd7afecdb556c50c9e8de78 -> 
  custom:audio-decoder-ogg-vorbis: bf7c407c2cedff20999df2af8eb42d56 -> 
========================================================================
Received Prepare
Registering precompiled user dll's ...
Registered in 0.021756 seconds.
Begin MonoManager ReloadAssembly
Symbol file LoadedFromMemory doesn't match image C:\Users\ahin0\OneDrive\문서\GitHub2\ALONG_UP\EGG_ALONGUP\Library\PackageCache\com.unity.visualscripting@1.8.0\Editor\VisualScripting.Core\Dependencies\YamlDotNet\Unity.VisualScripting.YamlDotNet.dll
Symbol file LoadedFromMemory doesn't match image C:\Users\ahin0\OneDrive\문서\GitHub2\ALONG_UP\EGG_ALONGUP\Library\PackageCache\com.unity.visualscripting@1.8.0\Editor\VisualScripting.Core\Dependencies\DotNetZip\Unity.VisualScripting.IonicZip.dll
Native extension for WindowsStandalone target not found
Native extension for iOS target not found
Native extension for Android target not found
Native extension for WebGL target not found
Refreshing native plugins compatible for Editor in 2.02 ms, found 4 plugins.
Preloading 0 native plugins for Editor in 0.00 ms.
Mono: successfully reloaded assembly
- Completed reload, in  2.896 seconds
Domain Reload Profiling:
	ReloadAssembly (2897ms)
		BeginReloadAssembly (523ms)
			ExecutionOrderSort (0ms)
			DisableScriptedObjects (10ms)
			BackupInstance (0ms)
			ReleaseScriptingObjects (0ms)
			CreateAndSetChildDomain (62ms)
		EndReloadAssembly (2077ms)
			LoadAssemblies (472ms)
			RebuildTransferFunctionScriptingTraits (0ms)
			SetupTypeCache (548ms)
			ReleaseScriptCaches (2ms)
			RebuildScriptCaches (75ms)
			SetupLoadedEditorAssemblies (1071ms)
				LogAssemblyErrors (0ms)
				InitializePlatformSupportModulesInManaged (106ms)
				SetLoadedEditorAssemblies (1ms)
				RefreshPlugins (2ms)
				BeforeProcessingInitializeOnLoad (228ms)
				ProcessInitializeOnLoadAttributes (626ms)
				ProcessInitializeOnLoadMethodAttributes (36ms)
				AfterProcessingInitializeOnLoad (72ms)
				EditorAssembliesLoaded (0ms)
			ExecutionOrderSort2 (0ms)
			AwakeInstancesAfterBackupRestoration (24ms)
Platform modules already initialized, skipping
Refreshing native plugins compatible for Editor in 19.85 ms, found 4 plugins.
Preloading 0 native plugins for Editor in 0.00 ms.
Unloading 3756 Unused Serialized files (Serialized files now loaded: 0)
Unloading 36 unused Assets / (116.6 KB). Loaded Objects now: 4232.
Memory consumption went from 140.1 MB to 140.0 MB.
Total: 9.558000 ms (FindLiveObjects: 0.853600 ms CreateObjectMapping: 3.647600 ms MarkObjects: 4.878400 ms  DeleteObjects: 0.175800 ms)

AssetImportParameters requested are different than current active one (requested -> active):
  custom:video-decoder-ogg-theora: a1e56fd34408186e4bbccfd4996cb3dc -> 
  custom:container-muxer-webm: aa71ff27fc2769a1b78a27578f13a17b -> 
  custom:container-demuxer-webm: 4f35f7cbe854078d1ac9338744f61a02 -> 
  custom:video-encoder-webm-vp8: eb34c28f22e8b96e1ab97ce403110664 -> 
  custom:video-codec-MediaFoundation-h265: 746d11721c4dcdbdad8f713fa42b33f4 -> 
  custom:audio-encoder-webm-vorbis: bf7c407c2cedff20999df2af8eb42d56 -> 
  custom:framework-win-MediaFoundation: 216162199b28c13a410421893ffa2e32 -> 
  custom:container-demuxer-ogg: 62fdf1f143b41e24485cea50d1cbac27 -> 
  custom:video-decoder-webm-vp8: 9c59270c3fd7afecdb556c50c9e8de78 -> 
  custom:audio-decoder-ogg-vorbis: bf7c407c2cedff20999df2af8eb42d56 -> 
========================================================================
Received Prepare
Registering precompiled user dll's ...
Registered in 0.026411 seconds.
Begin MonoManager ReloadAssembly
Symbol file LoadedFromMemory doesn't match image C:\Users\ahin0\OneDrive\문서\GitHub2\ALONG_UP\EGG_ALONGUP\Library\PackageCache\com.unity.visualscripting@1.8.0\Editor\VisualScripting.Core\Dependencies\YamlDotNet\Unity.VisualScripting.YamlDotNet.dll
Symbol file LoadedFromMemory doesn't match image C:\Users\ahin0\OneDrive\문서\GitHub2\ALONG_UP\EGG_ALONGUP\Library\PackageCache\com.unity.visualscripting@1.8.0\Editor\VisualScripting.Core\Dependencies\DotNetZip\Unity.VisualScripting.IonicZip.dll
Native extension for WindowsStandalone target not found
Native extension for iOS target not found
Native extension for Android target not found
Native extension for WebGL target not found
Refreshing native plugins compatible for Editor in 1.37 ms, found 4 plugins.
Preloading 0 native plugins for Editor in 0.00 ms.
Mono: successfully reloaded assembly
- Completed reload, in  2.434 seconds
Domain Reload Profiling:
	ReloadAssembly (2435ms)
		BeginReloadAssembly (336ms)
			ExecutionOrderSort (0ms)
			DisableScriptedObjects (8ms)
			BackupInstance (0ms)
			ReleaseScriptingObjects (0ms)
			CreateAndSetChildDomain (60ms)
		EndReloadAssembly (1850ms)
			LoadAssemblies (295ms)
			RebuildTransferFunctionScriptingTraits (0ms)
			SetupTypeCache (501ms)
			ReleaseScriptCaches (2ms)
			RebuildScriptCaches (66ms)
			SetupLoadedEditorAssemblies (961ms)
				LogAssemblyErrors (0ms)
				InitializePlatformSupportModulesInManaged (92ms)
				SetLoadedEditorAssemblies (0ms)
				RefreshPlugins (1ms)
				BeforeProcessingInitializeOnLoad (178ms)
				ProcessInitializeOnLoadAttributes (611ms)
				ProcessInitializeOnLoadMethodAttributes (29ms)
				AfterProcessingInitializeOnLoad (49ms)
				EditorAssembliesLoaded (0ms)
			ExecutionOrderSort2 (0ms)
			AwakeInstancesAfterBackupRestoration (20ms)
Platform modules already initialized, skipping
Refreshing native plugins compatible for Editor in 18.35 ms, found 4 plugins.
Preloading 0 native plugins for Editor in 0.00 ms.
Unloading 3756 Unused Serialized files (Serialized files now loaded: 0)
Unloading 36 unused Assets / (116.7 KB). Loaded Objects now: 4236.
Memory consumption went from 139.2 MB to 139.0 MB.
Total: 6.152900 ms (FindLiveObjects: 0.448800 ms CreateObjectMapping: 0.654400 ms MarkObjects: 4.818800 ms  DeleteObjects: 0.228700 ms)

AssetImportParameters requested are different than current active one (requested -> active):
  custom:video-decoder-ogg-theora: a1e56fd34408186e4bbccfd4996cb3dc -> 
  custom:container-muxer-webm: aa71ff27fc2769a1b78a27578f13a17b -> 
  custom:container-demuxer-webm: 4f35f7cbe854078d1ac9338744f61a02 -> 
  custom:video-encoder-webm-vp8: eb34c28f22e8b96e1ab97ce403110664 -> 
  custom:video-codec-MediaFoundation-h265: 746d11721c4dcdbdad8f713fa42b33f4 -> 
  custom:audio-encoder-webm-vorbis: bf7c407c2cedff20999df2af8eb42d56 -> 
  custom:framework-win-MediaFoundation: 216162199b28c13a410421893ffa2e32 -> 
  custom:container-demuxer-ogg: 62fdf1f143b41e24485cea50d1cbac27 -> 
  custom:video-decoder-webm-vp8: 9c59270c3fd7afecdb556c50c9e8de78 -> 
  custom:audio-decoder-ogg-vorbis: bf7c407c2cedff20999df2af8eb42d56 -> 
========================================================================
Received Prepare
Registering precompiled user dll's ...
Registered in 0.030328 seconds.
Begin MonoManager ReloadAssembly
Symbol file LoadedFromMemory doesn't match image C:\Users\ahin0\OneDrive\문서\GitHub2\ALONG_UP\EGG_ALONGUP\Library\PackageCache\com.unity.visualscripting@1.8.0\Editor\VisualScripting.Core\Dependencies\YamlDotNet\Unity.VisualScripting.YamlDotNet.dll
Symbol file LoadedFromMemory doesn't match image C:\Users\ahin0\OneDrive\문서\GitHub2\ALONG_UP\EGG_ALONGUP\Library\PackageCache\com.unity.visualscripting@1.8.0\Editor\VisualScripting.Core\Dependencies\DotNetZip\Unity.VisualScripting.IonicZip.dll
Native extension for WindowsStandalone target not found
Native extension for iOS target not found
Native extension for Android target not found
Native extension for WebGL target not found
Refreshing native plugins compatible for Editor in 1.93 ms, found 4 plugins.
Preloading 0 native plugins for Editor in 0.00 ms.
Mono: successfully reloaded assembly
- Completed reload, in  2.364 seconds
Domain Reload Profiling:
	ReloadAssembly (2365ms)
		BeginReloadAssembly (332ms)
			ExecutionOrderSort (0ms)
			DisableScriptedObjects (6ms)
			BackupInstance (0ms)
			ReleaseScriptingObjects (0ms)
			CreateAndSetChildDomain (56ms)
		EndReloadAssembly (1794ms)
			LoadAssemblies (294ms)
			RebuildTransferFunctionScriptingTraits (0ms)
			SetupTypeCache (479ms)
			ReleaseScriptCaches (2ms)
			RebuildScriptCaches (68ms)
			SetupLoadedEditorAssemblies (935ms)
				LogAssemblyErrors (0ms)
				InitializePlatformSupportModulesInManaged (100ms)
				SetLoadedEditorAssemblies (1ms)
				RefreshPlugins (2ms)
				BeforeProcessingInitializeOnLoad (156ms)
				ProcessInitializeOnLoadAttributes (603ms)
				ProcessInitializeOnLoadMethodAttributes (33ms)
				AfterProcessingInitializeOnLoad (41ms)
				EditorAssembliesLoaded (0ms)
			ExecutionOrderSort2 (0ms)
			AwakeInstancesAfterBackupRestoration (20ms)
Platform modules already initialized, skipping
Refreshing native plugins compatible for Editor in 13.28 ms, found 4 plugins.
Preloading 0 native plugins for Editor in 0.00 ms.
Unloading 3756 Unused Serialized files (Serialized files now loaded: 0)
Unloading 36 unused Assets / (116.5 KB). Loaded Objects now: 4240.
Memory consumption went from 139.2 MB to 139.1 MB.
Total: 5.312200 ms (FindLiveObjects: 0.566800 ms CreateObjectMapping: 0.357900 ms MarkObjects: 4.202000 ms  DeleteObjects: 0.183700 ms)

AssetImportParameters requested are different than current active one (requested -> active):
  custom:video-decoder-ogg-theora: a1e56fd34408186e4bbccfd4996cb3dc -> 
  custom:container-muxer-webm: aa71ff27fc2769a1b78a27578f13a17b -> 
  custom:container-demuxer-webm: 4f35f7cbe854078d1ac9338744f61a02 -> 
  custom:video-encoder-webm-vp8: eb34c28f22e8b96e1ab97ce403110664 -> 
  custom:video-codec-MediaFoundation-h265: 746d11721c4dcdbdad8f713fa42b33f4 -> 
  custom:audio-encoder-webm-vorbis: bf7c407c2cedff20999df2af8eb42d56 -> 
  custom:framework-win-MediaFoundation: 216162199b28c13a410421893ffa2e32 -> 
  custom:container-demuxer-ogg: 62fdf1f143b41e24485cea50d1cbac27 -> 
  custom:video-decoder-webm-vp8: 9c59270c3fd7afecdb556c50c9e8de78 -> 
  custom:audio-decoder-ogg-vorbis: bf7c407c2cedff20999df2af8eb42d56 -> 
========================================================================
Received Prepare
Registering precompiled user dll's ...
Registered in 0.019711 seconds.
Begin MonoManager ReloadAssembly
Symbol file LoadedFromMemory doesn't match image C:\Users\ahin0\OneDrive\문서\GitHub2\ALONG_UP\EGG_ALONGUP\Library\PackageCache\com.unity.visualscripting@1.8.0\Editor\VisualScripting.Core\Dependencies\YamlDotNet\Unity.VisualScripting.YamlDotNet.dll
Symbol file LoadedFromMemory doesn't match image C:\Users\ahin0\OneDrive\문서\GitHub2\ALONG_UP\EGG_ALONGUP\Library\PackageCache\com.unity.visualscripting@1.8.0\Editor\VisualScripting.Core\Dependencies\DotNetZip\Unity.VisualScripting.IonicZip.dll
Native extension for WindowsStandalone target not found
Native extension for iOS target not found
Native extension for Android target not found
Native extension for WebGL target not found
Refreshing native plugins compatible for Editor in 1.59 ms, found 4 plugins.
Preloading 0 native plugins for Editor in 0.00 ms.
Mono: successfully reloaded assembly
- Completed reload, in  2.493 seconds
Domain Reload Profiling:
	ReloadAssembly (2494ms)
		BeginReloadAssembly (346ms)
			ExecutionOrderSort (0ms)
			DisableScriptedObjects (8ms)
			BackupInstance (0ms)
			ReleaseScriptingObjects (0ms)
			CreateAndSetChildDomain (56ms)
		EndReloadAssembly (1905ms)
			LoadAssemblies (308ms)
			RebuildTransferFunctionScriptingTraits (0ms)
			SetupTypeCache (500ms)
			ReleaseScriptCaches (2ms)
			RebuildScriptCaches (67ms)
			SetupLoadedEditorAssemblies (994ms)
				LogAssemblyErrors (0ms)
				InitializePlatformSupportModulesInManaged (101ms)
				SetLoadedEditorAssemblies (1ms)
				RefreshPlugins (2ms)
				BeforeProcessingInitializeOnLoad (180ms)
				ProcessInitializeOnLoadAttributes (622ms)
				ProcessInitializeOnLoadMethodAttributes (37ms)
				AfterProcessingInitializeOnLoad (52ms)
				EditorAssembliesLoaded (0ms)
			ExecutionOrderSort2 (0ms)
			AwakeInstancesAfterBackupRestoration (22ms)
Platform modules already initialized, skipping
Refreshing native plugins compatible for Editor in 17.25 ms, found 4 plugins.
Preloading 0 native plugins for Editor in 0.00 ms.
Unloading 3756 Unused Serialized files (Serialized files now loaded: 0)
Unloading 36 unused Assets / (116.7 KB). Loaded Objects now: 4244.
Memory consumption went from 139.2 MB to 139.1 MB.
Total: 3.748900 ms (FindLiveObjects: 0.335000 ms CreateObjectMapping: 0.323300 ms MarkObjects: 2.924400 ms  DeleteObjects: 0.164600 ms)

AssetImportParameters requested are different than current active one (requested -> active):
  custom:video-decoder-ogg-theora: a1e56fd34408186e4bbccfd4996cb3dc -> 
  custom:container-muxer-webm: aa71ff27fc2769a1b78a27578f13a17b -> 
  custom:container-demuxer-webm: 4f35f7cbe854078d1ac9338744f61a02 -> 
  custom:video-encoder-webm-vp8: eb34c28f22e8b96e1ab97ce403110664 -> 
  custom:video-codec-MediaFoundation-h265: 746d11721c4dcdbdad8f713fa42b33f4 -> 
  custom:audio-encoder-webm-vorbis: bf7c407c2cedff20999df2af8eb42d56 -> 
  custom:framework-win-MediaFoundation: 216162199b28c13a410421893ffa2e32 -> 
  custom:container-demuxer-ogg: 62fdf1f143b41e24485cea50d1cbac27 -> 
  custom:video-decoder-webm-vp8: 9c59270c3fd7afecdb556c50c9e8de78 -> 
  custom:audio-decoder-ogg-vorbis: bf7c407c2cedff20999df2af8eb42d56 -> 
========================================================================
Received Import Request.
  Time since last request: 370912.764855 seconds.
  path: Assets/Prefab/Door.prefab
  artifactKey: Guid(54cc308d6d412cb4a937fb38ff8ef31c) Importer(815301076,1909f56bfc062723c751e8b465ee728b)
Start importing Assets/Prefab/Door.prefab using Guid(54cc308d6d412cb4a937fb38ff8ef31c) Importer(815301076,1909f56bfc062723c751e8b465ee728b)  -> (artifact id: '4cffbad1ec3b97260ff308541b64a94b') in 0.206489 seconds 
========================================================================
Received Prepare
Registering precompiled user dll's ...
Registered in 0.051234 seconds.
Begin MonoManager ReloadAssembly
Symbol file LoadedFromMemory doesn't match image C:\Users\ahin0\OneDrive\문서\GitHub2\ALONG_UP\EGG_ALONGUP\Library\PackageCache\com.unity.visualscripting@1.8.0\Editor\VisualScripting.Core\Dependencies\YamlDotNet\Unity.VisualScripting.YamlDotNet.dll
Symbol file LoadedFromMemory doesn't match image C:\Users\ahin0\OneDrive\문서\GitHub2\ALONG_UP\EGG_ALONGUP\Library\PackageCache\com.unity.visualscripting@1.8.0\Editor\VisualScripting.Core\Dependencies\DotNetZip\Unity.VisualScripting.IonicZip.dll
Native extension for WindowsStandalone target not found
Native extension for iOS target not found
Native extension for Android target not found
Native extension for WebGL target not found
Refreshing native plugins compatible for Editor in 1.87 ms, found 4 plugins.
Preloading 0 native plugins for Editor in 0.00 ms.
Mono: successfully reloaded assembly
- Completed reload, in  2.451 seconds
Domain Reload Profiling:
	ReloadAssembly (2452ms)
		BeginReloadAssembly (340ms)
			ExecutionOrderSort (0ms)
			DisableScriptedObjects (6ms)
			BackupInstance (0ms)
			ReleaseScriptingObjects (0ms)
			CreateAndSetChildDomain (66ms)
		EndReloadAssembly (1865ms)
			LoadAssemblies (305ms)
			RebuildTransferFunctionScriptingTraits (0ms)
			SetupTypeCache (501ms)
			ReleaseScriptCaches (2ms)
			RebuildScriptCaches (73ms)
			SetupLoadedEditorAssemblies (961ms)
				LogAssemblyErrors (0ms)
				InitializePlatformSupportModulesInManaged (98ms)
				SetLoadedEditorAssemblies (1ms)
				RefreshPlugins (2ms)
				BeforeProcessingInitializeOnLoad (186ms)
				ProcessInitializeOnLoadAttributes (602ms)
				ProcessInitializeOnLoadMethodAttributes (30ms)
				AfterProcessingInitializeOnLoad (43ms)
				EditorAssembliesLoaded (0ms)
			ExecutionOrderSort2 (0ms)
			AwakeInstancesAfterBackupRestoration (17ms)
Platform modules already initialized, skipping
Refreshing native plugins compatible for Editor in 19.50 ms, found 4 plugins.
Preloading 0 native plugins for Editor in 0.00 ms.
Unloading 3756 Unused Serialized files (Serialized files now loaded: 0)
Unloading 36 unused Assets / (116.6 KB). Loaded Objects now: 4258.
Memory consumption went from 143.6 MB to 143.5 MB.
Total: 5.292900 ms (FindLiveObjects: 0.446000 ms CreateObjectMapping: 0.353700 ms MarkObjects: 4.316300 ms  DeleteObjects: 0.174500 ms)

AssetImportParameters requested are different than current active one (requested -> active):
  custom:video-decoder-ogg-theora: a1e56fd34408186e4bbccfd4996cb3dc -> 
  custom:container-muxer-webm: aa71ff27fc2769a1b78a27578f13a17b -> 
  custom:container-demuxer-webm: 4f35f7cbe854078d1ac9338744f61a02 -> 
  custom:video-encoder-webm-vp8: eb34c28f22e8b96e1ab97ce403110664 -> 
  custom:video-codec-MediaFoundation-h265: 746d11721c4dcdbdad8f713fa42b33f4 -> 
  custom:audio-encoder-webm-vorbis: bf7c407c2cedff20999df2af8eb42d56 -> 
  custom:framework-win-MediaFoundation: 216162199b28c13a410421893ffa2e32 -> 
  custom:container-demuxer-ogg: 62fdf1f143b41e24485cea50d1cbac27 -> 
  custom:video-decoder-webm-vp8: 9c59270c3fd7afecdb556c50c9e8de78 -> 
  custom:audio-decoder-ogg-vorbis: bf7c407c2cedff20999df2af8eb42d56 -> 
========================================================================
Received Prepare
Registering precompiled user dll's ...
Registered in 0.024737 seconds.
Begin MonoManager ReloadAssembly
Symbol file LoadedFromMemory doesn't match image C:\Users\ahin0\OneDrive\문서\GitHub2\ALONG_UP\EGG_ALONGUP\Library\PackageCache\com.unity.visualscripting@1.8.0\Editor\VisualScripting.Core\Dependencies\YamlDotNet\Unity.VisualScripting.YamlDotNet.dll
Symbol file LoadedFromMemory doesn't match image C:\Users\ahin0\OneDrive\문서\GitHub2\ALONG_UP\EGG_ALONGUP\Library\PackageCache\com.unity.visualscripting@1.8.0\Editor\VisualScripting.Core\Dependencies\DotNetZip\Unity.VisualScripting.IonicZip.dll
Native extension for WindowsStandalone target not found
Native extension for iOS target not found
Native extension for Android target not found
Native extension for WebGL target not found
Refreshing native plugins compatible for Editor in 1.98 ms, found 4 plugins.
Preloading 0 native plugins for Editor in 0.00 ms.
Mono: successfully reloaded assembly
- Completed reload, in  2.428 seconds
Domain Reload Profiling:
	ReloadAssembly (2430ms)
		BeginReloadAssembly (355ms)
			ExecutionOrderSort (0ms)
			DisableScriptedObjects (12ms)
			BackupInstance (0ms)
			ReleaseScriptingObjects (0ms)
			CreateAndSetChildDomain (58ms)
		EndReloadAssembly (1837ms)
			LoadAssemblies (299ms)
			RebuildTransferFunctionScriptingTraits (0ms)
			SetupTypeCache (483ms)
			ReleaseScriptCaches (2ms)
			RebuildScriptCaches (73ms)
			SetupLoadedEditorAssemblies (949ms)
				LogAssemblyErrors (0ms)
				InitializePlatformSupportModulesInManaged (96ms)
				SetLoadedEditorAssemblies (1ms)
				RefreshPlugins (2ms)
				BeforeProcessingInitializeOnLoad (174ms)
				ProcessInitializeOnLoadAttributes (594ms)
				ProcessInitializeOnLoadMethodAttributes (34ms)
				AfterProcessingInitializeOnLoad (48ms)
				EditorAssembliesLoaded (0ms)
			ExecutionOrderSort2 (0ms)
			AwakeInstancesAfterBackupRestoration (25ms)
Platform modules already initialized, skipping
Refreshing native plugins compatible for Editor in 13.90 ms, found 4 plugins.
Preloading 0 native plugins for Editor in 0.00 ms.
Unloading 3756 Unused Serialized files (Serialized files now loaded: 0)
Unloading 36 unused Assets / (116.7 KB). Loaded Objects now: 4262.
Memory consumption went from 143.6 MB to 143.5 MB.
Total: 7.284600 ms (FindLiveObjects: 0.469900 ms CreateObjectMapping: 0.385300 ms MarkObjects: 6.222600 ms  DeleteObjects: 0.204500 ms)

AssetImportParameters requested are different than current active one (requested -> active):
  custom:video-decoder-ogg-theora: a1e56fd34408186e4bbccfd4996cb3dc -> 
  custom:container-muxer-webm: aa71ff27fc2769a1b78a27578f13a17b -> 
  custom:container-demuxer-webm: 4f35f7cbe854078d1ac9338744f61a02 -> 
  custom:video-encoder-webm-vp8: eb34c28f22e8b96e1ab97ce403110664 -> 
  custom:video-codec-MediaFoundation-h265: 746d11721c4dcdbdad8f713fa42b33f4 -> 
  custom:audio-encoder-webm-vorbis: bf7c407c2cedff20999df2af8eb42d56 -> 
  custom:framework-win-MediaFoundation: 216162199b28c13a410421893ffa2e32 -> 
  custom:container-demuxer-ogg: 62fdf1f143b41e24485cea50d1cbac27 -> 
  custom:video-decoder-webm-vp8: 9c59270c3fd7afecdb556c50c9e8de78 -> 
  custom:audio-decoder-ogg-vorbis: bf7c407c2cedff20999df2af8eb42d56 -> 
========================================================================
Received Prepare
Registering precompiled user dll's ...
Registered in 0.045513 seconds.
Begin MonoManager ReloadAssembly
Symbol file LoadedFromMemory doesn't match image C:\Users\ahin0\OneDrive\문서\GitHub2\ALONG_UP\EGG_ALONGUP\Library\PackageCache\com.unity.visualscripting@1.8.0\Editor\VisualScripting.Core\Dependencies\YamlDotNet\Unity.VisualScripting.YamlDotNet.dll
Symbol file LoadedFromMemory doesn't match image C:\Users\ahin0\OneDrive\문서\GitHub2\ALONG_UP\EGG_ALONGUP\Library\PackageCache\com.unity.visualscripting@1.8.0\Editor\VisualScripting.Core\Dependencies\DotNetZip\Unity.VisualScripting.IonicZip.dll
Native extension for WindowsStandalone target not found
Native extension for iOS target not found
Native extension for Android target not found
Native extension for WebGL target not found
Refreshing native plugins compatible for Editor in 1.87 ms, found 4 plugins.
Preloading 0 native plugins for Editor in 0.00 ms.
Mono: successfully reloaded assembly
- Completed reload, in  2.486 seconds
Domain Reload Profiling:
	ReloadAssembly (2487ms)
		BeginReloadAssembly (351ms)
			ExecutionOrderSort (0ms)
			DisableScriptedObjects (9ms)
			BackupInstance (0ms)
			ReleaseScriptingObjects (0ms)
			CreateAndSetChildDomain (60ms)
		EndReloadAssembly (1894ms)
			LoadAssemblies (299ms)
			RebuildTransferFunctionScriptingTraits (0ms)
			SetupTypeCache (484ms)
			ReleaseScriptCaches (2ms)
			RebuildScriptCaches (72ms)
			SetupLoadedEditorAssemblies (990ms)
				LogAssemblyErrors (0ms)
				InitializePlatformSupportModulesInManaged (97ms)
				SetLoadedEditorAssemblies (1ms)
				RefreshPlugins (2ms)
				BeforeProcessingInitializeOnLoad (176ms)
				ProcessInitializeOnLoadAttributes (625ms)
				ProcessInitializeOnLoadMethodAttributes (33ms)
				AfterProcessingInitializeOnLoad (56ms)
				EditorAssembliesLoaded (0ms)
			ExecutionOrderSort2 (0ms)
			AwakeInstancesAfterBackupRestoration (27ms)
Platform modules already initialized, skipping
Refreshing native plugins compatible for Editor in 17.34 ms, found 4 plugins.
Preloading 0 native plugins for Editor in 0.00 ms.
Unloading 3756 Unused Serialized files (Serialized files now loaded: 0)
Unloading 36 unused Assets / (115.6 KB). Loaded Objects now: 4266.
Memory consumption went from 143.6 MB to 143.5 MB.
Total: 7.126700 ms (FindLiveObjects: 0.392300 ms CreateObjectMapping: 0.668500 ms MarkObjects: 5.746000 ms  DeleteObjects: 0.318100 ms)

AssetImportParameters requested are different than current active one (requested -> active):
  custom:video-decoder-ogg-theora: a1e56fd34408186e4bbccfd4996cb3dc -> 
  custom:container-muxer-webm: aa71ff27fc2769a1b78a27578f13a17b -> 
  custom:container-demuxer-webm: 4f35f7cbe854078d1ac9338744f61a02 -> 
  custom:video-encoder-webm-vp8: eb34c28f22e8b96e1ab97ce403110664 -> 
  custom:video-codec-MediaFoundation-h265: 746d11721c4dcdbdad8f713fa42b33f4 -> 
  custom:audio-encoder-webm-vorbis: bf7c407c2cedff20999df2af8eb42d56 -> 
  custom:framework-win-MediaFoundation: 216162199b28c13a410421893ffa2e32 -> 
  custom:container-demuxer-ogg: 62fdf1f143b41e24485cea50d1cbac27 -> 
  custom:video-decoder-webm-vp8: 9c59270c3fd7afecdb556c50c9e8de78 -> 
  custom:audio-decoder-ogg-vorbis: bf7c407c2cedff20999df2af8eb42d56 -> 
========================================================================
Received Import Request.
  Time since last request: 149.795613 seconds.
  path: Assets/BGM/BGM_1.mp3
  artifactKey: Guid(636eaca13491049f38090c48d1f08a8b) Importer(815301076,1909f56bfc062723c751e8b465ee728b)
Start importing Assets/BGM/BGM_1.mp3 using Guid(636eaca13491049f38090c48d1f08a8b) Importer(815301076,1909f56bfc062723c751e8b465ee728b)  -> (artifact id: '4f3e0cd7a0c4b08bafa7341074a0d425') in 0.193825 seconds 
========================================================================
Received Import Request.
  Time since last request: 0.729438 seconds.
  path: Assets/Assets/SyntyStudios/PolygonAdventure/Materials/Characters_Brown.mat
  artifactKey: Guid(4d21dd5a8b5afa745bbd680f6e13697e) Importer(815301076,1909f56bfc062723c751e8b465ee728b)
Start importing Assets/Assets/SyntyStudios/PolygonAdventure/Materials/Characters_Brown.mat using Guid(4d21dd5a8b5afa745bbd680f6e13697e) Importer(815301076,1909f56bfc062723c751e8b465ee728b)  -> (artifact id: '2cc36b37553dcf4f1012e1fa2d445a0e') in 0.067979 seconds 
========================================================================
Received Import Request.
  Time since last request: 0.000030 seconds.
  path: Assets/Assets/SyntyStudios/PolygonAdventure/Materials/Characters_White.mat
  artifactKey: Guid(992dbfb15d8a08d4aa34207645c1d8fc) Importer(815301076,1909f56bfc062723c751e8b465ee728b)
Start importing Assets/Assets/SyntyStudios/PolygonAdventure/Materials/Characters_White.mat using Guid(992dbfb15d8a08d4aa34207645c1d8fc) Importer(815301076,1909f56bfc062723c751e8b465ee728b)  -> (artifact id: '109549e22a36fe8147140b770826e0c4') in 0.041745 seconds 
========================================================================
Received Import Request.
  Time since last request: 0.000020 seconds.
  path: Assets/Assets/SyntyStudios/PolygonAdventure/Materials/PolyAdventureMaterial_Snow_01.mat
  artifactKey: Guid(fe202229726379c42adb32cce7658ce6) Importer(815301076,1909f56bfc062723c751e8b465ee728b)
Start importing Assets/Assets/SyntyStudios/PolygonAdventure/Materials/PolyAdventureMaterial_Snow_01.mat using Guid(fe202229726379c42adb32cce7658ce6) Importer(815301076,1909f56bfc062723c751e8b465ee728b)  -> (artifact id: 'c44882954b0f059406c30f76c08873ba') in 0.022187 seconds 
========================================================================
Received Import Request.
  Time since last request: 0.000058 seconds.
  path: Assets/Assets/SyntyStudios/PolygonAdventure/Materials/PolyAdventureMaterial_Dark_01.mat
  artifactKey: Guid(37b168582e3c39e4f8a706d91e01c206) Importer(815301076,1909f56bfc062723c751e8b465ee728b)
Start importing Assets/Assets/SyntyStudios/PolygonAdventure/Materials/PolyAdventureMaterial_Dark_01.mat using Guid(37b168582e3c39e4f8a706d91e01c206) Importer(815301076,1909f56bfc062723c751e8b465ee728b)  -> (artifact id: 'e5678a139876a7df0f1cc533f52d1baf') in 0.025142 seconds 
========================================================================
Received Import Request.
  Time since last request: 0.000040 seconds.
  path: Assets/Assets/SyntyStudios/PolygonAdventure/Materials/PolyAdventureMaterial_01.mat
  artifactKey: Guid(fa8eda4ec55ee1a4e99ca991c5828dbf) Importer(815301076,1909f56bfc062723c751e8b465ee728b)
Start importing Assets/Assets/SyntyStudios/PolygonAdventure/Materials/PolyAdventureMaterial_01.mat using Guid(fa8eda4ec55ee1a4e99ca991c5828dbf) Importer(815301076,1909f56bfc062723c751e8b465ee728b)  -> (artifact id: 'f317f6ceb2309ce13609112072d75d37') in 0.021371 seconds 
========================================================================
Received Import Request.
  Time since last request: 0.000036 seconds.
  path: Assets/Assets/SyntyStudios/PolygonAdventure/Materials/PolyAdventureMaterial_02.mat
  artifactKey: Guid(880f89810f43de443898ff2ccd0fb5f3) Importer(815301076,1909f56bfc062723c751e8b465ee728b)
Start importing Assets/Assets/SyntyStudios/PolygonAdventure/Materials/PolyAdventureMaterial_02.mat using Guid(880f89810f43de443898ff2ccd0fb5f3) Importer(815301076,1909f56bfc062723c751e8b465ee728b)  -> (artifact id: '6ec335a29604e164d8cb4b35218b92f1') in 0.026893 seconds 
========================================================================
Received Import Request.
  Time since last request: 0.000028 seconds.
  path: Assets/Assets/SyntyStudios/PolygonAdventure/Materials/PolyAdventureMaterial_Dark_02.mat
  artifactKey: Guid(b437f558bb1a803499e54f549c2bda92) Importer(815301076,1909f56bfc062723c751e8b465ee728b)
Start importing Assets/Assets/SyntyStudios/PolygonAdventure/Materials/PolyAdventureMaterial_Dark_02.mat using Guid(b437f558bb1a803499e54f549c2bda92) Importer(815301076,1909f56bfc062723c751e8b465ee728b)  -> (artifact id: '75bb219265ac3d5d1c67a42e88413ed0') in 0.025318 seconds 
========================================================================
Received Import Request.
  Time since last request: 6.615959 seconds.
  path: Assets/Assets/SyntyStudios/PolygonCity/Models/SM_Bld_OfficeRound_02.fbx
  artifactKey: Guid(6c0954960dd77674fb652e4958628bbf) Importer(815301076,1909f56bfc062723c751e8b465ee728b)
Start importing Assets/Assets/SyntyStudios/PolygonCity/Models/SM_Bld_OfficeRound_02.fbx using Guid(6c0954960dd77674fb652e4958628bbf) Importer(815301076,1909f56bfc062723c751e8b465ee728b)  -> (artifact id: '77bb1ab243effcbcfc2c99b1a0b4b96f') in 0.268193 seconds 
========================================================================
Received Import Request.
  Time since last request: 0.000445 seconds.
  path: Assets/Assets/SyntyStudios/PolygonCity/Models/SM_Bld_OfficeRound_Base_01.fbx
  artifactKey: Guid(cb3684e034b0818468149778f9f61d12) Importer(815301076,1909f56bfc062723c751e8b465ee728b)
Start importing Assets/Assets/SyntyStudios/PolygonCity/Models/SM_Bld_OfficeRound_Base_01.fbx using Guid(cb3684e034b0818468149778f9f61d12) Importer(815301076,1909f56bfc062723c751e8b465ee728b)  -> (artifact id: 'e3b3abcd1edf5f16f8d4d08ace2ebef5') in 0.046528 seconds 
========================================================================
Received Import Request.
  Time since last request: 0.000041 seconds.
  path: Assets/Assets/SyntyStudios/PolygonCity/Models/SM_Bld_OfficeSquare_01.fbx
  artifactKey: Guid(97a41753a685efc43b2def492fb0dea5) Importer(815301076,1909f56bfc062723c751e8b465ee728b)
Start importing Assets/Assets/SyntyStudios/PolygonCity/Models/SM_Bld_OfficeSquare_01.fbx using Guid(97a41753a685efc43b2def492fb0dea5) Importer(815301076,1909f56bfc062723c751e8b465ee728b)  -> (artifact id: 'd5b259687c847b8179a241bb45f0489f') in 0.024270 seconds 
========================================================================
Received Import Request.
  Time since last request: 0.000034 seconds.
  path: Assets/Assets/SyntyStudios/PolygonCity/Models/SM_Bld_Roof_Access_01.fbx
  artifactKey: Guid(d92689e911db2084e82bed65fea7be3c) Importer(815301076,1909f56bfc062723c751e8b465ee728b)
Start importing Assets/Assets/SyntyStudios/PolygonCity/Models/SM_Bld_Roof_Access_01.fbx using Guid(d92689e911db2084e82bed65fea7be3c) Importer(815301076,1909f56bfc062723c751e8b465ee728b)  -> (artifact id: '8d075a131316206d26144e6d4af427cd') in 0.023621 seconds 
========================================================================
Received Import Request.
  Time since last request: 0.000041 seconds.
  path: Assets/Assets/SyntyStudios/PolygonCity/Models/SM_Bld_Shop_06.fbx
  artifactKey: Guid(c618fb9b55da6284a8d11a0498208066) Importer(815301076,1909f56bfc062723c751e8b465ee728b)
Start importing Assets/Assets/SyntyStudios/PolygonCity/Models/SM_Bld_Shop_06.fbx using Guid(c618fb9b55da6284a8d11a0498208066) Importer(815301076,1909f56bfc062723c751e8b465ee728b)  -> (artifact id: 'fb3c75abcd3281eaf8f5a3293dce6654') in 0.030153 seconds 
========================================================================
Received Import Request.
  Time since last request: 0.000029 seconds.
  path: Assets/Assets/SyntyStudios/PolygonCity/Models/SM_Bld_Shop_Cover_03.fbx
  artifactKey: Guid(39fd12d83ae175a40bf1b85cd999bd1a) Importer(815301076,1909f56bfc062723c751e8b465ee728b)
Start importing Assets/Assets/SyntyStudios/PolygonCity/Models/SM_Bld_Shop_Cover_03.fbx using Guid(39fd12d83ae175a40bf1b85cd999bd1a) Importer(815301076,1909f56bfc062723c751e8b465ee728b)  -> (artifact id: 'f2c2cd4b36f283fcf38134732f6cf0c1') in 0.027290 seconds 
========================================================================
Received Import Request.
  Time since last request: 0.000027 seconds.
  path: Assets/Assets/SyntyStudios/PolygonCity/Models/SM_Bld_Shop_03.fbx
  artifactKey: Guid(cabf262b9c587ab4cb3cb6dae282959b) Importer(815301076,1909f56bfc062723c751e8b465ee728b)
Start importing Assets/Assets/SyntyStudios/PolygonCity/Models/SM_Bld_Shop_03.fbx using Guid(cabf262b9c587ab4cb3cb6dae282959b) Importer(815301076,1909f56bfc062723c751e8b465ee728b)  -> (artifact id: 'dabf6e2bf52d9bb563526aca0f1e9c4d') in 0.045544 seconds 
========================================================================
Received Import Request.
  Time since last request: 0.000026 seconds.
  path: Assets/Assets/SyntyStudios/PolygonCity/Models/SM_Bld_Shop_01.fbx
  artifactKey: Guid(d875b9ce96fd6cf4bb90e507580835d9) Importer(815301076,1909f56bfc062723c751e8b465ee728b)
Start importing Assets/Assets/SyntyStudios/PolygonCity/Models/SM_Bld_Shop_01.fbx using Guid(d875b9ce96fd6cf4bb90e507580835d9) Importer(815301076,1909f56bfc062723c751e8b465ee728b)  -> (artifact id: 'e94d6fcfb43cd726cb00037b6d308f13') in 0.051506 seconds 
========================================================================
Received Import Request.
  Time since last request: 0.000035 seconds.
  path: Assets/Assets/SyntyStudios/PolygonCity/Models/SM_Bld_Shop_04.fbx
  artifactKey: Guid(df75d1a69c99b944998e075e30c98272) Importer(815301076,1909f56bfc062723c751e8b465ee728b)
Start importing Assets/Assets/SyntyStudios/PolygonCity/Models/SM_Bld_Shop_04.fbx using Guid(df75d1a69c99b944998e075e30c98272) Importer(815301076,1909f56bfc062723c751e8b465ee728b)  -> (artifact id: '348ecd6c0fd8ceda3c95d488296e2575') in 0.043715 seconds 
========================================================================
Received Import Request.
  Time since last request: 0.464701 seconds.
  path: Assets/Assets/SyntyStudios/PolygonCity/Models/SM_Bld_Shop_Cover_05.fbx
  artifactKey: Guid(7527607bd8ad1944f8b80bdd85fecab6) Importer(815301076,1909f56bfc062723c751e8b465ee728b)
Start importing Assets/Assets/SyntyStudios/PolygonCity/Models/SM_Bld_Shop_Cover_05.fbx using Guid(7527607bd8ad1944f8b80bdd85fecab6) Importer(815301076,1909f56bfc062723c751e8b465ee728b)  -> (artifact id: '759b113ec95b9b787afa30e9579e77ec') in 0.029603 seconds 
========================================================================
Received Import Request.
  Time since last request: 0.000023 seconds.
  path: Assets/Assets/SyntyStudios/PolygonCity/Models/SM_Env_Bridge_Wall_01.fbx
  artifactKey: Guid(325fca8c4d923254e8e22e94c0fec7ba) Importer(815301076,1909f56bfc062723c751e8b465ee728b)
Start importing Assets/Assets/SyntyStudios/PolygonCity/Models/SM_Env_Bridge_Wall_01.fbx using Guid(325fca8c4d923254e8e22e94c0fec7ba) Importer(815301076,1909f56bfc062723c751e8b465ee728b)  -> (artifact id: '5c43158defa3882f03e083a85e005e3a') in 0.033941 seconds 
========================================================================
Received Import Request.
  Time since last request: 0.000029 seconds.
  path: Assets/Assets/SyntyStudios/PolygonCity/Models/SM_Env_Bridge_Edge_01.fbx
  artifactKey: Guid(be785ecb1f2526b4086b9ec3b75481f2) Importer(815301076,1909f56bfc062723c751e8b465ee728b)
Start importing Assets/Assets/SyntyStudios/PolygonCity/Models/SM_Env_Bridge_Edge_01.fbx using Guid(be785ecb1f2526b4086b9ec3b75481f2) Importer(815301076,1909f56bfc062723c751e8b465ee728b)  -> (artifact id: '68b16fc9546f706e098f4047e80fcac6') in 0.022137 seconds 
========================================================================
Received Import Request.
  Time since last request: 0.000028 seconds.
  path: Assets/Assets/SyntyStudios/PolygonCity/Models/SM_Env_Cloud_01.fbx
  artifactKey: Guid(b03970f60f30c6446a3073a546bcd606) Importer(815301076,1909f56bfc062723c751e8b465ee728b)
Start importing Assets/Assets/SyntyStudios/PolygonCity/Models/SM_Env_Cloud_01.fbx using Guid(b03970f60f30c6446a3073a546bcd606) Importer(815301076,1909f56bfc062723c751e8b465ee728b)  -> (artifact id: 'ed055abee1e63e5a82bdd8ee8acb5d36') in 0.023846 seconds 
========================================================================
Received Import Request.
  Time since last request: 0.000037 seconds.
  path: Assets/Assets/SyntyStudios/PolygonCity/Models/SM_Env_Bridge_Underside_01.fbx
  artifactKey: Guid(7a8d178a35915044ea1966d30603db1a) Importer(815301076,1909f56bfc062723c751e8b465ee728b)
Start importing Assets/Assets/SyntyStudios/PolygonCity/Models/SM_Env_Bridge_Underside_01.fbx using Guid(7a8d178a35915044ea1966d30603db1a) Importer(815301076,1909f56bfc062723c751e8b465ee728b)  -> (artifact id: '3215818eafbcb73bd8c9b1ef9c782125') in 0.032318 seconds 
========================================================================
Received Import Request.
  Time since last request: 0.000066 seconds.
  path: Assets/Assets/SyntyStudios/PolygonCity/Models/SM_Bld_Station_03.fbx
  artifactKey: Guid(168e74101463c284aa63c2f769939413) Importer(815301076,1909f56bfc062723c751e8b465ee728b)
Start importing Assets/Assets/SyntyStudios/PolygonCity/Models/SM_Bld_Station_03.fbx using Guid(168e74101463c284aa63c2f769939413) Importer(815301076,1909f56bfc062723c751e8b465ee728b)  -> (artifact id: 'f60952a8a884117e66e6bd4f027442c8') in 0.032410 seconds 
========================================================================
Received Import Request.
  Time since last request: 0.622335 seconds.
  path: Assets/Assets/SyntyStudios/PolygonCity/Models/SM_Env_Cloud_03.fbx
  artifactKey: Guid(ad202308899f3494eb77470fedb895e9) Importer(815301076,1909f56bfc062723c751e8b465ee728b)
Start importing Assets/Assets/SyntyStudios/PolygonCity/Models/SM_Env_Cloud_03.fbx using Guid(ad202308899f3494eb77470fedb895e9) Importer(815301076,1909f56bfc062723c751e8b465ee728b)  -> (artifact id: '4a5e6b273b4ac21b5193e29c844e8ff0') in 0.034022 seconds 
========================================================================
Received Import Request.
  Time since last request: 0.000024 seconds.
  path: Assets/Assets/SyntyStudios/PolygonCity/Models/SM_Env_Grass_01.fbx
  artifactKey: Guid(24e62eff11865724fbbab3ac5fffb303) Importer(815301076,1909f56bfc062723c751e8b465ee728b)
Start importing Assets/Assets/SyntyStudios/PolygonCity/Models/SM_Env_Grass_01.fbx using Guid(24e62eff11865724fbbab3ac5fffb303) Importer(815301076,1909f56bfc062723c751e8b465ee728b)  -> (artifact id: '100b4208a7bc3317b9c8113e44328119') in 0.036629 seconds 
========================================================================
Received Import Request.
  Time since last request: 0.000029 seconds.
  path: Assets/Assets/SyntyStudios/PolygonCity/Models/SM_Env_Fence_01.fbx
  artifactKey: Guid(b37a3cb77b4f69b4abb4ba8ba494180e) Importer(815301076,1909f56bfc062723c751e8b465ee728b)
Start importing Assets/Assets/SyntyStudios/PolygonCity/Models/SM_Env_Fence_01.fbx using Guid(b37a3cb77b4f69b4abb4ba8ba494180e) Importer(815301076,1909f56bfc062723c751e8b465ee728b)  -> (artifact id: '437135afd1b716124a50a5b9250b94e6') in 0.035229 seconds 
========================================================================
Received Import Request.
  Time since last request: 0.000028 seconds.
  path: Assets/Assets/SyntyStudios/PolygonCity/Models/SM_Env_GrassPath_Junction_01.fbx
  artifactKey: Guid(e76b994765a9bd24da1b215505b251a1) Importer(815301076,1909f56bfc062723c751e8b465ee728b)
Start importing Assets/Assets/SyntyStudios/PolygonCity/Models/SM_Env_GrassPath_Junction_01.fbx using Guid(e76b994765a9bd24da1b215505b251a1) Importer(815301076,1909f56bfc062723c751e8b465ee728b)  -> (artifact id: '6ac8bacd6d20293beff863a96b418e48') in 0.042292 seconds 
========================================================================
Received Import Request.
  Time since last request: 0.000030 seconds.
  path: Assets/Assets/SyntyStudios/PolygonCity/Models/SM_Env_Ocean_Tile_01.fbx
  artifactKey: Guid(4c7272b4664cf1b4daa318cbdfa87683) Importer(815301076,1909f56bfc062723c751e8b465ee728b)
Start importing Assets/Assets/SyntyStudios/PolygonCity/Models/SM_Env_Ocean_Tile_01.fbx using Guid(4c7272b4664cf1b4daa318cbdfa87683) Importer(815301076,1909f56bfc062723c751e8b465ee728b)  -> (artifact id: '21baf655f6b91bc4aa34cd4cbcb539b0') in 0.028489 seconds 
========================================================================
Received Import Request.
  Time since last request: 0.000029 seconds.
  path: Assets/Assets/SyntyStudios/PolygonCity/Models/SM_Env_GrassPath_T_01.fbx
  artifactKey: Guid(c2fdda222670b6844b5d0e049c3604c2) Importer(815301076,1909f56bfc062723c751e8b465ee728b)
Start importing Assets/Assets/SyntyStudios/PolygonCity/Models/SM_Env_GrassPath_T_01.fbx using Guid(c2fdda222670b6844b5d0e049c3604c2) Importer(815301076,1909f56bfc062723c751e8b465ee728b)  -> (artifact id: 'b75a3f23b9340be567e220b1e9033a99') in 0.029285 seconds 
========================================================================
Received Import Request.
  Time since last request: 0.157843 seconds.
  path: Assets/Assets/SyntyStudios/PolygonCity/Models/SM_Env_Path_Straight_01.fbx
  artifactKey: Guid(d1948c7c60c53a64985bd4f705d5f9c8) Importer(815301076,1909f56bfc062723c751e8b465ee728b)
Start importing Assets/Assets/SyntyStudios/PolygonCity/Models/SM_Env_Path_Straight_01.fbx using Guid(d1948c7c60c53a64985bd4f705d5f9c8) Importer(815301076,1909f56bfc062723c751e8b465ee728b)  -> (artifact id: 'c490fecb4e2f2e9782a61d3a00af9057') in 0.026287 seconds 
========================================================================
Received Import Request.
  Time since last request: 0.000036 seconds.
  path: Assets/Assets/SyntyStudios/PolygonCity/Models/SM_Env_Road_Lines_02.fbx
  artifactKey: Guid(c79687ef0e388d044aeeb41736df7cd5) Importer(815301076,1909f56bfc062723c751e8b465ee728b)
Start importing Assets/Assets/SyntyStudios/PolygonCity/Models/SM_Env_Road_Lines_02.fbx using Guid(c79687ef0e388d044aeeb41736df7cd5) Importer(815301076,1909f56bfc062723c751e8b465ee728b)  -> (artifact id: '016f6fa46d480b3a4bebadc5200d4c6d') in 0.036890 seconds 
========================================================================
Received Import Request.
  Time since last request: 0.000032 seconds.
  path: Assets/Assets/SyntyStudios/PolygonCity/Models/SM_Env_Road_02.fbx
  artifactKey: Guid(9aa786dd3f793a84a8a8852a66498c63) Importer(815301076,1909f56bfc062723c751e8b465ee728b)
Start importing Assets/Assets/SyntyStudios/PolygonCity/Models/SM_Env_Road_02.fbx using Guid(9aa786dd3f793a84a8a8852a66498c63) Importer(815301076,1909f56bfc062723c751e8b465ee728b)  -> (artifact id: '78dd89e3142792558f6f2b9c90880ae6') in 0.025417 seconds 
========================================================================
Received Import Request.
  Time since last request: 0.000041 seconds.
  path: Assets/Assets/SyntyStudios/PolygonCity/Models/SM_Env_Road_Arrow_02.fbx
  artifactKey: Guid(749e90ffcfddbb84eaaca7621ff5847d) Importer(815301076,1909f56bfc062723c751e8b465ee728b)
Start importing Assets/Assets/SyntyStudios/PolygonCity/Models/SM_Env_Road_Arrow_02.fbx using Guid(749e90ffcfddbb84eaaca7621ff5847d) Importer(815301076,1909f56bfc062723c751e8b465ee728b)  -> (artifact id: 'a12b5bae25950b031702dda925226625') in 0.025771 seconds 
========================================================================
Received Import Request.
  Time since last request: 0.000030 seconds.
  path: Assets/Assets/SyntyStudios/PolygonCity/Models/SM_Env_Road_01.fbx
  artifactKey: Guid(3ae7387e133e89f4d8f6abba42078519) Importer(815301076,1909f56bfc062723c751e8b465ee728b)
Start importing Assets/Assets/SyntyStudios/PolygonCity/Models/SM_Env_Road_01.fbx using Guid(3ae7387e133e89f4d8f6abba42078519) Importer(815301076,1909f56bfc062723c751e8b465ee728b)  -> (artifact id: '0dc290ddf04af7a65ccd3185719fc82f') in 0.022279 seconds 
========================================================================
Received Import Request.
  Time since last request: 0.000030 seconds.
  path: Assets/Assets/SyntyStudios/PolygonCity/Models/SM_Env_Road_Arrow_01.fbx
  artifactKey: Guid(24e4fc04a1a6ed94d9357a621f9f2a93) Importer(815301076,1909f56bfc062723c751e8b465ee728b)
Start importing Assets/Assets/SyntyStudios/PolygonCity/Models/SM_Env_Road_Arrow_01.fbx using Guid(24e4fc04a1a6ed94d9357a621f9f2a93) Importer(815301076,1909f56bfc062723c751e8b465ee728b)  -> (artifact id: '3bcbbd5cc003ee64754004ab037d9908') in 0.020726 seconds 
========================================================================
Received Import Request.
  Time since last request: 0.580516 seconds.
  path: Assets/Assets/SyntyStudios/PolygonCity/Models/SM_Env_Road_Median_02.fbx
  artifactKey: Guid(ed2d91b1266839b41affc271ccea1efe) Importer(815301076,1909f56bfc062723c751e8b465ee728b)
Start importing Assets/Assets/SyntyStudios/PolygonCity/Models/SM_Env_Road_Median_02.fbx using Guid(ed2d91b1266839b41affc271ccea1efe) Importer(815301076,1909f56bfc062723c751e8b465ee728b)  -> (artifact id: 'd59e0128b6bd23766d4379c59e7e3377') in 0.018277 seconds 
========================================================================
Received Import Request.
  Time since last request: 0.000025 seconds.
  path: Assets/Assets/SyntyStudios/PolygonCity/Models/SM_Env_Road_Patch_01.fbx
  artifactKey: Guid(4e878d01561e49e41be1e9bee4545a66) Importer(815301076,1909f56bfc062723c751e8b465ee728b)
Start importing Assets/Assets/SyntyStudios/PolygonCity/Models/SM_Env_Road_Patch_01.fbx using Guid(4e878d01561e49e41be1e9bee4545a66) Importer(815301076,1909f56bfc062723c751e8b465ee728b)  -> (artifact id: '197eb2c76068ed7aec3e75fe5238188a') in 0.039427 seconds 
========================================================================
Received Import Request.
  Time since last request: 0.000025 seconds.
  path: Assets/Assets/SyntyStudios/PolygonCity/Models/SM_Env_Sidewalk_Corner_01.fbx
  artifactKey: Guid(b0169016a10de9443a766b1871fecda8) Importer(815301076,1909f56bfc062723c751e8b465ee728b)
Start importing Assets/Assets/SyntyStudios/PolygonCity/Models/SM_Env_Sidewalk_Corner_01.fbx using Guid(b0169016a10de9443a766b1871fecda8) Importer(815301076,1909f56bfc062723c751e8b465ee728b)  -> (artifact id: 'bb24d5aa36259e96118c6357bd5dab66') in 0.028939 seconds 
========================================================================
Received Import Request.
  Time since last request: 0.000027 seconds.
  path: Assets/Assets/SyntyStudios/PolygonCity/Models/SM_Env_Sidewalk_Dip_Corner_01.fbx
  artifactKey: Guid(6b506b360e764ff48a511f0278060479) Importer(815301076,1909f56bfc062723c751e8b465ee728b)
Start importing Assets/Assets/SyntyStudios/PolygonCity/Models/SM_Env_Sidewalk_Dip_Corner_01.fbx using Guid(6b506b360e764ff48a511f0278060479) Importer(815301076,1909f56bfc062723c751e8b465ee728b)  -> (artifact id: '4298c5ab6ee6eb6026271ddc4e35773c') in 0.033605 seconds 
========================================================================
Received Import Request.
  Time since last request: 0.000033 seconds.
  path: Assets/Assets/SyntyStudios/PolygonCity/Models/SM_Env_Sidewalk_01.fbx
  artifactKey: Guid(1e6c3b705c9a0584b8be24361acd65ce) Importer(815301076,1909f56bfc062723c751e8b465ee728b)
Start importing Assets/Assets/SyntyStudios/PolygonCity/Models/SM_Env_Sidewalk_01.fbx using Guid(1e6c3b705c9a0584b8be24361acd65ce) Importer(815301076,1909f56bfc062723c751e8b465ee728b)  -> (artifact id: 'a15f9daf13746768fde770347cca9ad7') in 0.036648 seconds 
========================================================================
Received Import Request.
  Time since last request: 0.000043 seconds.
  path: Assets/Assets/SyntyStudios/PolygonCity/Models/SM_Env_Sidewalk_Construction_01.fbx
  artifactKey: Guid(e38113ccf03e1de43904d13b5513059f) Importer(815301076,1909f56bfc062723c751e8b465ee728b)
Start importing Assets/Assets/SyntyStudios/PolygonCity/Models/SM_Env_Sidewalk_Construction_01.fbx using Guid(e38113ccf03e1de43904d13b5513059f) Importer(815301076,1909f56bfc062723c751e8b465ee728b)  -> (artifact id: '850c83eea9efa5ca8cd84152adac99bf') in 0.026862 seconds 
========================================================================
Received Import Request.
  Time since last request: 0.627330 seconds.
  path: Assets/Assets/SyntyStudios/PolygonCity/Models/SM_Env_Sidewalk_Grate_02.fbx
  artifactKey: Guid(f72df1571ad339d418e328df7696f923) Importer(815301076,1909f56bfc062723c751e8b465ee728b)
Start importing Assets/Assets/SyntyStudios/PolygonCity/Models/SM_Env_Sidewalk_Grate_02.fbx using Guid(f72df1571ad339d418e328df7696f923) Importer(815301076,1909f56bfc062723c751e8b465ee728b)  -> (artifact id: 'cb93ddd9a36bdf50485a43fab61c8f7c') in 0.027555 seconds 
========================================================================
Received Import Request.
  Time since last request: 0.000032 seconds.
  path: Assets/Assets/SyntyStudios/PolygonCity/Models/SM_Env_Skyline_01.fbx
  artifactKey: Guid(feaca7a0cbb9b1540940bac6ce5e5501) Importer(815301076,1909f56bfc062723c751e8b465ee728b)
Start importing Assets/Assets/SyntyStudios/PolygonCity/Models/SM_Env_Skyline_01.fbx using Guid(feaca7a0cbb9b1540940bac6ce5e5501) Importer(815301076,1909f56bfc062723c751e8b465ee728b)  -> (artifact id: 'ef203610025a6eeb268843c534f61f09') in 0.115414 seconds 
========================================================================
Received Import Request.
  Time since last request: 0.000044 seconds.
  path: Assets/Assets/SyntyStudios/PolygonCity/Models/SM_Env_Sidewalk_Straight_01.fbx
  artifactKey: Guid(c2eac8a3bde6a92458c72830f63d161f) Importer(815301076,1909f56bfc062723c751e8b465ee728b)
Start importing Assets/Assets/SyntyStudios/PolygonCity/Models/SM_Env_Sidewalk_Straight_01.fbx using Guid(c2eac8a3bde6a92458c72830f63d161f) Importer(815301076,1909f56bfc062723c751e8b465ee728b)  -> (artifact id: '8089f3d8bb4f97d5ce5ce2d43d93c25d') in 0.027554 seconds 
========================================================================
Received Import Request.
  Time since last request: 0.000040 seconds.
  path: Assets/Assets/SyntyStudios/PolygonCity/Models/SM_Env_Sidewalk_Panel_01.fbx
  artifactKey: Guid(a58280b6ae3734f4886bab1d634e14a8) Importer(815301076,1909f56bfc062723c751e8b465ee728b)
Start importing Assets/Assets/SyntyStudios/PolygonCity/Models/SM_Env_Sidewalk_Panel_01.fbx using Guid(a58280b6ae3734f4886bab1d634e14a8) Importer(815301076,1909f56bfc062723c751e8b465ee728b)  -> (artifact id: '40caffa3819053c6834e94c1a62c7295') in 0.023750 seconds 
========================================================================
Received Import Request.
  Time since last request: 0.000025 seconds.
  path: Assets/Assets/SyntyStudios/PolygonCity/Models/SM_Env_SubwayEntrance_01.fbx
  artifactKey: Guid(8bfbd72541b8c314d98c45881b486f0a) Importer(815301076,1909f56bfc062723c751e8b465ee728b)
Start importing Assets/Assets/SyntyStudios/PolygonCity/Models/SM_Env_SubwayEntrance_01.fbx using Guid(8bfbd72541b8c314d98c45881b486f0a) Importer(815301076,1909f56bfc062723c751e8b465ee728b)  -> (artifact id: '18a54207f40b800f50a816031f59ebfe') in 0.055530 seconds 
========================================================================
Received Import Request.
  Time since last request: 0.109349 seconds.
  path: Assets/Assets/SyntyStudios/PolygonCity/Models/SM_Env_Tree_01.fbx
  artifactKey: Guid(7099dfc2c2c03224387983f7ba0a1ec2) Importer(815301076,1909f56bfc062723c751e8b465ee728b)
Start importing Assets/Assets/SyntyStudios/PolygonCity/Models/SM_Env_Tree_01.fbx using Guid(7099dfc2c2c03224387983f7ba0a1ec2) Importer(815301076,1909f56bfc062723c751e8b465ee728b)  -> (artifact id: '2f4c3913322ae5fe8a80bf114c509ab4') in 0.021171 seconds 
========================================================================
Received Import Request.
  Time since last request: 0.000027 seconds.
  path: Assets/Assets/SyntyStudios/PolygonCity/Models/SM_Env_WaterEdge_Pipe_01.fbx
  artifactKey: Guid(cc6ca95801c55744096d42eec7b7a49e) Importer(815301076,1909f56bfc062723c751e8b465ee728b)
Start importing Assets/Assets/SyntyStudios/PolygonCity/Models/SM_Env_WaterEdge_Pipe_01.fbx using Guid(cc6ca95801c55744096d42eec7b7a49e) Importer(815301076,1909f56bfc062723c751e8b465ee728b)  -> (artifact id: '49e5d20f11192699592d427cf9100baa') in 0.036175 seconds 
========================================================================
Received Import Request.
  Time since last request: 0.000034 seconds.
  path: Assets/Assets/SyntyStudios/PolygonCity/Models/SM_Env_WaterEdge_Corner_02.fbx
  artifactKey: Guid(2e93c3b6d6a3f4041bfa4ddf0e070766) Importer(815301076,1909f56bfc062723c751e8b465ee728b)
Start importing Assets/Assets/SyntyStudios/PolygonCity/Models/SM_Env_WaterEdge_Corner_02.fbx using Guid(2e93c3b6d6a3f4041bfa4ddf0e070766) Importer(815301076,1909f56bfc062723c751e8b465ee728b)  -> (artifact id: 'fc96d88e2d736ee8e2c564380a60377b') in 0.032326 seconds 
========================================================================
Received Import Request.
  Time since last request: 0.000214 seconds.
  path: Assets/Assets/SyntyStudios/PolygonCity/Models/SM_Env_WaterEdge_Straight_01.fbx
  artifactKey: Guid(c4d97a49e1e0fe549bb681ba81d3e652) Importer(815301076,1909f56bfc062723c751e8b465ee728b)
Start importing Assets/Assets/SyntyStudios/PolygonCity/Models/SM_Env_WaterEdge_Straight_01.fbx using Guid(c4d97a49e1e0fe549bb681ba81d3e652) Importer(815301076,1909f56bfc062723c751e8b465ee728b)  -> (artifact id: '4068427e71fe7ccaa37a6436f5e671bf') in 0.035679 seconds 
========================================================================
Received Import Request.
  Time since last request: 0.000030 seconds.
  path: Assets/Assets/SyntyStudios/PolygonCity/Models/SM_Env_WaterEdge_Straight_02.fbx
  artifactKey: Guid(daf2f0d313f48734bac6e41b099ee68a) Importer(815301076,1909f56bfc062723c751e8b465ee728b)
Start importing Assets/Assets/SyntyStudios/PolygonCity/Models/SM_Env_WaterEdge_Straight_02.fbx using Guid(daf2f0d313f48734bac6e41b099ee68a) Importer(815301076,1909f56bfc062723c751e8b465ee728b)  -> (artifact id: 'fac6130227d825524bf13611f9819e58') in 0.032357 seconds 
========================================================================
Received Import Request.
  Time since last request: 0.000036 seconds.
  path: Assets/Assets/SyntyStudios/PolygonCity/Models/SM_Env_WaterEdge_Straight_03.fbx
  artifactKey: Guid(629dbe9aacf49f846833785b60e31854) Importer(815301076,1909f56bfc062723c751e8b465ee728b)
Start importing Assets/Assets/SyntyStudios/PolygonCity/Models/SM_Env_WaterEdge_Straight_03.fbx using Guid(629dbe9aacf49f846833785b60e31854) Importer(815301076,1909f56bfc062723c751e8b465ee728b)  -> (artifact id: '177738cea98da4db3632bad9a7948014') in 0.020960 seconds 
========================================================================
Received Import Request.
  Time since last request: 0.029427 seconds.
  path: Assets/Assets/SyntyStudios/PolygonCity/Models/SM_Prop_Barrier_01.fbx
  artifactKey: Guid(15700296a2b923d469c4aa4e752ccdfa) Importer(815301076,1909f56bfc062723c751e8b465ee728b)
Start importing Assets/Assets/SyntyStudios/PolygonCity/Models/SM_Prop_Barrier_01.fbx using Guid(15700296a2b923d469c4aa4e752ccdfa) Importer(815301076,1909f56bfc062723c751e8b465ee728b)  -> (artifact id: 'f556ea311cc0ce096b73710bd3af6bde') in 0.039472 seconds 
========================================================================
Received Import Request.
  Time since last request: 0.000026 seconds.
  path: Assets/Assets/SyntyStudios/PolygonCity/Models/SM_Prop_Billboard_Sign_04.fbx
  artifactKey: Guid(e6098de127c8e01479c503fc295feb2c) Importer(815301076,1909f56bfc062723c751e8b465ee728b)
Start importing Assets/Assets/SyntyStudios/PolygonCity/Models/SM_Prop_Billboard_Sign_04.fbx using Guid(e6098de127c8e01479c503fc295feb2c) Importer(815301076,1909f56bfc062723c751e8b465ee728b)  -> (artifact id: 'd08483a6f896dc57864352c0e3300880') in 0.031213 seconds 
========================================================================
Received Import Request.
  Time since last request: 0.000031 seconds.
  path: Assets/Assets/SyntyStudios/PolygonCity/Models/SM_Prop_Billboard_Roof_01.fbx
  artifactKey: Guid(04118100bea46ec4bb6ff0dcb40eb907) Importer(815301076,1909f56bfc062723c751e8b465ee728b)
Start importing Assets/Assets/SyntyStudios/PolygonCity/Models/SM_Prop_Billboard_Roof_01.fbx using Guid(04118100bea46ec4bb6ff0dcb40eb907) Importer(815301076,1909f56bfc062723c751e8b465ee728b)  -> (artifact id: '7422d9cc20db1a86b20b4a4d2bd56e90') in 0.029075 seconds 
========================================================================
Received Import Request.
  Time since last request: 0.000028 seconds.
  path: Assets/Assets/SyntyStudios/PolygonCity/Models/SM_Prop_Billboard_Sign_01.fbx
  artifactKey: Guid(fecf1b0900c3c2e4ab67fdb4c302b31f) Importer(815301076,1909f56bfc062723c751e8b465ee728b)
Start importing Assets/Assets/SyntyStudios/PolygonCity/Models/SM_Prop_Billboard_Sign_01.fbx using Guid(fecf1b0900c3c2e4ab67fdb4c302b31f) Importer(815301076,1909f56bfc062723c751e8b465ee728b)  -> (artifact id: 'cf9db0a3b977fa56b4bcf1d9bbcb7546') in 0.026104 seconds 
========================================================================
Received Import Request.
  Time since last request: 0.000037 seconds.
  path: Assets/Assets/SyntyStudios/PolygonCity/Models/SM_Prop_Billboard_Sign_05.fbx
  artifactKey: Guid(8f8f3ceac067a3445ae9e4e31b83435b) Importer(815301076,1909f56bfc062723c751e8b465ee728b)
Start importing Assets/Assets/SyntyStudios/PolygonCity/Models/SM_Prop_Billboard_Sign_05.fbx using Guid(8f8f3ceac067a3445ae9e4e31b83435b) Importer(815301076,1909f56bfc062723c751e8b465ee728b)  -> (artifact id: 'dee3fe9c8311e67b18ff9aee0046aa06') in 0.022432 seconds 
========================================================================
Received Import Request.
  Time since last request: 0.000041 seconds.
  path: Assets/Assets/SyntyStudios/PolygonCity/Models/SM_Prop_Billboard_Sign_07.fbx
  artifactKey: Guid(05759b897bdc10d41918f713c2bcd5ae) Importer(815301076,1909f56bfc062723c751e8b465ee728b)
Start importing Assets/Assets/SyntyStudios/PolygonCity/Models/SM_Prop_Billboard_Sign_07.fbx using Guid(05759b897bdc10d41918f713c2bcd5ae) Importer(815301076,1909f56bfc062723c751e8b465ee728b)  -> (artifact id: '3dfcf2673d52514090e9ea498e75c37b') in 0.022739 seconds 
========================================================================
Received Import Request.
  Time since last request: 0.999478 seconds.
  path: Assets/Assets/SyntyStudios/PolygonCity/Models/SM_Prop_CarboardBox_01.fbx
  artifactKey: Guid(b8d96795f225e2b498836e1750485720) Importer(815301076,1909f56bfc062723c751e8b465ee728b)
Start importing Assets/Assets/SyntyStudios/PolygonCity/Models/SM_Prop_CarboardBox_01.fbx using Guid(b8d96795f225e2b498836e1750485720) Importer(815301076,1909f56bfc062723c751e8b465ee728b)  -> (artifact id: '97765f3debd42d88400ddf67ddbc6af3') in 0.018665 seconds 
========================================================================
Received Import Request.
  Time since last request: 0.000033 seconds.
  path: Assets/Assets/SyntyStudios/PolygonCity/Models/SM_Prop_CarboardBox_04.fbx
  artifactKey: Guid(85d7bb05d092af74db07798e0264e75e) Importer(815301076,1909f56bfc062723c751e8b465ee728b)
Start importing Assets/Assets/SyntyStudios/PolygonCity/Models/SM_Prop_CarboardBox_04.fbx using Guid(85d7bb05d092af74db07798e0264e75e) Importer(815301076,1909f56bfc062723c751e8b465ee728b)  -> (artifact id: '2b6ccdc25bef0ef995c8dbec0ad2c3e3') in 0.039743 seconds 
========================================================================
Received Import Request.
  Time since last request: 0.000038 seconds.
  path: Assets/Assets/SyntyStudios/PolygonCity/Models/SM_Prop_CarboardBox_02.fbx
  artifactKey: Guid(3d7a5f734b5844547aed9a0d62f1d8e1) Importer(815301076,1909f56bfc062723c751e8b465ee728b)
Start importing Assets/Assets/SyntyStudios/PolygonCity/Models/SM_Prop_CarboardBox_02.fbx using Guid(3d7a5f734b5844547aed9a0d62f1d8e1) Importer(815301076,1909f56bfc062723c751e8b465ee728b)  -> (artifact id: '570f9bbe9adb10d3c6fcc733d0b1816b') in 0.033036 seconds 
========================================================================
Received Import Request.
  Time since last request: 0.000022 seconds.
  path: Assets/Assets/SyntyStudios/PolygonCity/Models/SM_Prop_Door_01.fbx
  artifactKey: Guid(46e2ced59c8b8024394bfcf3c53c8788) Importer(815301076,1909f56bfc062723c751e8b465ee728b)
Start importing Assets/Assets/SyntyStudios/PolygonCity/Models/SM_Prop_Door_01.fbx using Guid(46e2ced59c8b8024394bfcf3c53c8788) Importer(815301076,1909f56bfc062723c751e8b465ee728b)  -> (artifact id: 'b58f022203ea9c061173437afaabda85') in 0.027721 seconds 
========================================================================
Received Import Request.
  Time since last request: 0.931880 seconds.
  path: Assets/Assets/SyntyStudios/PolygonCity/Models/SM_Prop_LargeSign_Beer_01.fbx
  artifactKey: Guid(e7d9917a77297824fb07b199fc7abb47) Importer(815301076,1909f56bfc062723c751e8b465ee728b)
Start importing Assets/Assets/SyntyStudios/PolygonCity/Models/SM_Prop_LargeSign_Beer_01.fbx using Guid(e7d9917a77297824fb07b199fc7abb47) Importer(815301076,1909f56bfc062723c751e8b465ee728b)  -> (artifact id: '75eb7c26ad9f4c2668e15795f301c556') in 0.024132 seconds 
========================================================================
Received Import Request.
  Time since last request: 0.000026 seconds.
  path: Assets/Assets/SyntyStudios/PolygonCity/Models/SM_Prop_LargeSign_Guitar_01.fbx
  artifactKey: Guid(1b4a04dac569f844d94a3e9569e7af37) Importer(815301076,1909f56bfc062723c751e8b465ee728b)
Start importing Assets/Assets/SyntyStudios/PolygonCity/Models/SM_Prop_LargeSign_Guitar_01.fbx using Guid(1b4a04dac569f844d94a3e9569e7af37) Importer(815301076,1909f56bfc062723c751e8b465ee728b)  -> (artifact id: '5e405832a2299d69dac8d7dbdd18df3a') in 0.048672 seconds 
========================================================================
Received Import Request.
  Time since last request: 0.000052 seconds.
  path: Assets/Assets/SyntyStudios/PolygonCity/Models/SM_Prop_LargeSign_Icecream_01.fbx
  artifactKey: Guid(337822653c124644889a72bcb9a74f94) Importer(815301076,1909f56bfc062723c751e8b465ee728b)
Start importing Assets/Assets/SyntyStudios/PolygonCity/Models/SM_Prop_LargeSign_Icecream_01.fbx using Guid(337822653c124644889a72bcb9a74f94) Importer(815301076,1909f56bfc062723c751e8b465ee728b)  -> (artifact id: 'e436c542556a4c98bfd7fb67a249e66d') in 0.038850 seconds 
========================================================================
Received Import Request.
  Time since last request: 0.307166 seconds.
  path: Assets/Assets/SyntyStudios/PolygonCity/Models/SM_Prop_LargeSign_Noodles_01.fbx
  artifactKey: Guid(fc5f8948a5a155549a03d2fced79a5e6) Importer(815301076,1909f56bfc062723c751e8b465ee728b)
Start importing Assets/Assets/SyntyStudios/PolygonCity/Models/SM_Prop_LargeSign_Noodles_01.fbx using Guid(fc5f8948a5a155549a03d2fced79a5e6) Importer(815301076,1909f56bfc062723c751e8b465ee728b)  -> (artifact id: 'd403bff6ed7366ca7a1c28acad328674') in 0.024839 seconds 
========================================================================
Received Import Request.
  Time since last request: 0.000024 seconds.
  path: Assets/Assets/SyntyStudios/PolygonCity/Models/SM_Prop_LightPole_Base_02.fbx
  artifactKey: Guid(11a53405bf8df1743b8f665e72258cb7) Importer(815301076,1909f56bfc062723c751e8b465ee728b)
Start importing Assets/Assets/SyntyStudios/PolygonCity/Models/SM_Prop_LightPole_Base_02.fbx using Guid(11a53405bf8df1743b8f665e72258cb7) Importer(815301076,1909f56bfc062723c751e8b465ee728b)  -> (artifact id: '81f32d5b0563cff8dcd4d97e44e75298') in 0.042108 seconds 
========================================================================
Received Import Request.
  Time since last request: 0.000030 seconds.
  path: Assets/Assets/SyntyStudios/PolygonCity/Models/SM_Prop_LightPole_Arm_01.fbx
  artifactKey: Guid(35852e85aae20114fb7c82635087b31f) Importer(815301076,1909f56bfc062723c751e8b465ee728b)
Start importing Assets/Assets/SyntyStudios/PolygonCity/Models/SM_Prop_LightPole_Arm_01.fbx using Guid(35852e85aae20114fb7c82635087b31f) Importer(815301076,1909f56bfc062723c751e8b465ee728b)  -> (artifact id: '39cb4c4f4a86b8d0f1ff57b9b2fc37d3') in 0.038942 seconds 
========================================================================
Received Import Request.
  Time since last request: 7.090759 seconds.
  path: Assets/Assets/SyntyStudios/PolygonCity/Models/SM_Prop_LightPole_Lights_01.fbx
  artifactKey: Guid(00c03a792d6e37749a55d20bb0559506) Importer(815301076,1909f56bfc062723c751e8b465ee728b)
Start importing Assets/Assets/SyntyStudios/PolygonCity/Models/SM_Prop_LightPole_Lights_01.fbx using Guid(00c03a792d6e37749a55d20bb0559506) Importer(815301076,1909f56bfc062723c751e8b465ee728b)  -> (artifact id: '90995acbbcd33481a59acbefa6235e06') in 0.024561 seconds 
========================================================================
Received Import Request.
  Time since last request: 0.000031 seconds.
  path: Assets/Assets/SyntyStudios/PolygonCity/Models/SM_Prop_Manhole_02.fbx
  artifactKey: Guid(1e0d510f17a83f043a2e1e4619bf180c) Importer(815301076,1909f56bfc062723c751e8b465ee728b)
Start importing Assets/Assets/SyntyStudios/PolygonCity/Models/SM_Prop_Manhole_02.fbx using Guid(1e0d510f17a83f043a2e1e4619bf180c) Importer(815301076,1909f56bfc062723c751e8b465ee728b)  -> (artifact id: '93ae9f2f589c1bae2a54942b12402114') in 0.043208 seconds 
========================================================================
Received Import Request.
  Time since last request: 0.000050 seconds.
  path: Assets/Assets/SyntyStudios/PolygonCity/Models/SM_Prop_Manhole_01.fbx
  artifactKey: Guid(dbbca7773291a2647aea17a83e39720a) Importer(815301076,1909f56bfc062723c751e8b465ee728b)
Start importing Assets/Assets/SyntyStudios/PolygonCity/Models/SM_Prop_Manhole_01.fbx using Guid(dbbca7773291a2647aea17a83e39720a) Importer(815301076,1909f56bfc062723c751e8b465ee728b)  -> (artifact id: '77c0a2602f1279ebc1d3df023b2e5132') in 0.042084 seconds 
========================================================================
Received Import Request.
  Time since last request: 0.000030 seconds.
  path: Assets/Assets/SyntyStudios/PolygonCity/Models/SM_Prop_Pipe_Part_Straight_01.fbx
  artifactKey: Guid(1a0e9ff6b887f2a48a1b1ed08dd3ade1) Importer(815301076,1909f56bfc062723c751e8b465ee728b)
Start importing Assets/Assets/SyntyStudios/PolygonCity/Models/SM_Prop_Pipe_Part_Straight_01.fbx using Guid(1a0e9ff6b887f2a48a1b1ed08dd3ade1) Importer(815301076,1909f56bfc062723c751e8b465ee728b)  -> (artifact id: '8afd9e9337de286cf7c874238b2be3f1') in 0.033612 seconds 
========================================================================
Received Import Request.
  Time since last request: 0.000137 seconds.
  path: Assets/Assets/SyntyStudios/PolygonCity/Models/SM_Prop_Pipe_Part_Corner_01.fbx
  artifactKey: Guid(abd37f546e0fac146a8fbdbf9324a0b2) Importer(815301076,1909f56bfc062723c751e8b465ee728b)
Start importing Assets/Assets/SyntyStudios/PolygonCity/Models/SM_Prop_Pipe_Part_Corner_01.fbx using Guid(abd37f546e0fac146a8fbdbf9324a0b2) Importer(815301076,1909f56bfc062723c751e8b465ee728b)  -> (artifact id: 'b76cdedb6d3bb7480f03644d19ee70bc') in 0.034041 seconds 
========================================================================
Received Import Request.
  Time since last request: 0.000028 seconds.
  path: Assets/Assets/SyntyStudios/PolygonCity/Models/SM_Prop_ParkBench_01.fbx
  artifactKey: Guid(6080e80bbc45a324b832aec3f4cef3ad) Importer(815301076,1909f56bfc062723c751e8b465ee728b)
Start importing Assets/Assets/SyntyStudios/PolygonCity/Models/SM_Prop_ParkBench_01.fbx using Guid(6080e80bbc45a324b832aec3f4cef3ad) Importer(815301076,1909f56bfc062723c751e8b465ee728b)  -> (artifact id: 'b39b89522689e19d606a2f6bac210c76') in 0.032777 seconds 
========================================================================
Received Import Request.
  Time since last request: 1.889947 seconds.
  path: Assets/Assets/SyntyStudios/PolygonCity/Models/SM_Prop_Pipe_Present_03.fbx
  artifactKey: Guid(08360026170618b43b8ac93e6533f74b) Importer(815301076,1909f56bfc062723c751e8b465ee728b)
Start importing Assets/Assets/SyntyStudios/PolygonCity/Models/SM_Prop_Pipe_Present_03.fbx using Guid(08360026170618b43b8ac93e6533f74b) Importer(815301076,1909f56bfc062723c751e8b465ee728b)  -> (artifact id: '1cac89ad7beae961ffee28fad27b956e') in 0.031270 seconds 
========================================================================
Received Import Request.
  Time since last request: 0.000035 seconds.
  path: Assets/Assets/SyntyStudios/PolygonCity/Models/SM_Prop_Planter_02.fbx
  artifactKey: Guid(c37665b78a5f59049a1b29a6129213f8) Importer(815301076,1909f56bfc062723c751e8b465ee728b)
Start importing Assets/Assets/SyntyStudios/PolygonCity/Models/SM_Prop_Planter_02.fbx using Guid(c37665b78a5f59049a1b29a6129213f8) Importer(815301076,1909f56bfc062723c751e8b465ee728b)  -> (artifact id: '1b0835689f035c9629e6c8e648244cce') in 0.033971 seconds 
========================================================================
Received Import Request.
  Time since last request: 0.000032 seconds.
  path: Assets/Assets/SyntyStudios/PolygonCity/Models/SM_Prop_Pipe_Small_02.fbx
  artifactKey: Guid(e767a6d8edb908a419553aeda66f5282) Importer(815301076,1909f56bfc062723c751e8b465ee728b)
Start importing Assets/Assets/SyntyStudios/PolygonCity/Models/SM_Prop_Pipe_Small_02.fbx using Guid(e767a6d8edb908a419553aeda66f5282) Importer(815301076,1909f56bfc062723c751e8b465ee728b)  -> (artifact id: 'c636892ccf8629e6b024bdd23e2ed798') in 0.032297 seconds 
========================================================================
Received Import Request.
  Time since last request: 0.000026 seconds.
  path: Assets/Assets/SyntyStudios/PolygonCity/Models/SM_Prop_Power_Cables_02.fbx
  artifactKey: Guid(d4acc74b0392b0b4693d11ba9b047397) Importer(815301076,1909f56bfc062723c751e8b465ee728b)
Start importing Assets/Assets/SyntyStudios/PolygonCity/Models/SM_Prop_Power_Cables_02.fbx using Guid(d4acc74b0392b0b4693d11ba9b047397) Importer(815301076,1909f56bfc062723c751e8b465ee728b)  -> (artifact id: 'b261e2be5b129c7beb06fbd1322ff199') in 0.031476 seconds 
========================================================================
Received Import Request.
  Time since last request: 0.000032 seconds.
  path: Assets/Assets/SyntyStudios/PolygonCity/Models/SM_Prop_Roof_Aircon_01.fbx
  artifactKey: Guid(77fb40c6132e8e145ab24a19d6e0aa63) Importer(815301076,1909f56bfc062723c751e8b465ee728b)
Start importing Assets/Assets/SyntyStudios/PolygonCity/Models/SM_Prop_Roof_Aircon_01.fbx using Guid(77fb40c6132e8e145ab24a19d6e0aa63) Importer(815301076,1909f56bfc062723c751e8b465ee728b)  -> (artifact id: 'd5c750725bc73bf1bb7aad2d8ca1236b') in 0.028836 seconds 
========================================================================
Received Import Request.
  Time since last request: 0.000410 seconds.
  path: Assets/Assets/SyntyStudios/PolygonCity/Models/SM_Prop_PotPlant_02.fbx
  artifactKey: Guid(e0797189bc2a81c4bb3d2a6c07cfc245) Importer(815301076,1909f56bfc062723c751e8b465ee728b)
Start importing Assets/Assets/SyntyStudios/PolygonCity/Models/SM_Prop_PotPlant_02.fbx using Guid(e0797189bc2a81c4bb3d2a6c07cfc245) Importer(815301076,1909f56bfc062723c751e8b465ee728b)  -> (artifact id: '818fdfcf333d869530c5655eb3e012df') in 0.031296 seconds 
========================================================================
Received Import Request.
  Time since last request: 2.046115 seconds.
  path: Assets/Assets/SyntyStudios/PolygonCity/Models/SM_Prop_ShopInterior_Cafe_01.fbx
  artifactKey: Guid(5c109fd8e0291834eae9ccbb4f4c649b) Importer(815301076,1909f56bfc062723c751e8b465ee728b)
Start importing Assets/Assets/SyntyStudios/PolygonCity/Models/SM_Prop_ShopInterior_Cafe_01.fbx using Guid(5c109fd8e0291834eae9ccbb4f4c649b) Importer(815301076,1909f56bfc062723c751e8b465ee728b)  -> (artifact id: '121b57e1c9739bf1ab7d17187620f9d1') in 0.023550 seconds 
========================================================================
Received Import Request.
  Time since last request: 0.000021 seconds.
  path: Assets/Assets/SyntyStudios/PolygonCity/Models/SM_Prop_ShopInterior_Display_02.fbx
  artifactKey: Guid(19a733966acc36e44b627a36017aaf0a) Importer(815301076,1909f56bfc062723c751e8b465ee728b)
Start importing Assets/Assets/SyntyStudios/PolygonCity/Models/SM_Prop_ShopInterior_Display_02.fbx using Guid(19a733966acc36e44b627a36017aaf0a) Importer(815301076,1909f56bfc062723c751e8b465ee728b)  -> (artifact id: '9e15f300774ebe079b29960658fe2cc4') in 0.041540 seconds 
========================================================================
Received Import Request.
  Time since last request: 0.000033 seconds.
  path: Assets/Assets/SyntyStudios/PolygonCity/Models/SM_Prop_ShopInterior_Desk_01.fbx
  artifactKey: Guid(7c99b4e43e33d9a49b4ba2cf0ce776e9) Importer(815301076,1909f56bfc062723c751e8b465ee728b)
Start importing Assets/Assets/SyntyStudios/PolygonCity/Models/SM_Prop_ShopInterior_Desk_01.fbx using Guid(7c99b4e43e33d9a49b4ba2cf0ce776e9) Importer(815301076,1909f56bfc062723c751e8b465ee728b)  -> (artifact id: 'd69b03bf7d46dfebceb2f909f08c697a') in 0.041219 seconds 
========================================================================
Received Import Request.
  Time since last request: 0.000027 seconds.
  path: Assets/Assets/SyntyStudios/PolygonCity/Models/SM_Prop_Sidewalk_Panel_02.fbx
  artifactKey: Guid(2629e10abd0d9194aaef0f0e2894ee59) Importer(815301076,1909f56bfc062723c751e8b465ee728b)
Start importing Assets/Assets/SyntyStudios/PolygonCity/Models/SM_Prop_Sidewalk_Panel_02.fbx using Guid(2629e10abd0d9194aaef0f0e2894ee59) Importer(815301076,1909f56bfc062723c751e8b465ee728b)  -> (artifact id: '68264694c6012db67620b24f0c311a5f') in 0.041183 seconds 
========================================================================
Received Import Request.
  Time since last request: 0.000034 seconds.
  path: Assets/Assets/SyntyStudios/PolygonCity/Models/SM_Prop_Sign_Attachment_03.fbx
  artifactKey: Guid(7ce641d661454b145b61f863393cd02f) Importer(815301076,1909f56bfc062723c751e8b465ee728b)
Start importing Assets/Assets/SyntyStudios/PolygonCity/Models/SM_Prop_Sign_Attachment_03.fbx using Guid(7ce641d661454b145b61f863393cd02f) Importer(815301076,1909f56bfc062723c751e8b465ee728b)  -> (artifact id: '5c87dab473ae36bbba58298588ae078c') in 0.035529 seconds 
========================================================================
Received Import Request.
  Time since last request: 0.952546 seconds.
  path: Assets/Assets/SyntyStudios/PolygonCity/Models/SM_Prop_Sign_Bustop_01.fbx
  artifactKey: Guid(c57ff0f312699684daa27e572f3bb5e7) Importer(815301076,1909f56bfc062723c751e8b465ee728b)
Start importing Assets/Assets/SyntyStudios/PolygonCity/Models/SM_Prop_Sign_Bustop_01.fbx using Guid(c57ff0f312699684daa27e572f3bb5e7) Importer(815301076,1909f56bfc062723c751e8b465ee728b)  -> (artifact id: 'fbb7ac6499e731e53ac22ee2be8687be') in 0.028050 seconds 
========================================================================
Received Import Request.
  Time since last request: 0.000041 seconds.
  path: Assets/Assets/SyntyStudios/PolygonCity/Models/SM_Prop_Sign_Chinese_Noodles_01.fbx
  artifactKey: Guid(a2961d164cfcfbd4dae9e171375da48a) Importer(815301076,1909f56bfc062723c751e8b465ee728b)
Start importing Assets/Assets/SyntyStudios/PolygonCity/Models/SM_Prop_Sign_Chinese_Noodles_01.fbx using Guid(a2961d164cfcfbd4dae9e171375da48a) Importer(815301076,1909f56bfc062723c751e8b465ee728b)  -> (artifact id: 'b09a508146588820ebf296d249c3b5dd') in 0.038513 seconds 
========================================================================
Received Import Request.
  Time since last request: 0.000030 seconds.
  path: Assets/Assets/SyntyStudios/PolygonCity/Models/SM_Prop_Sign_GiveWay_01.fbx
  artifactKey: Guid(c3e14bed8b0a4ae448ce20f8764246d1) Importer(815301076,1909f56bfc062723c751e8b465ee728b)
Start importing Assets/Assets/SyntyStudios/PolygonCity/Models/SM_Prop_Sign_GiveWay_01.fbx using Guid(c3e14bed8b0a4ae448ce20f8764246d1) Importer(815301076,1909f56bfc062723c751e8b465ee728b)  -> (artifact id: '701ceb317e96954be61b281539272de8') in 0.056172 seconds 
========================================================================
Received Import Request.
  Time since last request: 0.000047 seconds.
  path: Assets/Assets/SyntyStudios/PolygonCity/Models/SM_Prop_Sign_Hotel_01.fbx
  artifactKey: Guid(99ae44b691c03d7439c97fdaed0c5744) Importer(815301076,1909f56bfc062723c751e8b465ee728b)
Start importing Assets/Assets/SyntyStudios/PolygonCity/Models/SM_Prop_Sign_Hotel_01.fbx using Guid(99ae44b691c03d7439c97fdaed0c5744) Importer(815301076,1909f56bfc062723c751e8b465ee728b)  -> (artifact id: '06b64fd58128c5ad15f340c7e7d634d1') in 0.023650 seconds 
========================================================================
Received Import Request.
  Time since last request: 0.000043 seconds.
  path: Assets/Assets/SyntyStudios/PolygonCity/Models/SM_Prop_Skip_02.fbx
  artifactKey: Guid(9dbbd76986b815748b9e5a9cb8ab9440) Importer(815301076,1909f56bfc062723c751e8b465ee728b)
Start importing Assets/Assets/SyntyStudios/PolygonCity/Models/SM_Prop_Skip_02.fbx using Guid(9dbbd76986b815748b9e5a9cb8ab9440) Importer(815301076,1909f56bfc062723c751e8b465ee728b)  -> (artifact id: '759b953eacfa7c7bc1497b121695b043') in 0.032670 seconds 
========================================================================
Received Import Request.
  Time since last request: 0.000055 seconds.
  path: Assets/Assets/SyntyStudios/PolygonCity/Models/SM_Prop_Sign_Police_01.fbx
  artifactKey: Guid(d9cd651e881b90348ba24b8288a19c40) Importer(815301076,1909f56bfc062723c751e8b465ee728b)
Start importing Assets/Assets/SyntyStudios/PolygonCity/Models/SM_Prop_Sign_Police_01.fbx using Guid(d9cd651e881b90348ba24b8288a19c40) Importer(815301076,1909f56bfc062723c751e8b465ee728b)  -> (artifact id: 'b77c8f22f9d7d7799b1d2299acbe567b') in 0.029130 seconds 
Editor requested this worker to shutdown with reason: Scaling down because of idle timeout
AssetImportWorker is now disconnected from the server
Process exiting
Exiting without the bug reporter. Application will terminate with return code 0