Using pre-set license
Built from '2021.3/staging' branch; Version is '2021.3.19f1 (c9714fde33b6) revision 13201743'; Using compiler version '192829333'; Build Type 'Release'
OS: 'Windows 10  (10.0.19045) 64bit Core' Language: 'ko' Physical Memory: 16107 MB
BatchMode: 1, IsHumanControllingUs: 0, StartBugReporterOnCrash: 0, Is64bit: 1, IsPro: 1

COMMAND LINE ARGUMENTS:
C:\Program Files\Unity\Hub\Editor\2021.3.19f1\Editor\Unity.exe
-adb2
-batchMode
-noUpm
-name
AssetImportWorker7
-projectPath
C:/Users/ahin0/OneDrive/문서/GitHub2/ALONG_UP/EGG_ALONGUP
-logFile
Logs/AssetImportWorker7.log
-srvPort
58451
Successfully changed project path to: C:/Users/ahin0/OneDrive/문서/GitHub2/ALONG_UP/EGG_ALONGUP
C:/Users/ahin0/OneDrive/문서/GitHub2/ALONG_UP/EGG_ALONGUP
[UnityMemory] Configuration Parameters - Can be set up in boot.config
    "memorysetup-bucket-allocator-granularity=16"
    "memorysetup-bucket-allocator-bucket-count=8"
    "memorysetup-bucket-allocator-block-size=33554432"
    "memorysetup-bucket-allocator-block-count=8"
    "memorysetup-main-allocator-block-size=16777216"
    "memorysetup-thread-allocator-block-size=16777216"
    "memorysetup-gfx-main-allocator-block-size=16777216"
    "memorysetup-gfx-thread-allocator-block-size=16777216"
    "memorysetup-cache-allocator-block-size=4194304"
    "memorysetup-typetree-allocator-block-size=2097152"
    "memorysetup-profiler-bucket-allocator-granularity=16"
    "memorysetup-profiler-bucket-allocator-bucket-count=8"
    "memorysetup-profiler-bucket-allocator-block-size=33554432"
    "memorysetup-profiler-bucket-allocator-block-count=8"
    "memorysetup-profiler-allocator-block-size=16777216"
    "memorysetup-profiler-editor-allocator-block-size=1048576"
    "memorysetup-temp-allocator-size-main=16777216"
    "memorysetup-job-temp-allocator-block-size=2097152"
    "memorysetup-job-temp-allocator-block-size-background=1048576"
    "memorysetup-job-temp-allocator-reduction-small-platforms=262144"
    "memorysetup-temp-allocator-size-background-worker=32768"
    "memorysetup-temp-allocator-size-job-worker=262144"
    "memorysetup-temp-allocator-size-preload-manager=33554432"
    "memorysetup-temp-allocator-size-nav-mesh-worker=65536"
    "memorysetup-temp-allocator-size-audio-worker=65536"
    "memorysetup-temp-allocator-size-cloud-worker=32768"
    "memorysetup-temp-allocator-size-gi-baking-worker=262144"
    "memorysetup-temp-allocator-size-gfx=262144"
Player connection [22372] Host "[IP] 192.168.45.200 [Port] 0 [Flags] 2 [Guid] 252873015 [EditorId] 252873015 [Version] 1048832 [Id] WindowsEditor(7,LAPTOP-ONQ9R229) [Debug] 1 [PackageName] WindowsEditor [ProjectName] Editor" joined multi-casting on [225.0.0.222:54997]...

Player connection [22372] Host "[IP] 192.168.45.200 [Port] 0 [Flags] 2 [Guid] 252873015 [EditorId] 252873015 [Version] 1048832 [Id] WindowsEditor(7,LAPTOP-ONQ9R229) [Debug] 1 [PackageName] WindowsEditor [ProjectName] Editor" joined alternative multi-casting on [225.0.0.222:34997]...

Refreshing native plugins compatible for Editor in 231.39 ms, found 4 plugins.
Preloading 0 native plugins for Editor in 0.00 ms.
Initialize engine version: 2021.3.19f1 (c9714fde33b6)
[Subsystems] Discovering subsystems at path C:/Program Files/Unity/Hub/Editor/2021.3.19f1/Editor/Data/Resources/UnitySubsystems
[Subsystems] Discovering subsystems at path C:/Users/ahin0/OneDrive/문서/GitHub2/ALONG_UP/EGG_ALONGUP/Assets
GfxDevice: creating device client; threaded=0; jobified=0
Direct3D:
    Version:  Direct3D 11.0 [level 11.1]
    Renderer: Intel(R) Iris(R) Xe Graphics (ID=0x9a49)
    Vendor:   Intel
    VRAM:     8053 MB
    Driver:   27.20.100.9415
Initialize mono
Mono path[0] = 'C:/Program Files/Unity/Hub/Editor/2021.3.19f1/Editor/Data/Managed'
Mono path[1] = 'C:/Program Files/Unity/Hub/Editor/2021.3.19f1/Editor/Data/MonoBleedingEdge/lib/mono/unityjit-win32'
Mono config path = 'C:/Program Files/Unity/Hub/Editor/2021.3.19f1/Editor/Data/MonoBleedingEdge/etc'
Using monoOptions --debugger-agent=transport=dt_socket,embedding=1,server=y,suspend=n,address=127.0.0.1:56344
Begin MonoManager ReloadAssembly
Registering precompiled unity dll's ...
Register platform support module: C:/Program Files/Unity/Hub/Editor/2021.3.19f1/Editor/Data/PlaybackEngines/WebGLSupport/UnityEditor.WebGL.Extensions.dll
Register platform support module: C:/Program Files/Unity/Hub/Editor/2021.3.19f1/Editor/Data/PlaybackEngines/AndroidPlayer/UnityEditor.Android.Extensions.dll
Register platform support module: C:/Program Files/Unity/Hub/Editor/2021.3.19f1/Editor/Data/PlaybackEngines/iOSSupport/UnityEditor.iOS.Extensions.dll
Register platform support module: C:/Program Files/Unity/Hub/Editor/2021.3.19f1/Editor/Data/PlaybackEngines/WindowsStandaloneSupport/UnityEditor.WindowsStandalone.Extensions.dll
Registered in 0.084630 seconds.
Native extension for WindowsStandalone target not found
[usbmuxd] Start listen thread
[usbmuxd] Listen thread started
Native extension for iOS target not found
Native extension for Android target not found
Android Extension - Scanning For ADB Devices 515 ms
Native extension for WebGL target not found
Refreshing native plugins compatible for Editor in 254.60 ms, found 4 plugins.
Preloading 0 native plugins for Editor in 0.00 ms.
Mono: successfully reloaded assembly
- Completed reload, in  2.401 seconds
Domain Reload Profiling:
	ReloadAssembly (2403ms)
		BeginReloadAssembly (252ms)
			ExecutionOrderSort (0ms)
			DisableScriptedObjects (0ms)
			BackupInstance (0ms)
			ReleaseScriptingObjects (0ms)
			CreateAndSetChildDomain (2ms)
		EndReloadAssembly (1796ms)
			LoadAssemblies (240ms)
			RebuildTransferFunctionScriptingTraits (0ms)
			SetupTypeCache (262ms)
			ReleaseScriptCaches (0ms)
			RebuildScriptCaches (80ms)
			SetupLoadedEditorAssemblies (1309ms)
				LogAssemblyErrors (0ms)
				InitializePlatformSupportModulesInManaged (775ms)
				SetLoadedEditorAssemblies (1ms)
				RefreshPlugins (255ms)
				BeforeProcessingInitializeOnLoad (2ms)
				ProcessInitializeOnLoadAttributes (167ms)
				ProcessInitializeOnLoadMethodAttributes (109ms)
				AfterProcessingInitializeOnLoad (0ms)
				EditorAssembliesLoaded (0ms)
			ExecutionOrderSort2 (0ms)
			AwakeInstancesAfterBackupRestoration (0ms)
Platform modules already initialized, skipping
Registering precompiled user dll's ...
Registered in 0.046322 seconds.
Begin MonoManager ReloadAssembly
Symbol file LoadedFromMemory doesn't match image C:\Users\ahin0\OneDrive\문서\GitHub2\ALONG_UP\EGG_ALONGUP\Library\PackageCache\com.unity.visualscripting@1.8.0\Editor\VisualScripting.Core\Dependencies\YamlDotNet\Unity.VisualScripting.YamlDotNet.dll
Symbol file LoadedFromMemory doesn't match image C:\Users\ahin0\OneDrive\문서\GitHub2\ALONG_UP\EGG_ALONGUP\Library\PackageCache\com.unity.visualscripting@1.8.0\Editor\VisualScripting.Core\Dependencies\DotNetZip\Unity.VisualScripting.IonicZip.dll
Native extension for WindowsStandalone target not found
Native extension for iOS target not found
Native extension for Android target not found
Native extension for WebGL target not found
Refreshing native plugins compatible for Editor in 1.83 ms, found 4 plugins.
Preloading 0 native plugins for Editor in 0.00 ms.
Mono: successfully reloaded assembly
- Completed reload, in  2.856 seconds
Domain Reload Profiling:
	ReloadAssembly (2858ms)
		BeginReloadAssembly (297ms)
			ExecutionOrderSort (0ms)
			DisableScriptedObjects (7ms)
			BackupInstance (0ms)
			ReleaseScriptingObjects (0ms)
			CreateAndSetChildDomain (26ms)
		EndReloadAssembly (2257ms)
			LoadAssemblies (313ms)
			RebuildTransferFunctionScriptingTraits (0ms)
			SetupTypeCache (575ms)
			ReleaseScriptCaches (1ms)
			RebuildScriptCaches (93ms)
			SetupLoadedEditorAssemblies (1234ms)
				LogAssemblyErrors (0ms)
				InitializePlatformSupportModulesInManaged (76ms)
				SetLoadedEditorAssemblies (1ms)
				RefreshPlugins (2ms)
				BeforeProcessingInitializeOnLoad (276ms)
				ProcessInitializeOnLoadAttributes (785ms)
				ProcessInitializeOnLoadMethodAttributes (39ms)
				AfterProcessingInitializeOnLoad (55ms)
				EditorAssembliesLoaded (0ms)
			ExecutionOrderSort2 (0ms)
			AwakeInstancesAfterBackupRestoration (23ms)
Platform modules already initialized, skipping
========================================================================
Worker process is ready to serve import requests
Launched and connected shader compiler UnityShaderCompiler.exe after 0.09 seconds
Refreshing native plugins compatible for Editor in 1.93 ms, found 4 plugins.
Preloading 0 native plugins for Editor in 0.00 ms.
Unloading 3781 Unused Serialized files (Serialized files now loaded: 0)
Unloading 44 unused Assets / (148.7 KB). Loaded Objects now: 4228.
Memory consumption went from 142.2 MB to 142.0 MB.
Total: 7.141600 ms (FindLiveObjects: 0.283600 ms CreateObjectMapping: 0.127600 ms MarkObjects: 6.536900 ms  DeleteObjects: 0.191400 ms)

AssetImportParameters requested are different than current active one (requested -> active):
  custom:video-decoder-ogg-theora: a1e56fd34408186e4bbccfd4996cb3dc -> 
  custom:container-muxer-webm: aa71ff27fc2769a1b78a27578f13a17b -> 
  custom:container-demuxer-webm: 4f35f7cbe854078d1ac9338744f61a02 -> 
  custom:video-encoder-webm-vp8: eb34c28f22e8b96e1ab97ce403110664 -> 
  custom:video-codec-MediaFoundation-h265: 746d11721c4dcdbdad8f713fa42b33f4 -> 
  custom:audio-encoder-webm-vorbis: bf7c407c2cedff20999df2af8eb42d56 -> 
  custom:framework-win-MediaFoundation: 216162199b28c13a410421893ffa2e32 -> 
  custom:container-demuxer-ogg: 62fdf1f143b41e24485cea50d1cbac27 -> 
  custom:video-decoder-webm-vp8: 9c59270c3fd7afecdb556c50c9e8de78 -> 
  custom:audio-decoder-ogg-vorbis: bf7c407c2cedff20999df2af8eb42d56 -> 
========================================================================
Received Import Request.
  Time since last request: 371075.036819 seconds.
  path: Assets/Assets/SyntyStudios/PolygonCity/Models/SM_Env_Tree_02.fbx
  artifactKey: Guid(488874bf1c20e624f8e81079f86b26ba) Importer(815301076,1909f56bfc062723c751e8b465ee728b)
Start importing Assets/Assets/SyntyStudios/PolygonCity/Models/SM_Env_Tree_02.fbx using Guid(488874bf1c20e624f8e81079f86b26ba) Importer(815301076,1909f56bfc062723c751e8b465ee728b)  -> (artifact id: '86c8a98daf545f21b896c735aac2ede4') in 1.945156 seconds 
========================================================================
Received Import Request.
  Time since last request: 0.608977 seconds.
  path: Assets/Assets/SyntyStudios/PolygonCity/Models/SM_Prop_LargeSign_Bottle_01.fbx
  artifactKey: Guid(34ae0f9f79f5d734c9d4639692936e7a) Importer(815301076,1909f56bfc062723c751e8b465ee728b)
Start importing Assets/Assets/SyntyStudios/PolygonCity/Models/SM_Prop_LargeSign_Bottle_01.fbx using Guid(34ae0f9f79f5d734c9d4639692936e7a) Importer(815301076,1909f56bfc062723c751e8b465ee728b)  -> (artifact id: '0cd517cc8da2fb8be2d62d218f47efa1') in 0.023617 seconds 
========================================================================
Received Import Request.
  Time since last request: 0.000042 seconds.
  path: Assets/Assets/SyntyStudios/PolygonCity/Models/SM_Prop_LargeSign_Hotdog_01.fbx
  artifactKey: Guid(49babb1ffc0fd7d41a6254a9a6ea6d03) Importer(815301076,1909f56bfc062723c751e8b465ee728b)
Start importing Assets/Assets/SyntyStudios/PolygonCity/Models/SM_Prop_LargeSign_Hotdog_01.fbx using Guid(49babb1ffc0fd7d41a6254a9a6ea6d03) Importer(815301076,1909f56bfc062723c751e8b465ee728b)  -> (artifact id: '16181f153e29918c10002a3b5622fd1b') in 0.042004 seconds 
========================================================================
Received Import Request.
  Time since last request: 0.000034 seconds.
  path: Assets/Assets/SyntyStudios/PolygonCity/Models/SM_Prop_LargeSign_Coffee_01.fbx
  artifactKey: Guid(4cf61a1c8f76b9f48b3d1eecc06039da) Importer(815301076,1909f56bfc062723c751e8b465ee728b)
Start importing Assets/Assets/SyntyStudios/PolygonCity/Models/SM_Prop_LargeSign_Coffee_01.fbx using Guid(4cf61a1c8f76b9f48b3d1eecc06039da) Importer(815301076,1909f56bfc062723c751e8b465ee728b)  -> (artifact id: 'ef4e74815d02b29f4c4a5582d427d46e') in 0.044289 seconds 
========================================================================
Received Import Request.
  Time since last request: 0.311534 seconds.
  path: Assets/Assets/SyntyStudios/PolygonCity/Models/SM_Prop_LargeSign_Pizza_01.fbx
  artifactKey: Guid(8eb1e0ce59047ca44adcf1d3b18151d0) Importer(815301076,1909f56bfc062723c751e8b465ee728b)
Start importing Assets/Assets/SyntyStudios/PolygonCity/Models/SM_Prop_LargeSign_Pizza_01.fbx using Guid(8eb1e0ce59047ca44adcf1d3b18151d0) Importer(815301076,1909f56bfc062723c751e8b465ee728b)  -> (artifact id: '4de9498d72a65565a6545e160d44eda8') in 0.023220 seconds 
========================================================================
Received Import Request.
  Time since last request: 0.000030 seconds.
  path: Assets/Assets/SyntyStudios/PolygonCity/Models/SM_Prop_Light_Attachment_01.fbx
  artifactKey: Guid(5fad272c34183d247a615caf29382c8d) Importer(815301076,1909f56bfc062723c751e8b465ee728b)
Start importing Assets/Assets/SyntyStudios/PolygonCity/Models/SM_Prop_Light_Attachment_01.fbx using Guid(5fad272c34183d247a615caf29382c8d) Importer(815301076,1909f56bfc062723c751e8b465ee728b)  -> (artifact id: '7808ac1e156f897f1f5c79aa50f02743') in 0.044302 seconds 
========================================================================
Received Import Request.
  Time since last request: 0.000042 seconds.
  path: Assets/Assets/SyntyStudios/PolygonCity/Models/SM_Prop_LargeSign_Taco_01.fbx
  artifactKey: Guid(45611d1f4c3c1ac4d9835ef85919eb8e) Importer(815301076,1909f56bfc062723c751e8b465ee728b)
Start importing Assets/Assets/SyntyStudios/PolygonCity/Models/SM_Prop_LargeSign_Taco_01.fbx using Guid(45611d1f4c3c1ac4d9835ef85919eb8e) Importer(815301076,1909f56bfc062723c751e8b465ee728b)  -> (artifact id: '6c234c63d47664256d0350a167195f13') in 0.038840 seconds 
========================================================================
Received Import Request.
  Time since last request: 7.093055 seconds.
  path: Assets/Assets/SyntyStudios/PolygonCity/Models/SM_Prop_LightPole_Lights_02.fbx
  artifactKey: Guid(009d0f4e5f666794ab7c12a973d516ab) Importer(815301076,1909f56bfc062723c751e8b465ee728b)
Start importing Assets/Assets/SyntyStudios/PolygonCity/Models/SM_Prop_LightPole_Lights_02.fbx using Guid(009d0f4e5f666794ab7c12a973d516ab) Importer(815301076,1909f56bfc062723c751e8b465ee728b)  -> (artifact id: 'a0812b95a455dc71739c312eef7410e7') in 0.035914 seconds 
========================================================================
Received Import Request.
  Time since last request: 0.000026 seconds.
  path: Assets/Assets/SyntyStudios/PolygonCity/Models/SM_Prop_Mailbox_01.fbx
  artifactKey: Guid(5d317239867200d4d9d76f9a99b39652) Importer(815301076,1909f56bfc062723c751e8b465ee728b)
Start importing Assets/Assets/SyntyStudios/PolygonCity/Models/SM_Prop_Mailbox_01.fbx using Guid(5d317239867200d4d9d76f9a99b39652) Importer(815301076,1909f56bfc062723c751e8b465ee728b)  -> (artifact id: '96845cefd00daaeec162ad5d167a9dfb') in 0.033412 seconds 
========================================================================
Received Import Request.
  Time since last request: 0.000028 seconds.
  path: Assets/Assets/SyntyStudios/PolygonCity/Models/SM_Prop_Newspaper_02.fbx
  artifactKey: Guid(6c311a8ff9ef5904cbf88d1eea54aae8) Importer(815301076,1909f56bfc062723c751e8b465ee728b)
Start importing Assets/Assets/SyntyStudios/PolygonCity/Models/SM_Prop_Newspaper_02.fbx using Guid(6c311a8ff9ef5904cbf88d1eea54aae8) Importer(815301076,1909f56bfc062723c751e8b465ee728b)  -> (artifact id: 'd662eb182d3aac3866d9aa1283f4b398') in 0.034018 seconds 
========================================================================
Received Import Request.
  Time since last request: 0.000036 seconds.
  path: Assets/Assets/SyntyStudios/PolygonCity/Models/SM_Prop_PicnicTable_01.fbx
  artifactKey: Guid(c454f6aff46058043ab43e59d0b536ec) Importer(815301076,1909f56bfc062723c751e8b465ee728b)
Start importing Assets/Assets/SyntyStudios/PolygonCity/Models/SM_Prop_PicnicTable_01.fbx using Guid(c454f6aff46058043ab43e59d0b536ec) Importer(815301076,1909f56bfc062723c751e8b465ee728b)  -> (artifact id: '41e2b8ce609d4fd237629807b53dca8e') in 0.035217 seconds 
========================================================================
Received Import Request.
  Time since last request: 0.000031 seconds.
  path: Assets/Assets/SyntyStudios/PolygonCity/Models/SM_Prop_ParkingMeter_02.fbx
  artifactKey: Guid(99c3dab35e27907458574549ef734d03) Importer(815301076,1909f56bfc062723c751e8b465ee728b)
Start importing Assets/Assets/SyntyStudios/PolygonCity/Models/SM_Prop_ParkingMeter_02.fbx using Guid(99c3dab35e27907458574549ef734d03) Importer(815301076,1909f56bfc062723c751e8b465ee728b)  -> (artifact id: '08eaedcbebb4738cd1c568e38463c418') in 0.034023 seconds 
========================================================================
Received Import Request.
  Time since last request: 0.000045 seconds.
  path: Assets/Assets/SyntyStudios/PolygonCity/Models/SM_Prop_ParkingMeter_01.fbx
  artifactKey: Guid(bc6d4e50475f85448a0345adc55750e0) Importer(815301076,1909f56bfc062723c751e8b465ee728b)
Start importing Assets/Assets/SyntyStudios/PolygonCity/Models/SM_Prop_ParkingMeter_01.fbx using Guid(bc6d4e50475f85448a0345adc55750e0) Importer(815301076,1909f56bfc062723c751e8b465ee728b)  -> (artifact id: '357fe916e3c69375c40dbcd9810c58c0') in 0.025055 seconds 
========================================================================
Received Import Request.
  Time since last request: 1.897000 seconds.
  path: Assets/Assets/SyntyStudios/PolygonCity/Models/SM_Prop_Pipe_Small_01.fbx
  artifactKey: Guid(555faddb0f4f8a64f942ddd15e67af9c) Importer(815301076,1909f56bfc062723c751e8b465ee728b)
Start importing Assets/Assets/SyntyStudios/PolygonCity/Models/SM_Prop_Pipe_Small_01.fbx using Guid(555faddb0f4f8a64f942ddd15e67af9c) Importer(815301076,1909f56bfc062723c751e8b465ee728b)  -> (artifact id: 'ea9d360d2e931beaa878706926832fe2') in 0.031990 seconds 
========================================================================
Received Import Request.
  Time since last request: 0.000031 seconds.
  path: Assets/Assets/SyntyStudios/PolygonCity/Models/SM_Prop_PlanterWindow_02.fbx
  artifactKey: Guid(4d7b1e8b05acda04589c4052eaa97df3) Importer(815301076,1909f56bfc062723c751e8b465ee728b)
Start importing Assets/Assets/SyntyStudios/PolygonCity/Models/SM_Prop_PlanterWindow_02.fbx using Guid(4d7b1e8b05acda04589c4052eaa97df3) Importer(815301076,1909f56bfc062723c751e8b465ee728b)  -> (artifact id: '435ee000ebb6bf046b1cadd8fe8e9915') in 0.033390 seconds 
========================================================================
Received Import Request.
  Time since last request: 0.000366 seconds.
  path: Assets/Assets/SyntyStudios/PolygonCity/Models/SM_Prop_Police_Baton_01.fbx
  artifactKey: Guid(282879460138be34ead82c2c30d4b091) Importer(815301076,1909f56bfc062723c751e8b465ee728b)
Start importing Assets/Assets/SyntyStudios/PolygonCity/Models/SM_Prop_Police_Baton_01.fbx using Guid(282879460138be34ead82c2c30d4b091) Importer(815301076,1909f56bfc062723c751e8b465ee728b)  -> (artifact id: '88454170edd0919229910bf27ab3a05f') in 0.032559 seconds 
========================================================================
Received Import Request.
  Time since last request: 0.000034 seconds.
  path: Assets/Assets/SyntyStudios/PolygonCity/Models/SM_Prop_PotPlant_01.fbx
  artifactKey: Guid(3f16a42493bfee3448c3a15e454ab2d9) Importer(815301076,1909f56bfc062723c751e8b465ee728b)
Start importing Assets/Assets/SyntyStudios/PolygonCity/Models/SM_Prop_PotPlant_01.fbx using Guid(3f16a42493bfee3448c3a15e454ab2d9) Importer(815301076,1909f56bfc062723c751e8b465ee728b)  -> (artifact id: '34223fac38f8910f584fddae14f055b8') in 0.031666 seconds 
========================================================================
Received Import Request.
  Time since last request: 0.000046 seconds.
  path: Assets/Assets/SyntyStudios/PolygonCity/Models/SM_Prop_SatDish_01.fbx
  artifactKey: Guid(84cd96749b0e85646a98fe23fb183531) Importer(815301076,1909f56bfc062723c751e8b465ee728b)
Start importing Assets/Assets/SyntyStudios/PolygonCity/Models/SM_Prop_SatDish_01.fbx using Guid(84cd96749b0e85646a98fe23fb183531) Importer(815301076,1909f56bfc062723c751e8b465ee728b)  -> (artifact id: 'ffe59fcf05b57a99f26f85febba6dbfd') in 0.028769 seconds 
========================================================================
Received Import Request.
  Time since last request: 0.000094 seconds.
  path: Assets/Assets/SyntyStudios/PolygonCity/Models/SM_Prop_Roof_Aircon_02.fbx
  artifactKey: Guid(d29064c7c70e71a478765437ee714c29) Importer(815301076,1909f56bfc062723c751e8b465ee728b)
Start importing Assets/Assets/SyntyStudios/PolygonCity/Models/SM_Prop_Roof_Aircon_02.fbx using Guid(d29064c7c70e71a478765437ee714c29) Importer(815301076,1909f56bfc062723c751e8b465ee728b)  -> (artifact id: '7ce547fa11470f3581589ac78b0dd0dd') in 0.027114 seconds 
========================================================================
Received Import Request.
  Time since last request: 2.049096 seconds.
  path: Assets/Assets/SyntyStudios/PolygonCity/Models/SM_Prop_ShopInterior_Chair_01.fbx
  artifactKey: Guid(5fadc705003914e46801f1bc19a76107) Importer(815301076,1909f56bfc062723c751e8b465ee728b)
Start importing Assets/Assets/SyntyStudios/PolygonCity/Models/SM_Prop_ShopInterior_Chair_01.fbx using Guid(5fadc705003914e46801f1bc19a76107) Importer(815301076,1909f56bfc062723c751e8b465ee728b)  -> (artifact id: 'd8b30f60137cc6c73fe84a1360b8d265') in 0.026108 seconds 
========================================================================
Received Import Request.
  Time since last request: 0.000051 seconds.
  path: Assets/Assets/SyntyStudios/PolygonCity/Models/SM_Prop_ShopInterior_Shelf_03.fbx
  artifactKey: Guid(c9cac6c297c268445ae6c594399ab151) Importer(815301076,1909f56bfc062723c751e8b465ee728b)
Start importing Assets/Assets/SyntyStudios/PolygonCity/Models/SM_Prop_ShopInterior_Shelf_03.fbx using Guid(c9cac6c297c268445ae6c594399ab151) Importer(815301076,1909f56bfc062723c751e8b465ee728b)  -> (artifact id: 'b1ae9e285c40c951ab697af65d077875') in 0.041895 seconds 
========================================================================
Received Import Request.
  Time since last request: 0.000018 seconds.
  path: Assets/Assets/SyntyStudios/PolygonCity/Models/SM_Prop_ShopInterior_Shelf_04.fbx
  artifactKey: Guid(0c78c1c25084ece4a90c739e64675450) Importer(815301076,1909f56bfc062723c751e8b465ee728b)
Start importing Assets/Assets/SyntyStudios/PolygonCity/Models/SM_Prop_ShopInterior_Shelf_04.fbx using Guid(0c78c1c25084ece4a90c739e64675450) Importer(815301076,1909f56bfc062723c751e8b465ee728b)  -> (artifact id: '6a30ebddab19beb69543551650d80e2a') in 0.031037 seconds 
========================================================================
Received Import Request.
  Time since last request: 0.003568 seconds.
  path: Assets/Assets/SyntyStudios/PolygonCity/Models/SM_Prop_Sidewalk_Panel_01.fbx
  artifactKey: Guid(2e4cb62a3cd1c914eb9b837f091bb73d) Importer(815301076,1909f56bfc062723c751e8b465ee728b)
Start importing Assets/Assets/SyntyStudios/PolygonCity/Models/SM_Prop_Sidewalk_Panel_01.fbx using Guid(2e4cb62a3cd1c914eb9b837f091bb73d) Importer(815301076,1909f56bfc062723c751e8b465ee728b)  -> (artifact id: '35fa930e2ea787fbf468e41873dbec47') in 0.039449 seconds 
========================================================================
Received Import Request.
  Time since last request: 0.000028 seconds.
  path: Assets/Assets/SyntyStudios/PolygonCity/Models/SM_Prop_SidewalkPoles_02.fbx
  artifactKey: Guid(1d53fda575ee880449329b3b0961e56b) Importer(815301076,1909f56bfc062723c751e8b465ee728b)
Start importing Assets/Assets/SyntyStudios/PolygonCity/Models/SM_Prop_SidewalkPoles_02.fbx using Guid(1d53fda575ee880449329b3b0961e56b) Importer(815301076,1909f56bfc062723c751e8b465ee728b)  -> (artifact id: '65c6155594deac6f605668aa280ee0c2') in 0.036024 seconds 
========================================================================
Received Import Request.
  Time since last request: 0.000033 seconds.
  path: Assets/Assets/SyntyStudios/PolygonCity/Models/SM_Prop_Sidewalk_Panel_03.fbx
  artifactKey: Guid(842514ab0c92c8845a6f829f9c4f6122) Importer(815301076,1909f56bfc062723c751e8b465ee728b)
Start importing Assets/Assets/SyntyStudios/PolygonCity/Models/SM_Prop_Sidewalk_Panel_03.fbx using Guid(842514ab0c92c8845a6f829f9c4f6122) Importer(815301076,1909f56bfc062723c751e8b465ee728b)  -> (artifact id: 'fa07302f1fa272338e35064704107fa2') in 0.026499 seconds 
========================================================================
Received Import Request.
  Time since last request: 0.930083 seconds.
  path: Assets/Assets/SyntyStudios/PolygonCity/Models/SM_Prop_Sign_Cafe_01.fbx
  artifactKey: Guid(f6cf256c471d7d748aaf1bd6359a1153) Importer(815301076,1909f56bfc062723c751e8b465ee728b)
Start importing Assets/Assets/SyntyStudios/PolygonCity/Models/SM_Prop_Sign_Cafe_01.fbx using Guid(f6cf256c471d7d748aaf1bd6359a1153) Importer(815301076,1909f56bfc062723c751e8b465ee728b)  -> (artifact id: 'a5c0ce3ed7b0cf8b4a3fd371a9556f4d') in 0.028418 seconds 
========================================================================
Received Import Request.
  Time since last request: 0.000028 seconds.
  path: Assets/Assets/SyntyStudios/PolygonCity/Models/SM_Prop_Sign_Hospital_01.fbx
  artifactKey: Guid(ccf486970e7b564458fa149b4aba482e) Importer(815301076,1909f56bfc062723c751e8b465ee728b)
Start importing Assets/Assets/SyntyStudios/PolygonCity/Models/SM_Prop_Sign_Hospital_01.fbx using Guid(ccf486970e7b564458fa149b4aba482e) Importer(815301076,1909f56bfc062723c751e8b465ee728b)  -> (artifact id: 'fa6b0bd804102d6dc8b2d3cbc5638da4') in 0.050911 seconds 
========================================================================
Received Import Request.
  Time since last request: 0.000372 seconds.
  path: Assets/Assets/SyntyStudios/PolygonCity/Models/SM_Prop_Sign_GiveWay_03.fbx
  artifactKey: Guid(01c5d01653d0e224c8f0b5cb8514fa1b) Importer(815301076,1909f56bfc062723c751e8b465ee728b)
Start importing Assets/Assets/SyntyStudios/PolygonCity/Models/SM_Prop_Sign_GiveWay_03.fbx using Guid(01c5d01653d0e224c8f0b5cb8514fa1b) Importer(815301076,1909f56bfc062723c751e8b465ee728b)  -> (artifact id: '6d4c4464b144c925768a72e60249089a') in 0.044426 seconds 
========================================================================
Received Import Request.
  Time since last request: 0.000029 seconds.
  path: Assets/Assets/SyntyStudios/PolygonCity/Models/SM_Prop_Sign_Pub_01.fbx
  artifactKey: Guid(22464015dfb6ed3478bf35dcbbe47ca5) Importer(815301076,1909f56bfc062723c751e8b465ee728b)
Start importing Assets/Assets/SyntyStudios/PolygonCity/Models/SM_Prop_Sign_Pub_01.fbx using Guid(22464015dfb6ed3478bf35dcbbe47ca5) Importer(815301076,1909f56bfc062723c751e8b465ee728b)  -> (artifact id: '53ff242fef2e3e8a44748c9718fda4b8') in 0.023166 seconds 
========================================================================
Received Import Request.
  Time since last request: 0.000035 seconds.
  path: Assets/Assets/SyntyStudios/PolygonCity/Models/SM_Prop_Sign_Warning_01.fbx
  artifactKey: Guid(05d0a85f2a434b84db887483f471fc87) Importer(815301076,1909f56bfc062723c751e8b465ee728b)
Start importing Assets/Assets/SyntyStudios/PolygonCity/Models/SM_Prop_Sign_Warning_01.fbx using Guid(05d0a85f2a434b84db887483f471fc87) Importer(815301076,1909f56bfc062723c751e8b465ee728b)  -> (artifact id: '9aee1a5383dfde41f9a1df6120f0dd36') in 0.032876 seconds 
========================================================================
Received Import Request.
  Time since last request: 0.000043 seconds.
  path: Assets/Assets/SyntyStudios/PolygonCity/Models/SM_Prop_Sign_XXX_01.fbx
  artifactKey: Guid(9b34ed2ae3da2b64d8678221f68a21df) Importer(815301076,1909f56bfc062723c751e8b465ee728b)
Start importing Assets/Assets/SyntyStudios/PolygonCity/Models/SM_Prop_Sign_XXX_01.fbx using Guid(9b34ed2ae3da2b64d8678221f68a21df) Importer(815301076,1909f56bfc062723c751e8b465ee728b)  -> (artifact id: '74d9c14221f6d9bae8afafc4e52587f8') in 0.030227 seconds 
Editor requested this worker to shutdown with reason: Scaling down because of idle timeout
AssetImportWorker is now disconnected from the server
Process exiting
Exiting without the bug reporter. Application will terminate with return code 0