Unity Editor version:    2021.3.19f1 (c9714fde33b6)
Branch:                  2021.3/staging
Build type:              Release
Batch mode:              YES
macOS version:           Version 14.1.1 (Build 23B81)
Darwin version:          23.1.0
Architecture:            arm64
Running under Rosetta:   NO
Available memory:        16384 MB
Using pre-set license
Pro License: YES

COMMAND LINE ARGUMENTS:
/Applications/Unity/Hub/Editor/2021.3.19f1/Unity.app/Contents/MacOS/Unity
-adb2
-batchMode
-noUpm
-name
AssetImportWorker4
-projectPath
/Users/minjoong/Desktop/ALONG_UP/EGG_ALONGUP
-logFile
Logs/AssetImportWorker4.log
-srvPort
49977
Successfully changed project path to: /Users/minjoong/Desktop/ALONG_UP/EGG_ALONGUP
/Users/minjoong/Desktop/ALONG_UP/EGG_ALONGUP
[UnityMemory] Configuration Parameters - Can be set up in boot.config
    "memorysetup-bucket-allocator-granularity=16"
    "memorysetup-bucket-allocator-bucket-count=8"
    "memorysetup-bucket-allocator-block-size=33554432"
    "memorysetup-bucket-allocator-block-count=8"
    "memorysetup-main-allocator-block-size=16777216"
    "memorysetup-thread-allocator-block-size=16777216"
    "memorysetup-gfx-main-allocator-block-size=16777216"
    "memorysetup-gfx-thread-allocator-block-size=16777216"
    "memorysetup-cache-allocator-block-size=4194304"
    "memorysetup-typetree-allocator-block-size=2097152"
    "memorysetup-profiler-bucket-allocator-granularity=16"
    "memorysetup-profiler-bucket-allocator-bucket-count=8"
    "memorysetup-profiler-bucket-allocator-block-size=33554432"
    "memorysetup-profiler-bucket-allocator-block-count=8"
    "memorysetup-profiler-allocator-block-size=16777216"
    "memorysetup-profiler-editor-allocator-block-size=1048576"
    "memorysetup-temp-allocator-size-main=16777216"
    "memorysetup-job-temp-allocator-block-size=2097152"
    "memorysetup-job-temp-allocator-block-size-background=1048576"
    "memorysetup-job-temp-allocator-reduction-small-platforms=262144"
    "memorysetup-temp-allocator-size-background-worker=32768"
    "memorysetup-temp-allocator-size-job-worker=262144"
    "memorysetup-temp-allocator-size-preload-manager=33554432"
    "memorysetup-temp-allocator-size-nav-mesh-worker=65536"
    "memorysetup-temp-allocator-size-audio-worker=65536"
    "memorysetup-temp-allocator-size-cloud-worker=32768"
    "memorysetup-temp-allocator-size-gi-baking-worker=262144"
    "memorysetup-temp-allocator-size-gfx=262144"
Player connection [8118345408] Host "[IP] 172.30.1.85 [Port] 0 [Flags] 2 [Guid] 1293913165 [EditorId] 1293913165 [Version] 1048832 [Id] OSXEditor(0,minjoongs-MacBook-Pro.local) [Debug] 1 [PackageName] OSXEditor [ProjectName] Editor" joined multi-casting on [225.0.0.222:54997]...

Player connection [8118345408] Host "[IP] 172.30.1.85 [Port] 0 [Flags] 2 [Guid] 1293913165 [EditorId] 1293913165 [Version] 1048832 [Id] OSXEditor(0,minjoongs-MacBook-Pro.local) [Debug] 1 [PackageName] OSXEditor [ProjectName] Editor" joined alternative multi-casting on [225.0.0.222:34997]...

Refreshing native plugins compatible for Editor in 117.99 ms, found 3 plugins.
Preloading 0 native plugins for Editor in 0.00 ms.
Initialize engine version: 2021.3.19f1 (c9714fde33b6)
[Subsystems] Discovering subsystems at path /Applications/Unity/Hub/Editor/2021.3.19f1/Unity.app/Contents/Resources/UnitySubsystems
[Subsystems] Discovering subsystems at path /Users/minjoong/Desktop/ALONG_UP/EGG_ALONGUP/Assets
GfxDevice: creating device client; threaded=0; jobified=0
 preferred device: Apple M1 Pro (high power)
Metal devices available: 1
0: Apple M1 Pro (high power)
Using device Apple M1 Pro (high power)
Initializing Metal device caps: Apple M1 Pro
Initialize mono
Mono path[0] = '/Applications/Unity/Hub/Editor/2021.3.19f1/Unity.app/Contents/Managed'
Mono path[1] = '/Applications/Unity/Hub/Editor/2021.3.19f1/Unity.app/Contents/MonoBleedingEdge/lib/mono/unityjit-macos'
Mono config path = '/Applications/Unity/Hub/Editor/2021.3.19f1/Unity.app/Contents/MonoBleedingEdge/etc'
Using monoOptions --debugger-agent=transport=dt_socket,embedding=1,server=y,suspend=n,address=127.0.0.1:56826
Begin MonoManager ReloadAssembly
Registering precompiled unity dll's ...
Register platform support module: /Applications/Unity/Hub/Editor/2021.3.19f1/PlaybackEngines/WebGLSupport/UnityEditor.WebGL.Extensions.dll
Register platform support module: /Applications/Unity/Hub/Editor/2021.3.19f1/Unity.app/Contents/PlaybackEngines/MacStandaloneSupport/UnityEditor.OSXStandalone.Extensions.dll
Register platform support module: /Applications/Unity/Hub/Editor/2021.3.19f1/PlaybackEngines/WindowsStandaloneSupport/UnityEditor.WindowsStandalone.Extensions.dll
Registered in 0.000745 seconds.
Native extension for WindowsStandalone target not found
Native extension for OSXStandalone target not found
Native extension for WebGL target not found
Refreshing native plugins compatible for Editor in 123.52 ms, found 3 plugins.
Preloading 0 native plugins for Editor in 0.00 ms.
Mono: successfully reloaded assembly
- Completed reload, in  0.585 seconds
Domain Reload Profiling:
	ReloadAssembly (585ms)
		BeginReloadAssembly (60ms)
			ExecutionOrderSort (0ms)
			DisableScriptedObjects (0ms)
			BackupInstance (0ms)
			ReleaseScriptingObjects (0ms)
			CreateAndSetChildDomain (1ms)
		EndReloadAssembly (435ms)
			LoadAssemblies (60ms)
			RebuildTransferFunctionScriptingTraits (0ms)
			SetupTypeCache (100ms)
			ReleaseScriptCaches (0ms)
			RebuildScriptCaches (31ms)
			SetupLoadedEditorAssemblies (268ms)
				LogAssemblyErrors (0ms)
				InitializePlatformSupportModulesInManaged (6ms)
				SetLoadedEditorAssemblies (0ms)
				RefreshPlugins (124ms)
				BeforeProcessingInitializeOnLoad (1ms)
				ProcessInitializeOnLoadAttributes (104ms)
				ProcessInitializeOnLoadMethodAttributes (33ms)
				AfterProcessingInitializeOnLoad (0ms)
				EditorAssembliesLoaded (0ms)
			ExecutionOrderSort2 (0ms)
			AwakeInstancesAfterBackupRestoration (0ms)
Platform modules already initialized, skipping
Registering precompiled user dll's ...
Registered in 0.001867 seconds.
Begin MonoManager ReloadAssembly
Symbol file LoadedFromMemory doesn't match image /Users/minjoong/Desktop/ALONG_UP/EGG_ALONGUP/Library/PackageCache/com.unity.visualscripting@1.8.0/Editor/VisualScripting.Core/Dependencies/YamlDotNet/Unity.VisualScripting.YamlDotNet.dll
Symbol file LoadedFromMemory doesn't match image /Users/minjoong/Desktop/ALONG_UP/EGG_ALONGUP/Library/PackageCache/com.unity.visualscripting@1.8.0/Editor/VisualScripting.Core/Dependencies/DotNetZip/Unity.VisualScripting.IonicZip.dll
Native extension for WindowsStandalone target not found
Native extension for OSXStandalone target not found
Native extension for WebGL target not found
Refreshing native plugins compatible for Editor in 0.83 ms, found 3 plugins.
Preloading 0 native plugins for Editor in 0.00 ms.
Mono: successfully reloaded assembly
- Completed reload, in  0.977 seconds
Domain Reload Profiling:
	ReloadAssembly (978ms)
		BeginReloadAssembly (72ms)
			ExecutionOrderSort (0ms)
			DisableScriptedObjects (5ms)
			BackupInstance (0ms)
			ReleaseScriptingObjects (0ms)
			CreateAndSetChildDomain (17ms)
		EndReloadAssembly (812ms)
			LoadAssemblies (38ms)
			RebuildTransferFunctionScriptingTraits (0ms)
			SetupTypeCache (258ms)
			ReleaseScriptCaches (0ms)
			RebuildScriptCaches (65ms)
			SetupLoadedEditorAssemblies (410ms)
				LogAssemblyErrors (0ms)
				InitializePlatformSupportModulesInManaged (4ms)
				SetLoadedEditorAssemblies (0ms)
				RefreshPlugins (1ms)
				BeforeProcessingInitializeOnLoad (64ms)
				ProcessInitializeOnLoadAttributes (326ms)
				ProcessInitializeOnLoadMethodAttributes (14ms)
				AfterProcessingInitializeOnLoad (1ms)
				EditorAssembliesLoaded (0ms)
			ExecutionOrderSort2 (0ms)
			AwakeInstancesAfterBackupRestoration (3ms)
Platform modules already initialized, skipping
========================================================================
Worker process is ready to serve import requests
Launching external process: /Applications/Unity/Hub/Editor/2021.3.19f1/Unity.app/Contents/Tools/UnityShaderCompiler
Launched and connected shader compiler UnityShaderCompiler after 0.06 seconds
Refreshing native plugins compatible for Editor in 0.80 ms, found 3 plugins.
Preloading 0 native plugins for Editor in 0.00 ms.
Unloading 3780 Unused Serialized files (Serialized files now loaded: 0)
Unloading 44 unused Assets / (370.0 KB). Loaded Objects now: 4224.
Memory consumption went from 137.2 MB to 136.8 MB.
Total: 3.085000 ms (FindLiveObjects: 0.113833 ms CreateObjectMapping: 0.054834 ms MarkObjects: 2.822875 ms  DeleteObjects: 0.092625 ms)

AssetImportParameters requested are different than current active one (requested -> active):
  custom:video-decoder-ogg-theora: a1e56fd34408186e4bbccfd4996cb3dc -> 
  custom:container-muxer-webm: aa71ff27fc2769a1b78a27578f13a17b -> 
  custom:container-demuxer-webm: 4f35f7cbe854078d1ac9338744f61a02 -> 
  custom:video-encoder-webm-vp8: eb34c28f22e8b96e1ab97ce403110664 -> 
  custom:framework-osx-AVFoundation: e770b220cccbd017edd2c1fefb359320 -> 
  custom:audio-encoder-webm-vorbis: bf7c407c2cedff20999df2af8eb42d56 -> 
  custom:container-demuxer-ogg: 62fdf1f143b41e24485cea50d1cbac27 -> 
  custom:video-decoder-webm-vp8: 9c59270c3fd7afecdb556c50c9e8de78 -> 
  custom:audio-decoder-ogg-vorbis: bf7c407c2cedff20999df2af8eb42d56 -> 
========================================================================
Received Import Request.
  Time since last request: 19961.530765 seconds.
  path: Assets/Assets/SyntyStudios/PolygonCity/Models/SM_Prop_Newspaper_01.fbx
  artifactKey: Guid(5f4ac7e51a01dbd47aae19795a58cb74) Importer(815301076,1909f56bfc062723c751e8b465ee728b)
Start importing Assets/Assets/SyntyStudios/PolygonCity/Models/SM_Prop_Newspaper_01.fbx using Guid(5f4ac7e51a01dbd47aae19795a58cb74) Importer(815301076,1909f56bfc062723c751e8b465ee728b)  -> (artifact id: '1a8a94c822831f7abfbc7e795056f1a5') in 0.122857 seconds 
========================================================================
Received Import Request.
  Time since last request: 199.656090 seconds.
  path: Assets/Assets/SyntyStudios/PolygonCity/Models/SM_Veh_Car_Small_01.fbx
  artifactKey: Guid(5f72e1579cd001244802c30b332dae70) Importer(815301076,1909f56bfc062723c751e8b465ee728b)
Start importing Assets/Assets/SyntyStudios/PolygonCity/Models/SM_Veh_Car_Small_01.fbx using Guid(5f72e1579cd001244802c30b332dae70) Importer(815301076,1909f56bfc062723c751e8b465ee728b)  -> (artifact id: '9f8ce2439a38f0bcd662f12c9dce9800') in 0.053646 seconds 
========================================================================
Received Import Request.
  Time since last request: 0.747309 seconds.
  path: Assets/Assets/SyntyStudios/PolygonCity/Models/SM_Veh_Car_Muscle_01.fbx
  artifactKey: Guid(823ed423ae6ba0d4589ddb8fe51e7f14) Importer(815301076,1909f56bfc062723c751e8b465ee728b)
Start importing Assets/Assets/SyntyStudios/PolygonCity/Models/SM_Veh_Car_Muscle_01.fbx using Guid(823ed423ae6ba0d4589ddb8fe51e7f14) Importer(815301076,1909f56bfc062723c751e8b465ee728b)  -> (artifact id: '3b9153f4324009c7a9e6d88fb20040d7') in 0.048920 seconds 
========================================================================
Received Import Request.
  Time since last request: 1.160056 seconds.
  path: Assets/Assets/SyntyStudios/PolygonCity/Models/SM_Veh_Car_Ambo_01.fbx
  artifactKey: Guid(916b5bf2becb29f46b894a059d247f38) Importer(815301076,1909f56bfc062723c751e8b465ee728b)
Start importing Assets/Assets/SyntyStudios/PolygonCity/Models/SM_Veh_Car_Ambo_01.fbx using Guid(916b5bf2becb29f46b894a059d247f38) Importer(815301076,1909f56bfc062723c751e8b465ee728b)  -> (artifact id: 'f3d3a8e71ab4ea4b5e7684916cf76670') in 0.065511 seconds 
========================================================================
Received Import Request.
  Time since last request: 0.243510 seconds.
  path: Assets/Assets/SyntyStudios/PolygonStarter/PolygonPrototype/Models/SM_Switch_Remote_01.fbx
  artifactKey: Guid(38a252d86312a544095accfca06575c2) Importer(815301076,1909f56bfc062723c751e8b465ee728b)
Start importing Assets/Assets/SyntyStudios/PolygonStarter/PolygonPrototype/Models/SM_Switch_Remote_01.fbx using Guid(38a252d86312a544095accfca06575c2) Importer(815301076,1909f56bfc062723c751e8b465ee728b)  -> (artifact id: '71c20b29e238ac2b1fd123d9e12cc3d0') in 0.016299 seconds 
========================================================================
Received Import Request.
  Time since last request: 0.000037 seconds.
  path: Assets/Assets/SyntyStudios/PolygonStarter/PolygonPrototype/Models/SM_Switch_Button_01.fbx
  artifactKey: Guid(a95de394cd8c0e14ab5d0ce265e8430f) Importer(815301076,1909f56bfc062723c751e8b465ee728b)
Start importing Assets/Assets/SyntyStudios/PolygonStarter/PolygonPrototype/Models/SM_Switch_Button_01.fbx using Guid(a95de394cd8c0e14ab5d0ce265e8430f) Importer(815301076,1909f56bfc062723c751e8b465ee728b)  -> (artifact id: 'e18068dfde7a7204f8f480a163105639') in 0.017900 seconds 
========================================================================
Received Import Request.
  Time since last request: 0.001765 seconds.
  path: Assets/Assets/SyntyStudios/PolygonStarter/Models/SM_SimpleSky_Dome_01.fbx
  artifactKey: Guid(e9ca908cdd3e3f54a8fd61457b2a8c60) Importer(815301076,1909f56bfc062723c751e8b465ee728b)
Start importing Assets/Assets/SyntyStudios/PolygonStarter/Models/SM_SimpleSky_Dome_01.fbx using Guid(e9ca908cdd3e3f54a8fd61457b2a8c60) Importer(815301076,1909f56bfc062723c751e8b465ee728b)  -> (artifact id: '3fe73053a8dc08ac1ceae2057fe0f744') in 0.008072 seconds 
========================================================================
Received Import Request.
  Time since last request: 4.218355 seconds.
  path: Assets/Assets/SyntyStudios/PolygonCity/Models/SM_Prop_Soda_03.fbx
  artifactKey: Guid(a8122e449c8c032449b43a121b66a11b) Importer(815301076,1909f56bfc062723c751e8b465ee728b)
Start importing Assets/Assets/SyntyStudios/PolygonCity/Models/SM_Prop_Soda_03.fbx using Guid(a8122e449c8c032449b43a121b66a11b) Importer(815301076,1909f56bfc062723c751e8b465ee728b)  -> (artifact id: '9b170af637ec70c969362513d5e9c3bc') in 0.013516 seconds 
========================================================================
Received Import Request.
  Time since last request: 0.000059 seconds.
  path: Assets/Assets/SyntyStudios/PolygonCity/Models/SM_Prop_Soda_01.fbx
  artifactKey: Guid(ef02bf507640a5c41983490f1cd5231c) Importer(815301076,1909f56bfc062723c751e8b465ee728b)
Start importing Assets/Assets/SyntyStudios/PolygonCity/Models/SM_Prop_Soda_01.fbx using Guid(ef02bf507640a5c41983490f1cd5231c) Importer(815301076,1909f56bfc062723c751e8b465ee728b)  -> (artifact id: '24137ebb6b0f46cd7f1f9c25849a1f6d') in 0.008438 seconds 
========================================================================
Received Import Request.
  Time since last request: 0.000041 seconds.
  path: Assets/Assets/SyntyStudios/PolygonCity/Models/SM_Prop_Skip_02.fbx
  artifactKey: Guid(9dbbd76986b815748b9e5a9cb8ab9440) Importer(815301076,1909f56bfc062723c751e8b465ee728b)
Start importing Assets/Assets/SyntyStudios/PolygonCity/Models/SM_Prop_Skip_02.fbx using Guid(9dbbd76986b815748b9e5a9cb8ab9440) Importer(815301076,1909f56bfc062723c751e8b465ee728b)  -> (artifact id: 'a99b16f3a30bb1d1475f09a9deac3ba0') in 0.010523 seconds 
========================================================================
Received Import Request.
  Time since last request: 0.000063 seconds.
  path: Assets/Assets/SyntyStudios/PolygonCity/Models/SM_Prop_Skip_01.fbx
  artifactKey: Guid(7d7d28af9afa8d241ab34047420b9aa9) Importer(815301076,1909f56bfc062723c751e8b465ee728b)
Start importing Assets/Assets/SyntyStudios/PolygonCity/Models/SM_Prop_Skip_01.fbx using Guid(7d7d28af9afa8d241ab34047420b9aa9) Importer(815301076,1909f56bfc062723c751e8b465ee728b)  -> (artifact id: 'f41400e8a153ea6ad630c856b42129d0') in 0.008429 seconds 
========================================================================
Received Import Request.
  Time since last request: 0.000038 seconds.
  path: Assets/Assets/SyntyStudios/PolygonCity/Models/SM_Prop_Sign_XXX_01.fbx
  artifactKey: Guid(9b34ed2ae3da2b64d8678221f68a21df) Importer(815301076,1909f56bfc062723c751e8b465ee728b)
Start importing Assets/Assets/SyntyStudios/PolygonCity/Models/SM_Prop_Sign_XXX_01.fbx using Guid(9b34ed2ae3da2b64d8678221f68a21df) Importer(815301076,1909f56bfc062723c751e8b465ee728b)  -> (artifact id: 'a05006afd11cffc8af2d3a3d52107da0') in 0.008919 seconds 
========================================================================
Received Import Request.
  Time since last request: 0.005792 seconds.
  path: Assets/Assets/SyntyStudios/PolygonCity/Models/SM_Prop_Sign_Police_01.fbx
  artifactKey: Guid(d9cd651e881b90348ba24b8288a19c40) Importer(815301076,1909f56bfc062723c751e8b465ee728b)
Start importing Assets/Assets/SyntyStudios/PolygonCity/Models/SM_Prop_Sign_Police_01.fbx using Guid(d9cd651e881b90348ba24b8288a19c40) Importer(815301076,1909f56bfc062723c751e8b465ee728b)  -> (artifact id: '4b18ba516231db739f1a55b5be7d6e8d') in 0.009090 seconds 
========================================================================
Received Import Request.
  Time since last request: 0.000073 seconds.
  path: Assets/Assets/SyntyStudios/PolygonCity/Models/SM_Prop_Sign_Stop_01.fbx
  artifactKey: Guid(cced21a6fa0e617488e45d54238991aa) Importer(815301076,1909f56bfc062723c751e8b465ee728b)
Start importing Assets/Assets/SyntyStudios/PolygonCity/Models/SM_Prop_Sign_Stop_01.fbx using Guid(cced21a6fa0e617488e45d54238991aa) Importer(815301076,1909f56bfc062723c751e8b465ee728b)  -> (artifact id: '51fd626e877f78f819fbd9e8fc34513b') in 0.010645 seconds 
========================================================================
Received Import Request.
  Time since last request: 2.282657 seconds.
  path: Assets/Assets/SyntyStudios/PolygonCity/Models/SM_Prop_Sign_Parking_01.fbx
  artifactKey: Guid(e9ee184bd1034a54185a81f9c1adc9ad) Importer(815301076,1909f56bfc062723c751e8b465ee728b)
Start importing Assets/Assets/SyntyStudios/PolygonCity/Models/SM_Prop_Sign_Parking_01.fbx using Guid(e9ee184bd1034a54185a81f9c1adc9ad) Importer(815301076,1909f56bfc062723c751e8b465ee728b)  -> (artifact id: '84ac311ad66518d4a9f98472ffa8c395') in 0.009343 seconds 
========================================================================
Received Import Request.
  Time since last request: 0.013941 seconds.
  path: Assets/Assets/SyntyStudios/PolygonCity/Models/SM_Prop_Sign_Hospital_01.fbx
  artifactKey: Guid(ccf486970e7b564458fa149b4aba482e) Importer(815301076,1909f56bfc062723c751e8b465ee728b)
Start importing Assets/Assets/SyntyStudios/PolygonCity/Models/SM_Prop_Sign_Hospital_01.fbx using Guid(ccf486970e7b564458fa149b4aba482e) Importer(815301076,1909f56bfc062723c751e8b465ee728b)  -> (artifact id: '426eb21dad10918905dd6338dce65074') in 0.010153 seconds 
========================================================================
Received Import Request.
  Time since last request: 0.011618 seconds.
  path: Assets/Assets/SyntyStudios/PolygonCity/Models/SM_Prop_Sign_GiveWay_02.fbx
  artifactKey: Guid(de2e9c076df30a943a2b7ecd0d1972f9) Importer(815301076,1909f56bfc062723c751e8b465ee728b)
Start importing Assets/Assets/SyntyStudios/PolygonCity/Models/SM_Prop_Sign_GiveWay_02.fbx using Guid(de2e9c076df30a943a2b7ecd0d1972f9) Importer(815301076,1909f56bfc062723c751e8b465ee728b)  -> (artifact id: '7c5a945c5e1f4be01112c6d5946792cf') in 0.009464 seconds 
========================================================================
Received Import Request.
  Time since last request: 0.000067 seconds.
  path: Assets/Assets/SyntyStudios/PolygonCity/Models/SM_Prop_Sign_GiveWay_01.fbx
  artifactKey: Guid(c3e14bed8b0a4ae448ce20f8764246d1) Importer(815301076,1909f56bfc062723c751e8b465ee728b)
Start importing Assets/Assets/SyntyStudios/PolygonCity/Models/SM_Prop_Sign_GiveWay_01.fbx using Guid(c3e14bed8b0a4ae448ce20f8764246d1) Importer(815301076,1909f56bfc062723c751e8b465ee728b)  -> (artifact id: 'e6c38a2aff67804a534d2f0b1578f2a0') in 0.009181 seconds 
========================================================================
Received Import Request.
  Time since last request: 0.000041 seconds.
  path: Assets/Assets/SyntyStudios/PolygonCity/Models/SM_Prop_Sign_Entrance_01.fbx
  artifactKey: Guid(e338455ceb4877e4298ad3f8118338b9) Importer(815301076,1909f56bfc062723c751e8b465ee728b)
Start importing Assets/Assets/SyntyStudios/PolygonCity/Models/SM_Prop_Sign_Entrance_01.fbx using Guid(e338455ceb4877e4298ad3f8118338b9) Importer(815301076,1909f56bfc062723c751e8b465ee728b)  -> (artifact id: 'cab43ebb7876c70ce9875b6afdf6538a') in 0.009872 seconds 
========================================================================
Received Import Request.
  Time since last request: 0.016143 seconds.
  path: Assets/Assets/SyntyStudios/PolygonCity/Models/SM_Prop_Sign_Attachment_03.fbx
  artifactKey: Guid(7ce641d661454b145b61f863393cd02f) Importer(815301076,1909f56bfc062723c751e8b465ee728b)
Start importing Assets/Assets/SyntyStudios/PolygonCity/Models/SM_Prop_Sign_Attachment_03.fbx using Guid(7ce641d661454b145b61f863393cd02f) Importer(815301076,1909f56bfc062723c751e8b465ee728b)  -> (artifact id: '17dbc389c148fc8cfda4904825387e76') in 0.009045 seconds 
========================================================================
Received Import Request.
  Time since last request: 0.718465 seconds.
  path: Assets/Assets/SyntyStudios/PolygonCity/Models/SM_Prop_Sign_Attachment_01.fbx
  artifactKey: Guid(414863e3baaf77c47a3e5520eae09423) Importer(815301076,1909f56bfc062723c751e8b465ee728b)
Start importing Assets/Assets/SyntyStudios/PolygonCity/Models/SM_Prop_Sign_Attachment_01.fbx using Guid(414863e3baaf77c47a3e5520eae09423) Importer(815301076,1909f56bfc062723c751e8b465ee728b)  -> (artifact id: '03299de61825f960521c0310a297fee1') in 0.013593 seconds 
========================================================================
Received Import Request.
  Time since last request: 0.015288 seconds.
  path: Assets/Assets/SyntyStudios/PolygonCity/Models/SM_Prop_Sidewalk_Panel_03.fbx
  artifactKey: Guid(842514ab0c92c8845a6f829f9c4f6122) Importer(815301076,1909f56bfc062723c751e8b465ee728b)
Start importing Assets/Assets/SyntyStudios/PolygonCity/Models/SM_Prop_Sidewalk_Panel_03.fbx using Guid(842514ab0c92c8845a6f829f9c4f6122) Importer(815301076,1909f56bfc062723c751e8b465ee728b)  -> (artifact id: '7bf6e42c4becd9e2af9c61dd6b647c4a') in 0.009517 seconds 
========================================================================
Received Import Request.
  Time since last request: 0.028175 seconds.
  path: Assets/Assets/SyntyStudios/PolygonCity/Models/SM_Prop_ShopInterior_Shelf_04.fbx
  artifactKey: Guid(0c78c1c25084ece4a90c739e64675450) Importer(815301076,1909f56bfc062723c751e8b465ee728b)
Start importing Assets/Assets/SyntyStudios/PolygonCity/Models/SM_Prop_ShopInterior_Shelf_04.fbx using Guid(0c78c1c25084ece4a90c739e64675450) Importer(815301076,1909f56bfc062723c751e8b465ee728b)  -> (artifact id: 'c16e8ff75654ef61b1d244d14bb49367') in 0.008736 seconds 
========================================================================
Received Import Request.
  Time since last request: 0.000037 seconds.
  path: Assets/Assets/SyntyStudios/PolygonCity/Models/SM_Prop_Sidewalk_Panel_01.fbx
  artifactKey: Guid(2e4cb62a3cd1c914eb9b837f091bb73d) Importer(815301076,1909f56bfc062723c751e8b465ee728b)
Start importing Assets/Assets/SyntyStudios/PolygonCity/Models/SM_Prop_Sidewalk_Panel_01.fbx using Guid(2e4cb62a3cd1c914eb9b837f091bb73d) Importer(815301076,1909f56bfc062723c751e8b465ee728b)  -> (artifact id: '4a86ff065f740dfca88c4edbcc2c481e') in 0.011011 seconds 
========================================================================
Received Import Request.
  Time since last request: 0.012385 seconds.
  path: Assets/Assets/SyntyStudios/PolygonCity/Models/SM_Prop_ShopInterior_Display_02.fbx
  artifactKey: Guid(19a733966acc36e44b627a36017aaf0a) Importer(815301076,1909f56bfc062723c751e8b465ee728b)
Start importing Assets/Assets/SyntyStudios/PolygonCity/Models/SM_Prop_ShopInterior_Display_02.fbx using Guid(19a733966acc36e44b627a36017aaf0a) Importer(815301076,1909f56bfc062723c751e8b465ee728b)  -> (artifact id: '9ed18de5f200c1b8e3502299b64f8157') in 0.009222 seconds 
========================================================================
Received Import Request.
  Time since last request: 0.227370 seconds.
  path: Assets/Assets/SyntyStudios/PolygonCity/Models/SM_Prop_ShopInterior_Desk_02.fbx
  artifactKey: Guid(f5a8dfd8843722a4ea0e48980bed3b4f) Importer(815301076,1909f56bfc062723c751e8b465ee728b)
Start importing Assets/Assets/SyntyStudios/PolygonCity/Models/SM_Prop_ShopInterior_Desk_02.fbx using Guid(f5a8dfd8843722a4ea0e48980bed3b4f) Importer(815301076,1909f56bfc062723c751e8b465ee728b)  -> (artifact id: 'bac76fafeb763046ba3c5a49628d57b2') in 0.012232 seconds 
========================================================================
Received Import Request.
  Time since last request: 0.035362 seconds.
  path: Assets/Assets/SyntyStudios/PolygonAdventure/Models/SM_Prop_Scroll_01.fbx
  artifactKey: Guid(8f499eeaef7edef45b91cc1f8cd8c5c4) Importer(815301076,1909f56bfc062723c751e8b465ee728b)
Start importing Assets/Assets/SyntyStudios/PolygonAdventure/Models/SM_Prop_Scroll_01.fbx using Guid(8f499eeaef7edef45b91cc1f8cd8c5c4) Importer(815301076,1909f56bfc062723c751e8b465ee728b)  -> (artifact id: '792d3943bcf42a0d4d2e397489994917') in 0.008759 seconds 
========================================================================
Received Import Request.
  Time since last request: 0.000048 seconds.
  path: Assets/Assets/SyntyStudios/PolygonCity/Models/SM_Prop_SatDish_01.fbx
  artifactKey: Guid(84cd96749b0e85646a98fe23fb183531) Importer(815301076,1909f56bfc062723c751e8b465ee728b)
Start importing Assets/Assets/SyntyStudios/PolygonCity/Models/SM_Prop_SatDish_01.fbx using Guid(84cd96749b0e85646a98fe23fb183531) Importer(815301076,1909f56bfc062723c751e8b465ee728b)  -> (artifact id: 'dd0b1023686cb9f24673039cc651b174') in 0.008262 seconds 
========================================================================
Received Import Request.
  Time since last request: 0.307279 seconds.
  path: Assets/Assets/SyntyStudios/PolygonKnights/Models/SM_Prop_Rowboat_01.fbx
  artifactKey: Guid(938703b28b6a1334f90ff8c60afac08f) Importer(815301076,1909f56bfc062723c751e8b465ee728b)
Start importing Assets/Assets/SyntyStudios/PolygonKnights/Models/SM_Prop_Rowboat_01.fbx using Guid(938703b28b6a1334f90ff8c60afac08f) Importer(815301076,1909f56bfc062723c751e8b465ee728b)  -> (artifact id: 'aee31b9461ff05231423076b07d78c02') in 0.013220 seconds 
========================================================================
Received Import Request.
  Time since last request: 0.000054 seconds.
  path: Assets/Assets/SyntyStudios/PolygonAdventure/Models/SM_Prop_RoadSign_01.fbx
  artifactKey: Guid(80c7d90fd0ccc9f4396dbb6a8e4bfe93) Importer(815301076,1909f56bfc062723c751e8b465ee728b)
Start importing Assets/Assets/SyntyStudios/PolygonAdventure/Models/SM_Prop_RoadSign_01.fbx using Guid(80c7d90fd0ccc9f4396dbb6a8e4bfe93) Importer(815301076,1909f56bfc062723c751e8b465ee728b)  -> (artifact id: '9df3fa8b172fdcacc40e1f292af1913b') in 0.009056 seconds 
========================================================================
Received Import Request.
  Time since last request: 0.031501 seconds.
  path: Assets/Assets/SyntyStudios/PolygonCity/Models/SM_Prop_PotPlant_01.fbx
  artifactKey: Guid(3f16a42493bfee3448c3a15e454ab2d9) Importer(815301076,1909f56bfc062723c751e8b465ee728b)
Start importing Assets/Assets/SyntyStudios/PolygonCity/Models/SM_Prop_PotPlant_01.fbx using Guid(3f16a42493bfee3448c3a15e454ab2d9) Importer(815301076,1909f56bfc062723c751e8b465ee728b)  -> (artifact id: '5f67ff5f4baab5a40d72becc1541cae7') in 0.008585 seconds 
========================================================================
Received Import Request.
  Time since last request: 0.000064 seconds.
  path: Assets/Assets/SyntyStudios/PolygonAdventure/Models/SM_Prop_Pumpkin_02.fbx
  artifactKey: Guid(90856fdf1f7abec4594117da0f8aff44) Importer(815301076,1909f56bfc062723c751e8b465ee728b)
Start importing Assets/Assets/SyntyStudios/PolygonAdventure/Models/SM_Prop_Pumpkin_02.fbx using Guid(90856fdf1f7abec4594117da0f8aff44) Importer(815301076,1909f56bfc062723c751e8b465ee728b)  -> (artifact id: '0487a8f5d5fb7d10a9a16d7c1e6efbb4') in 0.008941 seconds 
========================================================================
Received Import Request.
  Time since last request: 0.331975 seconds.
  path: Assets/Assets/SyntyStudios/PolygonAdventure/Models/SM_Prop_Pot_02.fbx
  artifactKey: Guid(5ac19ab586ce57c4390c21c080655635) Importer(815301076,1909f56bfc062723c751e8b465ee728b)
Start importing Assets/Assets/SyntyStudios/PolygonAdventure/Models/SM_Prop_Pot_02.fbx using Guid(5ac19ab586ce57c4390c21c080655635) Importer(815301076,1909f56bfc062723c751e8b465ee728b)  -> (artifact id: 'd2392222bfd9bb1f087655123a12534a') in 0.013401 seconds 
========================================================================
Received Import Request.
  Time since last request: 0.000053 seconds.
  path: Assets/Assets/SyntyStudios/PolygonCity/Models/SM_Prop_Poster_02.fbx
  artifactKey: Guid(8d9fd100d18193447bf37bd8380ef034) Importer(815301076,1909f56bfc062723c751e8b465ee728b)
Start importing Assets/Assets/SyntyStudios/PolygonCity/Models/SM_Prop_Poster_02.fbx using Guid(8d9fd100d18193447bf37bd8380ef034) Importer(815301076,1909f56bfc062723c751e8b465ee728b)  -> (artifact id: '2cca420c19a64bb7e199cbf1a457d5db') in 0.008577 seconds 
========================================================================
Received Import Request.
  Time since last request: 0.031676 seconds.
  path: Assets/Assets/SyntyStudios/PolygonKnights/Models/SM_Prop_Plinth_02.fbx
  artifactKey: Guid(bc433f983f2572e48b1ef81f3c091130) Importer(815301076,1909f56bfc062723c751e8b465ee728b)
Start importing Assets/Assets/SyntyStudios/PolygonKnights/Models/SM_Prop_Plinth_02.fbx using Guid(bc433f983f2572e48b1ef81f3c091130) Importer(815301076,1909f56bfc062723c751e8b465ee728b)  -> (artifact id: 'adea143c311c3928fe817e7e3d0649c5') in 0.008732 seconds 
========================================================================
Received Import Request.
  Time since last request: 0.000074 seconds.
  path: Assets/Assets/SyntyStudios/PolygonCity/Models/SM_Prop_PlanterWindow_02.fbx
  artifactKey: Guid(4d7b1e8b05acda04589c4052eaa97df3) Importer(815301076,1909f56bfc062723c751e8b465ee728b)
Start importing Assets/Assets/SyntyStudios/PolygonCity/Models/SM_Prop_PlanterWindow_02.fbx using Guid(4d7b1e8b05acda04589c4052eaa97df3) Importer(815301076,1909f56bfc062723c751e8b465ee728b)  -> (artifact id: '498487f32cc0c8cf46f2c91bb7b805f3') in 0.008769 seconds 
========================================================================
Received Import Request.
  Time since last request: 0.851232 seconds.
  path: Assets/Assets/SyntyStudios/PolygonStarter/PolygonPrototype/Models/SM_Prop_Pistol_01.fbx
  artifactKey: Guid(710f9bac1a26064439306a44e742c04b) Importer(815301076,1909f56bfc062723c751e8b465ee728b)
Start importing Assets/Assets/SyntyStudios/PolygonStarter/PolygonPrototype/Models/SM_Prop_Pistol_01.fbx using Guid(710f9bac1a26064439306a44e742c04b) Importer(815301076,1909f56bfc062723c751e8b465ee728b)  -> (artifact id: 'e0d251c2a4f8438f0f8f7df8e02a9b56') in 0.032428 seconds 
========================================================================
Received Import Request.
  Time since last request: 0.018357 seconds.
  path: Assets/Assets/SyntyStudios/PolygonCity/Models/SM_Prop_Pipe_Small_02.fbx
  artifactKey: Guid(e767a6d8edb908a419553aeda66f5282) Importer(815301076,1909f56bfc062723c751e8b465ee728b)
Start importing Assets/Assets/SyntyStudios/PolygonCity/Models/SM_Prop_Pipe_Small_02.fbx using Guid(e767a6d8edb908a419553aeda66f5282) Importer(815301076,1909f56bfc062723c751e8b465ee728b)  -> (artifact id: 'deb7b6b50893d3dc2117896eac8aacb4') in 0.008861 seconds 
========================================================================
Received Import Request.
  Time since last request: 0.000060 seconds.
  path: Assets/Assets/SyntyStudios/PolygonCity/Models/SM_Prop_Pipe_Small_01.fbx
  artifactKey: Guid(555faddb0f4f8a64f942ddd15e67af9c) Importer(815301076,1909f56bfc062723c751e8b465ee728b)
Start importing Assets/Assets/SyntyStudios/PolygonCity/Models/SM_Prop_Pipe_Small_01.fbx using Guid(555faddb0f4f8a64f942ddd15e67af9c) Importer(815301076,1909f56bfc062723c751e8b465ee728b)  -> (artifact id: '7f00d18ff1be3cf3de4a492df40affda') in 0.009213 seconds 
========================================================================
Received Import Request.
  Time since last request: 0.000117 seconds.
  path: Assets/Assets/SyntyStudios/PolygonCity/Models/SM_Prop_Pipe_Present_03.fbx
  artifactKey: Guid(08360026170618b43b8ac93e6533f74b) Importer(815301076,1909f56bfc062723c751e8b465ee728b)
Start importing Assets/Assets/SyntyStudios/PolygonCity/Models/SM_Prop_Pipe_Present_03.fbx using Guid(08360026170618b43b8ac93e6533f74b) Importer(815301076,1909f56bfc062723c751e8b465ee728b)  -> (artifact id: '74b565ffdb7434601f3205a6047b1036') in 0.008339 seconds 
========================================================================
Received Import Request.
  Time since last request: 0.000111 seconds.
  path: Assets/Assets/SyntyStudios/PolygonStarter/PolygonPrototype/Models/SM_Prop_Pipe_03.fbx
  artifactKey: Guid(4c2d4014b78a5fb45a38f5247ed76183) Importer(815301076,1909f56bfc062723c751e8b465ee728b)
Start importing Assets/Assets/SyntyStudios/PolygonStarter/PolygonPrototype/Models/SM_Prop_Pipe_03.fbx using Guid(4c2d4014b78a5fb45a38f5247ed76183) Importer(815301076,1909f56bfc062723c751e8b465ee728b)  -> (artifact id: '3646dab9a2805600ff84591a8a8cc893') in 0.008683 seconds 
========================================================================
Received Import Request.
  Time since last request: 0.000057 seconds.
  path: Assets/Assets/SyntyStudios/PolygonStarter/PolygonPrototype/Models/SM_Prop_Pipe_01.fbx
  artifactKey: Guid(f64e03b3220ede944bd586ef48b59148) Importer(815301076,1909f56bfc062723c751e8b465ee728b)
Start importing Assets/Assets/SyntyStudios/PolygonStarter/PolygonPrototype/Models/SM_Prop_Pipe_01.fbx using Guid(f64e03b3220ede944bd586ef48b59148) Importer(815301076,1909f56bfc062723c751e8b465ee728b)  -> (artifact id: '787be9c9e32431f8d54ec6e65dead899') in 0.008265 seconds 
========================================================================
Received Import Request.
  Time since last request: 0.608396 seconds.
  path: Assets/Assets/SyntyStudios/PolygonCity/Models/SM_Prop_ParkingMeter_01.fbx
  artifactKey: Guid(bc6d4e50475f85448a0345adc55750e0) Importer(815301076,1909f56bfc062723c751e8b465ee728b)
Start importing Assets/Assets/SyntyStudios/PolygonCity/Models/SM_Prop_ParkingMeter_01.fbx using Guid(bc6d4e50475f85448a0345adc55750e0) Importer(815301076,1909f56bfc062723c751e8b465ee728b)  -> (artifact id: '2bf01f548682c9a4f94d58d2e74b40a8') in 0.013006 seconds 
========================================================================
Received Import Request.
  Time since last request: 0.024397 seconds.
  path: Assets/Assets/SyntyStudios/PolygonCity/Models/SM_Prop_Paper_03.fbx
  artifactKey: Guid(4672e905a94e7c842a52305e53f0cd20) Importer(815301076,1909f56bfc062723c751e8b465ee728b)
Start importing Assets/Assets/SyntyStudios/PolygonCity/Models/SM_Prop_Paper_03.fbx using Guid(4672e905a94e7c842a52305e53f0cd20) Importer(815301076,1909f56bfc062723c751e8b465ee728b)  -> (artifact id: 'df0d6ebb2ba08bcfd7936e01be15b1b4') in 0.012584 seconds 
========================================================================
Received Import Request.
  Time since last request: 0.000056 seconds.
  path: Assets/Assets/SyntyStudios/PolygonStarter/PolygonPrototype/Models/SM_Prop_Minigolf_Flag_01.fbx
  artifactKey: Guid(98e37bc00ceb07b419720db8c910c0af) Importer(815301076,1909f56bfc062723c751e8b465ee728b)
Start importing Assets/Assets/SyntyStudios/PolygonStarter/PolygonPrototype/Models/SM_Prop_Minigolf_Flag_01.fbx using Guid(98e37bc00ceb07b419720db8c910c0af) Importer(815301076,1909f56bfc062723c751e8b465ee728b)  -> (artifact id: '1889435f6daf2c743985d518b46bd746') in 0.009419 seconds 
========================================================================
Received Import Request.
  Time since last request: 0.732927 seconds.
  path: Assets/Assets/SyntyStudios/PolygonStarter/PolygonPrototype/Models/SM_Prop_Microphone_01.fbx
  artifactKey: Guid(fba9484d89c10fb45bc74c04c93785ec) Importer(815301076,1909f56bfc062723c751e8b465ee728b)
Start importing Assets/Assets/SyntyStudios/PolygonStarter/PolygonPrototype/Models/SM_Prop_Microphone_01.fbx using Guid(fba9484d89c10fb45bc74c04c93785ec) Importer(815301076,1909f56bfc062723c751e8b465ee728b)  -> (artifact id: '8b2265a40a748f6c632bf2318fe552fc') in 0.011655 seconds 
========================================================================
Received Import Request.
  Time since last request: 0.037940 seconds.
  path: Assets/Assets/SyntyStudios/PolygonCity/Models/SM_Prop_Manhole_02.fbx
  artifactKey: Guid(1e0d510f17a83f043a2e1e4619bf180c) Importer(815301076,1909f56bfc062723c751e8b465ee728b)
Start importing Assets/Assets/SyntyStudios/PolygonCity/Models/SM_Prop_Manhole_02.fbx using Guid(1e0d510f17a83f043a2e1e4619bf180c) Importer(815301076,1909f56bfc062723c751e8b465ee728b)  -> (artifact id: '45062ee39f9cacdd16f1b911831bc397') in 0.010166 seconds 
========================================================================
Received Import Request.
  Time since last request: 0.000043 seconds.
  path: Assets/Assets/SyntyStudios/PolygonAdventure/Models/SM_Prop_Logpile_01.fbx
  artifactKey: Guid(a2962ccd00bbcbd4aa3399580168cc2a) Importer(815301076,1909f56bfc062723c751e8b465ee728b)
Start importing Assets/Assets/SyntyStudios/PolygonAdventure/Models/SM_Prop_Logpile_01.fbx using Guid(a2962ccd00bbcbd4aa3399580168cc2a) Importer(815301076,1909f56bfc062723c751e8b465ee728b)  -> (artifact id: 'cead4fd05ea8391b82cc317f3bef91cc') in 0.009027 seconds 
========================================================================
Received Import Request.
  Time since last request: 0.027297 seconds.
  path: Assets/Assets/SyntyStudios/PolygonCity/Models/SM_Prop_LightPole_Lights_02.fbx
  artifactKey: Guid(009d0f4e5f666794ab7c12a973d516ab) Importer(815301076,1909f56bfc062723c751e8b465ee728b)
Start importing Assets/Assets/SyntyStudios/PolygonCity/Models/SM_Prop_LightPole_Lights_02.fbx using Guid(009d0f4e5f666794ab7c12a973d516ab) Importer(815301076,1909f56bfc062723c751e8b465ee728b)  -> (artifact id: '6fb76bb8f2c532eaa3e1ac32a7dbec47') in 0.008556 seconds 
========================================================================
Received Import Request.
  Time since last request: 6.301009 seconds.
  path: Assets/Assets/SyntyStudios/PolygonKnights/Models/Characters/Characters_POLYGON_Knights.fbx
  artifactKey: Guid(d288a0e4a2d923b46898986e979da643) Importer(815301076,1909f56bfc062723c751e8b465ee728b)
Start importing Assets/Assets/SyntyStudios/PolygonKnights/Models/Characters/Characters_POLYGON_Knights.fbx using Guid(d288a0e4a2d923b46898986e979da643) Importer(815301076,1909f56bfc062723c751e8b465ee728b)  -> (artifact id: '3fd8415eaca4394b51d8bcce9464330d') in 0.200119 seconds 
========================================================================
Received Import Request.
  Time since last request: 3.729030 seconds.
  path: Assets/Assets/Photon/PhotonUnityNetworking/Demos/DemoSlotRacer/Kenney Assets/Racing Kit/Models/billboardLower.fbx
  artifactKey: Guid(271d69ba92e5ec94eaa3779f0ea4ce47) Importer(815301076,1909f56bfc062723c751e8b465ee728b)
Start importing Assets/Assets/Photon/PhotonUnityNetworking/Demos/DemoSlotRacer/Kenney Assets/Racing Kit/Models/billboardLower.fbx using Guid(271d69ba92e5ec94eaa3779f0ea4ce47) Importer(815301076,1909f56bfc062723c751e8b465ee728b)  -> (artifact id: 'bb1ed08650e49a5ac30c4c7311220130') in 0.019492 seconds 
========================================================================
Received Import Request.
  Time since last request: 15.907410 seconds.
  path: Assets/Assets/SyntyStudios/PolygonAdventure/Models/SM_Prop_Book_03.fbx
  artifactKey: Guid(88ebd9500335e364c806d7e7cb7166fa) Importer(815301076,1909f56bfc062723c751e8b465ee728b)
Start importing Assets/Assets/SyntyStudios/PolygonAdventure/Models/SM_Prop_Book_03.fbx using Guid(88ebd9500335e364c806d7e7cb7166fa) Importer(815301076,1909f56bfc062723c751e8b465ee728b)  -> (artifact id: '4529a52e5fed1b5c8c079ee3d37fb9b5') in 0.014706 seconds 
========================================================================
Received Import Request.
  Time since last request: 0.000317 seconds.
  path: Assets/Assets/SyntyStudios/PolygonStarter/PolygonPrototype/Models/SM_Prop_Bowling_Ball_01.fbx
  artifactKey: Guid(4336d8597e5ff1444a02b31ba1a98fd3) Importer(815301076,1909f56bfc062723c751e8b465ee728b)
Start importing Assets/Assets/SyntyStudios/PolygonStarter/PolygonPrototype/Models/SM_Prop_Bowling_Ball_01.fbx using Guid(4336d8597e5ff1444a02b31ba1a98fd3) Importer(815301076,1909f56bfc062723c751e8b465ee728b)  -> (artifact id: 'a82e74784b97feb4271cb5f99f3dcdda') in 0.008434 seconds 
========================================================================
Received Import Request.
  Time since last request: 0.025007 seconds.
  path: Assets/Assets/SyntyStudios/PolygonStarter/PolygonPrototype/Models/SM_Prop_BoxingGlove_01.fbx
  artifactKey: Guid(a410315ac02bc904294ebe115825a9db) Importer(815301076,1909f56bfc062723c751e8b465ee728b)
Start importing Assets/Assets/SyntyStudios/PolygonStarter/PolygonPrototype/Models/SM_Prop_BoxingGlove_01.fbx using Guid(a410315ac02bc904294ebe115825a9db) Importer(815301076,1909f56bfc062723c751e8b465ee728b)  -> (artifact id: 'c45a6adf272e3c8f8bb2da7c58371a9e') in 0.010638 seconds 
========================================================================
Received Import Request.
  Time since last request: 0.041712 seconds.
  path: Assets/Assets/SyntyStudios/PolygonAdventure/Models/SM_Prop_Cart_01.fbx
  artifactKey: Guid(9ce8a12c9961b0341b95b4e9f4be8166) Importer(815301076,1909f56bfc062723c751e8b465ee728b)
Start importing Assets/Assets/SyntyStudios/PolygonAdventure/Models/SM_Prop_Cart_01.fbx using Guid(9ce8a12c9961b0341b95b4e9f4be8166) Importer(815301076,1909f56bfc062723c751e8b465ee728b)  -> (artifact id: 'eccf1da4bbcecf3c01828b9cfb1f41f5') in 0.009627 seconds 
========================================================================
Received Import Request.
  Time since last request: 3.481212 seconds.
  path: Assets/Assets/SyntyStudios/PolygonAdventure/Models/SM_Prop_Cart_02.fbx
  artifactKey: Guid(df5d0b6ff55d32f4bb0a1a6bc9869490) Importer(815301076,1909f56bfc062723c751e8b465ee728b)
Start importing Assets/Assets/SyntyStudios/PolygonAdventure/Models/SM_Prop_Cart_02.fbx using Guid(df5d0b6ff55d32f4bb0a1a6bc9869490) Importer(815301076,1909f56bfc062723c751e8b465ee728b)  -> (artifact id: 'e2cd9775d63dbfcd252b58e704b93552') in 0.017857 seconds 
========================================================================
Received Import Request.
  Time since last request: 0.036408 seconds.
  path: Assets/Assets/SyntyStudios/PolygonKnights/Models/SM_Prop_CartHay_01_Snow.fbx
  artifactKey: Guid(dedf4c9070954c6478ba2435d3dc93a9) Importer(815301076,1909f56bfc062723c751e8b465ee728b)
Start importing Assets/Assets/SyntyStudios/PolygonKnights/Models/SM_Prop_CartHay_01_Snow.fbx using Guid(dedf4c9070954c6478ba2435d3dc93a9) Importer(815301076,1909f56bfc062723c751e8b465ee728b)  -> (artifact id: 'e9d2958528ae105024ce3688fb5f3c60') in 0.009618 seconds 
========================================================================
Received Import Request.
  Time since last request: 0.042833 seconds.
  path: Assets/Assets/SyntyStudios/PolygonAdventure/Models/SM_Prop_Cheese_03.fbx
  artifactKey: Guid(fab11868610aa234bab93486808aeeb7) Importer(815301076,1909f56bfc062723c751e8b465ee728b)
Start importing Assets/Assets/SyntyStudios/PolygonAdventure/Models/SM_Prop_Cheese_03.fbx using Guid(fab11868610aa234bab93486808aeeb7) Importer(815301076,1909f56bfc062723c751e8b465ee728b)  -> (artifact id: '89b6682a4877225d32653746bcd24d2f') in 0.008808 seconds 
========================================================================
Received Import Request.
  Time since last request: 1.634766 seconds.
  path: Assets/Assets/SyntyStudios/PolygonStarter/PolygonPrototype/Models/SM_Prop_Chest_Wood_01.fbx
  artifactKey: Guid(9ffb334c672fd3e44aad2a8cf409323e) Importer(815301076,1909f56bfc062723c751e8b465ee728b)
Start importing Assets/Assets/SyntyStudios/PolygonStarter/PolygonPrototype/Models/SM_Prop_Chest_Wood_01.fbx using Guid(9ffb334c672fd3e44aad2a8cf409323e) Importer(815301076,1909f56bfc062723c751e8b465ee728b)  -> (artifact id: '02fa4e23ac07380e5287334aa9f5b62e') in 0.026952 seconds 
========================================================================
Received Import Request.
  Time since last request: 0.012852 seconds.
  path: Assets/Assets/SyntyStudios/PolygonStarter/PolygonPrototype/Models/SM_Prop_Cone_01.fbx
  artifactKey: Guid(a9be3e917a5f45042983d269d11e6497) Importer(815301076,1909f56bfc062723c751e8b465ee728b)
Start importing Assets/Assets/SyntyStudios/PolygonStarter/PolygonPrototype/Models/SM_Prop_Cone_01.fbx using Guid(a9be3e917a5f45042983d269d11e6497) Importer(815301076,1909f56bfc062723c751e8b465ee728b)  -> (artifact id: '6f2d151b74075ef52b54e4dfb262bb98') in 0.009614 seconds 
========================================================================
Received Import Request.
  Time since last request: 1.658306 seconds.
  path: Assets/Assets/SyntyStudios/PolygonAdventure/Models/SM_Prop_Crate_01.fbx
  artifactKey: Guid(b63a43da9ab50d847ad7383d9176deb6) Importer(815301076,1909f56bfc062723c751e8b465ee728b)
Start importing Assets/Assets/SyntyStudios/PolygonAdventure/Models/SM_Prop_Crate_01.fbx using Guid(b63a43da9ab50d847ad7383d9176deb6) Importer(815301076,1909f56bfc062723c751e8b465ee728b)  -> (artifact id: '4d8336eab17dc5d408ab2c2125bc496d') in 0.018007 seconds 
========================================================================
Received Import Request.
  Time since last request: 0.014436 seconds.
  path: Assets/Assets/SyntyStudios/PolygonKnights/Models/SM_Prop_Crate_01.fbx
  artifactKey: Guid(c7fcdb7e4f1815148a7dd478371e1003) Importer(815301076,1909f56bfc062723c751e8b465ee728b)
Start importing Assets/Assets/SyntyStudios/PolygonKnights/Models/SM_Prop_Crate_01.fbx using Guid(c7fcdb7e4f1815148a7dd478371e1003) Importer(815301076,1909f56bfc062723c751e8b465ee728b)  -> (artifact id: '611ef6f38726279161a309fef00c53ec') in 0.010449 seconds 
========================================================================
Received Import Request.
  Time since last request: 0.000509 seconds.
  path: Assets/Assets/SyntyStudios/PolygonStarter/PolygonPrototype/Models/SM_Prop_Crate_02.fbx
  artifactKey: Guid(31406d63b5b79594f8940797ad17d69c) Importer(815301076,1909f56bfc062723c751e8b465ee728b)
Start importing Assets/Assets/SyntyStudios/PolygonStarter/PolygonPrototype/Models/SM_Prop_Crate_02.fbx using Guid(31406d63b5b79594f8940797ad17d69c) Importer(815301076,1909f56bfc062723c751e8b465ee728b)  -> (artifact id: '824a99464ef76c2f33118fe2cf551c3f') in 0.009404 seconds 
========================================================================
Received Import Request.
  Time since last request: 1.268344 seconds.
  path: Assets/Assets/SyntyStudios/PolygonStarter/PolygonPrototype/Models/SM_Prop_Crate_Exclamation_01.fbx
  artifactKey: Guid(fb1d5bb32bee53b4b9bcd4c417e5bdc0) Importer(815301076,1909f56bfc062723c751e8b465ee728b)
Start importing Assets/Assets/SyntyStudios/PolygonStarter/PolygonPrototype/Models/SM_Prop_Crate_Exclamation_01.fbx using Guid(fb1d5bb32bee53b4b9bcd4c417e5bdc0) Importer(815301076,1909f56bfc062723c751e8b465ee728b)  -> (artifact id: 'ff565c1e389c8bea1265bdd926867b96') in 0.011033 seconds 
========================================================================
Received Import Request.
  Time since last request: 264.108629 seconds.
  path: Assets/Assets/SyntyStudios/PolygonStarter/PolygonPrototype/Models/SM_Primitive_Torus_03.fbx
  artifactKey: Guid(e039c490d4fe81b43ae77f868e2dd190) Importer(815301076,1909f56bfc062723c751e8b465ee728b)
Start importing Assets/Assets/SyntyStudios/PolygonStarter/PolygonPrototype/Models/SM_Primitive_Torus_03.fbx using Guid(e039c490d4fe81b43ae77f868e2dd190) Importer(815301076,1909f56bfc062723c751e8b465ee728b)  -> (artifact id: 'dec2973668ebb03c57d827b7348bd0e8') in 0.011080 seconds 
========================================================================
Received Import Request.
  Time since last request: 0.000062 seconds.
  path: Assets/Assets/SyntyStudios/PolygonStarter/PolygonPrototype/Models/SM_Prop_Bat_01.fbx
  artifactKey: Guid(5d4d8c275aacdd943b94b26940482a2e) Importer(815301076,1909f56bfc062723c751e8b465ee728b)
Start importing Assets/Assets/SyntyStudios/PolygonStarter/PolygonPrototype/Models/SM_Prop_Bat_01.fbx using Guid(5d4d8c275aacdd943b94b26940482a2e) Importer(815301076,1909f56bfc062723c751e8b465ee728b)  -> (artifact id: '782cc87840cf79aaf5d973c39072355c') in 0.010393 seconds 
========================================================================
Received Import Request.
  Time since last request: 0.000067 seconds.
  path: Assets/Assets/SyntyStudios/PolygonStarter/PolygonPrototype/Models/SM_Prop_Dynamite_01.fbx
  artifactKey: Guid(2d01520dac1bb4a49b7d2180a1ed7f0d) Importer(815301076,1909f56bfc062723c751e8b465ee728b)
Start importing Assets/Assets/SyntyStudios/PolygonStarter/PolygonPrototype/Models/SM_Prop_Dynamite_01.fbx using Guid(2d01520dac1bb4a49b7d2180a1ed7f0d) Importer(815301076,1909f56bfc062723c751e8b465ee728b)  -> (artifact id: '3fe66affb02616539c686bd50cf8468c') in 0.011800 seconds 
========================================================================
Received Import Request.
  Time since last request: 0.000108 seconds.
  path: Assets/Assets/SyntyStudios/PolygonStarter/PolygonPrototype/Models/SM_Prop_Knife_01.fbx
  artifactKey: Guid(88ef0415f57d7a4478fa57094be1876a) Importer(815301076,1909f56bfc062723c751e8b465ee728b)
Start importing Assets/Assets/SyntyStudios/PolygonStarter/PolygonPrototype/Models/SM_Prop_Knife_01.fbx using Guid(88ef0415f57d7a4478fa57094be1876a) Importer(815301076,1909f56bfc062723c751e8b465ee728b)  -> (artifact id: '7f58054aa8de058b59bfc23dbb7e4f6b') in 0.008439 seconds 
========================================================================
Received Import Request.
  Time since last request: 0.000075 seconds.
  path: Assets/Assets/SyntyStudios/PolygonStarter/PolygonPrototype/Models/SM_Primitive_Torus_05.fbx
  artifactKey: Guid(a62a092863dcd35458488e8e65489988) Importer(815301076,1909f56bfc062723c751e8b465ee728b)
Start importing Assets/Assets/SyntyStudios/PolygonStarter/PolygonPrototype/Models/SM_Primitive_Torus_05.fbx using Guid(a62a092863dcd35458488e8e65489988) Importer(815301076,1909f56bfc062723c751e8b465ee728b)  -> (artifact id: '56000e9e548a323c4acaa39554af21e2') in 0.009770 seconds 
========================================================================
Received Import Request.
  Time since last request: 0.000047 seconds.
  path: Assets/Assets/SyntyStudios/PolygonStarter/PolygonPrototype/Models/SM_Primitive_Tube_05.fbx
  artifactKey: Guid(495d4b0f8e45e104fb8da65211ca11e6) Importer(815301076,1909f56bfc062723c751e8b465ee728b)
Start importing Assets/Assets/SyntyStudios/PolygonStarter/PolygonPrototype/Models/SM_Primitive_Tube_05.fbx using Guid(495d4b0f8e45e104fb8da65211ca11e6) Importer(815301076,1909f56bfc062723c751e8b465ee728b)  -> (artifact id: 'c0f3a066772fe059c4cf1c36893bc628') in 0.007084 seconds 
========================================================================
Received Import Request.
  Time since last request: 0.000057 seconds.
  path: Assets/Assets/SyntyStudios/PolygonStarter/PolygonPrototype/Models/SM_Prop_Ladder_1x1_01P.fbx
  artifactKey: Guid(8556517e2473bd24eada55eb382de98c) Importer(815301076,1909f56bfc062723c751e8b465ee728b)
Start importing Assets/Assets/SyntyStudios/PolygonStarter/PolygonPrototype/Models/SM_Prop_Ladder_1x1_01P.fbx using Guid(8556517e2473bd24eada55eb382de98c) Importer(815301076,1909f56bfc062723c751e8b465ee728b)  -> (artifact id: '10b754ee2fe1af2faf17e89d1420cf44') in 0.007972 seconds 
========================================================================
Received Import Request.
  Time since last request: 0.000065 seconds.
  path: Assets/Assets/SyntyStudios/PolygonStarter/PolygonPrototype/Models/SM_Prop_DartBoard_01.fbx
  artifactKey: Guid(261dc0d61624bfb4080034475fae753f) Importer(815301076,1909f56bfc062723c751e8b465ee728b)
Start importing Assets/Assets/SyntyStudios/PolygonStarter/PolygonPrototype/Models/SM_Prop_DartBoard_01.fbx using Guid(261dc0d61624bfb4080034475fae753f) Importer(815301076,1909f56bfc062723c751e8b465ee728b)  -> (artifact id: '45632dc0c12b13c0df84a3c882ffb401') in 0.009192 seconds 
========================================================================
Received Import Request.
  Time since last request: 0.000048 seconds.
  path: Assets/Assets/SyntyStudios/PolygonStarter/PolygonPrototype/Models/SM_Prop_Horseshoe_Toss_01.fbx
  artifactKey: Guid(ded317d17d4b48346a0762ca876603d4) Importer(815301076,1909f56bfc062723c751e8b465ee728b)
Start importing Assets/Assets/SyntyStudios/PolygonStarter/PolygonPrototype/Models/SM_Prop_Horseshoe_Toss_01.fbx using Guid(ded317d17d4b48346a0762ca876603d4) Importer(815301076,1909f56bfc062723c751e8b465ee728b)  -> (artifact id: 'edc238177a0adc1134a858e85b30b107') in 0.011349 seconds 
========================================================================
Received Import Request.
  Time since last request: 0.000052 seconds.
  path: Assets/Assets/SyntyStudios/PolygonStarter/PolygonPrototype/Models/SM_Prop_Ladder_1x1_01.fbx
  artifactKey: Guid(6b3b1378d3d1dda4787c0dff0a4902dc) Importer(815301076,1909f56bfc062723c751e8b465ee728b)
Start importing Assets/Assets/SyntyStudios/PolygonStarter/PolygonPrototype/Models/SM_Prop_Ladder_1x1_01.fbx using Guid(6b3b1378d3d1dda4787c0dff0a4902dc) Importer(815301076,1909f56bfc062723c751e8b465ee728b)  -> (artifact id: '594022c43e24d4e2514cb8c2d3ca24d6') in 0.008776 seconds 
========================================================================
Received Import Request.
  Time since last request: 0.000056 seconds.
  path: Assets/Assets/SyntyStudios/PolygonStarter/PolygonPrototype/Models/SM_Primitive_Tube_03.fbx
  artifactKey: Guid(c336f8b5a9f92984683b1197e8c44f4e) Importer(815301076,1909f56bfc062723c751e8b465ee728b)
Start importing Assets/Assets/SyntyStudios/PolygonStarter/PolygonPrototype/Models/SM_Primitive_Tube_03.fbx using Guid(c336f8b5a9f92984683b1197e8c44f4e) Importer(815301076,1909f56bfc062723c751e8b465ee728b)  -> (artifact id: 'ffcee7c2fa67adf68ea822570cca134e') in 0.009550 seconds 
========================================================================
Received Import Request.
  Time since last request: 0.000053 seconds.
  path: Assets/Assets/SyntyStudios/PolygonStarter/PolygonPrototype/Models/SM_Prop_Badminton_Racket_01.fbx
  artifactKey: Guid(5fbeb77e2c28add4c85a16fc59ff4aa9) Importer(815301076,1909f56bfc062723c751e8b465ee728b)
Start importing Assets/Assets/SyntyStudios/PolygonStarter/PolygonPrototype/Models/SM_Prop_Badminton_Racket_01.fbx using Guid(5fbeb77e2c28add4c85a16fc59ff4aa9) Importer(815301076,1909f56bfc062723c751e8b465ee728b)  -> (artifact id: 'ce7ca54d9a0837ab47da02ac07dee691') in 0.011551 seconds 
========================================================================
Received Import Request.
  Time since last request: 0.000045 seconds.
  path: Assets/Assets/SyntyStudios/PolygonStarter/PolygonPrototype/Models/SM_Prop_FlagPole_01.fbx
  artifactKey: Guid(de42f45ee9765794bb30627f001550d2) Importer(815301076,1909f56bfc062723c751e8b465ee728b)
Start importing Assets/Assets/SyntyStudios/PolygonStarter/PolygonPrototype/Models/SM_Prop_FlagPole_01.fbx using Guid(de42f45ee9765794bb30627f001550d2) Importer(815301076,1909f56bfc062723c751e8b465ee728b)  -> (artifact id: '01d6ada216e6acca2b3b6dd0f4b7d146') in 0.008707 seconds 
========================================================================
Received Import Request.
  Time since last request: 0.000071 seconds.
  path: Assets/Assets/SyntyStudios/PolygonStarter/PolygonPrototype/Models/SM_Prop_Badminton_Shuttle_01.fbx
  artifactKey: Guid(ce2f9b3204e881f42a83022e4a984331) Importer(815301076,1909f56bfc062723c751e8b465ee728b)
Start importing Assets/Assets/SyntyStudios/PolygonStarter/PolygonPrototype/Models/SM_Prop_Badminton_Shuttle_01.fbx using Guid(ce2f9b3204e881f42a83022e4a984331) Importer(815301076,1909f56bfc062723c751e8b465ee728b)  -> (artifact id: 'cabc0510d15a4d9b641822772b74814e') in 0.009759 seconds 
========================================================================
Received Import Request.
  Time since last request: 2.610493 seconds.
  path: Assets/Assets/SyntyStudios/PolygonStarter/PolygonPrototype/Models/SM_Prop_Ladder_1x4_01.fbx
  artifactKey: Guid(79f55cfd12578cc4686048b4d987b273) Importer(815301076,1909f56bfc062723c751e8b465ee728b)
Start importing Assets/Assets/SyntyStudios/PolygonStarter/PolygonPrototype/Models/SM_Prop_Ladder_1x4_01.fbx using Guid(79f55cfd12578cc4686048b4d987b273) Importer(815301076,1909f56bfc062723c751e8b465ee728b)  -> (artifact id: 'c16290b6f08f2c7716652bf5dc0781c0') in 0.010183 seconds 
========================================================================
Received Import Request.
  Time since last request: 5.267270 seconds.
  path: Assets/Assets/SyntyStudios/PolygonStarter/PolygonPrototype/Models/SM_Primitive_Cylander_Wedge_01.fbx
  artifactKey: Guid(57d9f7c4074d47642aa0cb7ebce4f141) Importer(815301076,1909f56bfc062723c751e8b465ee728b)
Start importing Assets/Assets/SyntyStudios/PolygonStarter/PolygonPrototype/Models/SM_Primitive_Cylander_Wedge_01.fbx using Guid(57d9f7c4074d47642aa0cb7ebce4f141) Importer(815301076,1909f56bfc062723c751e8b465ee728b)  -> (artifact id: 'f6c0551b43476c8fd9b11cde00a9a68e') in 0.016801 seconds 
========================================================================
Received Import Request.
  Time since last request: 0.000081 seconds.
  path: Assets/Assets/SyntyStudios/PolygonStarter/PolygonPrototype/Models/SM_Primitive_Sphere_01.fbx
  artifactKey: Guid(e49c959f3097f964e85dde87cf1eca2f) Importer(815301076,1909f56bfc062723c751e8b465ee728b)
Start importing Assets/Assets/SyntyStudios/PolygonStarter/PolygonPrototype/Models/SM_Primitive_Sphere_01.fbx using Guid(e49c959f3097f964e85dde87cf1eca2f) Importer(815301076,1909f56bfc062723c751e8b465ee728b)  -> (artifact id: '260b6f574f49bc889714b3efb41ec6e6') in 0.008906 seconds 
========================================================================
Received Import Request.
  Time since last request: 0.000071 seconds.
  path: Assets/Assets/SyntyStudios/PolygonStarter/PolygonPrototype/Models/SM_Primitive_Torus_01P.fbx
  artifactKey: Guid(b84c1ae466554ed4cab130e408802f1d) Importer(815301076,1909f56bfc062723c751e8b465ee728b)
Start importing Assets/Assets/SyntyStudios/PolygonStarter/PolygonPrototype/Models/SM_Primitive_Torus_01P.fbx using Guid(b84c1ae466554ed4cab130e408802f1d) Importer(815301076,1909f56bfc062723c751e8b465ee728b)  -> (artifact id: '04a38586020dd542730c5e9abc0a108a') in 0.008140 seconds 
========================================================================
Received Import Request.
  Time since last request: 0.000077 seconds.
  path: Assets/Assets/SyntyStudios/PolygonStarter/PolygonPrototype/Models/SM_Primitive_Sphere_05.fbx
  artifactKey: Guid(ce8f07fe59a27e54a9a176b4f97f75ff) Importer(815301076,1909f56bfc062723c751e8b465ee728b)
Start importing Assets/Assets/SyntyStudios/PolygonStarter/PolygonPrototype/Models/SM_Primitive_Sphere_05.fbx using Guid(ce8f07fe59a27e54a9a176b4f97f75ff) Importer(815301076,1909f56bfc062723c751e8b465ee728b)  -> (artifact id: '3417a98e3ce938d2ab9d3d3415041878') in 0.009704 seconds 
========================================================================
Received Import Request.
  Time since last request: 1.551259 seconds.
  path: Assets/Assets/SyntyStudios/PolygonStarter/PolygonPrototype/Models/SM_Primitive_Cone_04.fbx
  artifactKey: Guid(e08dad76adef59e4aa519ab2ee9732ab) Importer(815301076,1909f56bfc062723c751e8b465ee728b)
Start importing Assets/Assets/SyntyStudios/PolygonStarter/PolygonPrototype/Models/SM_Primitive_Cone_04.fbx using Guid(e08dad76adef59e4aa519ab2ee9732ab) Importer(815301076,1909f56bfc062723c751e8b465ee728b)  -> (artifact id: '39544af4f1211028536e277524fc5940') in 0.010419 seconds 
========================================================================
Received Import Request.
  Time since last request: 0.000058 seconds.
  path: Assets/Assets/SyntyStudios/PolygonStarter/PolygonPrototype/Models/SM_Primitive_Cylander_04.fbx
  artifactKey: Guid(56742f32321353b409b98a38aef6c4cd) Importer(815301076,1909f56bfc062723c751e8b465ee728b)
Start importing Assets/Assets/SyntyStudios/PolygonStarter/PolygonPrototype/Models/SM_Primitive_Cylander_04.fbx using Guid(56742f32321353b409b98a38aef6c4cd) Importer(815301076,1909f56bfc062723c751e8b465ee728b)  -> (artifact id: 'd616d9fbc372d9afddda44c3163b0092') in 0.009570 seconds 
========================================================================
Received Import Request.
  Time since last request: 1.465742 seconds.
  path: Assets/Assets/SyntyStudios/PolygonStarter/PolygonPrototype/Models/SM_Pawn_LadderClimb_Male_01.fbx
  artifactKey: Guid(ab123f54b72fda94ea5187d8d193da6f) Importer(815301076,1909f56bfc062723c751e8b465ee728b)
Start importing Assets/Assets/SyntyStudios/PolygonStarter/PolygonPrototype/Models/SM_Pawn_LadderClimb_Male_01.fbx using Guid(ab123f54b72fda94ea5187d8d193da6f) Importer(815301076,1909f56bfc062723c751e8b465ee728b)  -> (artifact id: '49f67402bf70213c92eca074e8cbe137') in 0.030207 seconds 
========================================================================
Received Import Request.
  Time since last request: 0.000046 seconds.
  path: Assets/Assets/SyntyStudios/PolygonStarter/PolygonPrototype/Models/SM_Primitive_Cone_02.fbx
  artifactKey: Guid(cace0b4260176de46b5ca288f5d42e32) Importer(815301076,1909f56bfc062723c751e8b465ee728b)
Start importing Assets/Assets/SyntyStudios/PolygonStarter/PolygonPrototype/Models/SM_Primitive_Cone_02.fbx using Guid(cace0b4260176de46b5ca288f5d42e32) Importer(815301076,1909f56bfc062723c751e8b465ee728b)  -> (artifact id: '84b37687319397914e938f091d186dcb') in 0.007796 seconds 
========================================================================
Received Import Request.
  Time since last request: 0.000057 seconds.
  path: Assets/Assets/SyntyStudios/PolygonStarter/PolygonPrototype/Models/SM_Primitive_Cone_01.fbx
  artifactKey: Guid(962d5a220cf11fc4785df0c8ef589c8e) Importer(815301076,1909f56bfc062723c751e8b465ee728b)
Start importing Assets/Assets/SyntyStudios/PolygonStarter/PolygonPrototype/Models/SM_Primitive_Cone_01.fbx using Guid(962d5a220cf11fc4785df0c8ef589c8e) Importer(815301076,1909f56bfc062723c751e8b465ee728b)  -> (artifact id: '97571a2961ee5785806ef23997348ff5') in 0.007908 seconds 
========================================================================
Received Import Request.
  Time since last request: 0.000041 seconds.
  path: Assets/Assets/SyntyStudios/PolygonStarter/PolygonPrototype/Models/SM_Pawn_Weapon_Female_02.fbx
  artifactKey: Guid(0cc5cfa46bac2ac418973a002207c368) Importer(815301076,1909f56bfc062723c751e8b465ee728b)
Start importing Assets/Assets/SyntyStudios/PolygonStarter/PolygonPrototype/Models/SM_Pawn_Weapon_Female_02.fbx using Guid(0cc5cfa46bac2ac418973a002207c368) Importer(815301076,1909f56bfc062723c751e8b465ee728b)  -> (artifact id: '2c9c7828c137debea1a30dc84e8d7e74') in 0.008897 seconds 
========================================================================
Received Import Request.
  Time since last request: 13.604482 seconds.
  path: Assets/Assets/SyntyStudios/PolygonKnights/Models/SM_Prop_Fence_01.fbx
  artifactKey: Guid(b5e1c19bd7f53144281d7486662e0043) Importer(815301076,1909f56bfc062723c751e8b465ee728b)
Start importing Assets/Assets/SyntyStudios/PolygonKnights/Models/SM_Prop_Fence_01.fbx using Guid(b5e1c19bd7f53144281d7486662e0043) Importer(815301076,1909f56bfc062723c751e8b465ee728b)  -> (artifact id: '581db143a23b70d77b11f53ddd35457c') in 0.017848 seconds 
========================================================================
Received Import Request.
  Time since last request: 5.775922 seconds.
  path: Assets/Assets/SyntyStudios/PolygonKnights/Models/SM_Prop_Fence_02.fbx
  artifactKey: Guid(c38ec2d41e467944386e590fc627b843) Importer(815301076,1909f56bfc062723c751e8b465ee728b)
Start importing Assets/Assets/SyntyStudios/PolygonKnights/Models/SM_Prop_Fence_02.fbx using Guid(c38ec2d41e467944386e590fc627b843) Importer(815301076,1909f56bfc062723c751e8b465ee728b)  -> (artifact id: '27c8b25b6f1483f0f41457caefa6c57c') in 0.015974 seconds 
========================================================================
Received Import Request.
  Time since last request: 0.024011 seconds.
  path: Assets/Assets/SyntyStudios/PolygonKnights/Models/SM_Prop_Gravestone_01.fbx
  artifactKey: Guid(5e48aa20d56b33341ad30f416d3cee82) Importer(815301076,1909f56bfc062723c751e8b465ee728b)
Start importing Assets/Assets/SyntyStudios/PolygonKnights/Models/SM_Prop_Gravestone_01.fbx using Guid(5e48aa20d56b33341ad30f416d3cee82) Importer(815301076,1909f56bfc062723c751e8b465ee728b)  -> (artifact id: 'c6006f4ab372870421ed0d61c7752af4') in 0.009033 seconds 
========================================================================
Received Import Request.
  Time since last request: 0.044819 seconds.
  path: Assets/Assets/SyntyStudios/PolygonKnights/Models/SM_Prop_Guillotine_01.fbx
  artifactKey: Guid(61fccfd1f35b8e043ae9237f1515c44d) Importer(815301076,1909f56bfc062723c751e8b465ee728b)
Start importing Assets/Assets/SyntyStudios/PolygonKnights/Models/SM_Prop_Guillotine_01.fbx using Guid(61fccfd1f35b8e043ae9237f1515c44d) Importer(815301076,1909f56bfc062723c751e8b465ee728b)  -> (artifact id: '3bdee16f599a5dc69409f26512d0053f') in 0.010676 seconds 
========================================================================
Received Import Request.
  Time since last request: 0.413084 seconds.
  path: Assets/Assets/SyntyStudios/PolygonCity/Models/SM_Prop_HotdogStand_01.fbx
  artifactKey: Guid(a710d68ad8bbf854aa0aadc7e8649f50) Importer(815301076,1909f56bfc062723c751e8b465ee728b)
Start importing Assets/Assets/SyntyStudios/PolygonCity/Models/SM_Prop_HotdogStand_01.fbx using Guid(a710d68ad8bbf854aa0aadc7e8649f50) Importer(815301076,1909f56bfc062723c751e8b465ee728b)  -> (artifact id: '8f2b4df136b139d8c5f021f5de260502') in 0.014466 seconds 
========================================================================
Received Import Request.
  Time since last request: 0.818396 seconds.
  path: Assets/Assets/SyntyStudios/PolygonKnights/Models/SM_Prop_Lampost_01.fbx
  artifactKey: Guid(5c7990d9d63fa5a4e9cf9e240ac3f372) Importer(815301076,1909f56bfc062723c751e8b465ee728b)
Start importing Assets/Assets/SyntyStudios/PolygonKnights/Models/SM_Prop_Lampost_01.fbx using Guid(5c7990d9d63fa5a4e9cf9e240ac3f372) Importer(815301076,1909f56bfc062723c751e8b465ee728b)  -> (artifact id: '1897f9f81692e8512ee8cb1a3ce78d85') in 0.011081 seconds 
========================================================================
Received Import Request.
  Time since last request: 0.023258 seconds.
  path: Assets/Assets/SyntyStudios/PolygonCity/Models/SM_Prop_LargeSign_Beer_01.fbx
  artifactKey: Guid(e7d9917a77297824fb07b199fc7abb47) Importer(815301076,1909f56bfc062723c751e8b465ee728b)
Start importing Assets/Assets/SyntyStudios/PolygonCity/Models/SM_Prop_LargeSign_Beer_01.fbx using Guid(e7d9917a77297824fb07b199fc7abb47) Importer(815301076,1909f56bfc062723c751e8b465ee728b)  -> (artifact id: '2fd96b8d01016533bd099df63f30f8d0') in 0.011163 seconds 
========================================================================
Received Import Request.
  Time since last request: 0.000063 seconds.
  path: Assets/Assets/SyntyStudios/PolygonCity/Models/SM_Prop_LargeSign_Coffee_01.fbx
  artifactKey: Guid(4cf61a1c8f76b9f48b3d1eecc06039da) Importer(815301076,1909f56bfc062723c751e8b465ee728b)
Start importing Assets/Assets/SyntyStudios/PolygonCity/Models/SM_Prop_LargeSign_Coffee_01.fbx using Guid(4cf61a1c8f76b9f48b3d1eecc06039da) Importer(815301076,1909f56bfc062723c751e8b465ee728b)  -> (artifact id: 'cda1555604eb506da70f030b656330ad') in 0.008946 seconds 
========================================================================
Received Import Request.
  Time since last request: 0.053972 seconds.
  path: Assets/Assets/SyntyStudios/PolygonCity/Models/SM_Prop_LargeSign_Donut_01.fbx
  artifactKey: Guid(ad3742527981bcd4ea197974c7711d95) Importer(815301076,1909f56bfc062723c751e8b465ee728b)
Start importing Assets/Assets/SyntyStudios/PolygonCity/Models/SM_Prop_LargeSign_Donut_01.fbx using Guid(ad3742527981bcd4ea197974c7711d95) Importer(815301076,1909f56bfc062723c751e8b465ee728b)  -> (artifact id: '20f5cc43dfdeb59429650bc86ee08403') in 0.010856 seconds 
========================================================================
Received Import Request.
  Time since last request: 256.098899 seconds.
  path: Assets/Assets/SyntyStudios/PolygonStarter/PolygonPrototype/Models/SM_Buildings_RoofAngledPoint_5x5_01P.fbx
  artifactKey: Guid(bb2c86eae9b030241aaa2e3f9ecf84db) Importer(815301076,1909f56bfc062723c751e8b465ee728b)
Start importing Assets/Assets/SyntyStudios/PolygonStarter/PolygonPrototype/Models/SM_Buildings_RoofAngledPoint_5x5_01P.fbx using Guid(bb2c86eae9b030241aaa2e3f9ecf84db) Importer(815301076,1909f56bfc062723c751e8b465ee728b)  -> (artifact id: '6fea7323b54159caeaed786e4ea73395') in 0.011506 seconds 
========================================================================
Received Prepare
Registering precompiled user dll's ...
Registered in 0.002339 seconds.
Begin MonoManager ReloadAssembly
Thread 0x29d2c7000 may have been prematurely finalized
Symbol file LoadedFromMemory doesn't match image /Users/minjoong/Desktop/ALONG_UP/EGG_ALONGUP/Library/PackageCache/com.unity.visualscripting@1.8.0/Editor/VisualScripting.Core/Dependencies/YamlDotNet/Unity.VisualScripting.YamlDotNet.dll
Symbol file LoadedFromMemory doesn't match image /Users/minjoong/Desktop/ALONG_UP/EGG_ALONGUP/Library/PackageCache/com.unity.visualscripting@1.8.0/Editor/VisualScripting.Core/Dependencies/DotNetZip/Unity.VisualScripting.IonicZip.dll
Native extension for WindowsStandalone target not found
Native extension for OSXStandalone target not found
Native extension for WebGL target not found
Refreshing native plugins compatible for Editor in 0.95 ms, found 3 plugins.
Preloading 0 native plugins for Editor in 0.00 ms.
Mono: successfully reloaded assembly
- Completed reload, in  0.912 seconds
Domain Reload Profiling:
	ReloadAssembly (912ms)
		BeginReloadAssembly (97ms)
			ExecutionOrderSort (0ms)
			DisableScriptedObjects (3ms)
			BackupInstance (0ms)
			ReleaseScriptingObjects (0ms)
			CreateAndSetChildDomain (37ms)
		EndReloadAssembly (737ms)
			LoadAssemblies (40ms)
			RebuildTransferFunctionScriptingTraits (0ms)
			SetupTypeCache (259ms)
			ReleaseScriptCaches (1ms)
			RebuildScriptCaches (45ms)
			SetupLoadedEditorAssemblies (352ms)
				LogAssemblyErrors (0ms)
				InitializePlatformSupportModulesInManaged (8ms)
				SetLoadedEditorAssemblies (0ms)
				RefreshPlugins (1ms)
				BeforeProcessingInitializeOnLoad (45ms)
				ProcessInitializeOnLoadAttributes (282ms)
				ProcessInitializeOnLoadMethodAttributes (15ms)
				AfterProcessingInitializeOnLoad (1ms)
				EditorAssembliesLoaded (0ms)
			ExecutionOrderSort2 (0ms)
			AwakeInstancesAfterBackupRestoration (3ms)
Platform modules already initialized, skipping
Refreshing native plugins compatible for Editor in 1.91 ms, found 3 plugins.
Preloading 0 native plugins for Editor in 0.00 ms.
Unloading 3755 Unused Serialized files (Serialized files now loaded: 0)
Unloading 36 unused Assets / (94.6 KB). Loaded Objects now: 4241.
Memory consumption went from 153.9 MB to 153.8 MB.
Total: 2.892583 ms (FindLiveObjects: 0.147500 ms CreateObjectMapping: 0.061000 ms MarkObjects: 2.608333 ms  DeleteObjects: 0.074958 ms)

AssetImportParameters requested are different than current active one (requested -> active):
  custom:video-decoder-ogg-theora: a1e56fd34408186e4bbccfd4996cb3dc -> 
  custom:container-muxer-webm: aa71ff27fc2769a1b78a27578f13a17b -> 
  custom:container-demuxer-webm: 4f35f7cbe854078d1ac9338744f61a02 -> 
  custom:video-encoder-webm-vp8: eb34c28f22e8b96e1ab97ce403110664 -> 
  custom:framework-osx-AVFoundation: e770b220cccbd017edd2c1fefb359320 -> 
  custom:audio-encoder-webm-vorbis: bf7c407c2cedff20999df2af8eb42d56 -> 
  custom:container-demuxer-ogg: 62fdf1f143b41e24485cea50d1cbac27 -> 
  custom:video-decoder-webm-vp8: 9c59270c3fd7afecdb556c50c9e8de78 -> 
  custom:audio-decoder-ogg-vorbis: bf7c407c2cedff20999df2af8eb42d56 -> 
========================================================================
Received Prepare
Registering precompiled user dll's ...
Registered in 0.002347 seconds.
Begin MonoManager ReloadAssembly
Thread 0x16b59f000 may have been prematurely finalized
Symbol file LoadedFromMemory doesn't match image /Users/minjoong/Desktop/ALONG_UP/EGG_ALONGUP/Library/PackageCache/com.unity.visualscripting@1.8.0/Editor/VisualScripting.Core/Dependencies/YamlDotNet/Unity.VisualScripting.YamlDotNet.dll
Symbol file LoadedFromMemory doesn't match image /Users/minjoong/Desktop/ALONG_UP/EGG_ALONGUP/Library/PackageCache/com.unity.visualscripting@1.8.0/Editor/VisualScripting.Core/Dependencies/DotNetZip/Unity.VisualScripting.IonicZip.dll
Native extension for WindowsStandalone target not found
Native extension for OSXStandalone target not found
Native extension for WebGL target not found
Refreshing native plugins compatible for Editor in 0.78 ms, found 3 plugins.
Preloading 0 native plugins for Editor in 0.00 ms.
Mono: successfully reloaded assembly
- Completed reload, in  0.900 seconds
Domain Reload Profiling:
	ReloadAssembly (900ms)
		BeginReloadAssembly (94ms)
			ExecutionOrderSort (0ms)
			DisableScriptedObjects (4ms)
			BackupInstance (0ms)
			ReleaseScriptingObjects (0ms)
			CreateAndSetChildDomain (35ms)
		EndReloadAssembly (726ms)
			LoadAssemblies (40ms)
			RebuildTransferFunctionScriptingTraits (0ms)
			SetupTypeCache (261ms)
			ReleaseScriptCaches (1ms)
			RebuildScriptCaches (44ms)
			SetupLoadedEditorAssemblies (339ms)
				LogAssemblyErrors (0ms)
				InitializePlatformSupportModulesInManaged (8ms)
				SetLoadedEditorAssemblies (0ms)
				RefreshPlugins (1ms)
				BeforeProcessingInitializeOnLoad (44ms)
				ProcessInitializeOnLoadAttributes (271ms)
				ProcessInitializeOnLoadMethodAttributes (13ms)
				AfterProcessingInitializeOnLoad (1ms)
				EditorAssembliesLoaded (0ms)
			ExecutionOrderSort2 (0ms)
			AwakeInstancesAfterBackupRestoration (3ms)
Platform modules already initialized, skipping
Refreshing native plugins compatible for Editor in 1.87 ms, found 3 plugins.
Preloading 0 native plugins for Editor in 0.00 ms.
Unloading 3755 Unused Serialized files (Serialized files now loaded: 0)
Unloading 36 unused Assets / (94.7 KB). Loaded Objects now: 4245.
Memory consumption went from 153.9 MB to 153.8 MB.
Total: 3.171125 ms (FindLiveObjects: 0.133042 ms CreateObjectMapping: 0.056333 ms MarkObjects: 2.867291 ms  DeleteObjects: 0.113417 ms)

AssetImportParameters requested are different than current active one (requested -> active):
  custom:video-decoder-ogg-theora: a1e56fd34408186e4bbccfd4996cb3dc -> 
  custom:container-muxer-webm: aa71ff27fc2769a1b78a27578f13a17b -> 
  custom:container-demuxer-webm: 4f35f7cbe854078d1ac9338744f61a02 -> 
  custom:video-encoder-webm-vp8: eb34c28f22e8b96e1ab97ce403110664 -> 
  custom:framework-osx-AVFoundation: e770b220cccbd017edd2c1fefb359320 -> 
  custom:audio-encoder-webm-vorbis: bf7c407c2cedff20999df2af8eb42d56 -> 
  custom:container-demuxer-ogg: 62fdf1f143b41e24485cea50d1cbac27 -> 
  custom:video-decoder-webm-vp8: 9c59270c3fd7afecdb556c50c9e8de78 -> 
  custom:audio-decoder-ogg-vorbis: bf7c407c2cedff20999df2af8eb42d56 -> 
========================================================================
Received Prepare
Registering precompiled user dll's ...
Registered in 0.001789 seconds.
Begin MonoManager ReloadAssembly
Thread 0x16b59f000 may have been prematurely finalized
Symbol file LoadedFromMemory doesn't match image /Users/minjoong/Desktop/ALONG_UP/EGG_ALONGUP/Library/PackageCache/com.unity.visualscripting@1.8.0/Editor/VisualScripting.Core/Dependencies/YamlDotNet/Unity.VisualScripting.YamlDotNet.dll
Symbol file LoadedFromMemory doesn't match image /Users/minjoong/Desktop/ALONG_UP/EGG_ALONGUP/Library/PackageCache/com.unity.visualscripting@1.8.0/Editor/VisualScripting.Core/Dependencies/DotNetZip/Unity.VisualScripting.IonicZip.dll
Native extension for WindowsStandalone target not found
Native extension for OSXStandalone target not found
Native extension for WebGL target not found
Refreshing native plugins compatible for Editor in 0.80 ms, found 3 plugins.
Preloading 0 native plugins for Editor in 0.00 ms.
Mono: successfully reloaded assembly
- Completed reload, in  0.905 seconds
Domain Reload Profiling:
	ReloadAssembly (905ms)
		BeginReloadAssembly (94ms)
			ExecutionOrderSort (0ms)
			DisableScriptedObjects (4ms)
			BackupInstance (0ms)
			ReleaseScriptingObjects (0ms)
			CreateAndSetChildDomain (35ms)
		EndReloadAssembly (732ms)
			LoadAssemblies (41ms)
			RebuildTransferFunctionScriptingTraits (0ms)
			SetupTypeCache (260ms)
			ReleaseScriptCaches (1ms)
			RebuildScriptCaches (45ms)
			SetupLoadedEditorAssemblies (346ms)
				LogAssemblyErrors (0ms)
				InitializePlatformSupportModulesInManaged (7ms)
				SetLoadedEditorAssemblies (0ms)
				RefreshPlugins (1ms)
				BeforeProcessingInitializeOnLoad (44ms)
				ProcessInitializeOnLoadAttributes (278ms)
				ProcessInitializeOnLoadMethodAttributes (14ms)
				AfterProcessingInitializeOnLoad (2ms)
				EditorAssembliesLoaded (0ms)
			ExecutionOrderSort2 (0ms)
			AwakeInstancesAfterBackupRestoration (3ms)
Platform modules already initialized, skipping
Refreshing native plugins compatible for Editor in 2.03 ms, found 3 plugins.
Preloading 0 native plugins for Editor in 0.00 ms.
Unloading 3755 Unused Serialized files (Serialized files now loaded: 0)
Unloading 36 unused Assets / (94.6 KB). Loaded Objects now: 4249.
Memory consumption went from 153.9 MB to 153.8 MB.
Total: 3.064458 ms (FindLiveObjects: 0.125916 ms CreateObjectMapping: 0.053459 ms MarkObjects: 2.800208 ms  DeleteObjects: 0.084166 ms)

AssetImportParameters requested are different than current active one (requested -> active):
  custom:video-decoder-ogg-theora: a1e56fd34408186e4bbccfd4996cb3dc -> 
  custom:container-muxer-webm: aa71ff27fc2769a1b78a27578f13a17b -> 
  custom:container-demuxer-webm: 4f35f7cbe854078d1ac9338744f61a02 -> 
  custom:video-encoder-webm-vp8: eb34c28f22e8b96e1ab97ce403110664 -> 
  custom:framework-osx-AVFoundation: e770b220cccbd017edd2c1fefb359320 -> 
  custom:audio-encoder-webm-vorbis: bf7c407c2cedff20999df2af8eb42d56 -> 
  custom:container-demuxer-ogg: 62fdf1f143b41e24485cea50d1cbac27 -> 
  custom:video-decoder-webm-vp8: 9c59270c3fd7afecdb556c50c9e8de78 -> 
  custom:audio-decoder-ogg-vorbis: bf7c407c2cedff20999df2af8eb42d56 -> 
========================================================================
Received Import Request.
  Time since last request: 94.771171 seconds.
  path: Assets/Scripts
  artifactKey: Guid(2cc592f3c2ce24b8aae122fe3951c6d4) Importer(815301076,1909f56bfc062723c751e8b465ee728b)
Start importing Assets/Scripts using Guid(2cc592f3c2ce24b8aae122fe3951c6d4) Importer(815301076,1909f56bfc062723c751e8b465ee728b)  -> (artifact id: '44e1f9b9cbcbba1142de324fc9e63688') in 0.007750 seconds 
========================================================================
Received Import Request.
  Time since last request: 1.340596 seconds.
  path: Assets/Scripts/UI
  artifactKey: Guid(308cbb13c1097a64ea7244c52e7eac84) Importer(815301076,1909f56bfc062723c751e8b465ee728b)
Start importing Assets/Scripts/UI using Guid(308cbb13c1097a64ea7244c52e7eac84) Importer(815301076,1909f56bfc062723c751e8b465ee728b)  -> (artifact id: '5434271467895c531a6dbe6c343177ab') in 0.001244 seconds 
========================================================================
Received Import Request.
  Time since last request: 857.376642 seconds.
  path: Assets/Scenes/Map_Tutorial.unity
  artifactKey: Guid(fb80afd8ba5794ad28a5e80f1c52e458) Importer(815301076,1909f56bfc062723c751e8b465ee728b)
Start importing Assets/Scenes/Map_Tutorial.unity using Guid(fb80afd8ba5794ad28a5e80f1c52e458) Importer(815301076,1909f56bfc062723c751e8b465ee728b)  -> (artifact id: 'ecce4994290abe5eedc5d495dcc71711') in 0.001566 seconds 
========================================================================
Received Import Request.
  Time since last request: 4.441618 seconds.
  path: Assets/Scenes/Map_Tutorial.unity
  artifactKey: Guid(fb80afd8ba5794ad28a5e80f1c52e458) Importer(815301076,1909f56bfc062723c751e8b465ee728b)
Start importing Assets/Scenes/Map_Tutorial.unity using Guid(fb80afd8ba5794ad28a5e80f1c52e458) Importer(815301076,1909f56bfc062723c751e8b465ee728b)  -> (artifact id: '98fc8739e121fa60ddbd57e1515839d9') in 0.001515 seconds 
AssetImportWorkerClient::OnTransportError - code=2 error=End of file
