Using pre-set license
Built from '2021.3/staging' branch; Version is '2021.3.19f1 (c9714fde33b6) revision 13201743'; Using compiler version '192829333'; Build Type 'Release'
OS: 'Windows 11  (10.0.22621) 64bit Core' Language: 'ko' Physical Memory: 48916 MB
BatchMode: 1, IsHumanControllingUs: 0, StartBugReporterOnCrash: 0, Is64bit: 1, IsPro: 1

COMMAND LINE ARGUMENTS:
C:\Program Files\Unity\Hub\Editor\2021.3.19f1\Editor\Unity.exe
-adb2
-batchMode
-noUpm
-name
AssetImportWorker2
-projectPath
D:/EGG/ALONG_UP/EGG_ALONGUP
-logFile
Logs/AssetImportWorker2.log
-srvPort
50128
Successfully changed project path to: D:/EGG/ALONG_UP/EGG_ALONGUP
D:/EGG/ALONG_UP/EGG_ALONGUP
[UnityMemory] Configuration Parameters - Can be set up in boot.config
    "memorysetup-bucket-allocator-granularity=16"
    "memorysetup-bucket-allocator-bucket-count=8"
    "memorysetup-bucket-allocator-block-size=33554432"
    "memorysetup-bucket-allocator-block-count=8"
    "memorysetup-main-allocator-block-size=16777216"
    "memorysetup-thread-allocator-block-size=16777216"
    "memorysetup-gfx-main-allocator-block-size=16777216"
    "memorysetup-gfx-thread-allocator-block-size=16777216"
    "memorysetup-cache-allocator-block-size=4194304"
    "memorysetup-typetree-allocator-block-size=2097152"
    "memorysetup-profiler-bucket-allocator-granularity=16"
    "memorysetup-profiler-bucket-allocator-bucket-count=8"
    "memorysetup-profiler-bucket-allocator-block-size=33554432"
    "memorysetup-profiler-bucket-allocator-block-count=8"
    "memorysetup-profiler-allocator-block-size=16777216"
    "memorysetup-profiler-editor-allocator-block-size=1048576"
    "memorysetup-temp-allocator-size-main=16777216"
    "memorysetup-job-temp-allocator-block-size=2097152"
    "memorysetup-job-temp-allocator-block-size-background=1048576"
    "memorysetup-job-temp-allocator-reduction-small-platforms=262144"
    "memorysetup-temp-allocator-size-background-worker=32768"
    "memorysetup-temp-allocator-size-job-worker=262144"
    "memorysetup-temp-allocator-size-preload-manager=33554432"
    "memorysetup-temp-allocator-size-nav-mesh-worker=65536"
    "memorysetup-temp-allocator-size-audio-worker=65536"
    "memorysetup-temp-allocator-size-cloud-worker=32768"
    "memorysetup-temp-allocator-size-gi-baking-worker=262144"
    "memorysetup-temp-allocator-size-gfx=262144"
Player connection [8080] Host "[IP] 220.118.231.1 [Port] 0 [Flags] 2 [Guid] 2480983648 [EditorId] 2480983648 [Version] 1048832 [Id] WindowsEditor(7,JS-Desktop) [Debug] 1 [PackageName] WindowsEditor [ProjectName] Editor" joined multi-casting on [225.0.0.222:54997]...

Player connection [8080] Host "[IP] 220.118.231.1 [Port] 0 [Flags] 2 [Guid] 2480983648 [EditorId] 2480983648 [Version] 1048832 [Id] WindowsEditor(7,JS-Desktop) [Debug] 1 [PackageName] WindowsEditor [ProjectName] Editor" joined alternative multi-casting on [225.0.0.222:34997]...

Refreshing native plugins compatible for Editor in 63.45 ms, found 4 plugins.
Preloading 0 native plugins for Editor in 0.00 ms.
Initialize engine version: 2021.3.19f1 (c9714fde33b6)
[Subsystems] Discovering subsystems at path C:/Program Files/Unity/Hub/Editor/2021.3.19f1/Editor/Data/Resources/UnitySubsystems
[Subsystems] Discovering subsystems at path D:/EGG/ALONG_UP/EGG_ALONGUP/Assets
GfxDevice: creating device client; threaded=0; jobified=0
Direct3D:
    Version:  Direct3D 11.0 [level 11.1]
    Renderer: NVIDIA GeForce RTX 3060 Ti (ID=0x2489)
    Vendor:   NVIDIA
    VRAM:     8038 MB
    Driver:   31.0.15.4617
Initialize mono
Mono path[0] = 'C:/Program Files/Unity/Hub/Editor/2021.3.19f1/Editor/Data/Managed'
Mono path[1] = 'C:/Program Files/Unity/Hub/Editor/2021.3.19f1/Editor/Data/MonoBleedingEdge/lib/mono/unityjit-win32'
Mono config path = 'C:/Program Files/Unity/Hub/Editor/2021.3.19f1/Editor/Data/MonoBleedingEdge/etc'
Using monoOptions --debugger-agent=transport=dt_socket,embedding=1,server=y,suspend=n,address=127.0.0.1:56192
Begin MonoManager ReloadAssembly
Registering precompiled unity dll's ...
Register platform support module: C:/Program Files/Unity/Hub/Editor/2021.3.19f1/Editor/Data/PlaybackEngines/WindowsStandaloneSupport/UnityEditor.WindowsStandalone.Extensions.dll
Registered in 0.002787 seconds.
Native extension for WindowsStandalone target not found
Refreshing native plugins compatible for Editor in 62.50 ms, found 4 plugins.
Preloading 0 native plugins for Editor in 0.00 ms.
Mono: successfully reloaded assembly
- Completed reload, in  0.369 seconds
Domain Reload Profiling:
	ReloadAssembly (369ms)
		BeginReloadAssembly (41ms)
			ExecutionOrderSort (0ms)
			DisableScriptedObjects (0ms)
			BackupInstance (0ms)
			ReleaseScriptingObjects (0ms)
			CreateAndSetChildDomain (0ms)
		EndReloadAssembly (267ms)
			LoadAssemblies (39ms)
			RebuildTransferFunctionScriptingTraits (0ms)
			SetupTypeCache (56ms)
			ReleaseScriptCaches (0ms)
			RebuildScriptCaches (15ms)
			SetupLoadedEditorAssemblies (167ms)
				LogAssemblyErrors (0ms)
				InitializePlatformSupportModulesInManaged (4ms)
				SetLoadedEditorAssemblies (0ms)
				RefreshPlugins (63ms)
				BeforeProcessingInitializeOnLoad (1ms)
				ProcessInitializeOnLoadAttributes (71ms)
				ProcessInitializeOnLoadMethodAttributes (28ms)
				AfterProcessingInitializeOnLoad (0ms)
				EditorAssembliesLoaded (0ms)
			ExecutionOrderSort2 (0ms)
			AwakeInstancesAfterBackupRestoration (0ms)
Platform modules already initialized, skipping
Registering precompiled user dll's ...
Registered in 0.001765 seconds.
Begin MonoManager ReloadAssembly
Symbol file LoadedFromMemory doesn't match image D:\EGG\ALONG_UP\EGG_ALONGUP\Library\PackageCache\com.unity.visualscripting@1.8.0\Editor\VisualScripting.Core\Dependencies\YamlDotNet\Unity.VisualScripting.YamlDotNet.dll
Symbol file LoadedFromMemory doesn't match image D:\EGG\ALONG_UP\EGG_ALONGUP\Library\PackageCache\com.unity.visualscripting@1.8.0\Editor\VisualScripting.Core\Dependencies\DotNetZip\Unity.VisualScripting.IonicZip.dll
Native extension for WindowsStandalone target not found
Refreshing native plugins compatible for Editor in 0.90 ms, found 4 plugins.
Preloading 0 native plugins for Editor in 0.00 ms.
Mono: successfully reloaded assembly
- Completed reload, in  0.697 seconds
Domain Reload Profiling:
	ReloadAssembly (698ms)
		BeginReloadAssembly (64ms)
			ExecutionOrderSort (0ms)
			DisableScriptedObjects (3ms)
			BackupInstance (0ms)
			ReleaseScriptingObjects (0ms)
			CreateAndSetChildDomain (11ms)
		EndReloadAssembly (570ms)
			LoadAssemblies (48ms)
			RebuildTransferFunctionScriptingTraits (0ms)
			SetupTypeCache (153ms)
			ReleaseScriptCaches (0ms)
			RebuildScriptCaches (35ms)
			SetupLoadedEditorAssemblies (310ms)
				LogAssemblyErrors (0ms)
				InitializePlatformSupportModulesInManaged (4ms)
				SetLoadedEditorAssemblies (0ms)
				RefreshPlugins (1ms)
				BeforeProcessingInitializeOnLoad (41ms)
				ProcessInitializeOnLoadAttributes (248ms)
				ProcessInitializeOnLoadMethodAttributes (13ms)
				AfterProcessingInitializeOnLoad (3ms)
				EditorAssembliesLoaded (0ms)
			ExecutionOrderSort2 (0ms)
			AwakeInstancesAfterBackupRestoration (4ms)
Platform modules already initialized, skipping
========================================================================
Worker process is ready to serve import requests
Launched and connected shader compiler UnityShaderCompiler.exe after 0.04 seconds
Refreshing native plugins compatible for Editor in 0.75 ms, found 4 plugins.
Preloading 0 native plugins for Editor in 0.00 ms.
Unloading 3939 Unused Serialized files (Serialized files now loaded: 0)
Unloading 57 unused Assets / (219.5 KB). Loaded Objects now: 4383.
Memory consumption went from 152.5 MB to 152.3 MB.
Total: 2.921000 ms (FindLiveObjects: 0.206600 ms CreateObjectMapping: 0.099300 ms MarkObjects: 2.468300 ms  DeleteObjects: 0.145600 ms)

AssetImportParameters requested are different than current active one (requested -> active):
  custom:video-decoder-ogg-theora: a1e56fd34408186e4bbccfd4996cb3dc -> 
  custom:container-muxer-webm: aa71ff27fc2769a1b78a27578f13a17b -> 
  custom:container-demuxer-webm: 4f35f7cbe854078d1ac9338744f61a02 -> 
  custom:video-encoder-webm-vp8: eb34c28f22e8b96e1ab97ce403110664 -> 
  custom:video-codec-MediaFoundation-h265: 746d11721c4dcdbdad8f713fa42b33f4 -> 
  custom:audio-encoder-webm-vorbis: bf7c407c2cedff20999df2af8eb42d56 -> 
  custom:framework-win-MediaFoundation: 216162199b28c13a410421893ffa2e32 -> 
  custom:container-demuxer-ogg: 62fdf1f143b41e24485cea50d1cbac27 -> 
  custom:video-decoder-webm-vp8: 9c59270c3fd7afecdb556c50c9e8de78 -> 
  custom:audio-decoder-ogg-vorbis: bf7c407c2cedff20999df2af8eb42d56 -> 
========================================================================
Received Import Request.
  Time since last request: 269455.417216 seconds.
  path: Assets/Assets/SyntyStudios/PolygonCity/Prefabs/Props/SM_Prop_Poster_03.prefab
  artifactKey: Guid(5effb8bc646e1944d8634dea5e1a9096) Importer(815301076,1909f56bfc062723c751e8b465ee728b)
Start importing Assets/Assets/SyntyStudios/PolygonCity/Prefabs/Props/SM_Prop_Poster_03.prefab using Guid(5effb8bc646e1944d8634dea5e1a9096) Importer(815301076,1909f56bfc062723c751e8b465ee728b)  -> (artifact id: '2ba2c89c575c83e03fa6f7a5408cdf33') in 0.081345 seconds 
========================================================================
Received Import Request.
  Time since last request: 0.000030 seconds.
  path: Assets/Assets/SyntyStudios/PolygonCity/Prefabs/Environments/SM_Env_Fence_End_01.prefab
  artifactKey: Guid(283736ea9955d7141bd3a4b0a155ddb7) Importer(815301076,1909f56bfc062723c751e8b465ee728b)
Start importing Assets/Assets/SyntyStudios/PolygonCity/Prefabs/Environments/SM_Env_Fence_End_01.prefab using Guid(283736ea9955d7141bd3a4b0a155ddb7) Importer(815301076,1909f56bfc062723c751e8b465ee728b)  -> (artifact id: 'd7d09c9b9b2d3b06571c6b04137717aa') in 0.015231 seconds 
========================================================================
Received Import Request.
  Time since last request: 0.000033 seconds.
  path: Assets/Assets/SyntyStudios/PolygonCity/Prefabs/Environments/SM_Env_GrassPath_Junction_01.prefab
  artifactKey: Guid(b6b1bafe204782c43804e201982d350e) Importer(815301076,1909f56bfc062723c751e8b465ee728b)
Start importing Assets/Assets/SyntyStudios/PolygonCity/Prefabs/Environments/SM_Env_GrassPath_Junction_01.prefab using Guid(b6b1bafe204782c43804e201982d350e) Importer(815301076,1909f56bfc062723c751e8b465ee728b)  -> (artifact id: '322c3fc4a3450f7afef9d48f60c902a9') in 0.012361 seconds 
========================================================================
Received Import Request.
  Time since last request: 0.000017 seconds.
  path: Assets/Assets/SyntyStudios/PolygonCity/Prefabs/Environments/SM_Env_Road_Patch_01.prefab
  artifactKey: Guid(430d14b744769134e831183525387e01) Importer(815301076,1909f56bfc062723c751e8b465ee728b)
Start importing Assets/Assets/SyntyStudios/PolygonCity/Prefabs/Environments/SM_Env_Road_Patch_01.prefab using Guid(430d14b744769134e831183525387e01) Importer(815301076,1909f56bfc062723c751e8b465ee728b)  -> (artifact id: '5b88fbaac60f664c7c8492ef55b0a987') in 0.009261 seconds 
========================================================================
Received Import Request.
  Time since last request: 0.000028 seconds.
  path: Assets/Assets/SyntyStudios/PolygonCity/Prefabs/Props/SM_Prop_Newspaper_02.prefab
  artifactKey: Guid(fbd2941af06c48e4cbb32be48b18d045) Importer(815301076,1909f56bfc062723c751e8b465ee728b)
Start importing Assets/Assets/SyntyStudios/PolygonCity/Prefabs/Props/SM_Prop_Newspaper_02.prefab using Guid(fbd2941af06c48e4cbb32be48b18d045) Importer(815301076,1909f56bfc062723c751e8b465ee728b)  -> (artifact id: '41a4594de95beeaf15b0229d861fe7dc') in 0.008356 seconds 
========================================================================
Received Import Request.
  Time since last request: 0.000017 seconds.
  path: Assets/Assets/SyntyStudios/PolygonCity/Prefabs/Props/SM_Prop_SidewalkPoles_01.prefab
  artifactKey: Guid(a5b72bb8afb9a3241ae5eb12007ad0ac) Importer(815301076,1909f56bfc062723c751e8b465ee728b)
Start importing Assets/Assets/SyntyStudios/PolygonCity/Prefabs/Props/SM_Prop_SidewalkPoles_01.prefab using Guid(a5b72bb8afb9a3241ae5eb12007ad0ac) Importer(815301076,1909f56bfc062723c751e8b465ee728b)  -> (artifact id: '8f46d0b6c6f158e5c0636e6f3736f8e2') in 0.008278 seconds 
========================================================================
Received Import Request.
  Time since last request: 0.000013 seconds.
  path: Assets/Assets/SyntyStudios/PolygonCity/Prefabs/Environments/SM_Env_Sidewalk_Construction_01.prefab
  artifactKey: Guid(ac89877d99edb1347a2f655053ce7b64) Importer(815301076,1909f56bfc062723c751e8b465ee728b)
Start importing Assets/Assets/SyntyStudios/PolygonCity/Prefabs/Environments/SM_Env_Sidewalk_Construction_01.prefab using Guid(ac89877d99edb1347a2f655053ce7b64) Importer(815301076,1909f56bfc062723c751e8b465ee728b)  -> (artifact id: 'e612e18762818f4415a217b062edcbd8') in 0.008005 seconds 
========================================================================
Received Import Request.
  Time since last request: 0.000015 seconds.
  path: Assets/Assets/SyntyStudios/PolygonCity/Prefabs/Props/SM_Prop_Planter_02.prefab
  artifactKey: Guid(a425d6179c7b4e045925dd078909c5d9) Importer(815301076,1909f56bfc062723c751e8b465ee728b)
Start importing Assets/Assets/SyntyStudios/PolygonCity/Prefabs/Props/SM_Prop_Planter_02.prefab using Guid(a425d6179c7b4e045925dd078909c5d9) Importer(815301076,1909f56bfc062723c751e8b465ee728b)  -> (artifact id: '68e8f5a70ab2d99c160486e4d0c179fe') in 0.008332 seconds 
========================================================================
Received Import Request.
  Time since last request: 0.000012 seconds.
  path: Assets/Assets/SyntyStudios/PolygonCity/Prefabs/Props/SM_Prop_Pipe_Preset_01.prefab
  artifactKey: Guid(e3b7b99f57ac49441bd8040382e6736c) Importer(815301076,1909f56bfc062723c751e8b465ee728b)
Start importing Assets/Assets/SyntyStudios/PolygonCity/Prefabs/Props/SM_Prop_Pipe_Preset_01.prefab using Guid(e3b7b99f57ac49441bd8040382e6736c) Importer(815301076,1909f56bfc062723c751e8b465ee728b)  -> (artifact id: '0913222d00b1ebca79538cd40466df63') in 0.012161 seconds 
========================================================================
Received Import Request.
  Time since last request: 0.000014 seconds.
  path: Assets/Assets/SyntyStudios/PolygonCity/Prefabs/Props/SM_Prop_PicnicTable_01.prefab
  artifactKey: Guid(41513fd395dbe4942ae6a147484bc996) Importer(815301076,1909f56bfc062723c751e8b465ee728b)
Start importing Assets/Assets/SyntyStudios/PolygonCity/Prefabs/Props/SM_Prop_PicnicTable_01.prefab using Guid(41513fd395dbe4942ae6a147484bc996) Importer(815301076,1909f56bfc062723c751e8b465ee728b)  -> (artifact id: '09a51a3649b1534487d1d69c490a8c61') in 0.008136 seconds 
========================================================================
Received Import Request.
  Time since last request: 0.000017 seconds.
  path: Assets/Assets/SyntyStudios/PolygonCity/Prefabs/Environments/SM_Env_GrassPath_Corner_01.prefab
  artifactKey: Guid(bebb4c413c96c0b4481e8208ea89828d) Importer(815301076,1909f56bfc062723c751e8b465ee728b)
Start importing Assets/Assets/SyntyStudios/PolygonCity/Prefabs/Environments/SM_Env_GrassPath_Corner_01.prefab using Guid(bebb4c413c96c0b4481e8208ea89828d) Importer(815301076,1909f56bfc062723c751e8b465ee728b)  -> (artifact id: '7deef388529d58bd8a02d512c4aa26a3') in 0.007907 seconds 
========================================================================
Received Import Request.
  Time since last request: 0.000044 seconds.
  path: Assets/Assets/SyntyStudios/PolygonCity/Prefabs/Props/SM_Prop_Sign_Entrance_01.prefab
  artifactKey: Guid(6dbc4be7435b5fa459399f66e792055c) Importer(815301076,1909f56bfc062723c751e8b465ee728b)
Start importing Assets/Assets/SyntyStudios/PolygonCity/Prefabs/Props/SM_Prop_Sign_Entrance_01.prefab using Guid(6dbc4be7435b5fa459399f66e792055c) Importer(815301076,1909f56bfc062723c751e8b465ee728b)  -> (artifact id: 'aa24d8d1b262c5f0e0cc452cb0e1d196') in 0.010931 seconds 
========================================================================
Received Import Request.
  Time since last request: 0.000021 seconds.
  path: Assets/Assets/SyntyStudios/PolygonCity/Prefabs/Props/SM_Prop_Burger_01.prefab
  artifactKey: Guid(a4a36f473384c3c489b6458561ff07ac) Importer(815301076,1909f56bfc062723c751e8b465ee728b)
Start importing Assets/Assets/SyntyStudios/PolygonCity/Prefabs/Props/SM_Prop_Burger_01.prefab using Guid(a4a36f473384c3c489b6458561ff07ac) Importer(815301076,1909f56bfc062723c751e8b465ee728b)  -> (artifact id: '89149c1ff49c43c0b939f3b3544486c4') in 0.012784 seconds 
========================================================================
Received Import Request.
  Time since last request: 0.000015 seconds.
  path: Assets/Assets/SyntyStudios/PolygonCity/Prefabs/Environments/SM_Env_Sidewalk_Corner_02.prefab
  artifactKey: Guid(8458e1021e0b4a14b82c8e49978ee608) Importer(815301076,1909f56bfc062723c751e8b465ee728b)
Start importing Assets/Assets/SyntyStudios/PolygonCity/Prefabs/Environments/SM_Env_Sidewalk_Corner_02.prefab using Guid(8458e1021e0b4a14b82c8e49978ee608) Importer(815301076,1909f56bfc062723c751e8b465ee728b)  -> (artifact id: '34ac5e3d743f6f97267ebd6a0bd0e0a1') in 0.007509 seconds 
========================================================================
Received Import Request.
  Time since last request: 0.000017 seconds.
  path: Assets/Assets/SyntyStudios/PolygonCity/Prefabs/Environments/SM_Env_WaterEdge_Straight_02.prefab
  artifactKey: Guid(005add2e805dff846a22a816bce2f715) Importer(815301076,1909f56bfc062723c751e8b465ee728b)
Start importing Assets/Assets/SyntyStudios/PolygonCity/Prefabs/Environments/SM_Env_WaterEdge_Straight_02.prefab using Guid(005add2e805dff846a22a816bce2f715) Importer(815301076,1909f56bfc062723c751e8b465ee728b)  -> (artifact id: '8e13a5d14451caa58050d30f1f266dad') in 0.008914 seconds 
========================================================================
Received Import Request.
  Time since last request: 0.000014 seconds.
  path: Assets/Assets/SyntyStudios/PolygonCity/Prefabs/Props/SM_Prop_Billboard_Sign_04.prefab
  artifactKey: Guid(430345e20ddf842489bc80fba96a0edd) Importer(815301076,1909f56bfc062723c751e8b465ee728b)
Start importing Assets/Assets/SyntyStudios/PolygonCity/Prefabs/Props/SM_Prop_Billboard_Sign_04.prefab using Guid(430345e20ddf842489bc80fba96a0edd) Importer(815301076,1909f56bfc062723c751e8b465ee728b)  -> (artifact id: '775c455c8b11b4c4b4a549027409491f') in 0.005139 seconds 
========================================================================
Received Import Request.
  Time since last request: 0.000019 seconds.
  path: Assets/Assets/SyntyStudios/PolygonCity/Prefabs/Environments/SM_Env_Bridge_Underside_01.prefab
  artifactKey: Guid(b7da632ffaf738043bb3faaccede1417) Importer(815301076,1909f56bfc062723c751e8b465ee728b)
Start importing Assets/Assets/SyntyStudios/PolygonCity/Prefabs/Environments/SM_Env_Bridge_Underside_01.prefab using Guid(b7da632ffaf738043bb3faaccede1417) Importer(815301076,1909f56bfc062723c751e8b465ee728b)  -> (artifact id: '7b29baf744b14c112cc9dcf53459cdcc') in 0.008112 seconds 
========================================================================
Received Import Request.
  Time since last request: 0.000014 seconds.
  path: Assets/Assets/SyntyStudios/PolygonCity/Prefabs/Environments/SM_Env_Bridge_Pillar_01.prefab
  artifactKey: Guid(b319c45f7bb0a5f49a903d4b26bdcd4b) Importer(815301076,1909f56bfc062723c751e8b465ee728b)
Start importing Assets/Assets/SyntyStudios/PolygonCity/Prefabs/Environments/SM_Env_Bridge_Pillar_01.prefab using Guid(b319c45f7bb0a5f49a903d4b26bdcd4b) Importer(815301076,1909f56bfc062723c751e8b465ee728b)  -> (artifact id: '04d2edb698824703614d81c3f34c4569') in 0.007357 seconds 
========================================================================
Received Import Request.
  Time since last request: 0.000024 seconds.
  path: Assets/Assets/SyntyStudios/PolygonCity/Prefabs/Environments/SM_Env_Path_Straight_01.prefab
  artifactKey: Guid(3c75fe85eb37f5843976b233e951a756) Importer(815301076,1909f56bfc062723c751e8b465ee728b)
Start importing Assets/Assets/SyntyStudios/PolygonCity/Prefabs/Environments/SM_Env_Path_Straight_01.prefab using Guid(3c75fe85eb37f5843976b233e951a756) Importer(815301076,1909f56bfc062723c751e8b465ee728b)  -> (artifact id: 'bf9e1379fbaa8c07b8b656b04a81f9b6') in 0.010451 seconds 
========================================================================
Received Import Request.
  Time since last request: 0.000015 seconds.
  path: Assets/Assets/SyntyStudios/PolygonCity/Prefabs/Props/SM_Prop_Sign_GiveWay_01.prefab
  artifactKey: Guid(4170b399e985d6549a784678829905ad) Importer(815301076,1909f56bfc062723c751e8b465ee728b)
Start importing Assets/Assets/SyntyStudios/PolygonCity/Prefabs/Props/SM_Prop_Sign_GiveWay_01.prefab using Guid(4170b399e985d6549a784678829905ad) Importer(815301076,1909f56bfc062723c751e8b465ee728b)  -> (artifact id: '6193ce8183c67ad06ef756808040c058') in 0.014420 seconds 
========================================================================
Received Import Request.
  Time since last request: 0.000025 seconds.
  path: Assets/Assets/SyntyStudios/PolygonCity/Prefabs/Environments/SM_Env_Sidewalk_Dip_Corner_01.prefab
  artifactKey: Guid(d61bd59519ec86446a34df8af9f85be5) Importer(815301076,1909f56bfc062723c751e8b465ee728b)
Start importing Assets/Assets/SyntyStudios/PolygonCity/Prefabs/Environments/SM_Env_Sidewalk_Dip_Corner_01.prefab using Guid(d61bd59519ec86446a34df8af9f85be5) Importer(815301076,1909f56bfc062723c751e8b465ee728b)  -> (artifact id: '937e7090e6c4fa6fae1c060d32747824') in 0.007143 seconds 
========================================================================
Received Import Request.
  Time since last request: 0.000016 seconds.
  path: Assets/Assets/SyntyStudios/PolygonCity/Prefabs/Props/SM_Prop_SecurityCamera_Arm_01.prefab
  artifactKey: Guid(928a99e5a0200f24fb2084c90b0b88c4) Importer(815301076,1909f56bfc062723c751e8b465ee728b)
Start importing Assets/Assets/SyntyStudios/PolygonCity/Prefabs/Props/SM_Prop_SecurityCamera_Arm_01.prefab using Guid(928a99e5a0200f24fb2084c90b0b88c4) Importer(815301076,1909f56bfc062723c751e8b465ee728b)  -> (artifact id: 'af750713e5020cfccf243e3e2f85de19') in 0.008547 seconds 
========================================================================
Received Import Request.
  Time since last request: 0.000013 seconds.
  path: Assets/Assets/SyntyStudios/PolygonCity/Prefabs/Environments/SM_Env_Sidewalk_Panel_02.prefab
  artifactKey: Guid(f0924feddc9f45147a1b3b077269f520) Importer(815301076,1909f56bfc062723c751e8b465ee728b)
Start importing Assets/Assets/SyntyStudios/PolygonCity/Prefabs/Environments/SM_Env_Sidewalk_Panel_02.prefab using Guid(f0924feddc9f45147a1b3b077269f520) Importer(815301076,1909f56bfc062723c751e8b465ee728b)  -> (artifact id: 'adf59b804353369c2b5baf33d54c6d0e') in 0.007776 seconds 
========================================================================
Received Import Request.
  Time since last request: 0.000013 seconds.
  path: Assets/Assets/SyntyStudios/PolygonCity/Prefabs/Props/SM_Prop_ShopInterior_Display_01.prefab
  artifactKey: Guid(e6368a4e913510c4e8f89c70757b02ef) Importer(815301076,1909f56bfc062723c751e8b465ee728b)
Start importing Assets/Assets/SyntyStudios/PolygonCity/Prefabs/Props/SM_Prop_ShopInterior_Display_01.prefab using Guid(e6368a4e913510c4e8f89c70757b02ef) Importer(815301076,1909f56bfc062723c751e8b465ee728b)  -> (artifact id: 'bbe8df46ddef170fcd81c76d192bd25f') in 0.013352 seconds 
========================================================================
Received Import Request.
  Time since last request: 0.000017 seconds.
  path: Assets/Assets/SyntyStudios/PolygonCity/Prefabs/Props/SM_Prop_LightPole_Base_01.prefab
  artifactKey: Guid(06a9858b4309bcf4cbe7ef09ae436c1d) Importer(815301076,1909f56bfc062723c751e8b465ee728b)
Start importing Assets/Assets/SyntyStudios/PolygonCity/Prefabs/Props/SM_Prop_LightPole_Base_01.prefab using Guid(06a9858b4309bcf4cbe7ef09ae436c1d) Importer(815301076,1909f56bfc062723c751e8b465ee728b)  -> (artifact id: 'f4acd75d200762d08e342aea5795d337') in 0.008058 seconds 
========================================================================
Received Import Request.
  Time since last request: 0.000014 seconds.
  path: Assets/Assets/SyntyStudios/PolygonCity/Prefabs/Environments/SM_Env_Ocean_Tile_01.prefab
  artifactKey: Guid(60d3688bc6832bf45ac9ea2bf1c8ab03) Importer(815301076,1909f56bfc062723c751e8b465ee728b)
Start importing Assets/Assets/SyntyStudios/PolygonCity/Prefabs/Environments/SM_Env_Ocean_Tile_01.prefab using Guid(60d3688bc6832bf45ac9ea2bf1c8ab03) Importer(815301076,1909f56bfc062723c751e8b465ee728b)  -> (artifact id: '6c8ce2b15d238543c88776e79dc77da2') in 0.004477 seconds 
========================================================================
Received Import Request.
  Time since last request: 0.000015 seconds.
  path: Assets/Assets/SyntyStudios/PolygonCity/Prefabs/Props/SM_Prop_Sign_Bustop_01.prefab
  artifactKey: Guid(7e45a107e109d424db2b00ec85e4f565) Importer(815301076,1909f56bfc062723c751e8b465ee728b)
Start importing Assets/Assets/SyntyStudios/PolygonCity/Prefabs/Props/SM_Prop_Sign_Bustop_01.prefab using Guid(7e45a107e109d424db2b00ec85e4f565) Importer(815301076,1909f56bfc062723c751e8b465ee728b)  -> (artifact id: 'c43628fce8b88904d8fbeb235f22e4c6') in 0.008396 seconds 
========================================================================
Received Import Request.
  Time since last request: 0.000021 seconds.
  path: Assets/Assets/SyntyStudios/PolygonCity/Prefabs/Props/SM_Prop_Sign_Bar_01.prefab
  artifactKey: Guid(c2b57946a64eef848846606d4c0755a4) Importer(815301076,1909f56bfc062723c751e8b465ee728b)
Start importing Assets/Assets/SyntyStudios/PolygonCity/Prefabs/Props/SM_Prop_Sign_Bar_01.prefab using Guid(c2b57946a64eef848846606d4c0755a4) Importer(815301076,1909f56bfc062723c751e8b465ee728b)  -> (artifact id: 'ca383a8d3c6dbc5d8744535bff40b548') in 0.013950 seconds 
========================================================================
Received Import Request.
  Time since last request: 0.000013 seconds.
  path: Assets/Assets/SyntyStudios/PolygonCity/Prefabs/Environments/SM_Env_Sidewalk_Straight_02.prefab
  artifactKey: Guid(34bd91b097c07bb44bea4694542e023b) Importer(815301076,1909f56bfc062723c751e8b465ee728b)
Start importing Assets/Assets/SyntyStudios/PolygonCity/Prefabs/Environments/SM_Env_Sidewalk_Straight_02.prefab using Guid(34bd91b097c07bb44bea4694542e023b) Importer(815301076,1909f56bfc062723c751e8b465ee728b)  -> (artifact id: 'b4ea455977fbdc231e9c9f93bbc6875d') in 0.009876 seconds 
========================================================================
Received Import Request.
  Time since last request: 0.000013 seconds.
  path: Assets/Assets/SyntyStudios/PolygonCity/Prefabs/Props/SM_Prop_Sign_Barber_01.prefab
  artifactKey: Guid(6f13e404c814e8d4aa20a5f3d4469109) Importer(815301076,1909f56bfc062723c751e8b465ee728b)
Start importing Assets/Assets/SyntyStudios/PolygonCity/Prefabs/Props/SM_Prop_Sign_Barber_01.prefab using Guid(6f13e404c814e8d4aa20a5f3d4469109) Importer(815301076,1909f56bfc062723c751e8b465ee728b)  -> (artifact id: 'daeab38cabd49abb9a47d7cac0e19569') in 0.008947 seconds 
========================================================================
Received Import Request.
  Time since last request: 0.000014 seconds.
  path: Assets/Assets/SyntyStudios/PolygonCity/Prefabs/Environments/SM_Env_Road_Arrow_02.prefab
  artifactKey: Guid(7cbed2c339c8db94cb05278ed2f7e14b) Importer(815301076,1909f56bfc062723c751e8b465ee728b)
Start importing Assets/Assets/SyntyStudios/PolygonCity/Prefabs/Environments/SM_Env_Road_Arrow_02.prefab using Guid(7cbed2c339c8db94cb05278ed2f7e14b) Importer(815301076,1909f56bfc062723c751e8b465ee728b)  -> (artifact id: '88a3a71b1ea4a6008de0b4d297e0e8b3') in 0.005373 seconds 
========================================================================
Received Import Request.
  Time since last request: 0.000016 seconds.
  path: Assets/Assets/SyntyStudios/PolygonCity/Prefabs/Environments/SM_Env_WaterEdge_Rock_01.prefab
  artifactKey: Guid(b408ff046e97d28428f851dbcce2f2d5) Importer(815301076,1909f56bfc062723c751e8b465ee728b)
Start importing Assets/Assets/SyntyStudios/PolygonCity/Prefabs/Environments/SM_Env_WaterEdge_Rock_01.prefab using Guid(b408ff046e97d28428f851dbcce2f2d5) Importer(815301076,1909f56bfc062723c751e8b465ee728b)  -> (artifact id: '0c4ed462d4ebd5e97bcdaebe8bb301eb') in 0.008609 seconds 
========================================================================
Received Import Request.
  Time since last request: 0.000015 seconds.
  path: Assets/Assets/SyntyStudios/PolygonCity/Prefabs/Environments/SM_Env_Sidewalk_Straight_01.prefab
  artifactKey: Guid(ae7b8255185ace64ca379cb1ca3b24e6) Importer(815301076,1909f56bfc062723c751e8b465ee728b)
Start importing Assets/Assets/SyntyStudios/PolygonCity/Prefabs/Environments/SM_Env_Sidewalk_Straight_01.prefab using Guid(ae7b8255185ace64ca379cb1ca3b24e6) Importer(815301076,1909f56bfc062723c751e8b465ee728b)  -> (artifact id: '02f78ffe58713437bb5e98377d8f63ad') in 0.007405 seconds 
========================================================================
Received Import Request.
  Time since last request: 2.513137 seconds.
  path: Assets/Assets/SyntyStudios/PolygonCity/Prefabs/Props/SM_Prop_Sign_Hotel_01.prefab
  artifactKey: Guid(15dc232cd3fb7284497126cd68dc7ba7) Importer(815301076,1909f56bfc062723c751e8b465ee728b)
Start importing Assets/Assets/SyntyStudios/PolygonCity/Prefabs/Props/SM_Prop_Sign_Hotel_01.prefab using Guid(15dc232cd3fb7284497126cd68dc7ba7) Importer(815301076,1909f56bfc062723c751e8b465ee728b)  -> (artifact id: 'd94e7980b1ec5ee27e1fd58c1032b8af') in 0.009772 seconds 
========================================================================
Received Import Request.
  Time since last request: 0.000013 seconds.
  path: Assets/Assets/SyntyStudios/PolygonCity/Prefabs/Props/SM_Prop_Sign_Pub_01.prefab
  artifactKey: Guid(befbabd051a2d564bb1e92979527769a) Importer(815301076,1909f56bfc062723c751e8b465ee728b)
Start importing Assets/Assets/SyntyStudios/PolygonCity/Prefabs/Props/SM_Prop_Sign_Pub_01.prefab using Guid(befbabd051a2d564bb1e92979527769a) Importer(815301076,1909f56bfc062723c751e8b465ee728b)  -> (artifact id: '4518ad33de7a6f392c91eac9c3a2c7e7') in 0.008984 seconds 
========================================================================
Received Import Request.
  Time since last request: 0.000018 seconds.
  path: Assets/Assets/SyntyStudios/PolygonCity/Prefabs/Props/SM_Prop_Sign_Street_01.prefab
  artifactKey: Guid(34cdcbdf1492ca144bbda9b397db682c) Importer(815301076,1909f56bfc062723c751e8b465ee728b)
Start importing Assets/Assets/SyntyStudios/PolygonCity/Prefabs/Props/SM_Prop_Sign_Street_01.prefab using Guid(34cdcbdf1492ca144bbda9b397db682c) Importer(815301076,1909f56bfc062723c751e8b465ee728b)  -> (artifact id: 'a7fe3b1c09a9a875697cff5d6ee3fd33') in 0.007899 seconds 
========================================================================
Received Import Request.
  Time since last request: 0.000012 seconds.
  path: Assets/Assets/SyntyStudios/PolygonCity/Prefabs/Props/SM_Prop_Skip_02.prefab
  artifactKey: Guid(180ae0328a9b63d4ca285487efd1305a) Importer(815301076,1909f56bfc062723c751e8b465ee728b)
Start importing Assets/Assets/SyntyStudios/PolygonCity/Prefabs/Props/SM_Prop_Skip_02.prefab using Guid(180ae0328a9b63d4ca285487efd1305a) Importer(815301076,1909f56bfc062723c751e8b465ee728b)  -> (artifact id: '66f16fb0857acf97f47a98c94486a607') in 0.009986 seconds 
========================================================================
Received Import Request.
  Time since last request: 0.000011 seconds.
  path: Assets/Assets/SyntyStudios/PolygonCity/Prefabs/Props/SM_Prop_Table_02.prefab
  artifactKey: Guid(24785933d7ceaad4a800f09511c371db) Importer(815301076,1909f56bfc062723c751e8b465ee728b)
Start importing Assets/Assets/SyntyStudios/PolygonCity/Prefabs/Props/SM_Prop_Table_02.prefab using Guid(24785933d7ceaad4a800f09511c371db) Importer(815301076,1909f56bfc062723c751e8b465ee728b)  -> (artifact id: 'a3b9a871fe19187c44b66e1f74f13e7b') in 0.010238 seconds 
========================================================================
Received Import Request.
  Time since last request: 0.000017 seconds.
  path: Assets/Assets/SyntyStudios/PolygonCity/Prefabs/Props/SM_Prop_Skip_01.prefab
  artifactKey: Guid(7a686972998735e4e8e9cedda7f0bc43) Importer(815301076,1909f56bfc062723c751e8b465ee728b)
Start importing Assets/Assets/SyntyStudios/PolygonCity/Prefabs/Props/SM_Prop_Skip_01.prefab using Guid(7a686972998735e4e8e9cedda7f0bc43) Importer(815301076,1909f56bfc062723c751e8b465ee728b)  -> (artifact id: 'aadcf02b555342c4f4386dd9a049fdda') in 0.008664 seconds 
========================================================================
Received Import Request.
  Time since last request: 0.000017 seconds.
  path: Assets/Assets/SyntyStudios/PolygonCity/Prefabs/Props/SM_Prop_Soda_02.prefab
  artifactKey: Guid(7fcfaf911531d0f44b03917b9dc7c004) Importer(815301076,1909f56bfc062723c751e8b465ee728b)
Start importing Assets/Assets/SyntyStudios/PolygonCity/Prefabs/Props/SM_Prop_Soda_02.prefab using Guid(7fcfaf911531d0f44b03917b9dc7c004) Importer(815301076,1909f56bfc062723c751e8b465ee728b)  -> (artifact id: '4e19f804f3f8684d02e7bbf32cbc000e') in 0.018452 seconds 
========================================================================
Received Import Request.
  Time since last request: 11.340411 seconds.
  path: Assets/Assets/SyntyStudios/PolygonCity/Prefabs/Props/SM_Prop_TrashBag_02.prefab
  artifactKey: Guid(70a4fe26c99cdd645b53ab796679e200) Importer(815301076,1909f56bfc062723c751e8b465ee728b)
Start importing Assets/Assets/SyntyStudios/PolygonCity/Prefabs/Props/SM_Prop_TrashBag_02.prefab using Guid(70a4fe26c99cdd645b53ab796679e200) Importer(815301076,1909f56bfc062723c751e8b465ee728b)  -> (artifact id: '7e28d681942473458e2bfcc993c7f560') in 0.173606 seconds 
========================================================================
Received Import Request.
  Time since last request: 0.000014 seconds.
  path: Assets/Assets/SyntyStudios/PolygonCity/Prefabs/Props/SM_Prop_Washingline_01.prefab
  artifactKey: Guid(e51407a0809d1584ba21208f0acb453f) Importer(815301076,1909f56bfc062723c751e8b465ee728b)
Start importing Assets/Assets/SyntyStudios/PolygonCity/Prefabs/Props/SM_Prop_Washingline_01.prefab using Guid(e51407a0809d1584ba21208f0acb453f) Importer(815301076,1909f56bfc062723c751e8b465ee728b)  -> (artifact id: '7d1bbd17ce16053cdab2b97d99697aaf') in 0.012102 seconds 
========================================================================
Received Import Request.
  Time since last request: 0.000020 seconds.
  path: Assets/Assets/SyntyStudios/PolygonCity/Prefabs/Props/SM_Prop_Vents_Corner_01.prefab
  artifactKey: Guid(79caabbec3979a74b929feaca606d26d) Importer(815301076,1909f56bfc062723c751e8b465ee728b)
Start importing Assets/Assets/SyntyStudios/PolygonCity/Prefabs/Props/SM_Prop_Vents_Corner_01.prefab using Guid(79caabbec3979a74b929feaca606d26d) Importer(815301076,1909f56bfc062723c751e8b465ee728b)  -> (artifact id: 'b91626da762bc4f22a7426dd4a76f673') in 0.008285 seconds 
========================================================================
Received Import Request.
  Time since last request: 0.000013 seconds.
  path: Assets/Assets/SyntyStudios/PolygonCity/Prefabs/Props/SM_Prop_Vents_Transition_01.prefab
  artifactKey: Guid(18b3fbedd678f2b4190c7c8649439033) Importer(815301076,1909f56bfc062723c751e8b465ee728b)
Start importing Assets/Assets/SyntyStudios/PolygonCity/Prefabs/Props/SM_Prop_Vents_Transition_01.prefab using Guid(18b3fbedd678f2b4190c7c8649439033) Importer(815301076,1909f56bfc062723c751e8b465ee728b)  -> (artifact id: '5af26500b1cf3ac338796aa4b483bb17') in 0.008784 seconds 
Editor requested this worker to shutdown with reason: Scaling down because of idle timeout
AssetImportWorker is now disconnected from the server
Process exiting
Exiting without the bug reporter. Application will terminate with return code 0