Unity Editor version:    2021.3.19f1 (c9714fde33b6)
Branch:                  2021.3/staging
Build type:              Release
Batch mode:              YES
macOS version:           Version 14.1.1 (Build 23B81)
Darwin version:          23.1.0
Architecture:            arm64
Running under Rosetta:   NO
Available memory:        16384 MB
Using pre-set license
Pro License: YES

COMMAND LINE ARGUMENTS:
/Applications/Unity/Hub/Editor/2021.3.19f1/Unity.app/Contents/MacOS/Unity
-adb2
-batchMode
-noUpm
-name
AssetImportWorker8
-projectPath
/Users/minjoong/Desktop/ALONG_UP/EGG_ALONGUP
-logFile
Logs/AssetImportWorker8.log
-srvPort
49977
Successfully changed project path to: /Users/minjoong/Desktop/ALONG_UP/EGG_ALONGUP
/Users/minjoong/Desktop/ALONG_UP/EGG_ALONGUP
[UnityMemory] Configuration Parameters - Can be set up in boot.config
    "memorysetup-bucket-allocator-granularity=16"
    "memorysetup-bucket-allocator-bucket-count=8"
    "memorysetup-bucket-allocator-block-size=33554432"
    "memorysetup-bucket-allocator-block-count=8"
    "memorysetup-main-allocator-block-size=16777216"
    "memorysetup-thread-allocator-block-size=16777216"
    "memorysetup-gfx-main-allocator-block-size=16777216"
    "memorysetup-gfx-thread-allocator-block-size=16777216"
    "memorysetup-cache-allocator-block-size=4194304"
    "memorysetup-typetree-allocator-block-size=2097152"
    "memorysetup-profiler-bucket-allocator-granularity=16"
    "memorysetup-profiler-bucket-allocator-bucket-count=8"
    "memorysetup-profiler-bucket-allocator-block-size=33554432"
    "memorysetup-profiler-bucket-allocator-block-count=8"
    "memorysetup-profiler-allocator-block-size=16777216"
    "memorysetup-profiler-editor-allocator-block-size=1048576"
    "memorysetup-temp-allocator-size-main=16777216"
    "memorysetup-job-temp-allocator-block-size=2097152"
    "memorysetup-job-temp-allocator-block-size-background=1048576"
    "memorysetup-job-temp-allocator-reduction-small-platforms=262144"
    "memorysetup-temp-allocator-size-background-worker=32768"
    "memorysetup-temp-allocator-size-job-worker=262144"
    "memorysetup-temp-allocator-size-preload-manager=33554432"
    "memorysetup-temp-allocator-size-nav-mesh-worker=65536"
    "memorysetup-temp-allocator-size-audio-worker=65536"
    "memorysetup-temp-allocator-size-cloud-worker=32768"
    "memorysetup-temp-allocator-size-gi-baking-worker=262144"
    "memorysetup-temp-allocator-size-gfx=262144"
Player connection [8118345408] Host "[IP] 172.30.1.85 [Port] 0 [Flags] 2 [Guid] 554374712 [EditorId] 554374712 [Version] 1048832 [Id] OSXEditor(0,minjoongs-MacBook-Pro.local) [Debug] 1 [PackageName] OSXEditor [ProjectName] Editor" joined multi-casting on [225.0.0.222:54997]...

Player connection [8118345408] Host "[IP] 172.30.1.85 [Port] 0 [Flags] 2 [Guid] 554374712 [EditorId] 554374712 [Version] 1048832 [Id] OSXEditor(0,minjoongs-MacBook-Pro.local) [Debug] 1 [PackageName] OSXEditor [ProjectName] Editor" joined alternative multi-casting on [225.0.0.222:34997]...

Refreshing native plugins compatible for Editor in 116.49 ms, found 3 plugins.
Preloading 0 native plugins for Editor in 0.00 ms.
Initialize engine version: 2021.3.19f1 (c9714fde33b6)
[Subsystems] Discovering subsystems at path /Applications/Unity/Hub/Editor/2021.3.19f1/Unity.app/Contents/Resources/UnitySubsystems
[Subsystems] Discovering subsystems at path /Users/minjoong/Desktop/ALONG_UP/EGG_ALONGUP/Assets
GfxDevice: creating device client; threaded=0; jobified=0
 preferred device: Apple M1 Pro (high power)
Metal devices available: 1
0: Apple M1 Pro (high power)
Using device Apple M1 Pro (high power)
Initializing Metal device caps: Apple M1 Pro
Initialize mono
Mono path[0] = '/Applications/Unity/Hub/Editor/2021.3.19f1/Unity.app/Contents/Managed'
Mono path[1] = '/Applications/Unity/Hub/Editor/2021.3.19f1/Unity.app/Contents/MonoBleedingEdge/lib/mono/unityjit-macos'
Mono config path = '/Applications/Unity/Hub/Editor/2021.3.19f1/Unity.app/Contents/MonoBleedingEdge/etc'
Using monoOptions --debugger-agent=transport=dt_socket,embedding=1,server=y,suspend=n,address=127.0.0.1:56892
Begin MonoManager ReloadAssembly
Registering precompiled unity dll's ...
Register platform support module: /Applications/Unity/Hub/Editor/2021.3.19f1/PlaybackEngines/WebGLSupport/UnityEditor.WebGL.Extensions.dll
Register platform support module: /Applications/Unity/Hub/Editor/2021.3.19f1/Unity.app/Contents/PlaybackEngines/MacStandaloneSupport/UnityEditor.OSXStandalone.Extensions.dll
Register platform support module: /Applications/Unity/Hub/Editor/2021.3.19f1/PlaybackEngines/WindowsStandaloneSupport/UnityEditor.WindowsStandalone.Extensions.dll
Registered in 0.000792 seconds.
Native extension for WindowsStandalone target not found
Native extension for OSXStandalone target not found
Native extension for WebGL target not found
Refreshing native plugins compatible for Editor in 122.49 ms, found 3 plugins.
Preloading 0 native plugins for Editor in 0.00 ms.
Mono: successfully reloaded assembly
- Completed reload, in  0.519 seconds
Domain Reload Profiling:
	ReloadAssembly (519ms)
		BeginReloadAssembly (37ms)
			ExecutionOrderSort (0ms)
			DisableScriptedObjects (0ms)
			BackupInstance (0ms)
			ReleaseScriptingObjects (0ms)
			CreateAndSetChildDomain (1ms)
		EndReloadAssembly (401ms)
			LoadAssemblies (36ms)
			RebuildTransferFunctionScriptingTraits (0ms)
			SetupTypeCache (85ms)
			ReleaseScriptCaches (0ms)
			RebuildScriptCaches (26ms)
			SetupLoadedEditorAssemblies (256ms)
				LogAssemblyErrors (0ms)
				InitializePlatformSupportModulesInManaged (6ms)
				SetLoadedEditorAssemblies (0ms)
				RefreshPlugins (123ms)
				BeforeProcessingInitializeOnLoad (1ms)
				ProcessInitializeOnLoadAttributes (96ms)
				ProcessInitializeOnLoadMethodAttributes (30ms)
				AfterProcessingInitializeOnLoad (0ms)
				EditorAssembliesLoaded (0ms)
			ExecutionOrderSort2 (0ms)
			AwakeInstancesAfterBackupRestoration (0ms)
Platform modules already initialized, skipping
Registering precompiled user dll's ...
Registered in 0.002079 seconds.
Begin MonoManager ReloadAssembly
Symbol file LoadedFromMemory doesn't match image /Users/minjoong/Desktop/ALONG_UP/EGG_ALONGUP/Library/PackageCache/com.unity.visualscripting@1.8.0/Editor/VisualScripting.Core/Dependencies/YamlDotNet/Unity.VisualScripting.YamlDotNet.dll
Symbol file LoadedFromMemory doesn't match image /Users/minjoong/Desktop/ALONG_UP/EGG_ALONGUP/Library/PackageCache/com.unity.visualscripting@1.8.0/Editor/VisualScripting.Core/Dependencies/DotNetZip/Unity.VisualScripting.IonicZip.dll
Native extension for WindowsStandalone target not found
Native extension for OSXStandalone target not found
Native extension for WebGL target not found
Refreshing native plugins compatible for Editor in 0.88 ms, found 3 plugins.
Preloading 0 native plugins for Editor in 0.00 ms.
Mono: successfully reloaded assembly
- Completed reload, in  0.919 seconds
Domain Reload Profiling:
	ReloadAssembly (920ms)
		BeginReloadAssembly (69ms)
			ExecutionOrderSort (0ms)
			DisableScriptedObjects (4ms)
			BackupInstance (0ms)
			ReleaseScriptingObjects (0ms)
			CreateAndSetChildDomain (17ms)
		EndReloadAssembly (767ms)
			LoadAssemblies (40ms)
			RebuildTransferFunctionScriptingTraits (0ms)
			SetupTypeCache (222ms)
			ReleaseScriptCaches (0ms)
			RebuildScriptCaches (49ms)
			SetupLoadedEditorAssemblies (419ms)
				LogAssemblyErrors (0ms)
				InitializePlatformSupportModulesInManaged (4ms)
				SetLoadedEditorAssemblies (0ms)
				RefreshPlugins (1ms)
				BeforeProcessingInitializeOnLoad (61ms)
				ProcessInitializeOnLoadAttributes (338ms)
				ProcessInitializeOnLoadMethodAttributes (14ms)
				AfterProcessingInitializeOnLoad (1ms)
				EditorAssembliesLoaded (0ms)
			ExecutionOrderSort2 (0ms)
			AwakeInstancesAfterBackupRestoration (3ms)
Platform modules already initialized, skipping
========================================================================
Worker process is ready to serve import requests
Launching external process: /Applications/Unity/Hub/Editor/2021.3.19f1/Unity.app/Contents/Tools/UnityShaderCompiler
Launched and connected shader compiler UnityShaderCompiler after 0.06 seconds
Refreshing native plugins compatible for Editor in 0.85 ms, found 3 plugins.
Preloading 0 native plugins for Editor in 0.00 ms.
Unloading 3780 Unused Serialized files (Serialized files now loaded: 0)
Unloading 44 unused Assets / (114.0 KB). Loaded Objects now: 4224.
Memory consumption went from 137.0 MB to 136.9 MB.
Total: 3.031250 ms (FindLiveObjects: 0.132917 ms CreateObjectMapping: 0.055667 ms MarkObjects: 2.743250 ms  DeleteObjects: 0.098458 ms)

AssetImportParameters requested are different than current active one (requested -> active):
  custom:video-decoder-ogg-theora: a1e56fd34408186e4bbccfd4996cb3dc -> 
  custom:container-muxer-webm: aa71ff27fc2769a1b78a27578f13a17b -> 
  custom:container-demuxer-webm: 4f35f7cbe854078d1ac9338744f61a02 -> 
  custom:video-encoder-webm-vp8: eb34c28f22e8b96e1ab97ce403110664 -> 
  custom:framework-osx-AVFoundation: e770b220cccbd017edd2c1fefb359320 -> 
  custom:audio-encoder-webm-vorbis: bf7c407c2cedff20999df2af8eb42d56 -> 
  custom:container-demuxer-ogg: 62fdf1f143b41e24485cea50d1cbac27 -> 
  custom:video-decoder-webm-vp8: 9c59270c3fd7afecdb556c50c9e8de78 -> 
  custom:audio-decoder-ogg-vorbis: bf7c407c2cedff20999df2af8eb42d56 -> 
========================================================================
Received Import Request.
  Time since last request: 20476.434662 seconds.
  path: Assets/Assets/SyntyStudios/PolygonStarter/PolygonPrototype/Models/SM_Prop_Ladder_1x4_01P.fbx
  artifactKey: Guid(d02d752f3b7ea7a4eb2fb7f4aedcd085) Importer(815301076,1909f56bfc062723c751e8b465ee728b)
Start importing Assets/Assets/SyntyStudios/PolygonStarter/PolygonPrototype/Models/SM_Prop_Ladder_1x4_01P.fbx using Guid(d02d752f3b7ea7a4eb2fb7f4aedcd085) Importer(815301076,1909f56bfc062723c751e8b465ee728b)  -> (artifact id: 'd0663c6a555ed4dd15dead8c2e39c614') in 0.119729 seconds 
========================================================================
Received Import Request.
  Time since last request: 5.156669 seconds.
  path: Assets/Assets/SyntyStudios/PolygonStarter/PolygonPrototype/Models/SM_Primitive_Helix_01.fbx
  artifactKey: Guid(b77737c16de0c7e489f25a56a30b93bd) Importer(815301076,1909f56bfc062723c751e8b465ee728b)
Start importing Assets/Assets/SyntyStudios/PolygonStarter/PolygonPrototype/Models/SM_Primitive_Helix_01.fbx using Guid(b77737c16de0c7e489f25a56a30b93bd) Importer(815301076,1909f56bfc062723c751e8b465ee728b)  -> (artifact id: 'd4fb889dcfac551effbb822ed2f004ed') in 0.017523 seconds 
========================================================================
Received Import Request.
  Time since last request: 0.000079 seconds.
  path: Assets/Assets/SyntyStudios/PolygonStarter/PolygonPrototype/Models/SM_Primitive_Sphere_03.fbx
  artifactKey: Guid(041af9d6be7b54e4cbc5136070a39312) Importer(815301076,1909f56bfc062723c751e8b465ee728b)
Start importing Assets/Assets/SyntyStudios/PolygonStarter/PolygonPrototype/Models/SM_Primitive_Sphere_03.fbx using Guid(041af9d6be7b54e4cbc5136070a39312) Importer(815301076,1909f56bfc062723c751e8b465ee728b)  -> (artifact id: '95ffc7730caea7db59a311ddb440e914') in 0.008651 seconds 
========================================================================
Received Import Request.
  Time since last request: 0.000040 seconds.
  path: Assets/Assets/SyntyStudios/PolygonStarter/PolygonPrototype/Models/SM_Primitive_Torus_01.fbx
  artifactKey: Guid(1cfa742303d7e954b8b19385d8904273) Importer(815301076,1909f56bfc062723c751e8b465ee728b)
Start importing Assets/Assets/SyntyStudios/PolygonStarter/PolygonPrototype/Models/SM_Primitive_Torus_01.fbx using Guid(1cfa742303d7e954b8b19385d8904273) Importer(815301076,1909f56bfc062723c751e8b465ee728b)  -> (artifact id: '8e6e93d4636a8fe2fdc638a5fbac7af6') in 0.007824 seconds 
========================================================================
Received Import Request.
  Time since last request: 0.000045 seconds.
  path: Assets/Assets/SyntyStudios/PolygonStarter/PolygonPrototype/Models/SM_Primitive_Torus_02.fbx
  artifactKey: Guid(aa7e7e76cff8f9d4e9ae8decd1713e25) Importer(815301076,1909f56bfc062723c751e8b465ee728b)
Start importing Assets/Assets/SyntyStudios/PolygonStarter/PolygonPrototype/Models/SM_Primitive_Torus_02.fbx using Guid(aa7e7e76cff8f9d4e9ae8decd1713e25) Importer(815301076,1909f56bfc062723c751e8b465ee728b)  -> (artifact id: '39024fb98a8fff07446289df0abd9b78') in 0.009386 seconds 
========================================================================
Received Import Request.
  Time since last request: 1.551598 seconds.
  path: Assets/Assets/SyntyStudios/PolygonStarter/PolygonPrototype/Models/SM_Primitive_Cone_05.fbx
  artifactKey: Guid(9f855ba253e08634ca312e229b14783f) Importer(815301076,1909f56bfc062723c751e8b465ee728b)
Start importing Assets/Assets/SyntyStudios/PolygonStarter/PolygonPrototype/Models/SM_Primitive_Cone_05.fbx using Guid(9f855ba253e08634ca312e229b14783f) Importer(815301076,1909f56bfc062723c751e8b465ee728b)  -> (artifact id: '070beaea442c13fd9e180653cc88df7c') in 0.011405 seconds 
========================================================================
Received Import Request.
  Time since last request: 0.000058 seconds.
  path: Assets/Assets/SyntyStudios/PolygonStarter/PolygonPrototype/Models/SM_Primitive_Cylander_02.fbx
  artifactKey: Guid(d4310e8ff3695464cad536592578913c) Importer(815301076,1909f56bfc062723c751e8b465ee728b)
Start importing Assets/Assets/SyntyStudios/PolygonStarter/PolygonPrototype/Models/SM_Primitive_Cylander_02.fbx using Guid(d4310e8ff3695464cad536592578913c) Importer(815301076,1909f56bfc062723c751e8b465ee728b)  -> (artifact id: '155835eb0cf5a3da1ecf70067fdf28e0') in 0.008709 seconds 
========================================================================
Received Import Request.
  Time since last request: 1.465780 seconds.
  path: Assets/Assets/SyntyStudios/PolygonStarter/PolygonPrototype/Models/SM_Pawn_Run_Female_01.fbx
  artifactKey: Guid(8aa7ff73c4ed4044bb295e573acbf79c) Importer(815301076,1909f56bfc062723c751e8b465ee728b)
Start importing Assets/Assets/SyntyStudios/PolygonStarter/PolygonPrototype/Models/SM_Pawn_Run_Female_01.fbx using Guid(8aa7ff73c4ed4044bb295e573acbf79c) Importer(815301076,1909f56bfc062723c751e8b465ee728b)  -> (artifact id: 'db07083912885a7872340a2b9a8d6f69') in 0.065834 seconds 
========================================================================
Received Import Request.
  Time since last request: 0.000092 seconds.
  path: Assets/Assets/SyntyStudios/PolygonStarter/PolygonPrototype/Models/SM_Pawn_Weapon_Female_01.fbx
  artifactKey: Guid(3f36492df7a9ce647a487eb52aeeda64) Importer(815301076,1909f56bfc062723c751e8b465ee728b)
Start importing Assets/Assets/SyntyStudios/PolygonStarter/PolygonPrototype/Models/SM_Pawn_Weapon_Female_01.fbx using Guid(3f36492df7a9ce647a487eb52aeeda64) Importer(815301076,1909f56bfc062723c751e8b465ee728b)  -> (artifact id: 'c557a076f4838dabb4e8c2145ddd7d95') in 0.009693 seconds 
========================================================================
Received Import Request.
  Time since last request: 13.591453 seconds.
  path: Assets/Assets/SyntyStudios/PolygonKnights/Models/SM_Prop_Fence_01_Snow.fbx
  artifactKey: Guid(8b93574dea7a67245be2a1235e3cc25f) Importer(815301076,1909f56bfc062723c751e8b465ee728b)
Start importing Assets/Assets/SyntyStudios/PolygonKnights/Models/SM_Prop_Fence_01_Snow.fbx using Guid(8b93574dea7a67245be2a1235e3cc25f) Importer(815301076,1909f56bfc062723c751e8b465ee728b)  -> (artifact id: '4e11118dcb8643e42b0766cc8a3f2293') in 0.018100 seconds 
========================================================================
Received Import Request.
  Time since last request: 5.775871 seconds.
  path: Assets/Assets/SyntyStudios/PolygonKnights/Models/SM_Prop_Fence_02_Snow.fbx
  artifactKey: Guid(e45152811f209c346849f598c86e4a48) Importer(815301076,1909f56bfc062723c751e8b465ee728b)
Start importing Assets/Assets/SyntyStudios/PolygonKnights/Models/SM_Prop_Fence_02_Snow.fbx using Guid(e45152811f209c346849f598c86e4a48) Importer(815301076,1909f56bfc062723c751e8b465ee728b)  -> (artifact id: 'a02aeb3562f0ff6e54364d8c5b621c20') in 0.015950 seconds 
========================================================================
Received Import Request.
  Time since last request: 0.023678 seconds.
  path: Assets/Assets/SyntyStudios/PolygonKnights/Models/SM_Prop_Gravestone_01_Snow.fbx
  artifactKey: Guid(2d6cac73548957645a5c75a80dc6b6df) Importer(815301076,1909f56bfc062723c751e8b465ee728b)
Start importing Assets/Assets/SyntyStudios/PolygonKnights/Models/SM_Prop_Gravestone_01_Snow.fbx using Guid(2d6cac73548957645a5c75a80dc6b6df) Importer(815301076,1909f56bfc062723c751e8b465ee728b)  -> (artifact id: 'fb20a0ac0d46dfafa97b6bfc76aaefd9') in 0.009117 seconds 
========================================================================
Received Import Request.
  Time since last request: 0.044821 seconds.
  path: Assets/Assets/SyntyStudios/PolygonKnights/Models/SM_Prop_Guillotine_01_Snow.fbx
  artifactKey: Guid(a3738c2dfe628174fbdf9bd7d1f71523) Importer(815301076,1909f56bfc062723c751e8b465ee728b)
Start importing Assets/Assets/SyntyStudios/PolygonKnights/Models/SM_Prop_Guillotine_01_Snow.fbx using Guid(a3738c2dfe628174fbdf9bd7d1f71523) Importer(815301076,1909f56bfc062723c751e8b465ee728b)  -> (artifact id: '23fb8eb461d9ddf6fb5a8fc6a67e4014') in 0.010420 seconds 
========================================================================
Received Import Request.
  Time since last request: 0.413511 seconds.
  path: Assets/Assets/SyntyStudios/PolygonCity/Models/SM_Prop_Hydrant_01.fbx
  artifactKey: Guid(5d9585ddf62280a47a3f3b307292f21e) Importer(815301076,1909f56bfc062723c751e8b465ee728b)
Start importing Assets/Assets/SyntyStudios/PolygonCity/Models/SM_Prop_Hydrant_01.fbx using Guid(5d9585ddf62280a47a3f3b307292f21e) Importer(815301076,1909f56bfc062723c751e8b465ee728b)  -> (artifact id: 'ff984f26d022d0b27a585038720a207a') in 0.014610 seconds 
========================================================================
Received Import Request.
  Time since last request: 0.858648 seconds.
  path: Assets/Assets/SyntyStudios/PolygonCity/Models/SM_Prop_LargeSign_Bottle_01.fbx
  artifactKey: Guid(34ae0f9f79f5d734c9d4639692936e7a) Importer(815301076,1909f56bfc062723c751e8b465ee728b)
Start importing Assets/Assets/SyntyStudios/PolygonCity/Models/SM_Prop_LargeSign_Bottle_01.fbx using Guid(34ae0f9f79f5d734c9d4639692936e7a) Importer(815301076,1909f56bfc062723c751e8b465ee728b)  -> (artifact id: '9fc78515f31f4a34b0fac4d24d5370aa') in 0.011131 seconds 
========================================================================
Received Import Request.
  Time since last request: 0.000052 seconds.
  path: Assets/Assets/SyntyStudios/PolygonCity/Models/SM_Prop_LargeSign_Burger_01.fbx
  artifactKey: Guid(9346d4a11ce62b5459ce3291fb4137bf) Importer(815301076,1909f56bfc062723c751e8b465ee728b)
Start importing Assets/Assets/SyntyStudios/PolygonCity/Models/SM_Prop_LargeSign_Burger_01.fbx using Guid(9346d4a11ce62b5459ce3291fb4137bf) Importer(815301076,1909f56bfc062723c751e8b465ee728b)  -> (artifact id: '85c54fa1394c13af057ffb021f8daee5') in 0.008385 seconds 
========================================================================
Received Import Request.
  Time since last request: 0.053845 seconds.
  path: Assets/Assets/SyntyStudios/PolygonCity/Models/SM_Prop_LargeSign_Guitar_01.fbx
  artifactKey: Guid(1b4a04dac569f844d94a3e9569e7af37) Importer(815301076,1909f56bfc062723c751e8b465ee728b)
Start importing Assets/Assets/SyntyStudios/PolygonCity/Models/SM_Prop_LargeSign_Guitar_01.fbx using Guid(1b4a04dac569f844d94a3e9569e7af37) Importer(815301076,1909f56bfc062723c751e8b465ee728b)  -> (artifact id: '1531a30db9bac2e06cdc1949b741e480') in 0.010227 seconds 
Editor requested this worker to shutdown with reason: Scaling down because of idle timeout
AssetImportWorker is now disconnected from the server
Process exiting
