Unity Editor version:    2021.3.19f1 (c9714fde33b6)
Branch:                  2021.3/staging
Build type:              Release
Batch mode:              YES
macOS version:           Version 14.1.1 (Build 23B81)
Darwin version:          23.1.0
Architecture:            arm64
Running under Rosetta:   NO
Available memory:        16384 MB
Using pre-set license
Pro License: YES

COMMAND LINE ARGUMENTS:
/Applications/Unity/Hub/Editor/2021.3.19f1/Unity.app/Contents/MacOS/Unity
-adb2
-batchMode
-noUpm
-name
AssetImportWorker4
-projectPath
/Users/minjoong/Desktop/ALONG_UP/EGG_ALONGUP
-logFile
Logs/AssetImportWorker4.log
-srvPort
49393
Successfully changed project path to: /Users/minjoong/Desktop/ALONG_UP/EGG_ALONGUP
/Users/minjoong/Desktop/ALONG_UP/EGG_ALONGUP
[UnityMemory] Configuration Parameters - Can be set up in boot.config
    "memorysetup-bucket-allocator-granularity=16"
    "memorysetup-bucket-allocator-bucket-count=8"
    "memorysetup-bucket-allocator-block-size=33554432"
    "memorysetup-bucket-allocator-block-count=8"
    "memorysetup-main-allocator-block-size=16777216"
    "memorysetup-thread-allocator-block-size=16777216"
    "memorysetup-gfx-main-allocator-block-size=16777216"
    "memorysetup-gfx-thread-allocator-block-size=16777216"
    "memorysetup-cache-allocator-block-size=4194304"
    "memorysetup-typetree-allocator-block-size=2097152"
    "memorysetup-profiler-bucket-allocator-granularity=16"
    "memorysetup-profiler-bucket-allocator-bucket-count=8"
    "memorysetup-profiler-bucket-allocator-block-size=33554432"
    "memorysetup-profiler-bucket-allocator-block-count=8"
    "memorysetup-profiler-allocator-block-size=16777216"
    "memorysetup-profiler-editor-allocator-block-size=1048576"
    "memorysetup-temp-allocator-size-main=16777216"
    "memorysetup-job-temp-allocator-block-size=2097152"
    "memorysetup-job-temp-allocator-block-size-background=1048576"
    "memorysetup-job-temp-allocator-reduction-small-platforms=262144"
    "memorysetup-temp-allocator-size-background-worker=32768"
    "memorysetup-temp-allocator-size-job-worker=262144"
    "memorysetup-temp-allocator-size-preload-manager=33554432"
    "memorysetup-temp-allocator-size-nav-mesh-worker=65536"
    "memorysetup-temp-allocator-size-audio-worker=65536"
    "memorysetup-temp-allocator-size-cloud-worker=32768"
    "memorysetup-temp-allocator-size-gi-baking-worker=262144"
    "memorysetup-temp-allocator-size-gfx=262144"
Player connection [8040865472] Host "[IP] 192.168.13.11 [Port] 0 [Flags] 2 [Guid] 225076643 [EditorId] 225076643 [Version] 1048832 [Id] OSXEditor(0,minjoongs-MacBook-Pro.local) [Debug] 1 [PackageName] OSXEditor [ProjectName] Editor" joined multi-casting on [225.0.0.222:54997]...

Player connection [8040865472] Host "[IP] 192.168.13.11 [Port] 0 [Flags] 2 [Guid] 225076643 [EditorId] 225076643 [Version] 1048832 [Id] OSXEditor(0,minjoongs-MacBook-Pro.local) [Debug] 1 [PackageName] OSXEditor [ProjectName] Editor" joined alternative multi-casting on [225.0.0.222:34997]...

Refreshing native plugins compatible for Editor in 126.35 ms, found 3 plugins.
Preloading 0 native plugins for Editor in 0.00 ms.
Initialize engine version: 2021.3.19f1 (c9714fde33b6)
[Subsystems] Discovering subsystems at path /Applications/Unity/Hub/Editor/2021.3.19f1/Unity.app/Contents/Resources/UnitySubsystems
[Subsystems] Discovering subsystems at path /Users/minjoong/Desktop/ALONG_UP/EGG_ALONGUP/Assets
GfxDevice: creating device client; threaded=0; jobified=0
 preferred device: Apple M1 Pro (high power)
Metal devices available: 1
0: Apple M1 Pro (high power)
Using device Apple M1 Pro (high power)
Initializing Metal device caps: Apple M1 Pro
Initialize mono
Mono path[0] = '/Applications/Unity/Hub/Editor/2021.3.19f1/Unity.app/Contents/Managed'
Mono path[1] = '/Applications/Unity/Hub/Editor/2021.3.19f1/Unity.app/Contents/MonoBleedingEdge/lib/mono/unityjit-macos'
Mono config path = '/Applications/Unity/Hub/Editor/2021.3.19f1/Unity.app/Contents/MonoBleedingEdge/etc'
Using monoOptions --debugger-agent=transport=dt_socket,embedding=1,server=y,suspend=n,address=127.0.0.1:56115
Begin MonoManager ReloadAssembly
Registering precompiled unity dll's ...
Register platform support module: /Applications/Unity/Hub/Editor/2021.3.19f1/PlaybackEngines/WebGLSupport/UnityEditor.WebGL.Extensions.dll
Register platform support module: /Applications/Unity/Hub/Editor/2021.3.19f1/Unity.app/Contents/PlaybackEngines/MacStandaloneSupport/UnityEditor.OSXStandalone.Extensions.dll
Register platform support module: /Applications/Unity/Hub/Editor/2021.3.19f1/PlaybackEngines/WindowsStandaloneSupport/UnityEditor.WindowsStandalone.Extensions.dll
Registered in 0.003184 seconds.
Native extension for WindowsStandalone target not found
Native extension for OSXStandalone target not found
Native extension for WebGL target not found
Refreshing native plugins compatible for Editor in 122.94 ms, found 3 plugins.
Preloading 0 native plugins for Editor in 0.00 ms.
Mono: successfully reloaded assembly
- Completed reload, in  0.587 seconds
Domain Reload Profiling:
	ReloadAssembly (587ms)
		BeginReloadAssembly (59ms)
			ExecutionOrderSort (0ms)
			DisableScriptedObjects (0ms)
			BackupInstance (0ms)
			ReleaseScriptingObjects (0ms)
			CreateAndSetChildDomain (1ms)
		EndReloadAssembly (435ms)
			LoadAssemblies (60ms)
			RebuildTransferFunctionScriptingTraits (0ms)
			SetupTypeCache (100ms)
			ReleaseScriptCaches (0ms)
			RebuildScriptCaches (31ms)
			SetupLoadedEditorAssemblies (269ms)
				LogAssemblyErrors (0ms)
				InitializePlatformSupportModulesInManaged (6ms)
				SetLoadedEditorAssemblies (0ms)
				RefreshPlugins (123ms)
				BeforeProcessingInitializeOnLoad (1ms)
				ProcessInitializeOnLoadAttributes (107ms)
				ProcessInitializeOnLoadMethodAttributes (32ms)
				AfterProcessingInitializeOnLoad (0ms)
				EditorAssembliesLoaded (0ms)
			ExecutionOrderSort2 (0ms)
			AwakeInstancesAfterBackupRestoration (0ms)
Platform modules already initialized, skipping
Registering precompiled user dll's ...
Registered in 0.006346 seconds.
Begin MonoManager ReloadAssembly
Symbol file LoadedFromMemory doesn't match image /Users/minjoong/Desktop/ALONG_UP/EGG_ALONGUP/Library/PackageCache/com.unity.visualscripting@1.8.0/Editor/VisualScripting.Core/Dependencies/YamlDotNet/Unity.VisualScripting.YamlDotNet.dll
Symbol file LoadedFromMemory doesn't match image /Users/minjoong/Desktop/ALONG_UP/EGG_ALONGUP/Library/PackageCache/com.unity.visualscripting@1.8.0/Editor/VisualScripting.Core/Dependencies/DotNetZip/Unity.VisualScripting.IonicZip.dll
Native extension for WindowsStandalone target not found
Native extension for OSXStandalone target not found
Native extension for WebGL target not found
Refreshing native plugins compatible for Editor in 1.05 ms, found 3 plugins.
Preloading 0 native plugins for Editor in 0.00 ms.
Mono: successfully reloaded assembly
- Completed reload, in  1.061 seconds
Domain Reload Profiling:
	ReloadAssembly (1062ms)
		BeginReloadAssembly (74ms)
			ExecutionOrderSort (0ms)
			DisableScriptedObjects (4ms)
			BackupInstance (0ms)
			ReleaseScriptingObjects (0ms)
			CreateAndSetChildDomain (18ms)
		EndReloadAssembly (891ms)
			LoadAssemblies (61ms)
			RebuildTransferFunctionScriptingTraits (0ms)
			SetupTypeCache (264ms)
			ReleaseScriptCaches (0ms)
			RebuildScriptCaches (70ms)
			SetupLoadedEditorAssemblies (457ms)
				LogAssemblyErrors (0ms)
				InitializePlatformSupportModulesInManaged (4ms)
				SetLoadedEditorAssemblies (0ms)
				RefreshPlugins (1ms)
				BeforeProcessingInitializeOnLoad (66ms)
				ProcessInitializeOnLoadAttributes (370ms)
				ProcessInitializeOnLoadMethodAttributes (14ms)
				AfterProcessingInitializeOnLoad (1ms)
				EditorAssembliesLoaded (0ms)
			ExecutionOrderSort2 (0ms)
			AwakeInstancesAfterBackupRestoration (3ms)
Platform modules already initialized, skipping
========================================================================
Worker process is ready to serve import requests
Launching external process: /Applications/Unity/Hub/Editor/2021.3.19f1/Unity.app/Contents/Tools/UnityShaderCompiler
Launched and connected shader compiler UnityShaderCompiler after 0.06 seconds
Refreshing native plugins compatible for Editor in 0.85 ms, found 3 plugins.
Preloading 0 native plugins for Editor in 0.00 ms.
Unloading 3941 Unused Serialized files (Serialized files now loaded: 0)
Unloading 57 unused Assets / (57.0 KB). Loaded Objects now: 4385.
Memory consumption went from 143.5 MB to 143.4 MB.
Total: 3.444292 ms (FindLiveObjects: 0.129291 ms CreateObjectMapping: 0.060792 ms MarkObjects: 3.092375 ms  DeleteObjects: 0.160916 ms)

AssetImportParameters requested are different than current active one (requested -> active):
  custom:video-decoder-ogg-theora: a1e56fd34408186e4bbccfd4996cb3dc -> 
  custom:container-muxer-webm: aa71ff27fc2769a1b78a27578f13a17b -> 
  custom:container-demuxer-webm: 4f35f7cbe854078d1ac9338744f61a02 -> 
  custom:video-encoder-webm-vp8: eb34c28f22e8b96e1ab97ce403110664 -> 
  custom:framework-osx-AVFoundation: e770b220cccbd017edd2c1fefb359320 -> 
  custom:audio-encoder-webm-vorbis: bf7c407c2cedff20999df2af8eb42d56 -> 
  custom:container-demuxer-ogg: 62fdf1f143b41e24485cea50d1cbac27 -> 
  custom:video-decoder-webm-vp8: 9c59270c3fd7afecdb556c50c9e8de78 -> 
  custom:audio-decoder-ogg-vorbis: bf7c407c2cedff20999df2af8eb42d56 -> 
========================================================================
Received Import Request.
  Time since last request: 3705.233046 seconds.
  path: Packages/com.unity.collab-proxy/Editor/PlasticSCM/Assets/Images/d_stepok@2x.png
  artifactKey: Guid(3494dc956dfd7174abc07060940a2848) Importer(815301076,1909f56bfc062723c751e8b465ee728b)
Start importing Packages/com.unity.collab-proxy/Editor/PlasticSCM/Assets/Images/d_stepok@2x.png using Guid(3494dc956dfd7174abc07060940a2848) Importer(815301076,1909f56bfc062723c751e8b465ee728b)  -> (artifact id: '3df0b9b81b649d6d9fa51f039fe95a44') in 0.176905 seconds 
========================================================================
Received Import Request.
  Time since last request: 0.360105 seconds.
  path: Packages/com.unity.collab-proxy/Editor/PlasticSCM/Assets/Images/iconcheckedoutlocaloverlay@2x.png
  artifactKey: Guid(3999034958d54364da380a8839a11050) Importer(815301076,1909f56bfc062723c751e8b465ee728b)
Start importing Packages/com.unity.collab-proxy/Editor/PlasticSCM/Assets/Images/iconcheckedoutlocaloverlay@2x.png using Guid(3999034958d54364da380a8839a11050) Importer(815301076,1909f56bfc062723c751e8b465ee728b)  -> (artifact id: '901523881821571e1300782a91bcc7ec') in 0.007842 seconds 
========================================================================
Received Import Request.
  Time since last request: 0.010422 seconds.
  path: Packages/com.unity.collab-proxy/Editor/PlasticSCM/Assets/Images/iconconflicted.png
  artifactKey: Guid(d1c88f142eee55b4eb2b2cfd7b3624ce) Importer(815301076,1909f56bfc062723c751e8b465ee728b)
Start importing Packages/com.unity.collab-proxy/Editor/PlasticSCM/Assets/Images/iconconflicted.png using Guid(d1c88f142eee55b4eb2b2cfd7b3624ce) Importer(815301076,1909f56bfc062723c751e8b465ee728b)  -> (artifact id: '46a45e949b1e3acb71325c40fd9fb4ec') in 0.005534 seconds 
========================================================================
Received Import Request.
  Time since last request: 0.012557 seconds.
  path: Packages/com.unity.collab-proxy/Editor/PlasticSCM/Assets/Images/iconconflictedoverlay@2x.png
  artifactKey: Guid(5679a74364f6b4440ab7e7aed55cd95e) Importer(815301076,1909f56bfc062723c751e8b465ee728b)
Start importing Packages/com.unity.collab-proxy/Editor/PlasticSCM/Assets/Images/iconconflictedoverlay@2x.png using Guid(5679a74364f6b4440ab7e7aed55cd95e) Importer(815301076,1909f56bfc062723c751e8b465ee728b)  -> (artifact id: 'b7d3a1100efbeaf9850752cd9915e02a') in 0.006365 seconds 
========================================================================
Received Import Request.
  Time since last request: 0.029589 seconds.
  path: Packages/com.unity.collab-proxy/Editor/PlasticSCM/Assets/Images/icondeletedremote.png
  artifactKey: Guid(b85a4b2ec6433d04895612d791edc260) Importer(815301076,1909f56bfc062723c751e8b465ee728b)
Start importing Packages/com.unity.collab-proxy/Editor/PlasticSCM/Assets/Images/icondeletedremote.png using Guid(b85a4b2ec6433d04895612d791edc260) Importer(815301076,1909f56bfc062723c751e8b465ee728b)  -> (artifact id: '8580455faf15ff27ee2ce6c9851c8381') in 0.006114 seconds 
========================================================================
Received Import Request.
  Time since last request: 0.035412 seconds.
  path: Packages/com.unity.collab-proxy/Editor/PlasticSCM/Assets/Images/iconemptygravatar@2x.png
  artifactKey: Guid(da545229eea36164d8b8cba2f75a1143) Importer(815301076,1909f56bfc062723c751e8b465ee728b)
Start importing Packages/com.unity.collab-proxy/Editor/PlasticSCM/Assets/Images/iconemptygravatar@2x.png using Guid(da545229eea36164d8b8cba2f75a1143) Importer(815301076,1909f56bfc062723c751e8b465ee728b)  -> (artifact id: 'c8827e7e5ebcf16d6e9b9af790fab1d2') in 0.007136 seconds 
========================================================================
Received Import Request.
  Time since last request: 0.399680 seconds.
  path: Packages/com.unity.collab-proxy/Editor/PlasticSCM/Assets/Images/iconmoved.png
  artifactKey: Guid(8a6cca56e2b63344eb4769cd92d93ffb) Importer(815301076,1909f56bfc062723c751e8b465ee728b)
Start importing Packages/com.unity.collab-proxy/Editor/PlasticSCM/Assets/Images/iconmoved.png using Guid(8a6cca56e2b63344eb4769cd92d93ffb) Importer(815301076,1909f56bfc062723c751e8b465ee728b)  -> (artifact id: '4a3ff14fd27423e849df0cee99cc3470') in 0.006684 seconds 
========================================================================
Received Import Request.
  Time since last request: 0.016194 seconds.
  path: Packages/com.unity.collab-proxy/Editor/PlasticSCM/Assets/Images/iconoutofsync@2x.png
  artifactKey: Guid(d7094718bdac022428dd29244922d06b) Importer(815301076,1909f56bfc062723c751e8b465ee728b)
Start importing Packages/com.unity.collab-proxy/Editor/PlasticSCM/Assets/Images/iconoutofsync@2x.png using Guid(d7094718bdac022428dd29244922d06b) Importer(815301076,1909f56bfc062723c751e8b465ee728b)  -> (artifact id: '373e7a83615185073b53d1610a31c179') in 0.006468 seconds 
========================================================================
Received Import Request.
  Time since last request: 0.000068 seconds.
  path: Packages/com.unity.collab-proxy/Editor/PlasticSCM/Assets/Images/iconplasticnotifyconflict.png
  artifactKey: Guid(a916ed6819efd014588f58e3cfc48196) Importer(815301076,1909f56bfc062723c751e8b465ee728b)
Start importing Packages/com.unity.collab-proxy/Editor/PlasticSCM/Assets/Images/iconplasticnotifyconflict.png using Guid(a916ed6819efd014588f58e3cfc48196) Importer(815301076,1909f56bfc062723c751e8b465ee728b)  -> (artifact id: 'c541fd78c141c6c837f9287533bb6dd2') in 0.005894 seconds 
========================================================================
Received Import Request.
  Time since last request: 0.011376 seconds.
  path: Packages/com.unity.collab-proxy/Editor/PlasticSCM/Assets/Images/iconplasticnotifyconflict@2x.png
  artifactKey: Guid(6e0a54826ffc3ee46b0aa3e1c1575a69) Importer(815301076,1909f56bfc062723c751e8b465ee728b)
Start importing Packages/com.unity.collab-proxy/Editor/PlasticSCM/Assets/Images/iconplasticnotifyconflict@2x.png using Guid(6e0a54826ffc3ee46b0aa3e1c1575a69) Importer(815301076,1909f56bfc062723c751e8b465ee728b)  -> (artifact id: '4f88ba6ba766b26a73988a4c7a36a590') in 0.006324 seconds 
========================================================================
Received Import Request.
  Time since last request: 0.024232 seconds.
  path: Packages/com.unity.collab-proxy/Editor/PlasticSCM/Assets/Images/iconplasticview@2x.png
  artifactKey: Guid(97a4e2b6ae08b1140a5ba9e22953e029) Importer(815301076,1909f56bfc062723c751e8b465ee728b)
Start importing Packages/com.unity.collab-proxy/Editor/PlasticSCM/Assets/Images/iconplasticview@2x.png using Guid(97a4e2b6ae08b1140a5ba9e22953e029) Importer(815301076,1909f56bfc062723c751e8b465ee728b)  -> (artifact id: '591089603477bf6d7279866cc08b11b6') in 0.006766 seconds 
========================================================================
Received Import Request.
  Time since last request: 0.382982 seconds.
  path: Packages/com.unity.collab-proxy/Editor/PlasticSCM/Assets/Images/iconplasticviewnotify@2x.png
  artifactKey: Guid(0a4da12ff51bd83498216f698c7f20fa) Importer(815301076,1909f56bfc062723c751e8b465ee728b)
Start importing Packages/com.unity.collab-proxy/Editor/PlasticSCM/Assets/Images/iconplasticviewnotify@2x.png using Guid(0a4da12ff51bd83498216f698c7f20fa) Importer(815301076,1909f56bfc062723c751e8b465ee728b)  -> (artifact id: 'b1f4722eadca38d7cb230627ef9df384') in 0.006393 seconds 
========================================================================
Received Import Request.
  Time since last request: 0.015052 seconds.
  path: Packages/com.unity.collab-proxy/Editor/PlasticSCM/Assets/Images/iconprivateoverlay@2x.png
  artifactKey: Guid(40685941c1361aa4a957b61174bce3f6) Importer(815301076,1909f56bfc062723c751e8b465ee728b)
Start importing Packages/com.unity.collab-proxy/Editor/PlasticSCM/Assets/Images/iconprivateoverlay@2x.png using Guid(40685941c1361aa4a957b61174bce3f6) Importer(815301076,1909f56bfc062723c751e8b465ee728b)  -> (artifact id: 'afd7ce44fa76f7998dcb9095766795a2') in 0.006899 seconds 
========================================================================
Received Import Request.
  Time since last request: 0.000054 seconds.
  path: Packages/com.unity.collab-proxy/Editor/PlasticSCM/Assets/Images/iconundo@2x.png
  artifactKey: Guid(0dfbb2b6ddcdd254da80e3418498b3a6) Importer(815301076,1909f56bfc062723c751e8b465ee728b)
Start importing Packages/com.unity.collab-proxy/Editor/PlasticSCM/Assets/Images/iconundo@2x.png using Guid(0dfbb2b6ddcdd254da80e3418498b3a6) Importer(815301076,1909f56bfc062723c751e8b465ee728b)  -> (artifact id: '7f544075557537929d132f684ba8b323') in 0.006107 seconds 
========================================================================
Received Import Request.
  Time since last request: 0.028822 seconds.
  path: Packages/com.unity.collab-proxy/Editor/PlasticSCM/Assets/Images/loading.png
  artifactKey: Guid(c6b1bcaa3f4767141acd747384dbb276) Importer(815301076,1909f56bfc062723c751e8b465ee728b)
Start importing Packages/com.unity.collab-proxy/Editor/PlasticSCM/Assets/Images/loading.png using Guid(c6b1bcaa3f4767141acd747384dbb276) Importer(815301076,1909f56bfc062723c751e8b465ee728b)  -> (artifact id: '6de886eec48a9e4a4182effc8654f9f7') in 0.005372 seconds 
========================================================================
Received Import Request.
  Time since last request: 0.000073 seconds.
  path: Packages/com.unity.collab-proxy/Editor/PlasticSCM/Assets/Images/notondisk.png
  artifactKey: Guid(b205f4b28f59dda49af458b35d8a3ff3) Importer(815301076,1909f56bfc062723c751e8b465ee728b)
Start importing Packages/com.unity.collab-proxy/Editor/PlasticSCM/Assets/Images/notondisk.png using Guid(b205f4b28f59dda49af458b35d8a3ff3) Importer(815301076,1909f56bfc062723c751e8b465ee728b)  -> (artifact id: 'aab4e70bc7ad91650b1f88f86695dfc2') in 0.005787 seconds 
========================================================================
Received Import Request.
  Time since last request: 0.021133 seconds.
  path: Packages/com.unity.collab-proxy/Editor/PlasticSCM/Assets/Images/ok.png
  artifactKey: Guid(3238dca1e9ea9fb4aa64b28298ba6dbd) Importer(815301076,1909f56bfc062723c751e8b465ee728b)
Start importing Packages/com.unity.collab-proxy/Editor/PlasticSCM/Assets/Images/ok.png using Guid(3238dca1e9ea9fb4aa64b28298ba6dbd) Importer(815301076,1909f56bfc062723c751e8b465ee728b)  -> (artifact id: 'fa65809082024898fb547819e11299be') in 0.005859 seconds 
========================================================================
Received Import Request.
  Time since last request: 0.320692 seconds.
  path: Assets/Assets/Photon/PhotonChat/Demos/DemoChat/Files/OutlinedSquaredBox.png
  artifactKey: Guid(ea7134547a5488b41a6bb5243b4ec2f1) Importer(815301076,1909f56bfc062723c751e8b465ee728b)
Start importing Assets/Assets/Photon/PhotonChat/Demos/DemoChat/Files/OutlinedSquaredBox.png using Guid(ea7134547a5488b41a6bb5243b4ec2f1) Importer(815301076,1909f56bfc062723c751e8b465ee728b)  -> (artifact id: 'bb7b4e0c6d7e14c09119769d54ca4d70') in 0.004871 seconds 
========================================================================
Received Import Request.
  Time since last request: 0.030022 seconds.
  path: Assets/Assets/Photon/PhotonUnityNetworking/Demos/DemoHub/Sprites/PunIcon-White-129.png
  artifactKey: Guid(56bbc6b42271d4177ac313247f47ac1f) Importer(815301076,1909f56bfc062723c751e8b465ee728b)
Start importing Assets/Assets/Photon/PhotonUnityNetworking/Demos/DemoHub/Sprites/PunIcon-White-129.png using Guid(56bbc6b42271d4177ac313247f47ac1f) Importer(815301076,1909f56bfc062723c751e8b465ee728b)  -> (artifact id: 'dd7495a103ca04bf7c1e44c9266001b3') in 0.008478 seconds 
========================================================================
Received Import Request.
  Time since last request: 0.000090 seconds.
  path: Assets/Assets/Photon/PhotonUnityNetworking/Icons/PunIconApp128.png
  artifactKey: Guid(f00feafcf0675cd47a48f83ae42b06d4) Importer(815301076,1909f56bfc062723c751e8b465ee728b)
Start importing Assets/Assets/Photon/PhotonUnityNetworking/Icons/PunIconApp128.png using Guid(f00feafcf0675cd47a48f83ae42b06d4) Importer(815301076,1909f56bfc062723c751e8b465ee728b)  -> (artifact id: 'c10e8917381f5f6e84a43b61572774a8') in 0.010159 seconds 
========================================================================
Received Import Request.
  Time since last request: 0.020344 seconds.
  path: Packages/com.unity.collab-proxy/Editor/PlasticSCM/Assets/Images/refresh.png
  artifactKey: Guid(6f6a4c6bd7cdc654d9d91f7de72afcb6) Importer(815301076,1909f56bfc062723c751e8b465ee728b)
Start importing Packages/com.unity.collab-proxy/Editor/PlasticSCM/Assets/Images/refresh.png using Guid(6f6a4c6bd7cdc654d9d91f7de72afcb6) Importer(815301076,1909f56bfc062723c751e8b465ee728b)  -> (artifact id: '1673e3cf39e9e3d85fba865021fbc880') in 0.005784 seconds 
========================================================================
Received Import Request.
  Time since last request: 0.000052 seconds.
  path: Assets/Assets/HYPEPOLY - Battle Royale Show/Sprites/SparkSprite.png
  artifactKey: Guid(08cab9aaf4d226041af6ae523a3552ee) Importer(815301076,1909f56bfc062723c751e8b465ee728b)
Start importing Assets/Assets/HYPEPOLY - Battle Royale Show/Sprites/SparkSprite.png using Guid(08cab9aaf4d226041af6ae523a3552ee) Importer(815301076,1909f56bfc062723c751e8b465ee728b)  -> (artifact id: 'ef6a306767d20996cf04f2774873b44a') in 0.008388 seconds 
========================================================================
Received Import Request.
  Time since last request: 0.040911 seconds.
  path: Packages/com.unity.collab-proxy/Editor/PlasticSCM/Assets/Images/step1@2x.png
  artifactKey: Guid(affeade9874cf2347abb155e8d0db4d8) Importer(815301076,1909f56bfc062723c751e8b465ee728b)
Start importing Packages/com.unity.collab-proxy/Editor/PlasticSCM/Assets/Images/step1@2x.png using Guid(affeade9874cf2347abb155e8d0db4d8) Importer(815301076,1909f56bfc062723c751e8b465ee728b)  -> (artifact id: '222b28a9c270cde761545383756cea0e') in 0.005516 seconds 
========================================================================
Received Import Request.
  Time since last request: 0.299510 seconds.
  path: Packages/com.unity.collab-proxy/Editor/PlasticSCM/Assets/Images/step3@2x.png
  artifactKey: Guid(36e6970b84831434a9eac79abd03700b) Importer(815301076,1909f56bfc062723c751e8b465ee728b)
Start importing Packages/com.unity.collab-proxy/Editor/PlasticSCM/Assets/Images/step3@2x.png using Guid(36e6970b84831434a9eac79abd03700b) Importer(815301076,1909f56bfc062723c751e8b465ee728b)  -> (artifact id: '449bf7e7aa129410bcb489dc496cb9c0') in 0.006139 seconds 
========================================================================
Received Import Request.
  Time since last request: 0.017883 seconds.
  path: Packages/com.unity.collab-proxy/Editor/PlasticSCM/Assets/Images/stepok@2x.png
  artifactKey: Guid(be340a165cb9c8d4cb50f1deeb51d4ea) Importer(815301076,1909f56bfc062723c751e8b465ee728b)
Start importing Packages/com.unity.collab-proxy/Editor/PlasticSCM/Assets/Images/stepok@2x.png using Guid(be340a165cb9c8d4cb50f1deeb51d4ea) Importer(815301076,1909f56bfc062723c751e8b465ee728b)  -> (artifact id: 'efb0501af5b60acde148f4d3ac76d9d8') in 0.006300 seconds 
========================================================================
Received Import Request.
  Time since last request: 0.021988 seconds.
  path: Assets/Assets/HYPEPOLY - Battle Royale Show/Sprites/WnD_PrefabVariator.png
  artifactKey: Guid(9b6eef423ed33e84aa5c3bf9e8270e96) Importer(815301076,1909f56bfc062723c751e8b465ee728b)
Start importing Assets/Assets/HYPEPOLY - Battle Royale Show/Sprites/WnD_PrefabVariator.png using Guid(9b6eef423ed33e84aa5c3bf9e8270e96) Importer(815301076,1909f56bfc062723c751e8b465ee728b)  -> (artifact id: '69cefcaf5d9c63ffddd60c63563e554e') in 0.006251 seconds 
========================================================================
Received Import Request.
  Time since last request: 32.725576 seconds.
  path: Assets/Assets/title.png
  artifactKey: Guid(03ca1d5ee32be4b4db8ae62547357080) Importer(815301076,1909f56bfc062723c751e8b465ee728b)
Start importing Assets/Assets/title.png using Guid(03ca1d5ee32be4b4db8ae62547357080) Importer(815301076,1909f56bfc062723c751e8b465ee728b)  -> (artifact id: 'e29ca64d80d420ce6c18a255f3d20acc') in 0.009516 seconds 
========================================================================
Received Import Request.
  Time since last request: 108.823488 seconds.
  path: Assets/Assets/title.png
  artifactKey: Guid(03ca1d5ee32be4b4db8ae62547357080) Importer(815301076,1909f56bfc062723c751e8b465ee728b)
Start importing Assets/Assets/title.png using Guid(03ca1d5ee32be4b4db8ae62547357080) Importer(815301076,1909f56bfc062723c751e8b465ee728b)  -> (artifact id: '1b25ffc6bc313b137b9e741ede03d671') in 0.097987 seconds 
========================================================================
Received Import Request.
  Time since last request: 190.254494 seconds.
  path: Assets/Assets/title.png
  artifactKey: Guid(03ca1d5ee32be4b4db8ae62547357080) Importer(815301076,1909f56bfc062723c751e8b465ee728b)
Start importing Assets/Assets/title.png using Guid(03ca1d5ee32be4b4db8ae62547357080) Importer(815301076,1909f56bfc062723c751e8b465ee728b)  -> (artifact id: '2711670cbf9f17874e827b4cc6915114') in 0.009849 seconds 
========================================================================
Received Import Request.
  Time since last request: 18.227461 seconds.
  path: Assets/Assets/title.png
  artifactKey: Guid(03ca1d5ee32be4b4db8ae62547357080) Importer(815301076,1909f56bfc062723c751e8b465ee728b)
Start importing Assets/Assets/title.png using Guid(03ca1d5ee32be4b4db8ae62547357080) Importer(815301076,1909f56bfc062723c751e8b465ee728b)  -> (artifact id: 'dca17cd7c16030ffbdb1fcc5016362a3') in 0.104680 seconds 
========================================================================
Received Prepare
Registering precompiled user dll's ...
Registered in 0.001856 seconds.
Begin MonoManager ReloadAssembly
Thread 0x29c123000 may have been prematurely finalized
Symbol file LoadedFromMemory doesn't match image /Users/minjoong/Desktop/ALONG_UP/EGG_ALONGUP/Library/PackageCache/com.unity.visualscripting@1.8.0/Editor/VisualScripting.Core/Dependencies/YamlDotNet/Unity.VisualScripting.YamlDotNet.dll
Symbol file LoadedFromMemory doesn't match image /Users/minjoong/Desktop/ALONG_UP/EGG_ALONGUP/Library/PackageCache/com.unity.visualscripting@1.8.0/Editor/VisualScripting.Core/Dependencies/DotNetZip/Unity.VisualScripting.IonicZip.dll
Native extension for WindowsStandalone target not found
Native extension for OSXStandalone target not found
Native extension for WebGL target not found
Refreshing native plugins compatible for Editor in 0.89 ms, found 3 plugins.
Preloading 0 native plugins for Editor in 0.00 ms.
Mono: successfully reloaded assembly
- Completed reload, in  0.982 seconds
Domain Reload Profiling:
	ReloadAssembly (983ms)
		BeginReloadAssembly (114ms)
			ExecutionOrderSort (0ms)
			DisableScriptedObjects (4ms)
			BackupInstance (0ms)
			ReleaseScriptingObjects (0ms)
			CreateAndSetChildDomain (47ms)
		EndReloadAssembly (778ms)
			LoadAssemblies (47ms)
			RebuildTransferFunctionScriptingTraits (0ms)
			SetupTypeCache (279ms)
			ReleaseScriptCaches (1ms)
			RebuildScriptCaches (47ms)
			SetupLoadedEditorAssemblies (371ms)
				LogAssemblyErrors (0ms)
				InitializePlatformSupportModulesInManaged (7ms)
				SetLoadedEditorAssemblies (0ms)
				RefreshPlugins (1ms)
				BeforeProcessingInitializeOnLoad (47ms)
				ProcessInitializeOnLoadAttributes (300ms)
				ProcessInitializeOnLoadMethodAttributes (16ms)
				AfterProcessingInitializeOnLoad (1ms)
				EditorAssembliesLoaded (0ms)
			ExecutionOrderSort2 (0ms)
			AwakeInstancesAfterBackupRestoration (3ms)
Platform modules already initialized, skipping
Refreshing native plugins compatible for Editor in 1.78 ms, found 3 plugins.
Preloading 0 native plugins for Editor in 0.00 ms.
Unloading 3916 Unused Serialized files (Serialized files now loaded: 0)
Unloading 37 unused Assets / (164.9 KB). Loaded Objects now: 4430.
Memory consumption went from 146.7 MB to 146.5 MB.
Total: 3.013916 ms (FindLiveObjects: 0.146792 ms CreateObjectMapping: 0.058625 ms MarkObjects: 2.733375 ms  DeleteObjects: 0.074334 ms)

AssetImportParameters requested are different than current active one (requested -> active):
  custom:video-decoder-ogg-theora: a1e56fd34408186e4bbccfd4996cb3dc -> 
  custom:container-muxer-webm: aa71ff27fc2769a1b78a27578f13a17b -> 
  custom:container-demuxer-webm: 4f35f7cbe854078d1ac9338744f61a02 -> 
  custom:video-encoder-webm-vp8: eb34c28f22e8b96e1ab97ce403110664 -> 
  custom:framework-osx-AVFoundation: e770b220cccbd017edd2c1fefb359320 -> 
  custom:audio-encoder-webm-vorbis: bf7c407c2cedff20999df2af8eb42d56 -> 
  custom:container-demuxer-ogg: 62fdf1f143b41e24485cea50d1cbac27 -> 
  custom:video-decoder-webm-vp8: 9c59270c3fd7afecdb556c50c9e8de78 -> 
  custom:audio-decoder-ogg-vorbis: bf7c407c2cedff20999df2af8eb42d56 -> 
========================================================================
Received Import Request.
  Time since last request: 267.660167 seconds.
  path: Assets/Assets/Title 1.png
  artifactKey: Guid(5a1952581d66a4af68bddb17812b6564) Importer(815301076,1909f56bfc062723c751e8b465ee728b)
Start importing Assets/Assets/Title 1.png using Guid(5a1952581d66a4af68bddb17812b6564) Importer(815301076,1909f56bfc062723c751e8b465ee728b)  -> (artifact id: 'fee30141ccf8f62ec390cc510dfa0b8a') in 0.068452 seconds 
========================================================================
Received Import Request.
  Time since last request: 2.398057 seconds.
  path: Assets/Assets/SyntyStudios
  artifactKey: Guid(6c9ce74b6fb4d4106844733c10d36d9b) Importer(815301076,1909f56bfc062723c751e8b465ee728b)
Start importing Assets/Assets/SyntyStudios using Guid(6c9ce74b6fb4d4106844733c10d36d9b) Importer(815301076,1909f56bfc062723c751e8b465ee728b)  -> (artifact id: '4390079e48a60c5916832114e86f19d8') in 0.002850 seconds 
========================================================================
Received Import Request.
  Time since last request: 2.895923 seconds.
  path: Assets/Assets/Title.png
  artifactKey: Guid(5a1952581d66a4af68bddb17812b6564) Importer(815301076,1909f56bfc062723c751e8b465ee728b)
Start importing Assets/Assets/Title.png using Guid(5a1952581d66a4af68bddb17812b6564) Importer(815301076,1909f56bfc062723c751e8b465ee728b)  -> (artifact id: '52d8c45a768784528a869b8323f0329e') in 0.006034 seconds 
========================================================================
Received Import Request.
  Time since last request: 12.587807 seconds.
  path: Assets/Assets/Title.png
  artifactKey: Guid(5a1952581d66a4af68bddb17812b6564) Importer(815301076,1909f56bfc062723c751e8b465ee728b)
Start importing Assets/Assets/Title.png using Guid(5a1952581d66a4af68bddb17812b6564) Importer(815301076,1909f56bfc062723c751e8b465ee728b)  -> (artifact id: '8f2e36c70e4da7101618a1024ddaa57a') in 0.109508 seconds 
========================================================================
Received Prepare
Registering precompiled user dll's ...
Registered in 0.001774 seconds.
Begin MonoManager ReloadAssembly
Thread 0x291a57000 may have been prematurely finalized
Symbol file LoadedFromMemory doesn't match image /Users/minjoong/Desktop/ALONG_UP/EGG_ALONGUP/Library/PackageCache/com.unity.visualscripting@1.8.0/Editor/VisualScripting.Core/Dependencies/YamlDotNet/Unity.VisualScripting.YamlDotNet.dll
Symbol file LoadedFromMemory doesn't match image /Users/minjoong/Desktop/ALONG_UP/EGG_ALONGUP/Library/PackageCache/com.unity.visualscripting@1.8.0/Editor/VisualScripting.Core/Dependencies/DotNetZip/Unity.VisualScripting.IonicZip.dll
Native extension for WindowsStandalone target not found
Native extension for OSXStandalone target not found
Native extension for WebGL target not found
Refreshing native plugins compatible for Editor in 0.87 ms, found 3 plugins.
Preloading 0 native plugins for Editor in 0.00 ms.
Mono: successfully reloaded assembly
- Completed reload, in  0.987 seconds
Domain Reload Profiling:
	ReloadAssembly (988ms)
		BeginReloadAssembly (120ms)
			ExecutionOrderSort (0ms)
			DisableScriptedObjects (3ms)
			BackupInstance (0ms)
			ReleaseScriptingObjects (0ms)
			CreateAndSetChildDomain (53ms)
		EndReloadAssembly (777ms)
			LoadAssemblies (47ms)
			RebuildTransferFunctionScriptingTraits (0ms)
			SetupTypeCache (269ms)
			ReleaseScriptCaches (1ms)
			RebuildScriptCaches (49ms)
			SetupLoadedEditorAssemblies (376ms)
				LogAssemblyErrors (0ms)
				InitializePlatformSupportModulesInManaged (8ms)
				SetLoadedEditorAssemblies (0ms)
				RefreshPlugins (1ms)
				BeforeProcessingInitializeOnLoad (46ms)
				ProcessInitializeOnLoadAttributes (305ms)
				ProcessInitializeOnLoadMethodAttributes (15ms)
				AfterProcessingInitializeOnLoad (2ms)
				EditorAssembliesLoaded (0ms)
			ExecutionOrderSort2 (0ms)
			AwakeInstancesAfterBackupRestoration (3ms)
Platform modules already initialized, skipping
Refreshing native plugins compatible for Editor in 1.88 ms, found 3 plugins.
Preloading 0 native plugins for Editor in 0.00 ms.
Unloading 3916 Unused Serialized files (Serialized files now loaded: 0)
Unloading 37 unused Assets / (164.6 KB). Loaded Objects now: 4446.
Memory consumption went from 146.7 MB to 146.6 MB.
Total: 3.184458 ms (FindLiveObjects: 0.142292 ms CreateObjectMapping: 0.060042 ms MarkObjects: 2.872375 ms  DeleteObjects: 0.108750 ms)

AssetImportParameters requested are different than current active one (requested -> active):
  custom:video-decoder-ogg-theora: a1e56fd34408186e4bbccfd4996cb3dc -> 
  custom:container-muxer-webm: aa71ff27fc2769a1b78a27578f13a17b -> 
  custom:container-demuxer-webm: 4f35f7cbe854078d1ac9338744f61a02 -> 
  custom:video-encoder-webm-vp8: eb34c28f22e8b96e1ab97ce403110664 -> 
  custom:framework-osx-AVFoundation: e770b220cccbd017edd2c1fefb359320 -> 
  custom:audio-encoder-webm-vorbis: bf7c407c2cedff20999df2af8eb42d56 -> 
  custom:container-demuxer-ogg: 62fdf1f143b41e24485cea50d1cbac27 -> 
  custom:video-decoder-webm-vp8: 9c59270c3fd7afecdb556c50c9e8de78 -> 
  custom:audio-decoder-ogg-vorbis: bf7c407c2cedff20999df2af8eb42d56 -> 
========================================================================
Received Prepare
Registering precompiled user dll's ...
Registered in 0.002249 seconds.
Begin MonoManager ReloadAssembly
Thread 0x291a57000 may have been prematurely finalized
Symbol file LoadedFromMemory doesn't match image /Users/minjoong/Desktop/ALONG_UP/EGG_ALONGUP/Library/PackageCache/com.unity.visualscripting@1.8.0/Editor/VisualScripting.Core/Dependencies/YamlDotNet/Unity.VisualScripting.YamlDotNet.dll
Symbol file LoadedFromMemory doesn't match image /Users/minjoong/Desktop/ALONG_UP/EGG_ALONGUP/Library/PackageCache/com.unity.visualscripting@1.8.0/Editor/VisualScripting.Core/Dependencies/DotNetZip/Unity.VisualScripting.IonicZip.dll
Native extension for WindowsStandalone target not found
Native extension for OSXStandalone target not found
Native extension for WebGL target not found
Refreshing native plugins compatible for Editor in 0.90 ms, found 3 plugins.
Preloading 0 native plugins for Editor in 0.00 ms.
Mono: successfully reloaded assembly
- Completed reload, in  0.975 seconds
Domain Reload Profiling:
	ReloadAssembly (975ms)
		BeginReloadAssembly (96ms)
			ExecutionOrderSort (0ms)
			DisableScriptedObjects (3ms)
			BackupInstance (0ms)
			ReleaseScriptingObjects (0ms)
			CreateAndSetChildDomain (39ms)
		EndReloadAssembly (798ms)
			LoadAssemblies (40ms)
			RebuildTransferFunctionScriptingTraits (0ms)
			SetupTypeCache (291ms)
			ReleaseScriptCaches (1ms)
			RebuildScriptCaches (48ms)
			SetupLoadedEditorAssemblies (378ms)
				LogAssemblyErrors (0ms)
				InitializePlatformSupportModulesInManaged (8ms)
				SetLoadedEditorAssemblies (0ms)
				RefreshPlugins (1ms)
				BeforeProcessingInitializeOnLoad (47ms)
				ProcessInitializeOnLoadAttributes (306ms)
				ProcessInitializeOnLoadMethodAttributes (14ms)
				AfterProcessingInitializeOnLoad (1ms)
				EditorAssembliesLoaded (0ms)
			ExecutionOrderSort2 (0ms)
			AwakeInstancesAfterBackupRestoration (3ms)
Platform modules already initialized, skipping
Refreshing native plugins compatible for Editor in 1.80 ms, found 3 plugins.
Preloading 0 native plugins for Editor in 0.00 ms.
Unloading 3916 Unused Serialized files (Serialized files now loaded: 0)
Unloading 37 unused Assets / (164.6 KB). Loaded Objects now: 4462.
Memory consumption went from 146.7 MB to 146.6 MB.
Total: 2.997583 ms (FindLiveObjects: 0.132667 ms CreateObjectMapping: 0.057583 ms MarkObjects: 2.705000 ms  DeleteObjects: 0.101625 ms)

AssetImportParameters requested are different than current active one (requested -> active):
  custom:video-decoder-ogg-theora: a1e56fd34408186e4bbccfd4996cb3dc -> 
  custom:container-muxer-webm: aa71ff27fc2769a1b78a27578f13a17b -> 
  custom:container-demuxer-webm: 4f35f7cbe854078d1ac9338744f61a02 -> 
  custom:video-encoder-webm-vp8: eb34c28f22e8b96e1ab97ce403110664 -> 
  custom:framework-osx-AVFoundation: e770b220cccbd017edd2c1fefb359320 -> 
  custom:audio-encoder-webm-vorbis: bf7c407c2cedff20999df2af8eb42d56 -> 
  custom:container-demuxer-ogg: 62fdf1f143b41e24485cea50d1cbac27 -> 
  custom:video-decoder-webm-vp8: 9c59270c3fd7afecdb556c50c9e8de78 -> 
  custom:audio-decoder-ogg-vorbis: bf7c407c2cedff20999df2af8eb42d56 -> 
========================================================================
Received Prepare
Registering precompiled user dll's ...
Registered in 0.002628 seconds.
Begin MonoManager ReloadAssembly
Thread 0x2919ff000 may have been prematurely finalized
Symbol file LoadedFromMemory doesn't match image /Users/minjoong/Desktop/ALONG_UP/EGG_ALONGUP/Library/PackageCache/com.unity.visualscripting@1.8.0/Editor/VisualScripting.Core/Dependencies/YamlDotNet/Unity.VisualScripting.YamlDotNet.dll
Symbol file LoadedFromMemory doesn't match image /Users/minjoong/Desktop/ALONG_UP/EGG_ALONGUP/Library/PackageCache/com.unity.visualscripting@1.8.0/Editor/VisualScripting.Core/Dependencies/DotNetZip/Unity.VisualScripting.IonicZip.dll
Native extension for WindowsStandalone target not found
Native extension for OSXStandalone target not found
Native extension for WebGL target not found
Refreshing native plugins compatible for Editor in 1.00 ms, found 3 plugins.
Preloading 0 native plugins for Editor in 0.00 ms.
Mono: successfully reloaded assembly
- Completed reload, in  0.975 seconds
Domain Reload Profiling:
	ReloadAssembly (976ms)
		BeginReloadAssembly (95ms)
			ExecutionOrderSort (0ms)
			DisableScriptedObjects (3ms)
			BackupInstance (0ms)
			ReleaseScriptingObjects (0ms)
			CreateAndSetChildDomain (40ms)
		EndReloadAssembly (799ms)
			LoadAssemblies (38ms)
			RebuildTransferFunctionScriptingTraits (0ms)
			SetupTypeCache (292ms)
			ReleaseScriptCaches (1ms)
			RebuildScriptCaches (52ms)
			SetupLoadedEditorAssemblies (372ms)
				LogAssemblyErrors (0ms)
				InitializePlatformSupportModulesInManaged (8ms)
				SetLoadedEditorAssemblies (0ms)
				RefreshPlugins (1ms)
				BeforeProcessingInitializeOnLoad (49ms)
				ProcessInitializeOnLoadAttributes (297ms)
				ProcessInitializeOnLoadMethodAttributes (15ms)
				AfterProcessingInitializeOnLoad (1ms)
				EditorAssembliesLoaded (0ms)
			ExecutionOrderSort2 (0ms)
			AwakeInstancesAfterBackupRestoration (3ms)
Platform modules already initialized, skipping
Refreshing native plugins compatible for Editor in 1.86 ms, found 3 plugins.
Preloading 0 native plugins for Editor in 0.00 ms.
Unloading 3916 Unused Serialized files (Serialized files now loaded: 0)
Unloading 37 unused Assets / (164.6 KB). Loaded Objects now: 4478.
Memory consumption went from 146.8 MB to 146.6 MB.
Total: 2.985542 ms (FindLiveObjects: 0.129125 ms CreateObjectMapping: 0.059250 ms MarkObjects: 2.692834 ms  DeleteObjects: 0.103500 ms)

AssetImportParameters requested are different than current active one (requested -> active):
  custom:video-decoder-ogg-theora: a1e56fd34408186e4bbccfd4996cb3dc -> 
  custom:container-muxer-webm: aa71ff27fc2769a1b78a27578f13a17b -> 
  custom:container-demuxer-webm: 4f35f7cbe854078d1ac9338744f61a02 -> 
  custom:video-encoder-webm-vp8: eb34c28f22e8b96e1ab97ce403110664 -> 
  custom:framework-osx-AVFoundation: e770b220cccbd017edd2c1fefb359320 -> 
  custom:audio-encoder-webm-vorbis: bf7c407c2cedff20999df2af8eb42d56 -> 
  custom:container-demuxer-ogg: 62fdf1f143b41e24485cea50d1cbac27 -> 
  custom:video-decoder-webm-vp8: 9c59270c3fd7afecdb556c50c9e8de78 -> 
  custom:audio-decoder-ogg-vorbis: bf7c407c2cedff20999df2af8eb42d56 -> 
========================================================================
Received Import Request.
  Time since last request: 448.222222 seconds.
  path: Assets/Tree_Textures
  artifactKey: Guid(d571fb7546268a94eb58b67e48ab34eb) Importer(815301076,1909f56bfc062723c751e8b465ee728b)
Start importing Assets/Tree_Textures using Guid(d571fb7546268a94eb58b67e48ab34eb) Importer(815301076,1909f56bfc062723c751e8b465ee728b)  -> (artifact id: 'b7bd8a95e45c8a0da25373866ef7408d') in 0.008224 seconds 
========================================================================
Received Import Request.
  Time since last request: 3.462712 seconds.
  path: Assets/FreeButtonSet
  artifactKey: Guid(ed8bcb7011149420eaea37556d93a0d2) Importer(815301076,1909f56bfc062723c751e8b465ee728b)
Start importing Assets/FreeButtonSet using Guid(ed8bcb7011149420eaea37556d93a0d2) Importer(815301076,1909f56bfc062723c751e8b465ee728b)  -> (artifact id: '98622f84fc373d40ac76a793a444d5e5') in 0.002330 seconds 
========================================================================
Received Import Request.
  Time since last request: 6.302864 seconds.
  path: Assets/Assets/FreeButtonSet/Fonts
  artifactKey: Guid(2dfc05083f06ebb45b2445a5f1dc41b5) Importer(815301076,1909f56bfc062723c751e8b465ee728b)
Start importing Assets/Assets/FreeButtonSet/Fonts using Guid(2dfc05083f06ebb45b2445a5f1dc41b5) Importer(815301076,1909f56bfc062723c751e8b465ee728b)  -> (artifact id: 'b6944ef27937cc39ccc8a893af687806') in 0.002156 seconds 
========================================================================
Received Import Request.
  Time since last request: 2.011716 seconds.
  path: Assets/Assets/FreeButtonSet/Scenes
  artifactKey: Guid(98be6b037f328b8438b72e7ffb1ee8cd) Importer(815301076,1909f56bfc062723c751e8b465ee728b)
Start importing Assets/Assets/FreeButtonSet/Scenes using Guid(98be6b037f328b8438b72e7ffb1ee8cd) Importer(815301076,1909f56bfc062723c751e8b465ee728b)  -> (artifact id: 'c7eea828650427ec7135d6ec629fd28a') in 0.002857 seconds 
========================================================================
Received Import Request.
  Time since last request: 0.682317 seconds.
  path: Assets/Assets/FreeButtonSet/Scenes/SampleScene.unity
  artifactKey: Guid(6d6ffd585253053469f49c7d737db7fd) Importer(815301076,1909f56bfc062723c751e8b465ee728b)
Start importing Assets/Assets/FreeButtonSet/Scenes/SampleScene.unity using Guid(6d6ffd585253053469f49c7d737db7fd) Importer(815301076,1909f56bfc062723c751e8b465ee728b)  -> (artifact id: '67021a51631b258d5b7ba323f8d245a8') in 0.001825 seconds 
========================================================================
Received Import Request.
  Time since last request: 16.509862 seconds.
  path: Assets/Scenes/StartScene.unity
  artifactKey: Guid(b7694807d26fc48dc8884465436c5826) Importer(815301076,1909f56bfc062723c751e8b465ee728b)
Start importing Assets/Scenes/StartScene.unity using Guid(b7694807d26fc48dc8884465436c5826) Importer(815301076,1909f56bfc062723c751e8b465ee728b)  -> (artifact id: 'b83836f3548f0476ba2ab28344f740c7') in 0.002717 seconds 
========================================================================
Received Import Request.
  Time since last request: 88.272033 seconds.
  path: Assets/Assets/FreeButtonSet/Textures/buttons
  artifactKey: Guid(b0edb74aa1bc1bb468ece3102f026e61) Importer(815301076,1909f56bfc062723c751e8b465ee728b)
Start importing Assets/Assets/FreeButtonSet/Textures/buttons using Guid(b0edb74aa1bc1bb468ece3102f026e61) Importer(815301076,1909f56bfc062723c751e8b465ee728b)  -> (artifact id: '809c906dde4fe0bcca0e8d0b2aaf5555') in 0.002074 seconds 
========================================================================
Received Import Request.
  Time since last request: 8.626231 seconds.
  path: Assets/Assets/FreeButtonSet/Textures/buttons/button_150.png
  artifactKey: Guid(cbb5f8f07e6166b4b9b2180a807d81de) Importer(815301076,1909f56bfc062723c751e8b465ee728b)
Start importing Assets/Assets/FreeButtonSet/Textures/buttons/button_150.png using Guid(cbb5f8f07e6166b4b9b2180a807d81de) Importer(815301076,1909f56bfc062723c751e8b465ee728b)  -> (artifact id: '17ae9818bb7148d8c2feddc459e46379') in 0.038830 seconds 
========================================================================
Received Import Request.
  Time since last request: 0.000057 seconds.
  path: Assets/Assets/FreeButtonSet/Textures/buttons/button_round_320.png
  artifactKey: Guid(ed53cef80c26e89409c8c93941be088c) Importer(815301076,1909f56bfc062723c751e8b465ee728b)
Start importing Assets/Assets/FreeButtonSet/Textures/buttons/button_round_320.png using Guid(ed53cef80c26e89409c8c93941be088c) Importer(815301076,1909f56bfc062723c751e8b465ee728b)  -> (artifact id: '0177368dc0bebcc5024a96192c5990f4') in 0.014163 seconds 
========================================================================
Received Import Request.
  Time since last request: 0.000049 seconds.
  path: Assets/Assets/FreeButtonSet/Textures/buttons/button_round_400.png
  artifactKey: Guid(60c4dbe9e87500a4480a6214bdc5cc87) Importer(815301076,1909f56bfc062723c751e8b465ee728b)
Start importing Assets/Assets/FreeButtonSet/Textures/buttons/button_round_400.png using Guid(60c4dbe9e87500a4480a6214bdc5cc87) Importer(815301076,1909f56bfc062723c751e8b465ee728b)  -> (artifact id: '595863d91a8968a28d8595bb62ee3aaa') in 0.015248 seconds 
========================================================================
Received Import Request.
  Time since last request: 2.272601 seconds.
  path: Assets/Assets/FreeButtonSet/Textures/buttons/button_100.png
  artifactKey: Guid(47eaa4f43430bf14f996b113a313b0cc) Importer(815301076,1909f56bfc062723c751e8b465ee728b)
Start importing Assets/Assets/FreeButtonSet/Textures/buttons/button_100.png using Guid(47eaa4f43430bf14f996b113a313b0cc) Importer(815301076,1909f56bfc062723c751e8b465ee728b)  -> (artifact id: 'f6e105efe38b0e4cc3ad21974acee48e') in 0.008893 seconds 
========================================================================
Received Import Request.
  Time since last request: 87.268831 seconds.
  path: Assets/Assets/Photon/PhotonRealtime/Demos/DemoLoadBalancing/Jura-Medium-LB.ttf
  artifactKey: Guid(4a4df204c321f9c40b0dbfb1baaffb4c) Importer(815301076,1909f56bfc062723c751e8b465ee728b)
Start importing Assets/Assets/Photon/PhotonRealtime/Demos/DemoLoadBalancing/Jura-Medium-LB.ttf using Guid(4a4df204c321f9c40b0dbfb1baaffb4c) Importer(815301076,1909f56bfc062723c751e8b465ee728b)  -> (artifact id: '4ae81f471525cf61018ce086a6234144') in 1.144625 seconds 
========================================================================
Received Import Request.
  Time since last request: 0.000055 seconds.
  path: Assets/Assets/FreeButtonSet/Fonts/Poppins-MediumItalic.ttf
  artifactKey: Guid(d1fe0bc1ac9782f4c8f875e1a7cea6d7) Importer(815301076,1909f56bfc062723c751e8b465ee728b)
Start importing Assets/Assets/FreeButtonSet/Fonts/Poppins-MediumItalic.ttf using Guid(d1fe0bc1ac9782f4c8f875e1a7cea6d7) Importer(815301076,1909f56bfc062723c751e8b465ee728b)  -> (artifact id: '49130f434622f232f7426cc737bf03df') in 0.008457 seconds 
========================================================================
Received Import Request.
  Time since last request: 0.109899 seconds.
  path: Assets/Assets/Photon/PhotonChat/Demos/DemoChat/Files/Jura-Medium.ttf
  artifactKey: Guid(5abfb0a229c98b3499cffa6c59c2ffb4) Importer(815301076,1909f56bfc062723c751e8b465ee728b)
Start importing Assets/Assets/Photon/PhotonChat/Demos/DemoChat/Files/Jura-Medium.ttf using Guid(5abfb0a229c98b3499cffa6c59c2ffb4) Importer(815301076,1909f56bfc062723c751e8b465ee728b)  -> (artifact id: 'ebb03313016952c40e3103385ebaffea') in 0.009419 seconds 
========================================================================
Received Import Request.
  Time since last request: 191.575637 seconds.
  path: Assets/EasyColliderEditor
  artifactKey: Guid(4152f82672157b240a0eb0b802584254) Importer(815301076,1909f56bfc062723c751e8b465ee728b)
Start importing Assets/EasyColliderEditor using Guid(4152f82672157b240a0eb0b802584254) Importer(815301076,1909f56bfc062723c751e8b465ee728b)  -> (artifact id: '39ba0da57beff1b871c5f2954438f92c') in 0.001736 seconds 
========================================================================
Received Import Request.
  Time since last request: 0.723494 seconds.
  path: Assets/Editor
  artifactKey: Guid(95677c4bab589ff42bddcbf0e2e124af) Importer(815301076,1909f56bfc062723c751e8b465ee728b)
Start importing Assets/Editor using Guid(95677c4bab589ff42bddcbf0e2e124af) Importer(815301076,1909f56bfc062723c751e8b465ee728b)  -> (artifact id: '9e32d92e92253586bfd2c95dd7a0e1c3') in 0.001061 seconds 
========================================================================
Received Import Request.
  Time since last request: 0.448967 seconds.
  path: Assets/Materials
  artifactKey: Guid(ca782e14161704d2f86a62ef7247e80f) Importer(815301076,1909f56bfc062723c751e8b465ee728b)
Start importing Assets/Materials using Guid(ca782e14161704d2f86a62ef7247e80f) Importer(815301076,1909f56bfc062723c751e8b465ee728b)  -> (artifact id: 'f4a4d4114afbc3b277fb0453a81df90d') in 0.001028 seconds 
========================================================================
Received Import Request.
  Time since last request: 1.418659 seconds.
  path: Assets/20 Logos PSD
  artifactKey: Guid(145846fa68e8044579cdf2209cad5052) Importer(815301076,1909f56bfc062723c751e8b465ee728b)
Start importing Assets/20 Logos PSD using Guid(145846fa68e8044579cdf2209cad5052) Importer(815301076,1909f56bfc062723c751e8b465ee728b)  -> (artifact id: '80ccb645ac9bae6396794292996610ad') in 0.001296 seconds 
========================================================================
Received Import Request.
  Time since last request: 35.187357 seconds.
  path: Assets/Assets/20 Logos PSD/Fonts/peacesans/Peace Sans.otf
  artifactKey: Guid(88ea75a9053f106459a11a24e6d30129) Importer(815301076,1909f56bfc062723c751e8b465ee728b)
Start importing Assets/Assets/20 Logos PSD/Fonts/peacesans/Peace Sans.otf using Guid(88ea75a9053f106459a11a24e6d30129) Importer(815301076,1909f56bfc062723c751e8b465ee728b)  -> (artifact id: '774dfa4eff3e43b2bb7421afc6f29092') in 0.750566 seconds 
========================================================================
Received Import Request.
  Time since last request: 0.250603 seconds.
  path: Assets/Assets/20 Logos PSD/Fonts/molot/molot.regular.otf
  artifactKey: Guid(43b35623d2933d6439c69fbb690a9f8c) Importer(815301076,1909f56bfc062723c751e8b465ee728b)
Start importing Assets/Assets/20 Logos PSD/Fonts/molot/molot.regular.otf using Guid(43b35623d2933d6439c69fbb690a9f8c) Importer(815301076,1909f56bfc062723c751e8b465ee728b)  -> (artifact id: '06a8fc4eeb1d111350a363a0b07fad81') in 0.014408 seconds 
========================================================================
Received Import Request.
  Time since last request: 4.588551 seconds.
  path: Assets/Assets/20 Logos PSD/PSD
  artifactKey: Guid(7ab9930cf73d5b24f87d7273a0fd0e53) Importer(815301076,1909f56bfc062723c751e8b465ee728b)
Start importing Assets/Assets/20 Logos PSD/PSD using Guid(7ab9930cf73d5b24f87d7273a0fd0e53) Importer(815301076,1909f56bfc062723c751e8b465ee728b)  -> (artifact id: 'd1dc065ce1c68a6c13ae0e3850121df4') in 0.001716 seconds 
========================================================================
Received Import Request.
  Time since last request: 0.918912 seconds.
  path: Assets/Assets/20 Logos PSD/PSD/Title 1.psd
  artifactKey: Guid(d33f6e701bbd5684ca2147fbf1b5f89c) Importer(815301076,1909f56bfc062723c751e8b465ee728b)
Start importing Assets/Assets/20 Logos PSD/PSD/Title 1.psd using Guid(d33f6e701bbd5684ca2147fbf1b5f89c) Importer(815301076,1909f56bfc062723c751e8b465ee728b)  -> (artifact id: 'fa897d676ee99dfcda839f6abd38a632') in 0.499905 seconds 
========================================================================
Received Import Request.
  Time since last request: 2.309652 seconds.
  path: Assets/Assets/20 Logos PSD/PSD/Title 9.psd
  artifactKey: Guid(75b2d4b97e27e264191d00ea53fe0cfc) Importer(815301076,1909f56bfc062723c751e8b465ee728b)
Start importing Assets/Assets/20 Logos PSD/PSD/Title 9.psd using Guid(75b2d4b97e27e264191d00ea53fe0cfc) Importer(815301076,1909f56bfc062723c751e8b465ee728b)  -> (artifact id: '6ed2ac60b055e7e913129f68dd7ff39e') in 0.023843 seconds 
========================================================================
Received Import Request.
  Time since last request: 0.507546 seconds.
  path: Assets/Assets/20 Logos PSD/PSD/Title 10.psd
  artifactKey: Guid(4588fcb8b46ef0f4496fb12b2bb3dcf8) Importer(815301076,1909f56bfc062723c751e8b465ee728b)
Start importing Assets/Assets/20 Logos PSD/PSD/Title 10.psd using Guid(4588fcb8b46ef0f4496fb12b2bb3dcf8) Importer(815301076,1909f56bfc062723c751e8b465ee728b)  -> (artifact id: '3302c84c96df2294d9b38d56353586f8') in 0.023933 seconds 
========================================================================
Received Import Request.
  Time since last request: 0.422830 seconds.
  path: Assets/Assets/20 Logos PSD/PSD/Title 8.psd
  artifactKey: Guid(400bd1676eaa44041a9a6ce68a91c065) Importer(815301076,1909f56bfc062723c751e8b465ee728b)
Start importing Assets/Assets/20 Logos PSD/PSD/Title 8.psd using Guid(400bd1676eaa44041a9a6ce68a91c065) Importer(815301076,1909f56bfc062723c751e8b465ee728b)  -> (artifact id: '64d53b15be570760357c4d47257f1d8d') in 0.023167 seconds 
========================================================================
Received Import Request.
  Time since last request: 0.364703 seconds.
  path: Assets/Assets/20 Logos PSD/PSD/Title 6.psd
  artifactKey: Guid(003c538791f43d541aab9de9c8a9fdcc) Importer(815301076,1909f56bfc062723c751e8b465ee728b)
Start importing Assets/Assets/20 Logos PSD/PSD/Title 6.psd using Guid(003c538791f43d541aab9de9c8a9fdcc) Importer(815301076,1909f56bfc062723c751e8b465ee728b)  -> (artifact id: 'bf2b88f0540a0302c2ab0916bbb76b4e') in 0.022885 seconds 
========================================================================
Received Import Request.
  Time since last request: 0.402339 seconds.
  path: Assets/Assets/20 Logos PSD/PSD/Title 5.psd
  artifactKey: Guid(f92a55d8c0614a64cb52310d887b2e2f) Importer(815301076,1909f56bfc062723c751e8b465ee728b)
Start importing Assets/Assets/20 Logos PSD/PSD/Title 5.psd using Guid(f92a55d8c0614a64cb52310d887b2e2f) Importer(815301076,1909f56bfc062723c751e8b465ee728b)  -> (artifact id: '2a1c3dd37992ecd0be6eda65922dc062') in 0.022125 seconds 
========================================================================
Received Import Request.
  Time since last request: 0.491589 seconds.
  path: Assets/Assets/20 Logos PSD/PSD/Title 4.psd
  artifactKey: Guid(9c0071ae1410ad949a09a6f1031e26c9) Importer(815301076,1909f56bfc062723c751e8b465ee728b)
Start importing Assets/Assets/20 Logos PSD/PSD/Title 4.psd using Guid(9c0071ae1410ad949a09a6f1031e26c9) Importer(815301076,1909f56bfc062723c751e8b465ee728b)  -> (artifact id: 'bcf211e6125aa8125b99d47effc6e379') in 0.019797 seconds 
========================================================================
Received Import Request.
  Time since last request: 0.464001 seconds.
  path: Assets/Assets/20 Logos PSD/PSD/Title 3.psd
  artifactKey: Guid(859767e39589f404d9c96de93fe8cd18) Importer(815301076,1909f56bfc062723c751e8b465ee728b)
Start importing Assets/Assets/20 Logos PSD/PSD/Title 3.psd using Guid(859767e39589f404d9c96de93fe8cd18) Importer(815301076,1909f56bfc062723c751e8b465ee728b)  -> (artifact id: '3d5e9e7803e1d55ec1955c07ff6c89f3') in 0.024103 seconds 
========================================================================
Received Import Request.
  Time since last request: 0.659494 seconds.
  path: Assets/Assets/20 Logos PSD/PSD/Title 7.psd
  artifactKey: Guid(02a397ad888e7ee4fb0c09796ee29192) Importer(815301076,1909f56bfc062723c751e8b465ee728b)
Start importing Assets/Assets/20 Logos PSD/PSD/Title 7.psd using Guid(02a397ad888e7ee4fb0c09796ee29192) Importer(815301076,1909f56bfc062723c751e8b465ee728b)  -> (artifact id: '7191729aef964594f8a2299a2f8a444c') in 0.023508 seconds 
========================================================================
Received Import Request.
  Time since last request: 1.858204 seconds.
  path: Assets/Assets/20 Logos PSD/PSD/Title 11.psd
  artifactKey: Guid(06c5c412e10d1774aa3efd05f9cc4000) Importer(815301076,1909f56bfc062723c751e8b465ee728b)
Start importing Assets/Assets/20 Logos PSD/PSD/Title 11.psd using Guid(06c5c412e10d1774aa3efd05f9cc4000) Importer(815301076,1909f56bfc062723c751e8b465ee728b)  -> (artifact id: 'd90bd2ad806127fb620371a831a42f5a') in 0.023954 seconds 
========================================================================
Received Import Request.
  Time since last request: 0.359316 seconds.
  path: Assets/Assets/20 Logos PSD/PSD/Title 12.psd
  artifactKey: Guid(2eb563fc073623e4fb1ec92068796865) Importer(815301076,1909f56bfc062723c751e8b465ee728b)
Start importing Assets/Assets/20 Logos PSD/PSD/Title 12.psd using Guid(2eb563fc073623e4fb1ec92068796865) Importer(815301076,1909f56bfc062723c751e8b465ee728b)  -> (artifact id: 'c457aa6b6c6753a10aadf32e1860cb35') in 0.022746 seconds 
========================================================================
Received Import Request.
  Time since last request: 0.352871 seconds.
  path: Assets/Assets/20 Logos PSD/PSD/Title 13.psd
  artifactKey: Guid(7737e5f1764c2c1438a37d0323b7791b) Importer(815301076,1909f56bfc062723c751e8b465ee728b)
Start importing Assets/Assets/20 Logos PSD/PSD/Title 13.psd using Guid(7737e5f1764c2c1438a37d0323b7791b) Importer(815301076,1909f56bfc062723c751e8b465ee728b)  -> (artifact id: 'd5169aa6d2fab3f1079f81515a367f62') in 0.021311 seconds 
========================================================================
Received Import Request.
  Time since last request: 0.359776 seconds.
  path: Assets/Assets/20 Logos PSD/PSD/Title 14.psd
  artifactKey: Guid(ca45f9d3220fcac45a48ad33fcc51d8b) Importer(815301076,1909f56bfc062723c751e8b465ee728b)
Start importing Assets/Assets/20 Logos PSD/PSD/Title 14.psd using Guid(ca45f9d3220fcac45a48ad33fcc51d8b) Importer(815301076,1909f56bfc062723c751e8b465ee728b)  -> (artifact id: '4cd897e3eacd2a5100f237118fb3f396') in 0.024961 seconds 
========================================================================
Received Import Request.
  Time since last request: 0.821884 seconds.
  path: Assets/Assets/20 Logos PSD/PSD/Title 15.psd
  artifactKey: Guid(2edfa38caa32e9b47865b6a2935ccc56) Importer(815301076,1909f56bfc062723c751e8b465ee728b)
Start importing Assets/Assets/20 Logos PSD/PSD/Title 15.psd using Guid(2edfa38caa32e9b47865b6a2935ccc56) Importer(815301076,1909f56bfc062723c751e8b465ee728b)  -> (artifact id: '04f53ffac9ab54813220d864b4b8500d') in 0.021752 seconds 
========================================================================
Received Import Request.
  Time since last request: 0.409437 seconds.
  path: Assets/Assets/20 Logos PSD/PSD/Title 16.psd
  artifactKey: Guid(e9c07f240bdacfe4db8cc679026dbd5a) Importer(815301076,1909f56bfc062723c751e8b465ee728b)
Start importing Assets/Assets/20 Logos PSD/PSD/Title 16.psd using Guid(e9c07f240bdacfe4db8cc679026dbd5a) Importer(815301076,1909f56bfc062723c751e8b465ee728b)  -> (artifact id: '78da07b474e6698ae541b9f73dc39ac6') in 0.022184 seconds 
========================================================================
Received Import Request.
  Time since last request: 82.120102 seconds.
  path: Assets/Assets/20 Logos PSD/PSD/Title 17.psd
  artifactKey: Guid(b173e54455ab8dd489d0e990ce3e1fd6) Importer(815301076,1909f56bfc062723c751e8b465ee728b)
Start importing Assets/Assets/20 Logos PSD/PSD/Title 17.psd using Guid(b173e54455ab8dd489d0e990ce3e1fd6) Importer(815301076,1909f56bfc062723c751e8b465ee728b)  -> (artifact id: 'bb375cf47604b5ebaaffc3a34f9339fd') in 0.028053 seconds 
========================================================================
Received Import Request.
  Time since last request: 0.092843 seconds.
  path: Assets/Assets/20 Logos PSD/PSD/Title 19.psd
  artifactKey: Guid(d4e5adc196cf68841b22ae29a52b7b6f) Importer(815301076,1909f56bfc062723c751e8b465ee728b)
Start importing Assets/Assets/20 Logos PSD/PSD/Title 19.psd using Guid(d4e5adc196cf68841b22ae29a52b7b6f) Importer(815301076,1909f56bfc062723c751e8b465ee728b)  -> (artifact id: '319e7a87dbdcc41c3a265a7333d765ef') in 0.017513 seconds 
========================================================================
Received Import Request.
  Time since last request: 20.149241 seconds.
  path: Assets/Assets/20 Logos PSD/PSD/Pattern
  artifactKey: Guid(028ab9a19ba697e4e95f5e67f35fd074) Importer(815301076,1909f56bfc062723c751e8b465ee728b)
Start importing Assets/Assets/20 Logos PSD/PSD/Pattern using Guid(028ab9a19ba697e4e95f5e67f35fd074) Importer(815301076,1909f56bfc062723c751e8b465ee728b)  -> (artifact id: 'd8e45fb95bfed9e957957006bea290be') in 0.001375 seconds 
========================================================================
Received Import Request.
  Time since last request: 0.766437 seconds.
  path: Assets/Assets/20 Logos PSD/PSD/Pattern/Planet.psd
  artifactKey: Guid(2fb104999a205864c8094028610ac75f) Importer(815301076,1909f56bfc062723c751e8b465ee728b)
Start importing Assets/Assets/20 Logos PSD/PSD/Pattern/Planet.psd using Guid(2fb104999a205864c8094028610ac75f) Importer(815301076,1909f56bfc062723c751e8b465ee728b)  -> (artifact id: 'efc29359a7e488bb818476d0fe9705fa') in 0.009686 seconds 
========================================================================
Received Import Request.
  Time since last request: 2.495336 seconds.
  path: Assets/Assets/20 Logos PSD/Fonts
  artifactKey: Guid(27ce50f04aec83c48916e95d60b4869c) Importer(815301076,1909f56bfc062723c751e8b465ee728b)
Start importing Assets/Assets/20 Logos PSD/Fonts using Guid(27ce50f04aec83c48916e95d60b4869c) Importer(815301076,1909f56bfc062723c751e8b465ee728b)  -> (artifact id: '1da6666a0bd82a1b53a1a551a5978aa7') in 0.001732 seconds 
========================================================================
Received Import Request.
  Time since last request: 0.855913 seconds.
  path: Assets/Assets/20 Logos PSD/Fonts/firasansheavy
  artifactKey: Guid(70606eaa9ad6db744becac748946df13) Importer(815301076,1909f56bfc062723c751e8b465ee728b)
Start importing Assets/Assets/20 Logos PSD/Fonts/firasansheavy using Guid(70606eaa9ad6db744becac748946df13) Importer(815301076,1909f56bfc062723c751e8b465ee728b)  -> (artifact id: '1055033951295df478621c4d6267aff4') in 0.001720 seconds 
========================================================================
Received Import Request.
  Time since last request: 1.540275 seconds.
  path: Assets/Assets/20 Logos PSD/Fonts/gilam
  artifactKey: Guid(38680fb10fad5494d8d188c44909c0c9) Importer(815301076,1909f56bfc062723c751e8b465ee728b)
Start importing Assets/Assets/20 Logos PSD/Fonts/gilam using Guid(38680fb10fad5494d8d188c44909c0c9) Importer(815301076,1909f56bfc062723c751e8b465ee728b)  -> (artifact id: '28ecc89ef2635a1c732d474a8efae744') in 0.002455 seconds 
========================================================================
Received Import Request.
  Time since last request: 48.189487 seconds.
  path: Assets/Assets/20 Logos PSD/Fonts/chunkfiveex
  artifactKey: Guid(fed2ba7081956be4e84e56378fec1145) Importer(815301076,1909f56bfc062723c751e8b465ee728b)
Start importing Assets/Assets/20 Logos PSD/Fonts/chunkfiveex using Guid(fed2ba7081956be4e84e56378fec1145) Importer(815301076,1909f56bfc062723c751e8b465ee728b)  -> (artifact id: '43944daca24b2a2fe117cbd983d2430f') in 0.002013 seconds 
========================================================================
Received Import Request.
  Time since last request: 1.024473 seconds.
  path: Assets/Assets/20 Logos PSD/Fonts/chunkfiveex/FL Font Table-ChunkFive Ex.pdf
  artifactKey: Guid(43fcc4939dee84047a4bd38e207dfa12) Importer(815301076,1909f56bfc062723c751e8b465ee728b)
Start importing Assets/Assets/20 Logos PSD/Fonts/chunkfiveex/FL Font Table-ChunkFive Ex.pdf using Guid(43fcc4939dee84047a4bd38e207dfa12) Importer(815301076,1909f56bfc062723c751e8b465ee728b)  -> (artifact id: 'f23220ec5f26e68fc33b12fadc491b13') in 0.049394 seconds 
========================================================================
Received Import Request.
  Time since last request: 0.520927 seconds.
  path: Assets/Assets/20 Logos PSD/Fonts/chunkfiveex/Chunkfive Ex.ttf
  artifactKey: Guid(24bf2e415c90d3e46990a9fcf5ac8e04) Importer(815301076,1909f56bfc062723c751e8b465ee728b)
Start importing Assets/Assets/20 Logos PSD/Fonts/chunkfiveex/Chunkfive Ex.ttf using Guid(24bf2e415c90d3e46990a9fcf5ac8e04) Importer(815301076,1909f56bfc062723c751e8b465ee728b)  -> (artifact id: '04f70a1d5e3ae3ef6b521549ffba6c2f') in 0.009937 seconds 
========================================================================
Received Import Request.
  Time since last request: 1.517011 seconds.
  path: Assets/Assets/20 Logos PSD/Fonts/chunkfiveex/SIL Open Font License 1.1.txt
  artifactKey: Guid(20292f8517e228a499eb0593f0776113) Importer(815301076,1909f56bfc062723c751e8b465ee728b)
Start importing Assets/Assets/20 Logos PSD/Fonts/chunkfiveex/SIL Open Font License 1.1.txt using Guid(20292f8517e228a499eb0593f0776113) Importer(815301076,1909f56bfc062723c751e8b465ee728b)  -> (artifact id: '6e83469ef0b16eb8de9267153d281c10') in 0.733274 seconds 
========================================================================
Received Import Request.
  Time since last request: 5.311585 seconds.
  path: Assets/Assets/20 Logos PSD/Fonts/kaushanscript/KaushanScript-Regular.otf
  artifactKey: Guid(f7508c2b80305714d907f17b4684eb42) Importer(815301076,1909f56bfc062723c751e8b465ee728b)
Start importing Assets/Assets/20 Logos PSD/Fonts/kaushanscript/KaushanScript-Regular.otf using Guid(f7508c2b80305714d907f17b4684eb42) Importer(815301076,1909f56bfc062723c751e8b465ee728b)  -> (artifact id: '37e8bfefae5c9f3f7b20ee7ecbf6f70a') in 0.014760 seconds 
========================================================================
Received Import Request.
  Time since last request: 0.587307 seconds.
  path: Assets/Assets/20 Logos PSD/Fonts/gilam/Gilam-BlackDEMO.otf
  artifactKey: Guid(eebe1b5c7ff612f4bb4b6b9602c632f4) Importer(815301076,1909f56bfc062723c751e8b465ee728b)
Start importing Assets/Assets/20 Logos PSD/Fonts/gilam/Gilam-BlackDEMO.otf using Guid(eebe1b5c7ff612f4bb4b6b9602c632f4) Importer(815301076,1909f56bfc062723c751e8b465ee728b)  -> (artifact id: 'c6122535886a789bffa3f7125c21d6e0') in 0.012839 seconds 
========================================================================
Received Import Request.
  Time since last request: 0.017164 seconds.
  path: Assets/Assets/20 Logos PSD/Fonts/firasansheavy/FiraSans-UltraLightItalic.otf
  artifactKey: Guid(4a278300834fbdc47a10e1eb508225f8) Importer(815301076,1909f56bfc062723c751e8b465ee728b)
Start importing Assets/Assets/20 Logos PSD/Fonts/firasansheavy/FiraSans-UltraLightItalic.otf using Guid(4a278300834fbdc47a10e1eb508225f8) Importer(815301076,1909f56bfc062723c751e8b465ee728b)  -> (artifact id: '06d305816d805985e3470f156dc4709a') in 0.006790 seconds 
========================================================================
Received Import Request.
  Time since last request: 0.000058 seconds.
  path: Assets/Assets/20 Logos PSD/Fonts/foo/foo.ttf
  artifactKey: Guid(da7bcbdc7c217d744b0b7639bf742831) Importer(815301076,1909f56bfc062723c751e8b465ee728b)
Start importing Assets/Assets/20 Logos PSD/Fonts/foo/foo.ttf using Guid(da7bcbdc7c217d744b0b7639bf742831) Importer(815301076,1909f56bfc062723c751e8b465ee728b)  -> (artifact id: 'dbae96bb60826bceac34ed998596b179') in 0.007126 seconds 
========================================================================
Received Import Request.
  Time since last request: 0.014951 seconds.
  path: Assets/Assets/20 Logos PSD/Fonts/firasansheavy/FiraSans-UltraItalic.otf
  artifactKey: Guid(c2e0e2bcb7878224e8bb2dc97883037d) Importer(815301076,1909f56bfc062723c751e8b465ee728b)
Start importing Assets/Assets/20 Logos PSD/Fonts/firasansheavy/FiraSans-UltraItalic.otf using Guid(c2e0e2bcb7878224e8bb2dc97883037d) Importer(815301076,1909f56bfc062723c751e8b465ee728b)  -> (artifact id: '43b874cd23b31d949f908c5b25b9ea7d') in 0.006686 seconds 
========================================================================
Received Import Request.
  Time since last request: 0.265059 seconds.
  path: Assets/Assets/20 Logos PSD/Fonts/firasansheavy/FiraSans-TwoItalic.otf
  artifactKey: Guid(4b574b87a5a13fa4cacc29b1d7aa25fe) Importer(815301076,1909f56bfc062723c751e8b465ee728b)
Start importing Assets/Assets/20 Logos PSD/Fonts/firasansheavy/FiraSans-TwoItalic.otf using Guid(4b574b87a5a13fa4cacc29b1d7aa25fe) Importer(815301076,1909f56bfc062723c751e8b465ee728b)  -> (artifact id: 'c93abbc804232b4a64670374692fa646') in 0.013224 seconds 
========================================================================
Received Import Request.
  Time since last request: 0.000066 seconds.
  path: Assets/Assets/20 Logos PSD/Fonts/firasansheavy/FiraSans-ThinItalic.otf
  artifactKey: Guid(14eeb8134d2dc894e8c894228fbe44d8) Importer(815301076,1909f56bfc062723c751e8b465ee728b)
Start importing Assets/Assets/20 Logos PSD/Fonts/firasansheavy/FiraSans-ThinItalic.otf using Guid(14eeb8134d2dc894e8c894228fbe44d8) Importer(815301076,1909f56bfc062723c751e8b465ee728b)  -> (artifact id: 'f163e6d055a90d7327323a163abb32f1') in 0.007818 seconds 
========================================================================
Received Import Request.
  Time since last request: 0.014295 seconds.
  path: Assets/Assets/20 Logos PSD/Fonts/firasansheavy/FiraSans-Regular.otf
  artifactKey: Guid(e693380601f2f364cbfe5e4415c3fd80) Importer(815301076,1909f56bfc062723c751e8b465ee728b)
Start importing Assets/Assets/20 Logos PSD/Fonts/firasansheavy/FiraSans-Regular.otf using Guid(e693380601f2f364cbfe5e4415c3fd80) Importer(815301076,1909f56bfc062723c751e8b465ee728b)  -> (artifact id: 'a77359b541c4b4e1c9bc1ac3d0db03e4') in 0.007288 seconds 
========================================================================
Received Import Request.
  Time since last request: 0.000034 seconds.
  path: Assets/Assets/20 Logos PSD/Fonts/firasansheavy/FiraSans-Thin.otf
  artifactKey: Guid(4b1da26bdf7b5134eb11077a4d82bad6) Importer(815301076,1909f56bfc062723c751e8b465ee728b)
Start importing Assets/Assets/20 Logos PSD/Fonts/firasansheavy/FiraSans-Thin.otf using Guid(4b1da26bdf7b5134eb11077a4d82bad6) Importer(815301076,1909f56bfc062723c751e8b465ee728b)  -> (artifact id: '69d33a8364dfec0124011d9cdd1cb748') in 0.008855 seconds 
========================================================================
Received Import Request.
  Time since last request: 0.259297 seconds.
  path: Assets/Assets/20 Logos PSD/Fonts/firasansheavy/FiraSans-Medium.otf
  artifactKey: Guid(b19db096884ed2344aa9e8fd25182e12) Importer(815301076,1909f56bfc062723c751e8b465ee728b)
Start importing Assets/Assets/20 Logos PSD/Fonts/firasansheavy/FiraSans-Medium.otf using Guid(b19db096884ed2344aa9e8fd25182e12) Importer(815301076,1909f56bfc062723c751e8b465ee728b)  -> (artifact id: '208d0a0f1146197d2ac7f41fbfe91b0f') in 0.010264 seconds 
========================================================================
Received Import Request.
  Time since last request: 0.000058 seconds.
  path: Assets/Assets/20 Logos PSD/Fonts/firasansheavy/FiraSans-LightItalic.otf
  artifactKey: Guid(2688a8cf4377174468983905fdd9a22d) Importer(815301076,1909f56bfc062723c751e8b465ee728b)
Start importing Assets/Assets/20 Logos PSD/Fonts/firasansheavy/FiraSans-LightItalic.otf using Guid(2688a8cf4377174468983905fdd9a22d) Importer(815301076,1909f56bfc062723c751e8b465ee728b)  -> (artifact id: '49cba95d6307906f0d89c49da846fc54') in 0.007190 seconds 
========================================================================
Received Import Request.
  Time since last request: 0.015001 seconds.
  path: Assets/Assets/20 Logos PSD/Fonts/firasansheavy/FiraSans-HeavyItalic.otf
  artifactKey: Guid(fc3a8e93767516749a6de60f64230a63) Importer(815301076,1909f56bfc062723c751e8b465ee728b)
Start importing Assets/Assets/20 Logos PSD/Fonts/firasansheavy/FiraSans-HeavyItalic.otf using Guid(fc3a8e93767516749a6de60f64230a63) Importer(815301076,1909f56bfc062723c751e8b465ee728b)  -> (artifact id: '5452d1c7affd24d3beeaae75c6cd99d0') in 0.008927 seconds 
========================================================================
Received Import Request.
  Time since last request: 0.280804 seconds.
  path: Assets/Assets/20 Logos PSD/Fonts/firasansheavy/FiraSans-HairItalic.otf
  artifactKey: Guid(1afb78f05da5e3c49a1143e721c74a2f) Importer(815301076,1909f56bfc062723c751e8b465ee728b)
Start importing Assets/Assets/20 Logos PSD/Fonts/firasansheavy/FiraSans-HairItalic.otf using Guid(1afb78f05da5e3c49a1143e721c74a2f) Importer(815301076,1909f56bfc062723c751e8b465ee728b)  -> (artifact id: '6e070f0a2d439ea4089e1d315556eb08') in 0.013278 seconds 
========================================================================
Received Import Request.
  Time since last request: 0.013126 seconds.
  path: Assets/Assets/20 Logos PSD/Fonts/firasansheavy/FiraSans-ExtraLightItalic.otf
  artifactKey: Guid(7fcd2b8d2ee03814e8fc918f172bfef5) Importer(815301076,1909f56bfc062723c751e8b465ee728b)
Start importing Assets/Assets/20 Logos PSD/Fonts/firasansheavy/FiraSans-ExtraLightItalic.otf using Guid(7fcd2b8d2ee03814e8fc918f172bfef5) Importer(815301076,1909f56bfc062723c751e8b465ee728b)  -> (artifact id: '05c0c4faa6dbcd4804bd1501321ee050') in 0.006744 seconds 
========================================================================
Received Import Request.
  Time since last request: 0.000043 seconds.
  path: Assets/Assets/20 Logos PSD/Fonts/firasansheavy/FiraSans-ExtraBoldItalic.otf
  artifactKey: Guid(04f21b61e36a49341872bd00b5828ab3) Importer(815301076,1909f56bfc062723c751e8b465ee728b)
Start importing Assets/Assets/20 Logos PSD/Fonts/firasansheavy/FiraSans-ExtraBoldItalic.otf using Guid(04f21b61e36a49341872bd00b5828ab3) Importer(815301076,1909f56bfc062723c751e8b465ee728b)  -> (artifact id: '25954390e1d9001806ce6a1f4c57a140') in 0.006097 seconds 
========================================================================
Received Import Request.
  Time since last request: 0.000088 seconds.
  path: Assets/Assets/20 Logos PSD/Fonts/firasansheavy/FiraSans-FourItalic.otf
  artifactKey: Guid(5ffb9536e48da21498809b52b2afd86a) Importer(815301076,1909f56bfc062723c751e8b465ee728b)
Start importing Assets/Assets/20 Logos PSD/Fonts/firasansheavy/FiraSans-FourItalic.otf using Guid(5ffb9536e48da21498809b52b2afd86a) Importer(815301076,1909f56bfc062723c751e8b465ee728b)  -> (artifact id: 'c71e73500dbf9765c765245cf84f4706') in 0.007855 seconds 
========================================================================
Received Import Request.
  Time since last request: 0.011955 seconds.
  path: Assets/Assets/20 Logos PSD/Fonts/firasansheavy/FiraSans-BookItalic.otf
  artifactKey: Guid(a3983d1a4d2d3ba4db84d9f1f7623cf7) Importer(815301076,1909f56bfc062723c751e8b465ee728b)
Start importing Assets/Assets/20 Logos PSD/Fonts/firasansheavy/FiraSans-BookItalic.otf using Guid(a3983d1a4d2d3ba4db84d9f1f7623cf7) Importer(815301076,1909f56bfc062723c751e8b465ee728b)  -> (artifact id: '0f31feb6ecf1105149aac51bb0cf0a5b') in 0.006806 seconds 
========================================================================
Received Import Request.
  Time since last request: 0.000042 seconds.
  path: Assets/Assets/20 Logos PSD/Fonts/firasansheavy/FiraSans-ExtraBold.otf
  artifactKey: Guid(053bb247f3eafa049ab4c68bf211e0a9) Importer(815301076,1909f56bfc062723c751e8b465ee728b)
Start importing Assets/Assets/20 Logos PSD/Fonts/firasansheavy/FiraSans-ExtraBold.otf using Guid(053bb247f3eafa049ab4c68bf211e0a9) Importer(815301076,1909f56bfc062723c751e8b465ee728b)  -> (artifact id: '8979e2b2d1446fdb5ed274f2f98ccc60') in 0.008733 seconds 
========================================================================
Received Import Request.
  Time since last request: 0.264626 seconds.
  path: Assets/Assets/20 Logos PSD/Fonts/firasansheavy/FiraSans-BoldItalic.otf
  artifactKey: Guid(a3ddf4a93dfeda345ac64ee939015f57) Importer(815301076,1909f56bfc062723c751e8b465ee728b)
Start importing Assets/Assets/20 Logos PSD/Fonts/firasansheavy/FiraSans-BoldItalic.otf using Guid(a3ddf4a93dfeda345ac64ee939015f57) Importer(815301076,1909f56bfc062723c751e8b465ee728b)  -> (artifact id: '5ae80c8f813b9e18f325529892086c65') in 0.006237 seconds 
========================================================================
Received Import Request.
  Time since last request: 0.000043 seconds.
  path: Assets/Assets/20 Logos PSD/Fonts/firasansheavy/FiraSans-Bold.otf
  artifactKey: Guid(95c315c3de0250444a80b0d0ce336e8c) Importer(815301076,1909f56bfc062723c751e8b465ee728b)
Start importing Assets/Assets/20 Logos PSD/Fonts/firasansheavy/FiraSans-Bold.otf using Guid(95c315c3de0250444a80b0d0ce336e8c) Importer(815301076,1909f56bfc062723c751e8b465ee728b)  -> (artifact id: '45e228c321a16b15979b20a6640db343') in 0.007847 seconds 
========================================================================
Received Import Request.
  Time since last request: 0.013080 seconds.
  path: Assets/Assets/Photon/PhotonChat/Demos/DemoChat/Files/eurof35.ttf
  artifactKey: Guid(4345225956e176043b2f73b9ee1b0f2b) Importer(815301076,1909f56bfc062723c751e8b465ee728b)
Start importing Assets/Assets/Photon/PhotonChat/Demos/DemoChat/Files/eurof35.ttf using Guid(4345225956e176043b2f73b9ee1b0f2b) Importer(815301076,1909f56bfc062723c751e8b465ee728b)  -> (artifact id: '6a49bfadc79d1b13983af9e4438cff31') in 0.006568 seconds 
Editor requested this worker to shutdown with reason: Scaling down because of idle timeout
AssetImportWorker is now disconnected from the server
Process exiting
