Unity Editor version:    2021.3.19f1 (c9714fde33b6)
Branch:                  2021.3/staging
Build type:              Release
Batch mode:              YES
macOS version:           Version 14.1.1 (Build 23B81)
Darwin version:          23.1.0
Architecture:            arm64
Running under Rosetta:   NO
Available memory:        16384 MB
Using pre-set license
Pro License: YES

COMMAND LINE ARGUMENTS:
/Applications/Unity/Hub/Editor/2021.3.19f1/Unity.app/Contents/MacOS/Unity
-adb2
-batchMode
-noUpm
-name
AssetImportWorker6
-projectPath
/Users/minjoong/Desktop/ALONG_UP/EGG_ALONGUP
-logFile
Logs/AssetImportWorker6.log
-srvPort
49977
Successfully changed project path to: /Users/minjoong/Desktop/ALONG_UP/EGG_ALONGUP
/Users/minjoong/Desktop/ALONG_UP/EGG_ALONGUP
[UnityMemory] Configuration Parameters - Can be set up in boot.config
    "memorysetup-bucket-allocator-granularity=16"
    "memorysetup-bucket-allocator-bucket-count=8"
    "memorysetup-bucket-allocator-block-size=33554432"
    "memorysetup-bucket-allocator-block-count=8"
    "memorysetup-main-allocator-block-size=16777216"
    "memorysetup-thread-allocator-block-size=16777216"
    "memorysetup-gfx-main-allocator-block-size=16777216"
    "memorysetup-gfx-thread-allocator-block-size=16777216"
    "memorysetup-cache-allocator-block-size=4194304"
    "memorysetup-typetree-allocator-block-size=2097152"
    "memorysetup-profiler-bucket-allocator-granularity=16"
    "memorysetup-profiler-bucket-allocator-bucket-count=8"
    "memorysetup-profiler-bucket-allocator-block-size=33554432"
    "memorysetup-profiler-bucket-allocator-block-count=8"
    "memorysetup-profiler-allocator-block-size=16777216"
    "memorysetup-profiler-editor-allocator-block-size=1048576"
    "memorysetup-temp-allocator-size-main=16777216"
    "memorysetup-job-temp-allocator-block-size=2097152"
    "memorysetup-job-temp-allocator-block-size-background=1048576"
    "memorysetup-job-temp-allocator-reduction-small-platforms=262144"
    "memorysetup-temp-allocator-size-background-worker=32768"
    "memorysetup-temp-allocator-size-job-worker=262144"
    "memorysetup-temp-allocator-size-preload-manager=33554432"
    "memorysetup-temp-allocator-size-nav-mesh-worker=65536"
    "memorysetup-temp-allocator-size-audio-worker=65536"
    "memorysetup-temp-allocator-size-cloud-worker=32768"
    "memorysetup-temp-allocator-size-gi-baking-worker=262144"
    "memorysetup-temp-allocator-size-gfx=262144"
Player connection [8118345408] Host "[IP] 172.30.1.85 [Port] 0 [Flags] 2 [Guid] 1213469236 [EditorId] 1213469236 [Version] 1048832 [Id] OSXEditor(0,minjoongs-MacBook-Pro.local) [Debug] 1 [PackageName] OSXEditor [ProjectName] Editor" joined multi-casting on [225.0.0.222:54997]...

Player connection [8118345408] Host "[IP] 172.30.1.85 [Port] 0 [Flags] 2 [Guid] 1213469236 [EditorId] 1213469236 [Version] 1048832 [Id] OSXEditor(0,minjoongs-MacBook-Pro.local) [Debug] 1 [PackageName] OSXEditor [ProjectName] Editor" joined alternative multi-casting on [225.0.0.222:34997]...

Refreshing native plugins compatible for Editor in 109.70 ms, found 3 plugins.
Preloading 0 native plugins for Editor in 0.00 ms.
Initialize engine version: 2021.3.19f1 (c9714fde33b6)
[Subsystems] Discovering subsystems at path /Applications/Unity/Hub/Editor/2021.3.19f1/Unity.app/Contents/Resources/UnitySubsystems
[Subsystems] Discovering subsystems at path /Users/minjoong/Desktop/ALONG_UP/EGG_ALONGUP/Assets
GfxDevice: creating device client; threaded=0; jobified=0
 preferred device: Apple M1 Pro (high power)
Metal devices available: 1
0: Apple M1 Pro (high power)
Using device Apple M1 Pro (high power)
Initializing Metal device caps: Apple M1 Pro
Initialize mono
Mono path[0] = '/Applications/Unity/Hub/Editor/2021.3.19f1/Unity.app/Contents/Managed'
Mono path[1] = '/Applications/Unity/Hub/Editor/2021.3.19f1/Unity.app/Contents/MonoBleedingEdge/lib/mono/unityjit-macos'
Mono config path = '/Applications/Unity/Hub/Editor/2021.3.19f1/Unity.app/Contents/MonoBleedingEdge/etc'
Using monoOptions --debugger-agent=transport=dt_socket,embedding=1,server=y,suspend=n,address=127.0.0.1:56858
Begin MonoManager ReloadAssembly
Registering precompiled unity dll's ...
Register platform support module: /Applications/Unity/Hub/Editor/2021.3.19f1/PlaybackEngines/WebGLSupport/UnityEditor.WebGL.Extensions.dll
Register platform support module: /Applications/Unity/Hub/Editor/2021.3.19f1/Unity.app/Contents/PlaybackEngines/MacStandaloneSupport/UnityEditor.OSXStandalone.Extensions.dll
Register platform support module: /Applications/Unity/Hub/Editor/2021.3.19f1/PlaybackEngines/WindowsStandaloneSupport/UnityEditor.WindowsStandalone.Extensions.dll
Registered in 0.000770 seconds.
Native extension for WindowsStandalone target not found
Native extension for OSXStandalone target not found
Native extension for WebGL target not found
Refreshing native plugins compatible for Editor in 125.71 ms, found 3 plugins.
Preloading 0 native plugins for Editor in 0.00 ms.
Mono: successfully reloaded assembly
- Completed reload, in  0.548 seconds
Domain Reload Profiling:
	ReloadAssembly (548ms)
		BeginReloadAssembly (37ms)
			ExecutionOrderSort (0ms)
			DisableScriptedObjects (0ms)
			BackupInstance (0ms)
			ReleaseScriptingObjects (0ms)
			CreateAndSetChildDomain (1ms)
		EndReloadAssembly (424ms)
			LoadAssemblies (36ms)
			RebuildTransferFunctionScriptingTraits (0ms)
			SetupTypeCache (96ms)
			ReleaseScriptCaches (0ms)
			RebuildScriptCaches (30ms)
			SetupLoadedEditorAssemblies (262ms)
				LogAssemblyErrors (0ms)
				InitializePlatformSupportModulesInManaged (6ms)
				SetLoadedEditorAssemblies (0ms)
				RefreshPlugins (126ms)
				BeforeProcessingInitializeOnLoad (1ms)
				ProcessInitializeOnLoadAttributes (98ms)
				ProcessInitializeOnLoadMethodAttributes (31ms)
				AfterProcessingInitializeOnLoad (0ms)
				EditorAssembliesLoaded (0ms)
			ExecutionOrderSort2 (0ms)
			AwakeInstancesAfterBackupRestoration (0ms)
Platform modules already initialized, skipping
Registering precompiled user dll's ...
Registered in 0.001939 seconds.
Begin MonoManager ReloadAssembly
Symbol file LoadedFromMemory doesn't match image /Users/minjoong/Desktop/ALONG_UP/EGG_ALONGUP/Library/PackageCache/com.unity.visualscripting@1.8.0/Editor/VisualScripting.Core/Dependencies/YamlDotNet/Unity.VisualScripting.YamlDotNet.dll
Symbol file LoadedFromMemory doesn't match image /Users/minjoong/Desktop/ALONG_UP/EGG_ALONGUP/Library/PackageCache/com.unity.visualscripting@1.8.0/Editor/VisualScripting.Core/Dependencies/DotNetZip/Unity.VisualScripting.IonicZip.dll
Native extension for WindowsStandalone target not found
Native extension for OSXStandalone target not found
Native extension for WebGL target not found
Refreshing native plugins compatible for Editor in 0.86 ms, found 3 plugins.
Preloading 0 native plugins for Editor in 0.00 ms.
Mono: successfully reloaded assembly
- Completed reload, in  0.984 seconds
Domain Reload Profiling:
	ReloadAssembly (985ms)
		BeginReloadAssembly (70ms)
			ExecutionOrderSort (0ms)
			DisableScriptedObjects (4ms)
			BackupInstance (0ms)
			ReleaseScriptingObjects (0ms)
			CreateAndSetChildDomain (19ms)
		EndReloadAssembly (821ms)
			LoadAssemblies (37ms)
			RebuildTransferFunctionScriptingTraits (0ms)
			SetupTypeCache (257ms)
			ReleaseScriptCaches (0ms)
			RebuildScriptCaches (60ms)
			SetupLoadedEditorAssemblies (424ms)
				LogAssemblyErrors (0ms)
				InitializePlatformSupportModulesInManaged (4ms)
				SetLoadedEditorAssemblies (0ms)
				RefreshPlugins (1ms)
				BeforeProcessingInitializeOnLoad (64ms)
				ProcessInitializeOnLoadAttributes (338ms)
				ProcessInitializeOnLoadMethodAttributes (16ms)
				AfterProcessingInitializeOnLoad (1ms)
				EditorAssembliesLoaded (0ms)
			ExecutionOrderSort2 (0ms)
			AwakeInstancesAfterBackupRestoration (3ms)
Platform modules already initialized, skipping
========================================================================
Worker process is ready to serve import requests
Launching external process: /Applications/Unity/Hub/Editor/2021.3.19f1/Unity.app/Contents/Tools/UnityShaderCompiler
Launched and connected shader compiler UnityShaderCompiler after 0.06 seconds
Refreshing native plugins compatible for Editor in 0.82 ms, found 3 plugins.
Preloading 0 native plugins for Editor in 0.00 ms.
Unloading 3780 Unused Serialized files (Serialized files now loaded: 0)
Unloading 44 unused Assets / (370.0 KB). Loaded Objects now: 4224.
Memory consumption went from 137.1 MB to 136.7 MB.
Total: 3.424750 ms (FindLiveObjects: 0.126167 ms CreateObjectMapping: 0.054250 ms MarkObjects: 3.123708 ms  DeleteObjects: 0.120042 ms)

AssetImportParameters requested are different than current active one (requested -> active):
  custom:video-decoder-ogg-theora: a1e56fd34408186e4bbccfd4996cb3dc -> 
  custom:container-muxer-webm: aa71ff27fc2769a1b78a27578f13a17b -> 
  custom:container-demuxer-webm: 4f35f7cbe854078d1ac9338744f61a02 -> 
  custom:video-encoder-webm-vp8: eb34c28f22e8b96e1ab97ce403110664 -> 
  custom:framework-osx-AVFoundation: e770b220cccbd017edd2c1fefb359320 -> 
  custom:audio-encoder-webm-vorbis: bf7c407c2cedff20999df2af8eb42d56 -> 
  custom:container-demuxer-ogg: 62fdf1f143b41e24485cea50d1cbac27 -> 
  custom:video-decoder-webm-vp8: 9c59270c3fd7afecdb556c50c9e8de78 -> 
  custom:audio-decoder-ogg-vorbis: bf7c407c2cedff20999df2af8eb42d56 -> 
========================================================================
Received Import Request.
  Time since last request: 20167.940062 seconds.
  path: Assets/Assets/SyntyStudios/PolygonCity/Models/SM_Prop_Skylight_01.fbx
  artifactKey: Guid(3ea1f81fede821944884acf69ebaabf0) Importer(815301076,1909f56bfc062723c751e8b465ee728b)
Start importing Assets/Assets/SyntyStudios/PolygonCity/Models/SM_Prop_Skylight_01.fbx using Guid(3ea1f81fede821944884acf69ebaabf0) Importer(815301076,1909f56bfc062723c751e8b465ee728b)  -> (artifact id: 'f1f611ab48b1beca4507193d5a84319b') in 0.137280 seconds 
========================================================================
Received Import Request.
  Time since last request: 2.231297 seconds.
  path: Assets/Assets/SyntyStudios/PolygonCity/Models/SM_Prop_Sign_Pizza_01.fbx
  artifactKey: Guid(6e40202c10441b94684210497491be06) Importer(815301076,1909f56bfc062723c751e8b465ee728b)
Start importing Assets/Assets/SyntyStudios/PolygonCity/Models/SM_Prop_Sign_Pizza_01.fbx using Guid(6e40202c10441b94684210497491be06) Importer(815301076,1909f56bfc062723c751e8b465ee728b)  -> (artifact id: '337c67e3339243ed9d659add1fc621f5') in 0.009560 seconds 
========================================================================
Received Import Request.
  Time since last request: 0.013586 seconds.
  path: Assets/Assets/SyntyStudios/PolygonCity/Models/SM_Prop_Sign_Hotel_01.fbx
  artifactKey: Guid(99ae44b691c03d7439c97fdaed0c5744) Importer(815301076,1909f56bfc062723c751e8b465ee728b)
Start importing Assets/Assets/SyntyStudios/PolygonCity/Models/SM_Prop_Sign_Hotel_01.fbx using Guid(99ae44b691c03d7439c97fdaed0c5744) Importer(815301076,1909f56bfc062723c751e8b465ee728b)  -> (artifact id: '019da9968da887d703791d3c91b41c01') in 0.009969 seconds 
========================================================================
Received Import Request.
  Time since last request: 0.011792 seconds.
  path: Assets/Assets/SyntyStudios/PolygonCity/Models/SM_Prop_Sign_GiveWay_03.fbx
  artifactKey: Guid(01c5d01653d0e224c8f0b5cb8514fa1b) Importer(815301076,1909f56bfc062723c751e8b465ee728b)
Start importing Assets/Assets/SyntyStudios/PolygonCity/Models/SM_Prop_Sign_GiveWay_03.fbx using Guid(01c5d01653d0e224c8f0b5cb8514fa1b) Importer(815301076,1909f56bfc062723c751e8b465ee728b)  -> (artifact id: 'aa6e9d877dc0814d03da56b40fa42a6f') in 0.009589 seconds 
========================================================================
Received Import Request.
  Time since last request: 0.000051 seconds.
  path: Assets/Assets/SyntyStudios/PolygonCity/Models/SM_Prop_Sign_FireDepartment_01.fbx
  artifactKey: Guid(d3436b2b90577984586055c7c4da3b02) Importer(815301076,1909f56bfc062723c751e8b465ee728b)
Start importing Assets/Assets/SyntyStudios/PolygonCity/Models/SM_Prop_Sign_FireDepartment_01.fbx using Guid(d3436b2b90577984586055c7c4da3b02) Importer(815301076,1909f56bfc062723c751e8b465ee728b)  -> (artifact id: '28b3eb167021bc4d7459e7b81ae5476f') in 0.010541 seconds 
========================================================================
Received Import Request.
  Time since last request: 0.000056 seconds.
  path: Assets/Assets/SyntyStudios/PolygonCity/Models/SM_Prop_Sign_Cafe_01.fbx
  artifactKey: Guid(f6cf256c471d7d748aaf1bd6359a1153) Importer(815301076,1909f56bfc062723c751e8b465ee728b)
Start importing Assets/Assets/SyntyStudios/PolygonCity/Models/SM_Prop_Sign_Cafe_01.fbx using Guid(f6cf256c471d7d748aaf1bd6359a1153) Importer(815301076,1909f56bfc062723c751e8b465ee728b)  -> (artifact id: '023d86ab33548c646d36b73d76bb27ab') in 0.012033 seconds 
========================================================================
Received Import Request.
  Time since last request: 0.012386 seconds.
  path: Assets/Assets/SyntyStudios/PolygonCity/Models/SM_Prop_Sign_Bar_01.fbx
  artifactKey: Guid(ab4e26262ea1f6b48a853aea6db0dba5) Importer(815301076,1909f56bfc062723c751e8b465ee728b)
Start importing Assets/Assets/SyntyStudios/PolygonCity/Models/SM_Prop_Sign_Bar_01.fbx using Guid(ab4e26262ea1f6b48a853aea6db0dba5) Importer(815301076,1909f56bfc062723c751e8b465ee728b)  -> (artifact id: '3ba39cceb4f9d4f1f45fd7e4a8ca1192') in 0.008722 seconds 
========================================================================
Received Import Request.
  Time since last request: 0.718801 seconds.
  path: Assets/Assets/SyntyStudios/PolygonCity/Models/SM_Prop_Sign_Attachment_02.fbx
  artifactKey: Guid(64e18860e16121e45bfcbe99d6d39ff1) Importer(815301076,1909f56bfc062723c751e8b465ee728b)
Start importing Assets/Assets/SyntyStudios/PolygonCity/Models/SM_Prop_Sign_Attachment_02.fbx using Guid(64e18860e16121e45bfcbe99d6d39ff1) Importer(815301076,1909f56bfc062723c751e8b465ee728b)  -> (artifact id: 'bf4721e5b8d899d19b42eadcdaaaff16') in 0.014043 seconds 
========================================================================
Received Import Request.
  Time since last request: 0.015239 seconds.
  path: Assets/Assets/SyntyStudios/PolygonCity/Models/SM_Prop_Sidewalk_Panel_04.fbx
  artifactKey: Guid(5a34818369d9efa488222453d95ac8e6) Importer(815301076,1909f56bfc062723c751e8b465ee728b)
Start importing Assets/Assets/SyntyStudios/PolygonCity/Models/SM_Prop_Sidewalk_Panel_04.fbx using Guid(5a34818369d9efa488222453d95ac8e6) Importer(815301076,1909f56bfc062723c751e8b465ee728b)  -> (artifact id: '723d9228f3618c90ebc3056f5c1deb13') in 0.009274 seconds 
========================================================================
Received Import Request.
  Time since last request: 0.000097 seconds.
  path: Assets/Assets/SyntyStudios/PolygonCity/Models/SM_Prop_SidewalkPoles_01.fbx
  artifactKey: Guid(5827dc2a06ebf7b4d8c309d5330a4b22) Importer(815301076,1909f56bfc062723c751e8b465ee728b)
Start importing Assets/Assets/SyntyStudios/PolygonCity/Models/SM_Prop_SidewalkPoles_01.fbx using Guid(5827dc2a06ebf7b4d8c309d5330a4b22) Importer(815301076,1909f56bfc062723c751e8b465ee728b)  -> (artifact id: 'c46e9abc4f8a6325be708daac1d165e4') in 0.011177 seconds 
========================================================================
Received Import Request.
  Time since last request: 0.013716 seconds.
  path: Assets/Assets/SyntyStudios/PolygonCity/Models/SM_Prop_ShopInterior_Table_01.fbx
  artifactKey: Guid(013bc7eb7c48f3e459b5a5b5ef95d33d) Importer(815301076,1909f56bfc062723c751e8b465ee728b)
Start importing Assets/Assets/SyntyStudios/PolygonCity/Models/SM_Prop_ShopInterior_Table_01.fbx using Guid(013bc7eb7c48f3e459b5a5b5ef95d33d) Importer(815301076,1909f56bfc062723c751e8b465ee728b)  -> (artifact id: '4891c02d3a61e06687c3719965869ccf') in 0.008464 seconds 
========================================================================
Received Import Request.
  Time since last request: 0.000063 seconds.
  path: Assets/Assets/SyntyStudios/PolygonCity/Models/SM_Prop_Sidewalk_Panel_02.fbx
  artifactKey: Guid(2629e10abd0d9194aaef0f0e2894ee59) Importer(815301076,1909f56bfc062723c751e8b465ee728b)
Start importing Assets/Assets/SyntyStudios/PolygonCity/Models/SM_Prop_Sidewalk_Panel_02.fbx using Guid(2629e10abd0d9194aaef0f0e2894ee59) Importer(815301076,1909f56bfc062723c751e8b465ee728b)  -> (artifact id: '4acbb8e8c740b3a0507a6ec1b453913d') in 0.011376 seconds 
========================================================================
Received Import Request.
  Time since last request: 0.012271 seconds.
  path: Assets/Assets/SyntyStudios/PolygonCity/Models/SM_Prop_ShopInterior_Shelf_01.fbx
  artifactKey: Guid(cbb10bac1aa67344482814d97bba4728) Importer(815301076,1909f56bfc062723c751e8b465ee728b)
Start importing Assets/Assets/SyntyStudios/PolygonCity/Models/SM_Prop_ShopInterior_Shelf_01.fbx using Guid(cbb10bac1aa67344482814d97bba4728) Importer(815301076,1909f56bfc062723c751e8b465ee728b)  -> (artifact id: 'dd6eb3512bc41f19c640f1e852c88818') in 0.009950 seconds 
========================================================================
Received Import Request.
  Time since last request: 0.226922 seconds.
  path: Assets/Assets/SyntyStudios/PolygonCity/Models/SM_Prop_ShopInterior_Display_01.fbx
  artifactKey: Guid(4b4dda27c09854041851fab1b2e17354) Importer(815301076,1909f56bfc062723c751e8b465ee728b)
Start importing Assets/Assets/SyntyStudios/PolygonCity/Models/SM_Prop_ShopInterior_Display_01.fbx using Guid(4b4dda27c09854041851fab1b2e17354) Importer(815301076,1909f56bfc062723c751e8b465ee728b)  -> (artifact id: 'b55545472c94656e164f43e6e9b20562') in 0.012527 seconds 
========================================================================
Received Import Request.
  Time since last request: 0.035239 seconds.
  path: Assets/Assets/SyntyStudios/PolygonAdventure/Models/SM_Prop_Scroll_02.fbx
  artifactKey: Guid(43cd332be7f713642ad1f12c1639c0a8) Importer(815301076,1909f56bfc062723c751e8b465ee728b)
Start importing Assets/Assets/SyntyStudios/PolygonAdventure/Models/SM_Prop_Scroll_02.fbx using Guid(43cd332be7f713642ad1f12c1639c0a8) Importer(815301076,1909f56bfc062723c751e8b465ee728b)  -> (artifact id: '137b5c7bbd534d374384767176c8e699') in 0.008567 seconds 
========================================================================
Received Import Request.
  Time since last request: 0.000057 seconds.
  path: Assets/Assets/SyntyStudios/PolygonAdventure/Models/SM_Prop_Sack_03.fbx
  artifactKey: Guid(07d03e0ecf2e7e34498b90007e7fe309) Importer(815301076,1909f56bfc062723c751e8b465ee728b)
Start importing Assets/Assets/SyntyStudios/PolygonAdventure/Models/SM_Prop_Sack_03.fbx using Guid(07d03e0ecf2e7e34498b90007e7fe309) Importer(815301076,1909f56bfc062723c751e8b465ee728b)  -> (artifact id: 'f0c8793f39c4b2431b35316e9719e3fd') in 0.008408 seconds 
========================================================================
Received Import Request.
  Time since last request: 0.307572 seconds.
  path: Assets/Assets/SyntyStudios/PolygonAdventure/Models/SM_Prop_Sack_01.fbx
  artifactKey: Guid(30b557b262c93d8498a58ce6ef116151) Importer(815301076,1909f56bfc062723c751e8b465ee728b)
Start importing Assets/Assets/SyntyStudios/PolygonAdventure/Models/SM_Prop_Sack_01.fbx using Guid(30b557b262c93d8498a58ce6ef116151) Importer(815301076,1909f56bfc062723c751e8b465ee728b)  -> (artifact id: '21e6fe7daf892c96e89e47e850939f37') in 0.013414 seconds 
========================================================================
Received Import Request.
  Time since last request: 0.000198 seconds.
  path: Assets/Assets/SyntyStudios/PolygonCity/Models/SM_Prop_Roof_Aircon_01.fbx
  artifactKey: Guid(77fb40c6132e8e145ab24a19d6e0aa63) Importer(815301076,1909f56bfc062723c751e8b465ee728b)
Start importing Assets/Assets/SyntyStudios/PolygonCity/Models/SM_Prop_Roof_Aircon_01.fbx using Guid(77fb40c6132e8e145ab24a19d6e0aa63) Importer(815301076,1909f56bfc062723c751e8b465ee728b)  -> (artifact id: 'de5f3a3685e8c3c0a6398d04310e7f8a') in 0.009140 seconds 
========================================================================
Received Import Request.
  Time since last request: 0.032216 seconds.
  path: Assets/Assets/SyntyStudios/PolygonCity/Models/SM_Prop_PotPlant_02.fbx
  artifactKey: Guid(e0797189bc2a81c4bb3d2a6c07cfc245) Importer(815301076,1909f56bfc062723c751e8b465ee728b)
Start importing Assets/Assets/SyntyStudios/PolygonCity/Models/SM_Prop_PotPlant_02.fbx using Guid(e0797189bc2a81c4bb3d2a6c07cfc245) Importer(815301076,1909f56bfc062723c751e8b465ee728b)  -> (artifact id: '1d566b33f4c7968cc29ea24d3f04c2f1') in 0.008611 seconds 
========================================================================
Received Import Request.
  Time since last request: 0.000044 seconds.
  path: Assets/Assets/SyntyStudios/PolygonAdventure/Models/SM_Prop_Pumpkin_01.fbx
  artifactKey: Guid(d671f15d904c3f64e8c432542700c1f4) Importer(815301076,1909f56bfc062723c751e8b465ee728b)
Start importing Assets/Assets/SyntyStudios/PolygonAdventure/Models/SM_Prop_Pumpkin_01.fbx using Guid(d671f15d904c3f64e8c432542700c1f4) Importer(815301076,1909f56bfc062723c751e8b465ee728b)  -> (artifact id: '0a99c35197e5a42ea6dd3091fc1931bc') in 0.009334 seconds 
========================================================================
Received Import Request.
  Time since last request: 0.331764 seconds.
  path: Assets/Assets/SyntyStudios/PolygonAdventure/Models/SM_Prop_Pot_03.fbx
  artifactKey: Guid(b9d54beedeb69e84bbcdb4ca6e997610) Importer(815301076,1909f56bfc062723c751e8b465ee728b)
Start importing Assets/Assets/SyntyStudios/PolygonAdventure/Models/SM_Prop_Pot_03.fbx using Guid(b9d54beedeb69e84bbcdb4ca6e997610) Importer(815301076,1909f56bfc062723c751e8b465ee728b)  -> (artifact id: 'df52c47d632d51058ed271156c1f3f29') in 0.013169 seconds 
========================================================================
Received Import Request.
  Time since last request: 0.000055 seconds.
  path: Assets/Assets/SyntyStudios/PolygonCity/Models/SM_Prop_Poster_03.fbx
  artifactKey: Guid(eedb3e89c519d8b48a77752541eecfb8) Importer(815301076,1909f56bfc062723c751e8b465ee728b)
Start importing Assets/Assets/SyntyStudios/PolygonCity/Models/SM_Prop_Poster_03.fbx using Guid(eedb3e89c519d8b48a77752541eecfb8) Importer(815301076,1909f56bfc062723c751e8b465ee728b)  -> (artifact id: 'bd6f90e9387d556cda570ae6cd7faac7') in 0.008204 seconds 
========================================================================
Received Import Request.
  Time since last request: 0.032374 seconds.
  path: Assets/Assets/SyntyStudios/PolygonKnights/Models/SM_Prop_Plinth_02_Snow.fbx
  artifactKey: Guid(ff69f0647244e2b48a206943cb65f72b) Importer(815301076,1909f56bfc062723c751e8b465ee728b)
Start importing Assets/Assets/SyntyStudios/PolygonKnights/Models/SM_Prop_Plinth_02_Snow.fbx using Guid(ff69f0647244e2b48a206943cb65f72b) Importer(815301076,1909f56bfc062723c751e8b465ee728b)  -> (artifact id: 'c96e8e3e17c5cead5efc4499922dd22d') in 0.008943 seconds 
========================================================================
Received Import Request.
  Time since last request: 0.000051 seconds.
  path: Assets/Assets/SyntyStudios/PolygonCity/Models/SM_Prop_PlanterWindow_01.fbx
  artifactKey: Guid(aef168ecaa3393048ae8f2ab57d08e32) Importer(815301076,1909f56bfc062723c751e8b465ee728b)
Start importing Assets/Assets/SyntyStudios/PolygonCity/Models/SM_Prop_PlanterWindow_01.fbx using Guid(aef168ecaa3393048ae8f2ab57d08e32) Importer(815301076,1909f56bfc062723c751e8b465ee728b)  -> (artifact id: 'b47d08267dbbf6ed4b99a404635ec18a') in 0.008760 seconds 
========================================================================
Received Import Request.
  Time since last request: 0.850940 seconds.
  path: Assets/Assets/SyntyStudios/PolygonStarter/Models/SM_Prop_Plane_Ring_01.fbx
  artifactKey: Guid(8d1177ba3d7335442be5de9e2472ae26) Importer(815301076,1909f56bfc062723c751e8b465ee728b)
Start importing Assets/Assets/SyntyStudios/PolygonStarter/Models/SM_Prop_Plane_Ring_01.fbx using Guid(8d1177ba3d7335442be5de9e2472ae26) Importer(815301076,1909f56bfc062723c751e8b465ee728b)  -> (artifact id: 'c91312fa7e43b358e2dc64cb9e923358') in 0.013530 seconds 
========================================================================
Received Import Request.
  Time since last request: 0.045069 seconds.
  path: Assets/Assets/SyntyStudios/PolygonCity/Models/SM_Prop_Pipe_Part_Connect_01.fbx
  artifactKey: Guid(efde0704c0b00d74eaa18692b18b3253) Importer(815301076,1909f56bfc062723c751e8b465ee728b)
Start importing Assets/Assets/SyntyStudios/PolygonCity/Models/SM_Prop_Pipe_Part_Connect_01.fbx using Guid(efde0704c0b00d74eaa18692b18b3253) Importer(815301076,1909f56bfc062723c751e8b465ee728b)  -> (artifact id: 'e4d43c3cca4419f910fd504f2bb2192e') in 0.011842 seconds 
========================================================================
Received Import Request.
  Time since last request: 0.000057 seconds.
  path: Assets/Assets/SyntyStudios/PolygonCity/Models/SM_Prop_Pipe_Present_01.fbx
  artifactKey: Guid(4388c39b9105c144291f10c041847ae5) Importer(815301076,1909f56bfc062723c751e8b465ee728b)
Start importing Assets/Assets/SyntyStudios/PolygonCity/Models/SM_Prop_Pipe_Present_01.fbx using Guid(4388c39b9105c144291f10c041847ae5) Importer(815301076,1909f56bfc062723c751e8b465ee728b)  -> (artifact id: '7b5ae76dec1ca2f3e6e30d88af76bae5') in 0.009384 seconds 
========================================================================
Received Import Request.
  Time since last request: 0.000078 seconds.
  path: Assets/Assets/SyntyStudios/PolygonStarter/PolygonPrototype/Models/SM_Prop_Pipe_Curve_01.fbx
  artifactKey: Guid(dddd9dd1a849d5844b3314ee7404d469) Importer(815301076,1909f56bfc062723c751e8b465ee728b)
Start importing Assets/Assets/SyntyStudios/PolygonStarter/PolygonPrototype/Models/SM_Prop_Pipe_Curve_01.fbx using Guid(dddd9dd1a849d5844b3314ee7404d469) Importer(815301076,1909f56bfc062723c751e8b465ee728b)  -> (artifact id: '71edd06bf750543905210093a6d0c0b5') in 0.008436 seconds 
========================================================================
Received Import Request.
  Time since last request: 0.000071 seconds.
  path: Assets/Assets/SyntyStudios/PolygonStarter/PolygonPrototype/Models/SM_Prop_Pipe_02.fbx
  artifactKey: Guid(791bea6128e52074ab5677f405e2d4d0) Importer(815301076,1909f56bfc062723c751e8b465ee728b)
Start importing Assets/Assets/SyntyStudios/PolygonStarter/PolygonPrototype/Models/SM_Prop_Pipe_02.fbx using Guid(791bea6128e52074ab5677f405e2d4d0) Importer(815301076,1909f56bfc062723c751e8b465ee728b)  -> (artifact id: '7a0f72aea49ad3efe57dadd245048c06') in 0.007903 seconds 
========================================================================
Received Import Request.
  Time since last request: 0.608834 seconds.
  path: Assets/Assets/SyntyStudios/PolygonCity/Models/SM_Prop_ParkingMeter_02.fbx
  artifactKey: Guid(99c3dab35e27907458574549ef734d03) Importer(815301076,1909f56bfc062723c751e8b465ee728b)
Start importing Assets/Assets/SyntyStudios/PolygonCity/Models/SM_Prop_ParkingMeter_02.fbx using Guid(99c3dab35e27907458574549ef734d03) Importer(815301076,1909f56bfc062723c751e8b465ee728b)  -> (artifact id: 'a43c6f31ed24fcf9a180a428315958fa') in 0.013061 seconds 
========================================================================
Received Import Request.
  Time since last request: 0.024476 seconds.
  path: Assets/Assets/SyntyStudios/PolygonCity/Models/SM_Prop_Paper_04.fbx
  artifactKey: Guid(f2bacc97b0f619e4ab69a9236a580b8d) Importer(815301076,1909f56bfc062723c751e8b465ee728b)
Start importing Assets/Assets/SyntyStudios/PolygonCity/Models/SM_Prop_Paper_04.fbx using Guid(f2bacc97b0f619e4ab69a9236a580b8d) Importer(815301076,1909f56bfc062723c751e8b465ee728b)  -> (artifact id: '306da2b262511522ce4bd7b49728be3b') in 0.012409 seconds 
========================================================================
Received Import Request.
  Time since last request: 0.000083 seconds.
  path: Assets/Assets/SyntyStudios/PolygonCity/Models/SM_Prop_Paper_01.fbx
  artifactKey: Guid(53e09b135ce4f8d41a77e2e4d426e29a) Importer(815301076,1909f56bfc062723c751e8b465ee728b)
Start importing Assets/Assets/SyntyStudios/PolygonCity/Models/SM_Prop_Paper_01.fbx using Guid(53e09b135ce4f8d41a77e2e4d426e29a) Importer(815301076,1909f56bfc062723c751e8b465ee728b)  -> (artifact id: '522e1e6609069e7a10a0684dc8ea968c') in 0.009632 seconds 
========================================================================
Received Import Request.
  Time since last request: 0.733101 seconds.
  path: Assets/Assets/SyntyStudios/PolygonStarter/PolygonPrototype/Models/SM_Prop_Microphone_Stand_01.fbx
  artifactKey: Guid(9a7fe0da1b5fc04448e8317395bf1b3c) Importer(815301076,1909f56bfc062723c751e8b465ee728b)
Start importing Assets/Assets/SyntyStudios/PolygonStarter/PolygonPrototype/Models/SM_Prop_Microphone_Stand_01.fbx using Guid(9a7fe0da1b5fc04448e8317395bf1b3c) Importer(815301076,1909f56bfc062723c751e8b465ee728b)  -> (artifact id: '6d1084fed6ab98452e50621eef9e2270') in 0.011610 seconds 
========================================================================
Received Import Request.
  Time since last request: 0.038180 seconds.
  path: Assets/Assets/SyntyStudios/PolygonAdventure/Models/SM_Prop_Meat_01.fbx
  artifactKey: Guid(cd52ecba9c60ca44fadcf8e2d361683f) Importer(815301076,1909f56bfc062723c751e8b465ee728b)
Start importing Assets/Assets/SyntyStudios/PolygonAdventure/Models/SM_Prop_Meat_01.fbx using Guid(cd52ecba9c60ca44fadcf8e2d361683f) Importer(815301076,1909f56bfc062723c751e8b465ee728b)  -> (artifact id: '82493698679cb977f3e391d86b4dbbb2') in 0.010357 seconds 
========================================================================
Received Import Request.
  Time since last request: 0.000045 seconds.
  path: Assets/Assets/SyntyStudios/PolygonCity/Models/SM_Prop_Manhole_01.fbx
  artifactKey: Guid(dbbca7773291a2647aea17a83e39720a) Importer(815301076,1909f56bfc062723c751e8b465ee728b)
Start importing Assets/Assets/SyntyStudios/PolygonCity/Models/SM_Prop_Manhole_01.fbx using Guid(dbbca7773291a2647aea17a83e39720a) Importer(815301076,1909f56bfc062723c751e8b465ee728b)  -> (artifact id: '3bfe4111a62179391de5d23075dab6a9') in 0.008358 seconds 
========================================================================
Received Import Request.
  Time since last request: 0.027670 seconds.
  path: Assets/Assets/SyntyStudios/PolygonAdventure/Models/SM_Prop_Loghalf_01.fbx
  artifactKey: Guid(ea5ea7b5384f21249b231f997df27de8) Importer(815301076,1909f56bfc062723c751e8b465ee728b)
Start importing Assets/Assets/SyntyStudios/PolygonAdventure/Models/SM_Prop_Loghalf_01.fbx using Guid(ea5ea7b5384f21249b231f997df27de8) Importer(815301076,1909f56bfc062723c751e8b465ee728b)  -> (artifact id: '82059a4f49cd4e6c74c5ceb437cc66be') in 0.007852 seconds 
========================================================================
Received Import Request.
  Time since last request: 6.301705 seconds.
  path: Assets/Assets/SyntyStudios/PolygonKnights/Models/Characters/FixedScaleCharacters/Characters_POLYGON_Knights.fbx
  artifactKey: Guid(32562d1256a1b3b4ca9be3d6ce7adf64) Importer(815301076,1909f56bfc062723c751e8b465ee728b)
Start importing Assets/Assets/SyntyStudios/PolygonKnights/Models/Characters/FixedScaleCharacters/Characters_POLYGON_Knights.fbx using Guid(32562d1256a1b3b4ca9be3d6ce7adf64) Importer(815301076,1909f56bfc062723c751e8b465ee728b)  -> (artifact id: 'ea67f44433781c5fa6e569c9ec4285d4') in 0.173853 seconds 
========================================================================
Received Import Request.
  Time since last request: 19.687641 seconds.
  path: Assets/Assets/SyntyStudios/PolygonStarter/PolygonPrototype/Models/SM_Prop_BoostPad_01.fbx
  artifactKey: Guid(c5476dd4a4965c6439ee2a2dd2986197) Importer(815301076,1909f56bfc062723c751e8b465ee728b)
Start importing Assets/Assets/SyntyStudios/PolygonStarter/PolygonPrototype/Models/SM_Prop_BoostPad_01.fbx using Guid(c5476dd4a4965c6439ee2a2dd2986197) Importer(815301076,1909f56bfc062723c751e8b465ee728b)  -> (artifact id: 'fe3bf91330d34550f4d34bfd498b28df') in 0.015116 seconds 
========================================================================
Received Import Request.
  Time since last request: 0.000309 seconds.
  path: Assets/Assets/SyntyStudios/PolygonStarter/PolygonPrototype/Models/SM_Prop_Bowling_Pin_01.fbx
  artifactKey: Guid(5cef9db9af9248b4891efd9c1080ec94) Importer(815301076,1909f56bfc062723c751e8b465ee728b)
Start importing Assets/Assets/SyntyStudios/PolygonStarter/PolygonPrototype/Models/SM_Prop_Bowling_Pin_01.fbx using Guid(5cef9db9af9248b4891efd9c1080ec94) Importer(815301076,1909f56bfc062723c751e8b465ee728b)  -> (artifact id: 'bf4e8722d1f350ba647a9876ddfc0649') in 0.008403 seconds 
========================================================================
Received Import Request.
  Time since last request: 0.025136 seconds.
  path: Assets/Assets/SyntyStudios/PolygonKnights/Models/SM_Prop_Brazier_01.fbx
  artifactKey: Guid(6221309bb1589ae4283fb1ff86a5d7d6) Importer(815301076,1909f56bfc062723c751e8b465ee728b)
Start importing Assets/Assets/SyntyStudios/PolygonKnights/Models/SM_Prop_Brazier_01.fbx using Guid(6221309bb1589ae4283fb1ff86a5d7d6) Importer(815301076,1909f56bfc062723c751e8b465ee728b)  -> (artifact id: '86b2c2e6906fb2ce7e0bd1d4da6cc6c6') in 0.010416 seconds 
========================================================================
Received Import Request.
  Time since last request: 0.041542 seconds.
  path: Assets/Assets/SyntyStudios/PolygonKnights/Models/SM_Prop_Cart_01.fbx
  artifactKey: Guid(bb9ab3090ec756340b4d9ea8ada040fa) Importer(815301076,1909f56bfc062723c751e8b465ee728b)
Start importing Assets/Assets/SyntyStudios/PolygonKnights/Models/SM_Prop_Cart_01.fbx using Guid(bb9ab3090ec756340b4d9ea8ada040fa) Importer(815301076,1909f56bfc062723c751e8b465ee728b)  -> (artifact id: '91dd1450d2f40f2e7b25abada183c886') in 0.008683 seconds 
========================================================================
Received Import Request.
  Time since last request: 3.482250 seconds.
  path: Assets/Assets/SyntyStudios/PolygonAdventure/Models/SM_Prop_Cart_03.fbx
  artifactKey: Guid(03ba44a1123c3b047ba6052429eceda3) Importer(815301076,1909f56bfc062723c751e8b465ee728b)
Start importing Assets/Assets/SyntyStudios/PolygonAdventure/Models/SM_Prop_Cart_03.fbx using Guid(03ba44a1123c3b047ba6052429eceda3) Importer(815301076,1909f56bfc062723c751e8b465ee728b)  -> (artifact id: '53cbcf737cf69c2dd2aaee6bc72eb095') in 0.017674 seconds 
========================================================================
Received Import Request.
  Time since last request: 0.036810 seconds.
  path: Assets/Assets/SyntyStudios/PolygonKnights/Models/SM_Prop_CartWheel_01.fbx
  artifactKey: Guid(65d29365a2bdcd54483add6dd087f921) Importer(815301076,1909f56bfc062723c751e8b465ee728b)
Start importing Assets/Assets/SyntyStudios/PolygonKnights/Models/SM_Prop_CartWheel_01.fbx using Guid(65d29365a2bdcd54483add6dd087f921) Importer(815301076,1909f56bfc062723c751e8b465ee728b)  -> (artifact id: '6758b97cca14aa5ac1bad1d0c2445c91') in 0.009680 seconds 
========================================================================
Received Import Request.
  Time since last request: 0.042222 seconds.
  path: Assets/Assets/SyntyStudios/PolygonAdventure/Models/SM_Prop_Chest_01.fbx
  artifactKey: Guid(c81b8ecf325c3e64e8ff1eed31475146) Importer(815301076,1909f56bfc062723c751e8b465ee728b)
Start importing Assets/Assets/SyntyStudios/PolygonAdventure/Models/SM_Prop_Chest_01.fbx using Guid(c81b8ecf325c3e64e8ff1eed31475146) Importer(815301076,1909f56bfc062723c751e8b465ee728b)  -> (artifact id: '9890d21d0661d2e3f08ac61f42217c49') in 0.015239 seconds 
========================================================================
Received Import Request.
  Time since last request: 3.384838 seconds.
  path: Assets/Assets/SyntyStudios/PolygonStarter/PolygonPrototype/Models/SM_Prop_Crate_01.fbx
  artifactKey: Guid(7648119b4055248489399d8172e1ccbc) Importer(815301076,1909f56bfc062723c751e8b465ee728b)
Start importing Assets/Assets/SyntyStudios/PolygonStarter/PolygonPrototype/Models/SM_Prop_Crate_01.fbx using Guid(7648119b4055248489399d8172e1ccbc) Importer(815301076,1909f56bfc062723c751e8b465ee728b)  -> (artifact id: 'e699e52e543ee795a03dc3e59dbc23ae') in 0.010342 seconds 
========================================================================
Received Import Request.
  Time since last request: 0.000794 seconds.
  path: Assets/Assets/SyntyStudios/PolygonStarter/PolygonPrototype/Models/SM_Prop_Crate_03.fbx
  artifactKey: Guid(2c68b032072fadc4dae9aca37aebb546) Importer(815301076,1909f56bfc062723c751e8b465ee728b)
Start importing Assets/Assets/SyntyStudios/PolygonStarter/PolygonPrototype/Models/SM_Prop_Crate_03.fbx using Guid(2c68b032072fadc4dae9aca37aebb546) Importer(815301076,1909f56bfc062723c751e8b465ee728b)  -> (artifact id: 'c9138d31988853851cc9867d3e338048') in 0.010171 seconds 
========================================================================
Received Import Request.
  Time since last request: 1.267694 seconds.
  path: Assets/Assets/SyntyStudios/PolygonStarter/PolygonPrototype/Models/SM_Prop_Crate_Question_01.fbx
  artifactKey: Guid(78bd0c4c873f8654197ff2905740f24f) Importer(815301076,1909f56bfc062723c751e8b465ee728b)
Start importing Assets/Assets/SyntyStudios/PolygonStarter/PolygonPrototype/Models/SM_Prop_Crate_Question_01.fbx using Guid(78bd0c4c873f8654197ff2905740f24f) Importer(815301076,1909f56bfc062723c751e8b465ee728b)  -> (artifact id: '9521a08a81dd34f187f4dd61736ccbeb') in 0.011304 seconds 
========================================================================
Received Import Request.
  Time since last request: 264.108520 seconds.
  path: Assets/Assets/SyntyStudios/PolygonStarter/PolygonPrototype/Models/SM_Primitive_Torus_04.fbx
  artifactKey: Guid(2e4469f93dd30b643ab94f8427eddcec) Importer(815301076,1909f56bfc062723c751e8b465ee728b)
Start importing Assets/Assets/SyntyStudios/PolygonStarter/PolygonPrototype/Models/SM_Primitive_Torus_04.fbx using Guid(2e4469f93dd30b643ab94f8427eddcec) Importer(815301076,1909f56bfc062723c751e8b465ee728b)  -> (artifact id: '86a7e09a14f20036b950e9619b537955') in 0.011081 seconds 
========================================================================
Received Import Request.
  Time since last request: 0.000060 seconds.
  path: Assets/Assets/SyntyStudios/PolygonStarter/PolygonPrototype/Models/SM_Primitive_Tube_02.fbx
  artifactKey: Guid(4b8c287fcdc37a64190bcbed9ee1afcf) Importer(815301076,1909f56bfc062723c751e8b465ee728b)
Start importing Assets/Assets/SyntyStudios/PolygonStarter/PolygonPrototype/Models/SM_Primitive_Tube_02.fbx using Guid(4b8c287fcdc37a64190bcbed9ee1afcf) Importer(815301076,1909f56bfc062723c751e8b465ee728b)  -> (artifact id: '21faf1ec2ca4f16402098fe5549ec45c') in 0.010204 seconds 
========================================================================
Received Import Request.
  Time since last request: 0.000048 seconds.
  path: Assets/Assets/SyntyStudios/PolygonStarter/PolygonPrototype/Models/SM_Primitive_Tube_01P.fbx
  artifactKey: Guid(f1c7ed97df6dfd447a6648d0b03eaa35) Importer(815301076,1909f56bfc062723c751e8b465ee728b)
Start importing Assets/Assets/SyntyStudios/PolygonStarter/PolygonPrototype/Models/SM_Primitive_Tube_01P.fbx using Guid(f1c7ed97df6dfd447a6648d0b03eaa35) Importer(815301076,1909f56bfc062723c751e8b465ee728b)  -> (artifact id: '7638061dcd2fe7687cf9a797153dfb28') in 0.011590 seconds 
========================================================================
Received Import Request.
  Time since last request: 0.000062 seconds.
  path: Assets/Assets/SyntyStudios/PolygonStarter/PolygonPrototype/Models/SM_Prop_Barrel_01.fbx
  artifactKey: Guid(270efc4fb3c7ef74cb77f88b77cefaa1) Importer(815301076,1909f56bfc062723c751e8b465ee728b)
Start importing Assets/Assets/SyntyStudios/PolygonStarter/PolygonPrototype/Models/SM_Prop_Barrel_01.fbx using Guid(270efc4fb3c7ef74cb77f88b77cefaa1) Importer(815301076,1909f56bfc062723c751e8b465ee728b)  -> (artifact id: 'f5a17349ce9ad35da4cdfe3956d3d996') in 0.008999 seconds 
========================================================================
Received Import Request.
  Time since last request: 0.000058 seconds.
  path: Assets/Assets/SyntyStudios/PolygonStarter/PolygonPrototype/Models/SM_Prop_Ladder_1x2_01.fbx
  artifactKey: Guid(a1b6d202fecdaca4fbb710d396ed5958) Importer(815301076,1909f56bfc062723c751e8b465ee728b)
Start importing Assets/Assets/SyntyStudios/PolygonStarter/PolygonPrototype/Models/SM_Prop_Ladder_1x2_01.fbx using Guid(a1b6d202fecdaca4fbb710d396ed5958) Importer(815301076,1909f56bfc062723c751e8b465ee728b)  -> (artifact id: 'f84dee7e54c4ce66ebf00dae34eb1086') in 0.009235 seconds 
========================================================================
Received Import Request.
  Time since last request: 0.000055 seconds.
  path: Assets/Assets/SyntyStudios/PolygonStarter/PolygonPrototype/Models/SM_Prop_Ladder_1x2_01P.fbx
  artifactKey: Guid(6f6add5573457ac4d8175444e277e376) Importer(815301076,1909f56bfc062723c751e8b465ee728b)
Start importing Assets/Assets/SyntyStudios/PolygonStarter/PolygonPrototype/Models/SM_Prop_Ladder_1x2_01P.fbx using Guid(6f6add5573457ac4d8175444e277e376) Importer(815301076,1909f56bfc062723c751e8b465ee728b)  -> (artifact id: 'dd64c66508568fef091e86e953998108') in 0.007737 seconds 
========================================================================
Received Import Request.
  Time since last request: 0.000045 seconds.
  path: Assets/Assets/SyntyStudios/PolygonStarter/PolygonPrototype/Models/SM_Prop_Barrier_01.fbx
  artifactKey: Guid(7403adb434a6d0c4b99d6da9b43beba8) Importer(815301076,1909f56bfc062723c751e8b465ee728b)
Start importing Assets/Assets/SyntyStudios/PolygonStarter/PolygonPrototype/Models/SM_Prop_Barrier_01.fbx using Guid(7403adb434a6d0c4b99d6da9b43beba8) Importer(815301076,1909f56bfc062723c751e8b465ee728b)  -> (artifact id: 'ec47743efe02745f36aaa1826d4cb0bb') in 0.007669 seconds 
========================================================================
Received Import Request.
  Time since last request: 0.000058 seconds.
  path: Assets/Assets/SyntyStudios/PolygonStarter/PolygonPrototype/Models/SM_Primitive_Wedge_01.fbx
  artifactKey: Guid(ce15233704acce640922bba4553c9148) Importer(815301076,1909f56bfc062723c751e8b465ee728b)
Start importing Assets/Assets/SyntyStudios/PolygonStarter/PolygonPrototype/Models/SM_Primitive_Wedge_01.fbx using Guid(ce15233704acce640922bba4553c9148) Importer(815301076,1909f56bfc062723c751e8b465ee728b)  -> (artifact id: '15c5a7184f6b41169a0f5b3621c886d3') in 0.008813 seconds 
========================================================================
Received Import Request.
  Time since last request: 0.000041 seconds.
  path: Assets/Assets/SyntyStudios/PolygonStarter/PolygonPrototype/Models/SM_Prop_Horseshoe_Pole_01.fbx
  artifactKey: Guid(20a67cbb15895c541ac57ef2bbc26c51) Importer(815301076,1909f56bfc062723c751e8b465ee728b)
Start importing Assets/Assets/SyntyStudios/PolygonStarter/PolygonPrototype/Models/SM_Prop_Horseshoe_Pole_01.fbx using Guid(20a67cbb15895c541ac57ef2bbc26c51) Importer(815301076,1909f56bfc062723c751e8b465ee728b)  -> (artifact id: 'dea62ed7a29b7f6c6b895b8c75b1893b') in 0.011312 seconds 
========================================================================
Received Import Request.
  Time since last request: 0.000049 seconds.
  path: Assets/Assets/SyntyStudios/PolygonStarter/PolygonPrototype/Models/SM_Primitive_Tube_01.fbx
  artifactKey: Guid(71ea7b78077bcb8498786209fb905548) Importer(815301076,1909f56bfc062723c751e8b465ee728b)
Start importing Assets/Assets/SyntyStudios/PolygonStarter/PolygonPrototype/Models/SM_Primitive_Tube_01.fbx using Guid(71ea7b78077bcb8498786209fb905548) Importer(815301076,1909f56bfc062723c751e8b465ee728b)  -> (artifact id: 'a42f83b8c2f30f77cf32cd9ecddce5aa') in 0.008468 seconds 
========================================================================
Received Import Request.
  Time since last request: 0.000214 seconds.
  path: Assets/Assets/SyntyStudios/PolygonStarter/PolygonPrototype/Models/SM_Prop_Frisbee_01.fbx
  artifactKey: Guid(f87011635db23f245aa89606d96fccd6) Importer(815301076,1909f56bfc062723c751e8b465ee728b)
Start importing Assets/Assets/SyntyStudios/PolygonStarter/PolygonPrototype/Models/SM_Prop_Frisbee_01.fbx using Guid(f87011635db23f245aa89606d96fccd6) Importer(815301076,1909f56bfc062723c751e8b465ee728b)  -> (artifact id: '1acb7a40172d5acf2e87fede7dc2eae8') in 0.009479 seconds 
========================================================================
Received Import Request.
  Time since last request: 0.000061 seconds.
  path: Assets/Assets/SyntyStudios/PolygonStarter/PolygonPrototype/Models/SM_Prop_Dart_01.fbx
  artifactKey: Guid(9621f0f382ccba24ca050cf4f88fa708) Importer(815301076,1909f56bfc062723c751e8b465ee728b)
Start importing Assets/Assets/SyntyStudios/PolygonStarter/PolygonPrototype/Models/SM_Prop_Dart_01.fbx using Guid(9621f0f382ccba24ca050cf4f88fa708) Importer(815301076,1909f56bfc062723c751e8b465ee728b)  -> (artifact id: '21b0a7f53d0ed95569061f6a3e889c4d') in 0.011512 seconds 
========================================================================
Received Import Request.
  Time since last request: 0.000081 seconds.
  path: Assets/Assets/SyntyStudios/PolygonStarter/PolygonPrototype/Models/SM_Primitive_Tube_04.fbx
  artifactKey: Guid(e3702558f71620448b879625cfd2f8dc) Importer(815301076,1909f56bfc062723c751e8b465ee728b)
Start importing Assets/Assets/SyntyStudios/PolygonStarter/PolygonPrototype/Models/SM_Primitive_Tube_04.fbx using Guid(e3702558f71620448b879625cfd2f8dc) Importer(815301076,1909f56bfc062723c751e8b465ee728b)  -> (artifact id: '544cd6f18d03b065b8943cd116a29fa6') in 0.008560 seconds 
========================================================================
Received Import Request.
  Time since last request: 7.905909 seconds.
  path: Assets/Assets/SyntyStudios/PolygonStarter/PolygonPrototype/Models/SM_Primitive_Pyramid_01.fbx
  artifactKey: Guid(e42952da00c7ec045aebe3ef61fc29c7) Importer(815301076,1909f56bfc062723c751e8b465ee728b)
Start importing Assets/Assets/SyntyStudios/PolygonStarter/PolygonPrototype/Models/SM_Primitive_Pyramid_01.fbx using Guid(e42952da00c7ec045aebe3ef61fc29c7) Importer(815301076,1909f56bfc062723c751e8b465ee728b)  -> (artifact id: '0bff4a9e1cd2b2647d984a682704d739') in 0.016505 seconds 
========================================================================
Received Import Request.
  Time since last request: 0.000056 seconds.
  path: Assets/Assets/SyntyStudios/PolygonStarter/PolygonPrototype/Models/SM_Primitive_Sphere_02.fbx
  artifactKey: Guid(e8ba51a934eb276468729107e5d3143f) Importer(815301076,1909f56bfc062723c751e8b465ee728b)
Start importing Assets/Assets/SyntyStudios/PolygonStarter/PolygonPrototype/Models/SM_Primitive_Sphere_02.fbx using Guid(e8ba51a934eb276468729107e5d3143f) Importer(815301076,1909f56bfc062723c751e8b465ee728b)  -> (artifact id: '96e20ff17983e9fd198f58ec2bcefc8e') in 0.009398 seconds 
========================================================================
Received Import Request.
  Time since last request: 0.000055 seconds.
  path: Assets/Assets/SyntyStudios/PolygonStarter/PolygonPrototype/Models/SM_Primitive_Sphere_04.fbx
  artifactKey: Guid(b24046b972ef6b94d9697f66c8032769) Importer(815301076,1909f56bfc062723c751e8b465ee728b)
Start importing Assets/Assets/SyntyStudios/PolygonStarter/PolygonPrototype/Models/SM_Primitive_Sphere_04.fbx using Guid(b24046b972ef6b94d9697f66c8032769) Importer(815301076,1909f56bfc062723c751e8b465ee728b)  -> (artifact id: '6142e28007e43c8cb48820dbaa1df7eb') in 0.008067 seconds 
========================================================================
Received Import Request.
  Time since last request: 0.000045 seconds.
  path: Assets/Assets/SyntyStudios/PolygonStarter/PolygonPrototype/Models/SM_Primitive_Sphere_01P.fbx
  artifactKey: Guid(48add65712a68664db1c16a2ac14f5ae) Importer(815301076,1909f56bfc062723c751e8b465ee728b)
Start importing Assets/Assets/SyntyStudios/PolygonStarter/PolygonPrototype/Models/SM_Primitive_Sphere_01P.fbx using Guid(48add65712a68664db1c16a2ac14f5ae) Importer(815301076,1909f56bfc062723c751e8b465ee728b)  -> (artifact id: 'e7d8ea1490b82949edc44acd55e03e80') in 0.009693 seconds 
========================================================================
Received Import Request.
  Time since last request: 1.551530 seconds.
  path: Assets/Assets/SyntyStudios/PolygonStarter/PolygonPrototype/Models/SM_Primitive_Cylander_01.fbx
  artifactKey: Guid(0c325b8e8056782438bfbe4aa1e8de32) Importer(815301076,1909f56bfc062723c751e8b465ee728b)
Start importing Assets/Assets/SyntyStudios/PolygonStarter/PolygonPrototype/Models/SM_Primitive_Cylander_01.fbx using Guid(0c325b8e8056782438bfbe4aa1e8de32) Importer(815301076,1909f56bfc062723c751e8b465ee728b)  -> (artifact id: '59ad6cb22067545c322b0e9728f31038') in 0.010395 seconds 
========================================================================
Received Import Request.
  Time since last request: 0.000038 seconds.
  path: Assets/Assets/SyntyStudios/PolygonStarter/PolygonPrototype/Models/SM_Primitive_Cylander_03.fbx
  artifactKey: Guid(b59df0a2d67922549bfcbaa502fba22b) Importer(815301076,1909f56bfc062723c751e8b465ee728b)
Start importing Assets/Assets/SyntyStudios/PolygonStarter/PolygonPrototype/Models/SM_Primitive_Cylander_03.fbx using Guid(b59df0a2d67922549bfcbaa502fba22b) Importer(815301076,1909f56bfc062723c751e8b465ee728b)  -> (artifact id: 'b275b74eab6cd42fd78264844b961eae') in 0.009328 seconds 
========================================================================
Received Import Request.
  Time since last request: 1.465776 seconds.
  path: Assets/Assets/SyntyStudios/PolygonStarter/PolygonPrototype/Models/SM_Pawn_Run_Male_01.fbx
  artifactKey: Guid(fafc239678bc5064887cfc699c21e355) Importer(815301076,1909f56bfc062723c751e8b465ee728b)
Start importing Assets/Assets/SyntyStudios/PolygonStarter/PolygonPrototype/Models/SM_Pawn_Run_Male_01.fbx using Guid(fafc239678bc5064887cfc699c21e355) Importer(815301076,1909f56bfc062723c751e8b465ee728b)  -> (artifact id: '854197866d031b499ec44fe5609144e2') in 0.012841 seconds 
========================================================================
Received Import Request.
  Time since last request: 0.000054 seconds.
  path: Assets/Assets/SyntyStudios/PolygonStarter/PolygonPrototype/Models/SM_Primitive_Cone_03.fbx
  artifactKey: Guid(dadbb3466cb2efe42b5186b0bb9fb908) Importer(815301076,1909f56bfc062723c751e8b465ee728b)
Start importing Assets/Assets/SyntyStudios/PolygonStarter/PolygonPrototype/Models/SM_Primitive_Cone_03.fbx using Guid(dadbb3466cb2efe42b5186b0bb9fb908) Importer(815301076,1909f56bfc062723c751e8b465ee728b)  -> (artifact id: '5af0e272394a4683299e1c2dfbc4c54a') in 0.007805 seconds 
========================================================================
Received Import Request.
  Time since last request: 0.000054 seconds.
  path: Assets/Assets/SyntyStudios/PolygonStarter/PolygonPrototype/Models/SM_Pawn_Weapon_Male_01.fbx
  artifactKey: Guid(792528832f7c311418b90e5ddced8e10) Importer(815301076,1909f56bfc062723c751e8b465ee728b)
Start importing Assets/Assets/SyntyStudios/PolygonStarter/PolygonPrototype/Models/SM_Pawn_Weapon_Male_01.fbx using Guid(792528832f7c311418b90e5ddced8e10) Importer(815301076,1909f56bfc062723c751e8b465ee728b)  -> (artifact id: 'eb1740a0ec61993c3ff45a56bc5c046e') in 0.010015 seconds 
========================================================================
Received Import Request.
  Time since last request: 0.000070 seconds.
  path: Assets/Assets/SyntyStudios/PolygonStarter/PolygonPrototype/Models/SM_Pawn_Walk_Male_01.fbx
  artifactKey: Guid(29b72adfc35a15b4c915d8f94bc4610e) Importer(815301076,1909f56bfc062723c751e8b465ee728b)
Start importing Assets/Assets/SyntyStudios/PolygonStarter/PolygonPrototype/Models/SM_Pawn_Walk_Male_01.fbx using Guid(29b72adfc35a15b4c915d8f94bc4610e) Importer(815301076,1909f56bfc062723c751e8b465ee728b)  -> (artifact id: '063acd74ad2109686b5fead4d46ae243') in 0.010244 seconds 
========================================================================
Received Import Request.
  Time since last request: 0.000053 seconds.
  path: Assets/Assets/SyntyStudios/PolygonStarter/PolygonPrototype/Models/SM_Pawn_Weapon_Male_02.fbx
  artifactKey: Guid(a76aed8b5c6ae22429fdec10b41479ef) Importer(815301076,1909f56bfc062723c751e8b465ee728b)
Start importing Assets/Assets/SyntyStudios/PolygonStarter/PolygonPrototype/Models/SM_Pawn_Weapon_Male_02.fbx using Guid(a76aed8b5c6ae22429fdec10b41479ef) Importer(815301076,1909f56bfc062723c751e8b465ee728b)  -> (artifact id: 'de0fac6b535ace30d975cbf3a4d96afc') in 0.009003 seconds 
========================================================================
Received Import Request.
  Time since last request: 19.420713 seconds.
  path: Assets/Assets/SyntyStudios/PolygonKnights/Models/SM_Prop_Grate_01.fbx
  artifactKey: Guid(3e177c191ee9eb04e8d697017e549fc7) Importer(815301076,1909f56bfc062723c751e8b465ee728b)
Start importing Assets/Assets/SyntyStudios/PolygonKnights/Models/SM_Prop_Grate_01.fbx using Guid(3e177c191ee9eb04e8d697017e549fc7) Importer(815301076,1909f56bfc062723c751e8b465ee728b)  -> (artifact id: 'afa0bdf5d54471ae3958f40b0ba8d43d') in 0.010684 seconds 
========================================================================
Received Import Request.
  Time since last request: 0.015271 seconds.
  path: Assets/Assets/SyntyStudios/PolygonKnights/Models/SM_Prop_Gravestone_02.fbx
  artifactKey: Guid(27c14c2700e0f8b48a92ed3ef7517c80) Importer(815301076,1909f56bfc062723c751e8b465ee728b)
Start importing Assets/Assets/SyntyStudios/PolygonKnights/Models/SM_Prop_Gravestone_02.fbx using Guid(27c14c2700e0f8b48a92ed3ef7517c80) Importer(815301076,1909f56bfc062723c751e8b465ee728b)  -> (artifact id: '6016b50c50634e1a2e6b1c7ce134e891') in 0.009116 seconds 
========================================================================
Received Import Request.
  Time since last request: 1.352043 seconds.
  path: Assets/Assets/SyntyStudios/PolygonCity/Models/SM_Prop_LargeSign_BowlingBall_01.fbx
  artifactKey: Guid(c7c278fb7b6a90243b01eaf42a855c62) Importer(815301076,1909f56bfc062723c751e8b465ee728b)
Start importing Assets/Assets/SyntyStudios/PolygonCity/Models/SM_Prop_LargeSign_BowlingBall_01.fbx using Guid(c7c278fb7b6a90243b01eaf42a855c62) Importer(815301076,1909f56bfc062723c751e8b465ee728b)  -> (artifact id: 'af5e3cae5428ba16550d9a34ac3ab340') in 0.012288 seconds 
========================================================================
Received Import Request.
  Time since last request: 0.065264 seconds.
  path: Assets/Assets/SyntyStudios/PolygonCity/Models/SM_Prop_LargeSign_Hotdog_01.fbx
  artifactKey: Guid(49babb1ffc0fd7d41a6254a9a6ea6d03) Importer(815301076,1909f56bfc062723c751e8b465ee728b)
Start importing Assets/Assets/SyntyStudios/PolygonCity/Models/SM_Prop_LargeSign_Hotdog_01.fbx using Guid(49babb1ffc0fd7d41a6254a9a6ea6d03) Importer(815301076,1909f56bfc062723c751e8b465ee728b)  -> (artifact id: 'cfb4d4139397dd9c7adf75445c478b69') in 0.010666 seconds 
========================================================================
Received Prepare
Registering precompiled user dll's ...
Registered in 0.002266 seconds.
Begin MonoManager ReloadAssembly
Thread 0x2930c7000 may have been prematurely finalized
Symbol file LoadedFromMemory doesn't match image /Users/minjoong/Desktop/ALONG_UP/EGG_ALONGUP/Library/PackageCache/com.unity.visualscripting@1.8.0/Editor/VisualScripting.Core/Dependencies/YamlDotNet/Unity.VisualScripting.YamlDotNet.dll
Symbol file LoadedFromMemory doesn't match image /Users/minjoong/Desktop/ALONG_UP/EGG_ALONGUP/Library/PackageCache/com.unity.visualscripting@1.8.0/Editor/VisualScripting.Core/Dependencies/DotNetZip/Unity.VisualScripting.IonicZip.dll
Native extension for WindowsStandalone target not found
Native extension for OSXStandalone target not found
Native extension for WebGL target not found
Refreshing native plugins compatible for Editor in 0.99 ms, found 3 plugins.
Preloading 0 native plugins for Editor in 0.00 ms.
Mono: successfully reloaded assembly
- Completed reload, in  0.914 seconds
Domain Reload Profiling:
	ReloadAssembly (914ms)
		BeginReloadAssembly (97ms)
			ExecutionOrderSort (0ms)
			DisableScriptedObjects (3ms)
			BackupInstance (0ms)
			ReleaseScriptingObjects (0ms)
			CreateAndSetChildDomain (39ms)
		EndReloadAssembly (739ms)
			LoadAssemblies (41ms)
			RebuildTransferFunctionScriptingTraits (0ms)
			SetupTypeCache (259ms)
			ReleaseScriptCaches (1ms)
			RebuildScriptCaches (44ms)
			SetupLoadedEditorAssemblies (352ms)
				LogAssemblyErrors (0ms)
				InitializePlatformSupportModulesInManaged (8ms)
				SetLoadedEditorAssemblies (0ms)
				RefreshPlugins (1ms)
				BeforeProcessingInitializeOnLoad (45ms)
				ProcessInitializeOnLoadAttributes (283ms)
				ProcessInitializeOnLoadMethodAttributes (15ms)
				AfterProcessingInitializeOnLoad (1ms)
				EditorAssembliesLoaded (0ms)
			ExecutionOrderSort2 (0ms)
			AwakeInstancesAfterBackupRestoration (3ms)
Platform modules already initialized, skipping
Refreshing native plugins compatible for Editor in 1.97 ms, found 3 plugins.
Preloading 0 native plugins for Editor in 0.00 ms.
Unloading 3755 Unused Serialized files (Serialized files now loaded: 0)
Unloading 36 unused Assets / (94.7 KB). Loaded Objects now: 4241.
Memory consumption went from 153.6 MB to 153.5 MB.
Total: 3.020000 ms (FindLiveObjects: 0.140250 ms CreateObjectMapping: 0.055791 ms MarkObjects: 2.739542 ms  DeleteObjects: 0.083333 ms)

AssetImportParameters requested are different than current active one (requested -> active):
  custom:video-decoder-ogg-theora: a1e56fd34408186e4bbccfd4996cb3dc -> 
  custom:container-muxer-webm: aa71ff27fc2769a1b78a27578f13a17b -> 
  custom:container-demuxer-webm: 4f35f7cbe854078d1ac9338744f61a02 -> 
  custom:video-encoder-webm-vp8: eb34c28f22e8b96e1ab97ce403110664 -> 
  custom:framework-osx-AVFoundation: e770b220cccbd017edd2c1fefb359320 -> 
  custom:audio-encoder-webm-vorbis: bf7c407c2cedff20999df2af8eb42d56 -> 
  custom:container-demuxer-ogg: 62fdf1f143b41e24485cea50d1cbac27 -> 
  custom:video-decoder-webm-vp8: 9c59270c3fd7afecdb556c50c9e8de78 -> 
  custom:audio-decoder-ogg-vorbis: bf7c407c2cedff20999df2af8eb42d56 -> 
========================================================================
Received Prepare
Registering precompiled user dll's ...
Registered in 0.002340 seconds.
Begin MonoManager ReloadAssembly
Thread 0x286da7000 may have been prematurely finalized
Symbol file LoadedFromMemory doesn't match image /Users/minjoong/Desktop/ALONG_UP/EGG_ALONGUP/Library/PackageCache/com.unity.visualscripting@1.8.0/Editor/VisualScripting.Core/Dependencies/YamlDotNet/Unity.VisualScripting.YamlDotNet.dll
Symbol file LoadedFromMemory doesn't match image /Users/minjoong/Desktop/ALONG_UP/EGG_ALONGUP/Library/PackageCache/com.unity.visualscripting@1.8.0/Editor/VisualScripting.Core/Dependencies/DotNetZip/Unity.VisualScripting.IonicZip.dll
Native extension for WindowsStandalone target not found
Native extension for OSXStandalone target not found
Native extension for WebGL target not found
Refreshing native plugins compatible for Editor in 0.86 ms, found 3 plugins.
Preloading 0 native plugins for Editor in 0.00 ms.
Mono: successfully reloaded assembly
- Completed reload, in  0.899 seconds
Domain Reload Profiling:
	ReloadAssembly (900ms)
		BeginReloadAssembly (95ms)
			ExecutionOrderSort (0ms)
			DisableScriptedObjects (4ms)
			BackupInstance (0ms)
			ReleaseScriptingObjects (0ms)
			CreateAndSetChildDomain (36ms)
		EndReloadAssembly (725ms)
			LoadAssemblies (41ms)
			RebuildTransferFunctionScriptingTraits (0ms)
			SetupTypeCache (260ms)
			ReleaseScriptCaches (1ms)
			RebuildScriptCaches (44ms)
			SetupLoadedEditorAssemblies (343ms)
				LogAssemblyErrors (0ms)
				InitializePlatformSupportModulesInManaged (8ms)
				SetLoadedEditorAssemblies (0ms)
				RefreshPlugins (1ms)
				BeforeProcessingInitializeOnLoad (45ms)
				ProcessInitializeOnLoadAttributes (272ms)
				ProcessInitializeOnLoadMethodAttributes (13ms)
				AfterProcessingInitializeOnLoad (2ms)
				EditorAssembliesLoaded (0ms)
			ExecutionOrderSort2 (0ms)
			AwakeInstancesAfterBackupRestoration (3ms)
Platform modules already initialized, skipping
Refreshing native plugins compatible for Editor in 1.66 ms, found 3 plugins.
Preloading 0 native plugins for Editor in 0.00 ms.
Unloading 3755 Unused Serialized files (Serialized files now loaded: 0)
Unloading 36 unused Assets / (93.6 KB). Loaded Objects now: 4245.
Memory consumption went from 153.6 MB to 153.5 MB.
Total: 3.070958 ms (FindLiveObjects: 0.145834 ms CreateObjectMapping: 0.055791 ms MarkObjects: 2.772792 ms  DeleteObjects: 0.095792 ms)

AssetImportParameters requested are different than current active one (requested -> active):
  custom:video-decoder-ogg-theora: a1e56fd34408186e4bbccfd4996cb3dc -> 
  custom:container-muxer-webm: aa71ff27fc2769a1b78a27578f13a17b -> 
  custom:container-demuxer-webm: 4f35f7cbe854078d1ac9338744f61a02 -> 
  custom:video-encoder-webm-vp8: eb34c28f22e8b96e1ab97ce403110664 -> 
  custom:framework-osx-AVFoundation: e770b220cccbd017edd2c1fefb359320 -> 
  custom:audio-encoder-webm-vorbis: bf7c407c2cedff20999df2af8eb42d56 -> 
  custom:container-demuxer-ogg: 62fdf1f143b41e24485cea50d1cbac27 -> 
  custom:video-decoder-webm-vp8: 9c59270c3fd7afecdb556c50c9e8de78 -> 
  custom:audio-decoder-ogg-vorbis: bf7c407c2cedff20999df2af8eb42d56 -> 
========================================================================
Received Prepare
Registering precompiled user dll's ...
Registered in 0.001902 seconds.
Begin MonoManager ReloadAssembly
Thread 0x281b47000 may have been prematurely finalized
Symbol file LoadedFromMemory doesn't match image /Users/minjoong/Desktop/ALONG_UP/EGG_ALONGUP/Library/PackageCache/com.unity.visualscripting@1.8.0/Editor/VisualScripting.Core/Dependencies/YamlDotNet/Unity.VisualScripting.YamlDotNet.dll
Symbol file LoadedFromMemory doesn't match image /Users/minjoong/Desktop/ALONG_UP/EGG_ALONGUP/Library/PackageCache/com.unity.visualscripting@1.8.0/Editor/VisualScripting.Core/Dependencies/DotNetZip/Unity.VisualScripting.IonicZip.dll
Native extension for WindowsStandalone target not found
Native extension for OSXStandalone target not found
Native extension for WebGL target not found
Refreshing native plugins compatible for Editor in 0.91 ms, found 3 plugins.
Preloading 0 native plugins for Editor in 0.00 ms.
Mono: successfully reloaded assembly
- Completed reload, in  0.905 seconds
Domain Reload Profiling:
	ReloadAssembly (906ms)
		BeginReloadAssembly (94ms)
			ExecutionOrderSort (0ms)
			DisableScriptedObjects (4ms)
			BackupInstance (0ms)
			ReleaseScriptingObjects (0ms)
			CreateAndSetChildDomain (35ms)
		EndReloadAssembly (732ms)
			LoadAssemblies (40ms)
			RebuildTransferFunctionScriptingTraits (0ms)
			SetupTypeCache (259ms)
			ReleaseScriptCaches (1ms)
			RebuildScriptCaches (45ms)
			SetupLoadedEditorAssemblies (346ms)
				LogAssemblyErrors (0ms)
				InitializePlatformSupportModulesInManaged (7ms)
				SetLoadedEditorAssemblies (0ms)
				RefreshPlugins (1ms)
				BeforeProcessingInitializeOnLoad (45ms)
				ProcessInitializeOnLoadAttributes (278ms)
				ProcessInitializeOnLoadMethodAttributes (14ms)
				AfterProcessingInitializeOnLoad (1ms)
				EditorAssembliesLoaded (0ms)
			ExecutionOrderSort2 (0ms)
			AwakeInstancesAfterBackupRestoration (4ms)
Platform modules already initialized, skipping
Refreshing native plugins compatible for Editor in 1.93 ms, found 3 plugins.
Preloading 0 native plugins for Editor in 0.00 ms.
Unloading 3755 Unused Serialized files (Serialized files now loaded: 0)
Unloading 36 unused Assets / (93.7 KB). Loaded Objects now: 4249.
Memory consumption went from 153.6 MB to 153.6 MB.
Total: 3.140292 ms (FindLiveObjects: 0.129750 ms CreateObjectMapping: 0.054750 ms MarkObjects: 2.858542 ms  DeleteObjects: 0.096500 ms)

AssetImportParameters requested are different than current active one (requested -> active):
  custom:video-decoder-ogg-theora: a1e56fd34408186e4bbccfd4996cb3dc -> 
  custom:container-muxer-webm: aa71ff27fc2769a1b78a27578f13a17b -> 
  custom:container-demuxer-webm: 4f35f7cbe854078d1ac9338744f61a02 -> 
  custom:video-encoder-webm-vp8: eb34c28f22e8b96e1ab97ce403110664 -> 
  custom:framework-osx-AVFoundation: e770b220cccbd017edd2c1fefb359320 -> 
  custom:audio-encoder-webm-vorbis: bf7c407c2cedff20999df2af8eb42d56 -> 
  custom:container-demuxer-ogg: 62fdf1f143b41e24485cea50d1cbac27 -> 
  custom:video-decoder-webm-vp8: 9c59270c3fd7afecdb556c50c9e8de78 -> 
  custom:audio-decoder-ogg-vorbis: bf7c407c2cedff20999df2af8eb42d56 -> 
AssetImportWorkerClient::OnTransportError - code=2 error=End of file
